Processing INMET station A406 - CRUZ_DAS_ALMAS
Done --> /home/mda_silv/clima-archive2-b/FPS-SESA/rcm/reg_ictp_pbl1/sfcWind/sfcWind_A406_CRUZ_DAS_ALMAS_H_2018-06-01-2021-05-31.nc
Processing INMET station A108 - CRUZEIRO_DO_SUL
Done --> /home/mda_silv/clima-archive2-b/FPS-SESA/rcm/reg_ictp_pbl1/sfcWind/sfcWind_A108_CRUZEIRO_DO_SUL_H_2018-06-01-2021-05-31.nc
Processing INMET station A901 - CUIABA
Done --> /home/mda_silv/clima-archive2-b/FPS-SESA/rcm/reg_ictp_pbl1/sfcWind/sfcWind_A901_CUIABA_H_2018-06-01-2021-05-31.nc
Processing INMET station A448 - CURACA
Done --> /home/mda_silv/clima-archive2-b/FPS-SESA/rcm/reg_ictp_pbl1/sfcWind/sfcWind_A448_CURACA_H_2018-06-01-2021-05-31.nc
Processing INMET station A807 - CURITIBA
Done --> /home/mda_silv/clima-archive2-b/FPS-SESA/rcm/reg_ictp_pbl1/sfcWind/sfcWind_A807_CURITIBA_H_2018-06-01-2021-05-31.nc
Processing INMET station A860 - CURITIBANOS
Done --> /home/mda_silv/clima-archive2-b/FPS-SESA/rcm/reg_ictp_pbl1/sfcWind/sfcWind_A860_CURITIBANOS_H_2018-06-01-2021-05-31.nc
Processing INMET station A538 - CURVELO
Done --> /home/mda_silv/clima-archive2-b/FPS-SESA/rcm/reg_ictp_pbl1/sfcWind/sfcWind_A538_CURVELO_H_2018-06-01-2021-05-31.nc
Processing INMET station A443 - DELFINO
Done --> /home/mda_silv/clima-archive2-b/FPS-SESA/rcm/reg_ictp_pbl1/sfcWind/sfcWind_A443_DELFINO_H_2018-06-01-2021-05-31.nc
Processing INMET station A849 - DIAMANTE_DO_NORTE
Done --> /home/mda_silv/clima-archive2-b/FPS-SESA/rcm/reg_ictp_pbl1/sfcWind/sfcWind_A849_DIAMANTE_DO_NORTE_H_2018-06-01-2021-05-31.nc
Processing INMET station A537 - DIAMANTINA
Done --> /home/mda_silv/clima-archive2-b/FPS-SESA/rcm/reg_ictp_pbl1/sfcWind/sfcWind_A537_DIAMANTINA_H_2018-06-01-2021-05-31.nc
Processing INMET station A038 - DIANOPOLIS
Done --> /home/mda_silv/clima-archive2-b/FPS-SESA/rcm/reg_ictp_pbl1/sfcWind/sfcWind_A038_DIANOPOLIS_H_2018-06-01-2021-05-31.nc
Processing INMET station A848 - DIONISIO_CERQUEIRA
Done --> /home/mda_silv/clima-archive2-b/FPS-SESA/rcm/reg_ictp_pbl1/sfcWind/sfcWind_A848_DIONISIO_CERQUEIRA_H_2018-06-01-2021-05-31.nc
Processing INMET station A564 - DIVINOPOLIS
Done --> /home/mda_silv/clima-archive2-b/FPS-SESA/rcm/reg_ictp_pbl1/sfcWind/sfcWind_A564_DIVINOPOLIS_H_2018-06-01-2021-05-31.nc
Processing INMET station A843 - DOIS_VIZINHOS
Done --> /home/mda_silv/clima-archive2-b/FPS-SESA/rcm/reg_ictp_pbl1/sfcWind/sfcWind_A843_DOIS_VIZINHOS_H_2018-06-01-2021-05-31.nc
Processing INMET station A881 - DOMVPEDRITO
Done --> /home/mda_silv/clima-archive2-b/FPS-SESA/rcm/reg_ictp_pbl1/sfcWind/sfcWind_A881_DOMVPEDRITO_H_2018-06-01-2021-05-31.nc
Processing INMET station A536 - DORES_DO_INDAIA
Done --> /home/mda_silv/clima-archive2-b/FPS-SESA/rcm/reg_ictp_pbl1/sfcWind/sfcWind_A536_DORES_DO_INDAIA_H_2018-06-01-2021-05-31.nc
Processing INMET station A721 - DOURADOS
Done --> /home/mda_silv/clima-archive2-b/FPS-SESA/rcm/reg_ictp_pbl1/sfcWind/sfcWind_A721_DOURADOS_H_2018-06-01-2021-05-31.nc
Processing INMET station A762 - DRACENA
Done --> /home/mda_silv/clima-archive2-b/FPS-SESA/rcm/reg_ictp_pbl1/sfcWind/sfcWind_A762_DRACENA_H_2018-06-01-2021-05-31.nc
Processing INMET station A603 - DUQUE_DE_CAXIAS-XEREM
Done --> /home/mda_silv/clima-archive2-b/FPS-SESA/rcm/reg_ictp_pbl1/sfcWind/sfcWind_A603_DUQUE_DE_CAXIAS-XEREM_H_2018-06-01-2021-05-31.nc
Processing INMET station A631 - ECOPORANGA
Done --> /home/mda_silv/clima-archive2-b/FPS-SESA/rcm/reg_ictp_pbl1/sfcWind/sfcWind_A631_ECOPORANGA_H_2018-06-01-2021-05-31.nc
Processing INMET station A029 - EDEIA
Done --> /home/mda_silv/clima-archive2-b/FPS-SESA/rcm/reg_ictp_pbl1/sfcWind/sfcWind_A029_EDEIA_H_2018-06-01-2021-05-31.nc
Processing INMET station A109 - EIRUNEPE
Done --> /home/mda_silv/clima-archive2-b/FPS-SESA/rcm/reg_ictp_pbl1/sfcWind/sfcWind_A109_EIRUNEPE_H_2018-06-01-2021-05-31.nc
Processing INMET station A140 - EPITACIOLANDIA
Done --> /home/mda_silv/clima-archive2-b/FPS-SESA/rcm/reg_ictp_pbl1/sfcWind/sfcWind_A140_EPITACIOLANDIA_H_2018-06-01-2021-05-31.nc
Processing INMET station A828 - ERECHIM
Done --> /home/mda_silv/clima-archive2-b/FPS-SESA/rcm/reg_ictp_pbl1/sfcWind/sfcWind_A828_ERECHIM_H_2018-06-01-2021-05-31.nc
Processing INMET station A543 - ESPINOSA
Done --> /home/mda_silv/clima-archive2-b/FPS-SESA/rcm/reg_ictp_pbl1/sfcWind/sfcWind_A543_ESPINOSA_H_2018-06-01-2021-05-31.nc
Processing INMET station A224 - ESTREITO
Done --> /home/mda_silv/clima-archive2-b/FPS-SESA/rcm/reg_ictp_pbl1/sfcWind/sfcWind_A224_ESTREITO_H_2018-06-01-2021-05-31.nc
Processing INMET station A217 - FAROL_DE_SANTANA
Done --> /home/mda_silv/clima-archive2-b/FPS-SESA/rcm/reg_ictp_pbl1/sfcWind/sfcWind_A217_FAROL_DE_SANTANA_H_2018-06-01-2021-05-31.nc
Processing INMET station A138 - FEIJO
Done --> /home/mda_silv/clima-archive2-b/FPS-SESA/rcm/reg_ictp_pbl1/sfcWind/sfcWind_A138_FEIJO_H_2018-06-01-2021-05-31.nc
Processing INMET station A413 - FEIRA_DE_SANTANA
Done --> /home/mda_silv/clima-archive2-b/FPS-SESA/rcm/reg_ictp_pbl1/sfcWind/sfcWind_A413_FEIRA_DE_SANTANA_H_2018-06-01-2021-05-31.nc
Processing INMET station A351 - FLORESTA
Done --> /home/mda_silv/clima-archive2-b/FPS-SESA/rcm/reg_ictp_pbl1/sfcWind/sfcWind_A351_FLORESTA_H_2018-06-01-2021-05-31.nc
Processing INMET station A535 - FLORESTAL
Done --> /home/mda_silv/clima-archive2-b/FPS-SESA/rcm/reg_ictp_pbl1/sfcWind/sfcWind_A535_FLORESTAL_H_2018-06-01-2021-05-31.nc
Processing INMET station A311 - FLORIANO
Done --> /home/mda_silv/clima-archive2-b/FPS-SESA/rcm/reg_ictp_pbl1/sfcWind/sfcWind_A311_FLORIANO_H_2018-06-01-2021-05-31.nc
Processing INMET station A806 - FLORIANOPOLIS
Done --> /home/mda_silv/clima-archive2-b/FPS-SESA/rcm/reg_ictp_pbl1/sfcWind/sfcWind_A806_FLORIANOPOLIS_H_2018-06-01-2021-05-31.nc
Processing INMET station A524 - FORMIGA
Done --> /home/mda_silv/clima-archive2-b/FPS-SESA/rcm/reg_ictp_pbl1/sfcWind/sfcWind_A524_FORMIGA_H_2018-06-01-2021-05-31.nc
Processing INMET station A452 - FORMOSA_DO_RIO PRETO
Done --> /home/mda_silv/clima-archive2-b/FPS-SESA/rcm/reg_ictp_pbl1/sfcWind/sfcWind_A452_FORMOSA_DO_RIO PRETO_H_2018-06-01-2021-05-31.nc
Processing INMET station A039 - FORMOSO_DO_ARAGUAIA
Done --> /home/mda_silv/clima-archive2-b/FPS-SESA/rcm/reg_ictp_pbl1/sfcWind/sfcWind_A039_FORMOSO_DO_ARAGUAIA_H_2018-06-01-2021-05-31.nc
Processing INMET station A305 - FORTALEZA
Done --> /home/mda_silv/clima-archive2-b/FPS-SESA/rcm/reg_ictp_pbl1/sfcWind/sfcWind_A305_FORTALEZA_H_2018-06-01-2021-05-31.nc
Processing INMET station A846 - FOZ_DO_IGUACU
Done --> /home/mda_silv/clima-archive2-b/FPS-SESA/rcm/reg_ictp_pbl1/sfcWind/sfcWind_A846_FOZ_DO_IGUACU_H_2018-06-01-2021-05-31.nc
Processing INMET station A708 - FRANCA
Done --> /home/mda_silv/clima-archive2-b/FPS-SESA/rcm/reg_ictp_pbl1/sfcWind/sfcWind_A708_FRANCA_H_2018-06-01-2021-05-31.nc
Processing INMET station A854 - FREDERICO WESTPHALEN
Done --> /home/mda_silv/clima-archive2-b/FPS-SESA/rcm/reg_ictp_pbl1/sfcWind/sfcWind_A854_FREDERICO WESTPHALEN_H_2018-06-01-2021-05-31.nc
Processing INMET station A046 - GAMA-PONTE_ALTA
Done --> /home/mda_silv/clima-archive2-b/FPS-SESA/rcm/reg_ictp_pbl1/sfcWind/sfcWind_A046_GAMA-PONTE_ALTA_H_2018-06-01-2021-05-31.nc
Processing INMET station A322 - GARANHUNS
Done --> /home/mda_silv/clima-archive2-b/FPS-SESA/rcm/reg_ictp_pbl1/sfcWind/sfcWind_A322_GARANHUNS_H_2018-06-01-2021-05-31.nc
Processing INMET station A930 - GAUCHA_DO_NORTE
Done --> /home/mda_silv/clima-archive2-b/FPS-SESA/rcm/reg_ictp_pbl1/sfcWind/sfcWind_A930_GAUCHA_DO_NORTE_H_2018-06-01-2021-05-31.nc
Processing INMET station A875 - GENERAL_CARNEIRO
Done --> /home/mda_silv/clima-archive2-b/FPS-SESA/rcm/reg_ictp_pbl1/sfcWind/sfcWind_A875_GENERAL_CARNEIRO_H_2018-06-01-2021-05-31.nc
Processing INMET station A364 - GILBUES
Done --> /home/mda_silv/clima-archive2-b/FPS-SESA/rcm/reg_ictp_pbl1/sfcWind/sfcWind_A364_GILBUES_H_2018-06-01-2021-05-31.nc
Processing INMET station A022 - GOIANESIA
Done --> /home/mda_silv/clima-archive2-b/FPS-SESA/rcm/reg_ictp_pbl1/sfcWind/sfcWind_A022_GOIANESIA_H_2018-06-01-2021-05-31.nc
Processing INMET station A002 - GOIANIA
Done --> /home/mda_silv/clima-archive2-b/FPS-SESA/rcm/reg_ictp_pbl1/sfcWind/sfcWind_A002_GOIANIA_H_2018-06-01-2021-05-31.nc
Processing INMET station A014 - GOIAS
Done --> /home/mda_silv/clima-archive2-b/FPS-SESA/rcm/reg_ictp_pbl1/sfcWind/sfcWind_A014_GOIAS_H_2018-06-01-2021-05-31.nc
Processing INMET station A825 - GOIOERE
Done --> /home/mda_silv/clima-archive2-b/FPS-SESA/rcm/reg_ictp_pbl1/sfcWind/sfcWind_A825_GOIOERE_H_2018-06-01-2021-05-31.nc
Processing INMET station A532 - GOVERNADOR_VALADARES
Done --> /home/mda_silv/clima-archive2-b/FPS-SESA/rcm/reg_ictp_pbl1/sfcWind/sfcWind_A532_GOVERNADOR_VALADARES_H_2018-06-01-2021-05-31.nc
Processing INMET station A207 - GRAJAU
Done --> /home/mda_silv/clima-archive2-b/FPS-SESA/rcm/reg_ictp_pbl1/sfcWind/sfcWind_A207_GRAJAU_H_2018-06-01-2021-05-31.nc
Processing INMET station A426 - GUANAMBI
Done --> /home/mda_silv/clima-archive2-b/FPS-SESA/rcm/reg_ictp_pbl1/sfcWind/sfcWind_A426_GUANAMBI_H_2018-06-01-2021-05-31.nc
Processing INMET station A533 - GUANHAES
Done --> /home/mda_silv/clima-archive2-b/FPS-SESA/rcm/reg_ictp_pbl1/sfcWind/sfcWind_A533_GUANHAES_H_2018-06-01-2021-05-31.nc
Processing INMET station A314 - GUARAMIRANGA
Done --> /home/mda_silv/clima-archive2-b/FPS-SESA/rcm/reg_ictp_pbl1/sfcWind/sfcWind_A314_GUARAMIRANGA_H_2018-06-01-2021-05-31.nc
Processing INMET station A906 - GUARANTA_DO_NORTE
Done --> /home/mda_silv/clima-archive2-b/FPS-SESA/rcm/reg_ictp_pbl1/sfcWind/sfcWind_A906_GUARANTA_DO_NORTE_H_2018-06-01-2021-05-31.nc
Processing INMET station A546 - GUARDA-MOR
Done --> /home/mda_silv/clima-archive2-b/FPS-SESA/rcm/reg_ictp_pbl1/sfcWind/sfcWind_A546_GUARDA-MOR_H_2018-06-01-2021-05-31.nc
Processing INMET station A932 - GUIRATINGA
Done --> /home/mda_silv/clima-archive2-b/FPS-SESA/rcm/reg_ictp_pbl1/sfcWind/sfcWind_A932_GUIRATINGA_H_2018-06-01-2021-05-31.nc
Processing INMET station A019 - GURUPI
Done --> /home/mda_silv/clima-archive2-b/FPS-SESA/rcm/reg_ictp_pbl1/sfcWind/sfcWind_A019_GURUPI_H_2018-06-01-2021-05-31.nc
Processing INMET station A112 - HUMAITA
Done --> /home/mda_silv/clima-archive2-b/FPS-SESA/rcm/reg_ictp_pbl1/sfcWind/sfcWind_A112_HUMAITA_H_2018-06-01-2021-05-31.nc
Processing INMET station A349 - IBIMIRIM
Done --> /home/mda_silv/clima-archive2-b/FPS-SESA/rcm/reg_ictp_pbl1/sfcWind/sfcWind_A349_IBIMIRIM_H_2018-06-01-2021-05-31.nc
Processing INMET station A555 - IBIRITE_ROLA-MOCA
Done --> /home/mda_silv/clima-archive2-b/FPS-SESA/rcm/reg_ictp_pbl1/sfcWind/sfcWind_A555_IBIRITE_ROLA-MOCA_H_2018-06-01-2021-05-31.nc
Processing INMET station A883 - IBIRUBA
Done --> /home/mda_silv/clima-archive2-b/FPS-SESA/rcm/reg_ictp_pbl1/sfcWind/sfcWind_A883_IBIRUBA_H_2018-06-01-2021-05-31.nc
Processing INMET station A737 - IBITINGA
Done --> /home/mda_silv/clima-archive2-b/FPS-SESA/rcm/reg_ictp_pbl1/sfcWind/sfcWind_A737_IBITINGA_H_2018-06-01-2021-05-31.nc
Processing INMET station A439 - IBOTIRAMA
Done --> /home/mda_silv/clima-archive2-b/FPS-SESA/rcm/reg_ictp_pbl1/sfcWind/sfcWind_A439_IBOTIRAMA_H_2018-06-01-2021-05-31.nc
Processing INMET station A824 - ICARAIMA
Done --> /home/mda_silv/clima-archive2-b/FPS-SESA/rcm/reg_ictp_pbl1/sfcWind/sfcWind_A824_ICARAIMA_H_2018-06-01-2021-05-31.nc
Processing INMET station A712 - IGUAPE
Done --> /home/mda_silv/clima-archive2-b/FPS-SESA/rcm/reg_ictp_pbl1/sfcWind/sfcWind_A712_IGUAPE_H_2018-06-01-2021-05-31.nc
Processing INMET station A319 - IGUATU
Done --> /home/mda_silv/clima-archive2-b/FPS-SESA/rcm/reg_ictp_pbl1/sfcWind/sfcWind_A319_IGUATU_H_2018-06-01-2021-05-31.nc
Processing INMET station A410 - ILHEUS
Done --> /home/mda_silv/clima-archive2-b/FPS-SESA/rcm/reg_ictp_pbl1/sfcWind/sfcWind_A410_ILHEUS_H_2018-06-01-2021-05-31.nc
Processing INMET station A225 - IMPERATRIZ
Done --> /home/mda_silv/clima-archive2-b/FPS-SESA/rcm/reg_ictp_pbl1/sfcWind/sfcWind_A225_IMPERATRIZ_H_2018-06-01-2021-05-31.nc
Processing INMET station A823 - INACIO_MARTINS
Done --> /home/mda_silv/clima-archive2-b/FPS-SESA/rcm/reg_ictp_pbl1/sfcWind/sfcWind_A823_INACIO_MARTINS_H_2018-06-01-2021-05-31.nc
Processing INMET station A817 - INDAIAL
Done --> /home/mda_silv/clima-archive2-b/FPS-SESA/rcm/reg_ictp_pbl1/sfcWind/sfcWind_A817_INDAIAL_H_2018-06-01-2021-05-31.nc
Processing INMET station A372 - IPANGUACU
Done --> /home/mda_silv/clima-archive2-b/FPS-SESA/rcm/reg_ictp_pbl1/sfcWind/sfcWind_A372_IPANGUACU_H_2018-06-01-2021-05-31.nc
Processing INMET station A445 - IPIAU
Done --> /home/mda_silv/clima-archive2-b/FPS-SESA/rcm/reg_ictp_pbl1/sfcWind/sfcWind_A445_IPIAU_H_2018-06-01-2021-05-31.nc
Processing INMET station A028 - IPORA
Done --> /home/mda_silv/clima-archive2-b/FPS-SESA/rcm/reg_ictp_pbl1/sfcWind/sfcWind_A028_IPORA_H_2018-06-01-2021-05-31.nc
Processing INMET station A424 - IRECE
Done --> /home/mda_silv/clima-archive2-b/FPS-SESA/rcm/reg_ictp_pbl1/sfcWind/sfcWind_A424_IRECE_H_2018-06-01-2021-05-31.nc
Processing INMET station A451 - ITABAIANA
Done --> /home/mda_silv/clima-archive2-b/FPS-SESA/rcm/reg_ictp_pbl1/sfcWind/sfcWind_A451_ITABAIANA_H_2018-06-01-2021-05-31.nc
Processing INMET station A417 - ITABAIANINHA
Done --> /home/mda_silv/clima-archive2-b/FPS-SESA/rcm/reg_ictp_pbl1/sfcWind/sfcWind_A417_ITABAIANINHA_H_2018-06-01-2021-05-31.nc
Processing INMET station A408 - ITABERABA
Done --> /home/mda_silv/clima-archive2-b/FPS-SESA/rcm/reg_ictp_pbl1/sfcWind/sfcWind_A408_ITABERABA_H_2018-06-01-2021-05-31.nc
Processing INMET station A121 - ITACOATIARA
Done --> /home/mda_silv/clima-archive2-b/FPS-SESA/rcm/reg_ictp_pbl1/sfcWind/sfcWind_A121_ITACOATIARA_H_2018-06-01-2021-05-31.nc
Processing INMET station A231 - ITAITUBA
Done --> /home/mda_silv/clima-archive2-b/FPS-SESA/rcm/reg_ictp_pbl1/sfcWind/sfcWind_A231_ITAITUBA_H_2018-06-01-2021-05-31.nc
Processing INMET station A868 - ITAJAI
Done --> /home/mda_silv/clima-archive2-b/FPS-SESA/rcm/reg_ictp_pbl1/sfcWind/sfcWind_A868_ITAJAI_H_2018-06-01-2021-05-31.nc
Processing INMET station A455 - ITAMARAJU
Done --> /home/mda_silv/clima-archive2-b/FPS-SESA/rcm/reg_ictp_pbl1/sfcWind/sfcWind_A455_ITAMARAJU_H_2018-06-01-2021-05-31.nc
Processing INMET station A550 - ITAOBIM
Done --> /home/mda_silv/clima-archive2-b/FPS-SESA/rcm/reg_ictp_pbl1/sfcWind/sfcWind_A550_ITAOBIM_H_2018-06-01-2021-05-31.nc
Processing INMET station A015 - ITAPACI
Done --> /home/mda_silv/clima-archive2-b/FPS-SESA/rcm/reg_ictp_pbl1/sfcWind/sfcWind_A015_ITAPACI_H_2018-06-01-2021-05-31.nc
Processing INMET station A446 - ITAPETINGA
Done --> /home/mda_silv/clima-archive2-b/FPS-SESA/rcm/reg_ictp_pbl1/sfcWind/sfcWind_A446_ITAPETINGA_H_2018-06-01-2021-05-31.nc
Processing INMET station A714 - ITAPEVA
Done --> /home/mda_silv/clima-archive2-b/FPS-SESA/rcm/reg_ictp_pbl1/sfcWind/sfcWind_A714_ITAPEVA_H_2018-06-01-2021-05-31.nc
Processing INMET station A359 - ITAPIPOCA
Done --> /home/mda_silv/clima-archive2-b/FPS-SESA/rcm/reg_ictp_pbl1/sfcWind/sfcWind_A359_ITAPIPOCA_H_2018-06-01-2021-05-31.nc
Processing INMET station A739 - ITAPIRA
Done --> /home/mda_silv/clima-archive2-b/FPS-SESA/rcm/reg_ictp_pbl1/sfcWind/sfcWind_A739_ITAPIRA_H_2018-06-01-2021-05-31.nc
Processing INMET station A851 - ITAPOA
Done --> /home/mda_silv/clima-archive2-b/FPS-SESA/rcm/reg_ictp_pbl1/sfcWind/sfcWind_A851_ITAPOA_H_2018-06-01-2021-05-31.nc
Processing INMET station A373 - ITAPORANGA
Done --> /home/mda_silv/clima-archive2-b/FPS-SESA/rcm/reg_ictp_pbl1/sfcWind/sfcWind_A373_ITAPORANGA_H_2018-06-01-2021-05-31.nc
Processing INMET station A752 - ITAQUIRAI
Done --> /home/mda_silv/clima-archive2-b/FPS-SESA/rcm/reg_ictp_pbl1/sfcWind/sfcWind_A752_ITAQUIRAI_H_2018-06-01-2021-05-31.nc
Processing INMET station A251 - ITAUBAL
Done --> /home/mda_silv/clima-archive2-b/FPS-SESA/rcm/reg_ictp_pbl1/sfcWind/sfcWind_A251_ITAUBAL_H_2018-06-01-2021-05-31.nc
Processing INMET station A933 - ITIQUIRA
Done --> /home/mda_silv/clima-archive2-b/FPS-SESA/rcm/reg_ictp_pbl1/sfcWind/sfcWind_A933_ITIQUIRA_H_2018-06-01-2021-05-31.nc
Processing INMET station A407 - ITIRUCU
Done --> /home/mda_silv/clima-archive2-b/FPS-SESA/rcm/reg_ictp_pbl1/sfcWind/sfcWind_A407_ITIRUCU_H_2018-06-01-2021-05-31.nc
Processing INMET station A512 - ITUIUTABA
Done --> /home/mda_silv/clima-archive2-b/FPS-SESA/rcm/reg_ictp_pbl1/sfcWind/sfcWind_A512_ITUIUTABA_H_2018-06-01-2021-05-31.nc
Processing INMET station A035 - ITUMBIARA
Done --> /home/mda_silv/clima-archive2-b/FPS-SESA/rcm/reg_ictp_pbl1/sfcWind/sfcWind_A035_ITUMBIARA_H_2018-06-01-2021-05-31.nc
Processing INMET station A863 - ITUPORANGA
Done --> /home/mda_silv/clima-archive2-b/FPS-SESA/rcm/reg_ictp_pbl1/sfcWind/sfcWind_A863_ITUPORANGA_H_2018-06-01-2021-05-31.nc
Processing INMET station A753 - ITUVERAVA
Done --> /home/mda_silv/clima-archive2-b/FPS-SESA/rcm/reg_ictp_pbl1/sfcWind/sfcWind_A753_ITUVERAVA_H_2018-06-01-2021-05-31.nc
Processing INMET station A818 - IVAI
Done --> /home/mda_silv/clima-archive2-b/FPS-SESA/rcm/reg_ictp_pbl1/sfcWind/sfcWind_A818_IVAI_H_2018-06-01-2021-05-31.nc
Processing INMET station A709 - IVINHEMA
Done --> /home/mda_silv/clima-archive2-b/FPS-SESA/rcm/reg_ictp_pbl1/sfcWind/sfcWind_A709_IVINHEMA_H_2018-06-01-2021-05-31.nc
Processing INMET station A440 - JACOBINA
Done --> /home/mda_silv/clima-archive2-b/FPS-SESA/rcm/reg_ictp_pbl1/sfcWind/sfcWind_A440_JACOBINA_H_2018-06-01-2021-05-31.nc
Processing INMET station A836 - JAGUARA
Done --> /home/mda_silv/clima-archive2-b/FPS-SESA/rcm/reg_ictp_pbl1/sfcWind/sfcWind_A836_JAGUARA_H_2018-06-01-2021-05-31.nc
Processing INMET station A358 - JAGUARIBE
Done --> /home/mda_silv/clima-archive2-b/FPS-SESA/rcm/reg_ictp_pbl1/sfcWind/sfcWind_A358_JAGUARIBE_H_2018-06-01-2021-05-31.nc
Processing INMET station A339 - JAGUARUANA
Done --> /home/mda_silv/clima-archive2-b/FPS-SESA/rcm/reg_ictp_pbl1/sfcWind/sfcWind_A339_JAGUARUANA_H_2018-06-01-2021-05-31.nc
Processing INMET station A733 - JALES
Done --> /home/mda_silv/clima-archive2-b/FPS-SESA/rcm/reg_ictp_pbl1/sfcWind/sfcWind_A733_JALES_H_2018-06-01-2021-05-31.nc
Processing INMET station A559 - JANUARIA
Done --> /home/mda_silv/clima-archive2-b/FPS-SESA/rcm/reg_ictp_pbl1/sfcWind/sfcWind_A559_JANUARIA_H_2018-06-01-2021-05-31.nc
Processing INMET station A871 - JAPIRA
Done --> /home/mda_silv/clima-archive2-b/FPS-SESA/rcm/reg_ictp_pbl1/sfcWind/sfcWind_A871_JAPIRA_H_2018-06-01-2021-05-31.nc
Processing INMET station A758 - JARDIM
Done --> /home/mda_silv/clima-archive2-b/FPS-SESA/rcm/reg_ictp_pbl1/sfcWind/sfcWind_A758_JARDIM_H_2018-06-01-2021-05-31.nc
Processing INMET station A016 - JATAI
Done --> /home/mda_silv/clima-archive2-b/FPS-SESA/rcm/reg_ictp_pbl1/sfcWind/sfcWind_A016_JATAI_H_2018-06-01-2021-05-31.nc
Processing INMET station A450 - JEREMOABO
Done --> /home/mda_silv/clima-archive2-b/FPS-SESA/rcm/reg_ictp_pbl1/sfcWind/sfcWind_A450_JEREMOABO_H_2018-06-01-2021-05-31.nc
Processing INMET station A841 - JOACABA
Done --> /home/mda_silv/clima-archive2-b/FPS-SESA/rcm/reg_ictp_pbl1/sfcWind/sfcWind_A841_JOACABA_H_2018-06-01-2021-05-31.nc
Processing INMET station A320 - JOAO_PESSOA
Done --> /home/mda_silv/clima-archive2-b/FPS-SESA/rcm/reg_ictp_pbl1/sfcWind/sfcWind_A320_JOAO_PESSOA_H_2018-06-01-2021-05-31.nc
Processing INMET station A553 - JOAO_PINHEIRO
Done --> /home/mda_silv/clima-archive2-b/FPS-SESA/rcm/reg_ictp_pbl1/sfcWind/sfcWind_A553_JOAO_PINHEIRO_H_2018-06-01-2021-05-31.nc
Processing INMET station A821 - JOAQUIM_TAVORA
Done --> /home/mda_silv/clima-archive2-b/FPS-SESA/rcm/reg_ictp_pbl1/sfcWind/sfcWind_A821_JOAQUIM_TAVORA_H_2018-06-01-2021-05-31.nc
Processing INMET station A735 - JOSE_BONIFACIO
Done --> /home/mda_silv/clima-archive2-b/FPS-SESA/rcm/reg_ictp_pbl1/sfcWind/sfcWind_A735_JOSE_BONIFACIO_H_2018-06-01-2021-05-31.nc
Processing INMET station A914 - JUARA
Done --> /home/mda_silv/clima-archive2-b/FPS-SESA/rcm/reg_ictp_pbl1/sfcWind/sfcWind_A914_JUARA_H_2018-06-01-2021-05-31.nc
Processing INMET station A920 - JUINA
Done --> /home/mda_silv/clima-archive2-b/FPS-SESA/rcm/reg_ictp_pbl1/sfcWind/sfcWind_A920_JUINA_H_2018-06-01-2021-05-31.nc
Processing INMET station A518 - JUIZ_DE_FORA
Done --> /home/mda_silv/clima-archive2-b/FPS-SESA/rcm/reg_ictp_pbl1/sfcWind/sfcWind_A518_JUIZ_DE_FORA_H_2018-06-01-2021-05-31.nc
Processing INMET station A749 - JUTI
Done --> /home/mda_silv/clima-archive2-b/FPS-SESA/rcm/reg_ictp_pbl1/sfcWind/sfcWind_A749_JUTI_H_2018-06-01-2021-05-31.nc
Processing INMET station A111 - LABREA
Done --> /home/mda_silv/clima-archive2-b/FPS-SESA/rcm/reg_ictp_pbl1/sfcWind/sfcWind_A111_LABREA_H_2018-06-01-2021-05-31.nc
Processing INMET station A865 - LAGES
Done --> /home/mda_silv/clima-archive2-b/FPS-SESA/rcm/reg_ictp_pbl1/sfcWind/sfcWind_A865_LAGES_H_2018-06-01-2021-05-31.nc
Processing INMET station A055 - LAGOA_DA_CONFUSAO
Done --> /home/mda_silv/clima-archive2-b/FPS-SESA/rcm/reg_ictp_pbl1/sfcWind/sfcWind_A055_LAGOA_DA_CONFUSAO_H_2018-06-01-2021-05-31.nc
Processing INMET station A844 - LAGOA_VERMELHA
Done --> /home/mda_silv/clima-archive2-b/FPS-SESA/rcm/reg_ictp_pbl1/sfcWind/sfcWind_A844_LAGOA_VERMELHA_H_2018-06-01-2021-05-31.nc
Processing INMET station B804 - LARANJEIRAS DO SUL
Done --> /home/mda_silv/clima-archive2-b/FPS-SESA/rcm/reg_ictp_pbl1/sfcWind/sfcWind_B804_LARANJEIRAS DO SUL_H_2018-06-01-2021-05-31.nc
Processing INMET station A425 - LENCOIS
Done --> /home/mda_silv/clima-archive2-b/FPS-SESA/rcm/reg_ictp_pbl1/sfcWind/sfcWind_A425_LENCOIS_H_2018-06-01-2021-05-31.nc
Processing INMET station A614 - LINHARES
Done --> /home/mda_silv/clima-archive2-b/FPS-SESA/rcm/reg_ictp_pbl1/sfcWind/sfcWind_A614_LINHARES_H_2018-06-01-2021-05-31.nc
Processing INMET station A727 - LINS
Done --> /home/mda_silv/clima-archive2-b/FPS-SESA/rcm/reg_ictp_pbl1/sfcWind/sfcWind_A727_LINS_H_2018-06-01-2021-05-31.nc
Processing INMET station A404 - LUIZ_EDUARDO_MAGALHAES
Done --> /home/mda_silv/clima-archive2-b/FPS-SESA/rcm/reg_ictp_pbl1/sfcWind/sfcWind_A404_LUIZ_EDUARDO_MAGALHAES_H_2018-06-01-2021-05-31.nc
Processing INMET station A012 - LUZIANIA
Done --> /home/mda_silv/clima-archive2-b/FPS-SESA/rcm/reg_ictp_pbl1/sfcWind/sfcWind_A012_LUZIANIA_H_2018-06-01-2021-05-31.nc
Processing INMET station A866 - LAGUNA-FAROL_DE_SANTA_MARTA
Done --> /home/mda_silv/clima-archive2-b/FPS-SESA/rcm/reg_ictp_pbl1/sfcWind/sfcWind_A866_LAGUNA-FAROL_DE_SANTA_MARTA_H_2018-06-01-2021-05-31.nc
Processing INMET station A608 - MACAE
Done --> /home/mda_silv/clima-archive2-b/FPS-SESA/rcm/reg_ictp_pbl1/sfcWind/sfcWind_A608_MACAE_H_2018-06-01-2021-05-31.nc
Processing INMET station A412 - MACAJUBA
Done --> /home/mda_silv/clima-archive2-b/FPS-SESA/rcm/reg_ictp_pbl1/sfcWind/sfcWind_A412_MACAJUBA_H_2018-06-01-2021-05-31.nc
Processing INMET station A249 - MACAPA
Done --> /home/mda_silv/clima-archive2-b/FPS-SESA/rcm/reg_ictp_pbl1/sfcWind/sfcWind_A249_MACAPA_H_2018-06-01-2021-05-31.nc
Processing INMET station A317 - MACAU
Done --> /home/mda_silv/clima-archive2-b/FPS-SESA/rcm/reg_ictp_pbl1/sfcWind/sfcWind_A317_MACAU_H_2018-06-01-2021-05-31.nc
Processing INMET station A303 - MACEIO
Done --> /home/mda_silv/clima-archive2-b/FPS-SESA/rcm/reg_ictp_pbl1/sfcWind/sfcWind_A303_MACEIO_H_2018-06-01-2021-05-31.nc
Processing INMET station A567 - MACHADO
Done --> /home/mda_silv/clima-archive2-b/FPS-SESA/rcm/reg_ictp_pbl1/sfcWind/sfcWind_A567_MACHADO_H_2018-06-01-2021-05-31.nc
Processing INMET station A864 - MAJOR VIEIRA
Done --> /home/mda_silv/clima-archive2-b/FPS-SESA/rcm/reg_ictp_pbl1/sfcWind/sfcWind_A864_MAJOR VIEIRA_H_2018-06-01-2021-05-31.nc
Processing INMET station A820 - MAL._CANDIDO_RONDON
Done --> /home/mda_silv/clima-archive2-b/FPS-SESA/rcm/reg_ictp_pbl1/sfcWind/sfcWind_A820_MAL._CANDIDO_RONDON_H_2018-06-01-2021-05-31.nc
Processing INMET station A119 - MANACAPURU
Done --> /home/mda_silv/clima-archive2-b/FPS-SESA/rcm/reg_ictp_pbl1/sfcWind/sfcWind_A119_MANACAPURU_H_2018-06-01-2021-05-31.nc
Processing INMET station A101 - MANAUS
Done --> /home/mda_silv/clima-archive2-b/FPS-SESA/rcm/reg_ictp_pbl1/sfcWind/sfcWind_A101_MANAUS_H_2018-06-01-2021-05-31.nc
Processing INMET station A556 - MANHUACU
Done --> /home/mda_silv/clima-archive2-b/FPS-SESA/rcm/reg_ictp_pbl1/sfcWind/sfcWind_A556_MANHUACU_H_2018-06-01-2021-05-31.nc
Processing INMET station A133 - MANICORE
Done --> /home/mda_silv/clima-archive2-b/FPS-SESA/rcm/reg_ictp_pbl1/sfcWind/sfcWind_A133_MANICORE_H_2018-06-01-2021-05-31.nc
Processing INMET station A540 - MANTENA
Done --> /home/mda_silv/clima-archive2-b/FPS-SESA/rcm/reg_ictp_pbl1/sfcWind/sfcWind_A540_MANTENA_H_2018-06-01-2021-05-31.nc
Processing INMET station A240 - MARABA
Done --> /home/mda_silv/clima-archive2-b/FPS-SESA/rcm/reg_ictp_pbl1/sfcWind/sfcWind_A240_MARABA_H_2018-06-01-2021-05-31.nc
Processing INMET station A731 - MARACAJU
Done --> /home/mda_silv/clima-archive2-b/FPS-SESA/rcm/reg_ictp_pbl1/sfcWind/sfcWind_A731_MARACAJU_H_2018-06-01-2021-05-31.nc
Processing INMET station A438 - MARAU
Done --> /home/mda_silv/clima-archive2-b/FPS-SESA/rcm/reg_ictp_pbl1/sfcWind/sfcWind_A438_MARAU_H_2018-06-01-2021-05-31.nc
Processing INMET station A137 - MARECHAL_THAUMATURGO
Done --> /home/mda_silv/clima-archive2-b/FPS-SESA/rcm/reg_ictp_pbl1/sfcWind/sfcWind_A137_MARECHAL_THAUMATURGO_H_2018-06-01-2021-05-31.nc
Processing INMET station A531 - MARIA DA FE
Done --> /home/mda_silv/clima-archive2-b/FPS-SESA/rcm/reg_ictp_pbl1/sfcWind/sfcWind_A531_MARIA DA FE_H_2018-06-01-2021-05-31.nc
Processing INMET station A041 - MARIANOPOLIS_DO_TO
Done --> /home/mda_silv/clima-archive2-b/FPS-SESA/rcm/reg_ictp_pbl1/sfcWind/sfcWind_A041_MARIANOPOLIS_DO_TO_H_2018-06-01-2021-05-31.nc
Processing INMET station A632 - MARILANDIA
Done --> /home/mda_silv/clima-archive2-b/FPS-SESA/rcm/reg_ictp_pbl1/sfcWind/sfcWind_A632_MARILANDIA_H_2018-06-01-2021-05-31.nc
Processing INMET station A763 - MARILIA
Done --> /home/mda_silv/clima-archive2-b/FPS-SESA/rcm/reg_ictp_pbl1/sfcWind/sfcWind_A763_MARILIA_H_2018-06-01-2021-05-31.nc
Processing INMET station A835 - MARINGA
Done --> /home/mda_silv/clima-archive2-b/FPS-SESA/rcm/reg_ictp_pbl1/sfcWind/sfcWind_A835_MARINGA_H_2018-06-01-2021-05-31.nc
Processing INMET station A040 - MATEIROS
Done --> /home/mda_silv/clima-archive2-b/FPS-SESA/rcm/reg_ictp_pbl1/sfcWind/sfcWind_A040_MATEIROS_H_2018-06-01-2021-05-31.nc
Processing INMET station A122 - MAUES
Done --> /home/mda_silv/clima-archive2-b/FPS-SESA/rcm/reg_ictp_pbl1/sfcWind/sfcWind_A122_MAUES_H_2018-06-01-2021-05-31.nc
Processing INMET station A209 - MEDICILANDIA
Done --> /home/mda_silv/clima-archive2-b/FPS-SESA/rcm/reg_ictp_pbl1/sfcWind/sfcWind_A209_MEDICILANDIA_H_2018-06-01-2021-05-31.nc
Processing INMET station A246 - MINA_DO_PALITO
Done --> /home/mda_silv/clima-archive2-b/FPS-SESA/rcm/reg_ictp_pbl1/sfcWind/sfcWind_A246_MINA_DO_PALITO_H_2018-06-01-2021-05-31.nc
Processing INMET station A026 - MINEIROS
Done --> /home/mda_silv/clima-archive2-b/FPS-SESA/rcm/reg_ictp_pbl1/sfcWind/sfcWind_A026_MINEIROS_H_2018-06-01-2021-05-31.nc
Processing INMET station A722 - MIRANDA
Done --> /home/mda_silv/clima-archive2-b/FPS-SESA/rcm/reg_ictp_pbl1/sfcWind/sfcWind_A722_MIRANDA_H_2018-06-01-2021-05-31.nc
Processing INMET station A539 - MOCAMBINHO
Done --> /home/mda_silv/clima-archive2-b/FPS-SESA/rcm/reg_ictp_pbl1/sfcWind/sfcWind_A539_MOCAMBINHO_H_2018-06-01-2021-05-31.nc
Processing INMET station A526 - MONTALVANIA
Done --> /home/mda_silv/clima-archive2-b/FPS-SESA/rcm/reg_ictp_pbl1/sfcWind/sfcWind_A526_MONTALVANIA_H_2018-06-01-2021-05-31.nc
Processing INMET station A239 - MONTE_ALEGRE
Done --> /home/mda_silv/clima-archive2-b/FPS-SESA/rcm/reg_ictp_pbl1/sfcWind/sfcWind_A239_MONTE_ALEGRE_H_2018-06-01-2021-05-31.nc
Processing INMET station A032 - MONTE_ALEGRE_DE_GOIAS
Done --> /home/mda_silv/clima-archive2-b/FPS-SESA/rcm/reg_ictp_pbl1/sfcWind/sfcWind_A032_MONTE_ALEGRE_DE_GOIAS_H_2018-06-01-2021-05-31.nc
Processing INMET station A509 - MONTE_VERDE
Done --> /home/mda_silv/clima-archive2-b/FPS-SESA/rcm/reg_ictp_pbl1/sfcWind/sfcWind_A509_MONTE_VERDE_H_2018-06-01-2021-05-31.nc
Processing INMET station A334 - MONTEIRO
Done --> /home/mda_silv/clima-archive2-b/FPS-SESA/rcm/reg_ictp_pbl1/sfcWind/sfcWind_A334_MONTEIRO_H_2018-06-01-2021-05-31.nc
Processing INMET station A506 - MONTES_CLAROS
Done --> /home/mda_silv/clima-archive2-b/FPS-SESA/rcm/reg_ictp_pbl1/sfcWind/sfcWind_A506_MONTES_CLAROS_H_2018-06-01-2021-05-31.nc
Processing INMET station A332 - MORADA_NOVA
Done --> /home/mda_silv/clima-archive2-b/FPS-SESA/rcm/reg_ictp_pbl1/sfcWind/sfcWind_A332_MORADA_NOVA_H_2018-06-01-2021-05-31.nc
Processing INMET station A873 - MORRETES
Done --> /home/mda_silv/clima-archive2-b/FPS-SESA/rcm/reg_ictp_pbl1/sfcWind/sfcWind_A873_MORRETES_H_2018-06-01-2021-05-31.nc
Processing INMET station A003 - MORRINHOS
Done --> /home/mda_silv/clima-archive2-b/FPS-SESA/rcm/reg_ictp_pbl1/sfcWind/sfcWind_A003_MORRINHOS_H_2018-06-01-2021-05-31.nc
Processing INMET station A318 - MOSSORO
Done --> /home/mda_silv/clima-archive2-b/FPS-SESA/rcm/reg_ictp_pbl1/sfcWind/sfcWind_A318_MOSSORO_H_2018-06-01-2021-05-31.nc
Processing INMET station A878 - MOSTARDAS
Done --> /home/mda_silv/clima-archive2-b/FPS-SESA/rcm/reg_ictp_pbl1/sfcWind/sfcWind_A878_MOSTARDAS_H_2018-06-01-2021-05-31.nc
Processing INMET station A517 - MURIAE
Done --> /home/mda_silv/clima-archive2-b/FPS-SESA/rcm/reg_ictp_pbl1/sfcWind/sfcWind_A517_MURIAE_H_2018-06-01-2021-05-31.nc
Processing INMET station A304 - NATAL
Done --> /home/mda_silv/clima-archive2-b/FPS-SESA/rcm/reg_ictp_pbl1/sfcWind/sfcWind_A304_NATAL_H_2018-06-01-2021-05-31.nc
Processing INMET station A717 - NHUMIRIM
Done --> /home/mda_silv/clima-archive2-b/FPS-SESA/rcm/reg_ictp_pbl1/sfcWind/sfcWind_A717_NHUMIRIM_H_2018-06-01-2021-05-31.nc
Processing INMET station A453 - NOSSA_SENHORA_DA_GLORIA
Done --> /home/mda_silv/clima-archive2-b/FPS-SESA/rcm/reg_ictp_pbl1/sfcWind/sfcWind_A453_NOSSA_SENHORA_DA_GLORIA_H_2018-06-01-2021-05-31.nc
Processing INMET station A842 - NOVA_FATIMA
Done --> /home/mda_silv/clima-archive2-b/FPS-SESA/rcm/reg_ictp_pbl1/sfcWind/sfcWind_A842_NOVA_FATIMA_H_2018-06-01-2021-05-31.nc
Processing INMET station A624 - NOVA_FRIBURGO - SALINAS
Done --> /home/mda_silv/clima-archive2-b/FPS-SESA/rcm/reg_ictp_pbl1/sfcWind/sfcWind_A624_NOVA_FRIBURGO - SALINAS_H_2018-06-01-2021-05-31.nc
Processing INMET station A928 - NOVA_MARINGA
Done --> /home/mda_silv/clima-archive2-b/FPS-SESA/rcm/reg_ictp_pbl1/sfcWind/sfcWind_A928_NOVA_MARINGA_H_2018-06-01-2021-05-31.nc
Processing INMET station A563 - NOVA_PORTEIRINHA (JANAUBA)
Done --> /home/mda_silv/clima-archive2-b/FPS-SESA/rcm/reg_ictp_pbl1/sfcWind/sfcWind_A563_NOVA_PORTEIRINHA (JANAUBA)_H_2018-06-01-2021-05-31.nc
Processing INMET station A822 - NOVA_TEBAS
Done --> /home/mda_silv/clima-archive2-b/FPS-SESA/rcm/reg_ictp_pbl1/sfcWind/sfcWind_A822_NOVA_TEBAS_H_2018-06-01-2021-05-31.nc
Processing INMET station A929 - NOVA_UBIRATA
Done --> /home/mda_silv/clima-archive2-b/FPS-SESA/rcm/reg_ictp_pbl1/sfcWind/sfcWind_A929_NOVA_UBIRATA_H_2018-06-01-2021-05-31.nc
Processing INMET station A816 - NOVO_HORIZONTE
Done --> /home/mda_silv/clima-archive2-b/FPS-SESA/rcm/reg_ictp_pbl1/sfcWind/sfcWind_A816_NOVO_HORIZONTE_H_2018-06-01-2021-05-31.nc
Processing INMET station A235 - NOVO_REPARTIMENTO
Done --> /home/mda_silv/clima-archive2-b/FPS-SESA/rcm/reg_ictp_pbl1/sfcWind/sfcWind_A235_NOVO_REPARTIMENTO_H_2018-06-01-2021-05-31.nc
Processing INMET station A232 - OBIDOS
Done --> /home/mda_silv/clima-archive2-b/FPS-SESA/rcm/reg_ictp_pbl1/sfcWind/sfcWind_A232_OBIDOS_H_2018-06-01-2021-05-31.nc
Processing INMET station A354 - OEIRAS
Done --> /home/mda_silv/clima-archive2-b/FPS-SESA/rcm/reg_ictp_pbl1/sfcWind/sfcWind_A354_OEIRAS_H_2018-06-01-2021-05-31.nc
Processing INMET station A242 - OIAPOQUE
Done --> /home/mda_silv/clima-archive2-b/FPS-SESA/rcm/reg_ictp_pbl1/sfcWind/sfcWind_A242_OIAPOQUE_H_2018-06-01-2021-05-31.nc
Processing INMET station A570 - OLIVEIRA
Done --> /home/mda_silv/clima-archive2-b/FPS-SESA/rcm/reg_ictp_pbl1/sfcWind/sfcWind_A570_OLIVEIRA_H_2018-06-01-2021-05-31.nc
Processing INMET station A366 - OURICURI
Done --> /home/mda_silv/clima-archive2-b/FPS-SESA/rcm/reg_ictp_pbl1/sfcWind/sfcWind_A366_OURICURI_H_2018-06-01-2021-05-31.nc
Processing INMET station A716 - OURINHOS
Done --> /home/mda_silv/clima-archive2-b/FPS-SESA/rcm/reg_ictp_pbl1/sfcWind/sfcWind_A716_OURINHOS_H_2018-06-01-2021-05-31.nc
Processing INMET station A513 - OURO_BRANCO
Done --> /home/mda_silv/clima-archive2-b/FPS-SESA/rcm/reg_ictp_pbl1/sfcWind/sfcWind_A513_OURO_BRANCO_H_2018-06-01-2021-05-31.nc
Processing INMET station A210 - PACAJA
Done --> /home/mda_silv/clima-archive2-b/FPS-SESA/rcm/reg_ictp_pbl1/sfcWind/sfcWind_A210_PACAJA_H_2018-06-01-2021-05-31.nc
Processing INMET station A357 - PALMARES
Done --> /home/mda_silv/clima-archive2-b/FPS-SESA/rcm/reg_ictp_pbl1/sfcWind/sfcWind_A357_PALMARES_H_2018-06-01-2021-05-31.nc
Processing INMET station A009 - PALMAS
Done --> /home/mda_silv/clima-archive2-b/FPS-SESA/rcm/reg_ictp_pbl1/sfcWind/sfcWind_A009_PALMAS_H_2018-06-01-2021-05-31.nc
Processing INMET station A856 - PALMEIRA_DAS_MISSOES
Done --> /home/mda_silv/clima-archive2-b/FPS-SESA/rcm/reg_ictp_pbl1/sfcWind/sfcWind_A856_PALMEIRA_DAS_MISSOES_H_2018-06-01-2021-05-31.nc
Processing INMET station A327 - PALMEIRA_DOS_INDIOS
Done --> /home/mda_silv/clima-archive2-b/FPS-SESA/rcm/reg_ictp_pbl1/sfcWind/sfcWind_A327_PALMEIRA_DOS_INDIOS_H_2018-06-01-2021-05-31.nc
Processing INMET station A323 - PAO_DE_ACUCAR
Done --> /home/mda_silv/clima-archive2-b/FPS-SESA/rcm/reg_ictp_pbl1/sfcWind/sfcWind_A323_PAO_DE_ACUCAR_H_2018-06-01-2021-05-31.nc
Processing INMET station A212 - PARAGOMINAS
Done --> /home/mda_silv/clima-archive2-b/FPS-SESA/rcm/reg_ictp_pbl1/sfcWind/sfcWind_A212_PARAGOMINAS_H_2018-06-01-2021-05-31.nc
Processing INMET station A010 - PARANA
Done --> /home/mda_silv/clima-archive2-b/FPS-SESA/rcm/reg_ictp_pbl1/sfcWind/sfcWind_A010_PARANA_H_2018-06-01-2021-05-31.nc
Processing INMET station A710 - PARANAIBA
Done --> /home/mda_silv/clima-archive2-b/FPS-SESA/rcm/reg_ictp_pbl1/sfcWind/sfcWind_A710_PARANAIBA_H_2018-06-01-2021-05-31.nc
Processing INMET station A850 - PARANAPOEMA
Done --> /home/mda_silv/clima-archive2-b/FPS-SESA/rcm/reg_ictp_pbl1/sfcWind/sfcWind_A850_PARANAPOEMA_H_2018-06-01-2021-05-31.nc
Processing INMET station A915 - PARANATINGA
Done --> /home/mda_silv/clima-archive2-b/FPS-SESA/rcm/reg_ictp_pbl1/sfcWind/sfcWind_A915_PARANATINGA_H_2018-06-01-2021-05-31.nc
Processing INMET station A047 - PARANOA-COOPA-DF
Done --> /home/mda_silv/clima-archive2-b/FPS-SESA/rcm/reg_ictp_pbl1/sfcWind/sfcWind_A047_PARANOA-COOPA-DF_H_2018-06-01-2021-05-31.nc
Processing INMET station A619 - PARATY
Done --> /home/mda_silv/clima-archive2-b/FPS-SESA/rcm/reg_ictp_pbl1/sfcWind/sfcWind_A619_PARATY_H_2018-06-01-2021-05-31.nc
Processing INMET station A027 - PARAUNA
Done --> /home/mda_silv/clima-archive2-b/FPS-SESA/rcm/reg_ictp_pbl1/sfcWind/sfcWind_A027_PARAUNA_H_2018-06-01-2021-05-31.nc
Processing INMET station A123 - PARINTINS
Done --> /home/mda_silv/clima-archive2-b/FPS-SESA/rcm/reg_ictp_pbl1/sfcWind/sfcWind_A123_PARINTINS_H_2018-06-01-2021-05-31.nc
Processing INMET station A308 - PARNAIBA
Done --> /home/mda_silv/clima-archive2-b/FPS-SESA/rcm/reg_ictp_pbl1/sfcWind/sfcWind_A308_PARNAIBA_H_2018-06-01-2021-05-31.nc
Processing INMET station A102 - PARQUE_ESTADUAL_CHANDLESS
Done --> /home/mda_silv/clima-archive2-b/FPS-SESA/rcm/reg_ictp_pbl1/sfcWind/sfcWind_A102_PARQUE_ESTADUAL_CHANDLESS_H_2018-06-01-2021-05-31.nc
Processing INMET station A529 - PASSA_QUATRO
Done --> /home/mda_silv/clima-archive2-b/FPS-SESA/rcm/reg_ictp_pbl1/sfcWind/sfcWind_A529_PASSA_QUATRO_H_2018-06-01-2021-05-31.nc
Processing INMET station A839 - PASSO_FUNDO
Done --> /home/mda_silv/clima-archive2-b/FPS-SESA/rcm/reg_ictp_pbl1/sfcWind/sfcWind_A839_PASSO_FUNDO_H_2018-06-01-2021-05-31.nc
Processing INMET station A516 - PASSOS
Done --> /home/mda_silv/clima-archive2-b/FPS-SESA/rcm/reg_ictp_pbl1/sfcWind/sfcWind_A516_PASSOS_H_2018-06-01-2021-05-31.nc
Processing INMET station A321 - PATOS
Done --> /home/mda_silv/clima-archive2-b/FPS-SESA/rcm/reg_ictp_pbl1/sfcWind/sfcWind_A321_PATOS_H_2018-06-01-2021-05-31.nc
Processing INMET station A562 - PATOS_DE_MINAS
Done --> /home/mda_silv/clima-archive2-b/FPS-SESA/rcm/reg_ictp_pbl1/sfcWind/sfcWind_A562_PATOS_DE_MINAS_H_2018-06-01-2021-05-31.nc
Processing INMET station A523 - PATROCINIO
Done --> /home/mda_silv/clima-archive2-b/FPS-SESA/rcm/reg_ictp_pbl1/sfcWind/sfcWind_A523_PATROCINIO_H_2018-06-01-2021-05-31.nc
Processing INMET station A330 - PAULISTANA
Done --> /home/mda_silv/clima-archive2-b/FPS-SESA/rcm/reg_ictp_pbl1/sfcWind/sfcWind_A330_PAULISTANA_H_2018-06-01-2021-05-31.nc
Processing INMET station A020 - PEDRO_AFONSO
Done --> /home/mda_silv/clima-archive2-b/FPS-SESA/rcm/reg_ictp_pbl1/sfcWind/sfcWind_A020_PEDRO_AFONSO_H_2018-06-01-2021-05-31.nc
Processing INMET station A018 - PEIXE
Done --> /home/mda_silv/clima-archive2-b/FPS-SESA/rcm/reg_ictp_pbl1/sfcWind/sfcWind_A018_PEIXE_H_2018-06-01-2021-05-31.nc
Processing INMET station A307 - PETROLINA
Done --> /home/mda_silv/clima-archive2-b/FPS-SESA/rcm/reg_ictp_pbl1/sfcWind/sfcWind_A307_PETROLINA_H_2018-06-01-2021-05-31.nc
Processing INMET station A430 - PIATA
Done --> /home/mda_silv/clima-archive2-b/FPS-SESA/rcm/reg_ictp_pbl1/sfcWind/sfcWind_A430_PIATA_H_2018-06-01-2021-05-31.nc
Processing INMET station A610 - PICO_DO_COUTO
Done --> /home/mda_silv/clima-archive2-b/FPS-SESA/rcm/reg_ictp_pbl1/sfcWind/sfcWind_A610_PICO_DO_COUTO_H_2018-06-01-2021-05-31.nc
Processing INMET station A343 - PICOS
Done --> /home/mda_silv/clima-archive2-b/FPS-SESA/rcm/reg_ictp_pbl1/sfcWind/sfcWind_A343_PICOS_H_2018-06-01-2021-05-31.nc
Processing INMET station A726 - PIRACICABA
Done --> /home/mda_silv/clima-archive2-b/FPS-SESA/rcm/reg_ictp_pbl1/sfcWind/sfcWind_A726_PIRACICABA_H_2018-06-01-2021-05-31.nc
Processing INMET station A371 - PIRANHAS
Done --> /home/mda_silv/clima-archive2-b/FPS-SESA/rcm/reg_ictp_pbl1/sfcWind/sfcWind_A371_PIRANHAS_H_2018-06-01-2021-05-31.nc
Processing INMET station A545 - PIRAPORA
Done --> /home/mda_silv/clima-archive2-b/FPS-SESA/rcm/reg_ictp_pbl1/sfcWind/sfcWind_A545_PIRAPORA_H_2018-06-01-2021-05-31.nc
Processing INMET station A033 - PIRES_DO_RIO
Done --> /home/mda_silv/clima-archive2-b/FPS-SESA/rcm/reg_ictp_pbl1/sfcWind/sfcWind_A033_PIRES_DO_RIO_H_2018-06-01-2021-05-31.nc
Processing INMET station A335 - PIRIPIRI
Done --> /home/mda_silv/clima-archive2-b/FPS-SESA/rcm/reg_ictp_pbl1/sfcWind/sfcWind_A335_PIRIPIRI_H_2018-06-01-2021-05-31.nc
Processing INMET station A051 - PIUM
Done --> /home/mda_silv/clima-archive2-b/FPS-SESA/rcm/reg_ictp_pbl1/sfcWind/sfcWind_A051_PIUM_H_2018-06-01-2021-05-31.nc
Processing INMET station A211 - PLACAS
Done --> /home/mda_silv/clima-archive2-b/FPS-SESA/rcm/reg_ictp_pbl1/sfcWind/sfcWind_A211_PLACAS_H_2018-06-01-2021-05-31.nc
Processing INMET station A855 - PLANALTO
Done --> /home/mda_silv/clima-archive2-b/FPS-SESA/rcm/reg_ictp_pbl1/sfcWind/sfcWind_A855_PLANALTO_H_2018-06-01-2021-05-31.nc
Processing INMET station A419 - POCO_VERDE
Done --> /home/mda_silv/clima-archive2-b/FPS-SESA/rcm/reg_ictp_pbl1/sfcWind/sfcWind_A419_POCO_VERDE_H_2018-06-01-2021-05-31.nc
Processing INMET station A560 - POMPEU
Done --> /home/mda_silv/clima-archive2-b/FPS-SESA/rcm/reg_ictp_pbl1/sfcWind/sfcWind_A560_POMPEU_H_2018-06-01-2021-05-31.nc
Processing INMET station A703 - PONTA_PORA
Done --> /home/mda_silv/clima-archive2-b/FPS-SESA/rcm/reg_ictp_pbl1/sfcWind/sfcWind_A703_PONTA_PORA_H_2018-06-01-2021-05-31.nc
Processing INMET station A937 - PONTES_E_LACERDA
Done --> /home/mda_silv/clima-archive2-b/FPS-SESA/rcm/reg_ictp_pbl1/sfcWind/sfcWind_A937_PONTES_E_LACERDA_H_2018-06-01-2021-05-31.nc
Processing INMET station A005 - PORANGATU
Done --> /home/mda_silv/clima-archive2-b/FPS-SESA/rcm/reg_ictp_pbl1/sfcWind/sfcWind_A005_PORANGATU_H_2018-06-01-2021-05-31.nc
Processing INMET station A801 - PORTO ALEGRE-JARDIM BOTANICO
Done --> /home/mda_silv/clima-archive2-b/FPS-SESA/rcm/reg_ictp_pbl1/sfcWind/sfcWind_A801_PORTO ALEGRE-JARDIM BOTANICO_H_2018-06-01-2021-05-31.nc
Processing INMET station A935 - PORTO_ESTRELA
Done --> /home/mda_silv/clima-archive2-b/FPS-SESA/rcm/reg_ictp_pbl1/sfcWind/sfcWind_A935_PORTO_ESTRELA_H_2018-06-01-2021-05-31.nc
Processing INMET station A244 - PORTO_GRANDE
Done --> /home/mda_silv/clima-archive2-b/FPS-SESA/rcm/reg_ictp_pbl1/sfcWind/sfcWind_A244_PORTO_GRANDE_H_2018-06-01-2021-05-31.nc
Processing INMET station A723 - PORTO_MURTINHO
Done --> /home/mda_silv/clima-archive2-b/FPS-SESA/rcm/reg_ictp_pbl1/sfcWind/sfcWind_A723_PORTO_MURTINHO_H_2018-06-01-2021-05-31.nc
Processing INMET station A427 - PORTO_SEGURO
Done --> /home/mda_silv/clima-archive2-b/FPS-SESA/rcm/reg_ictp_pbl1/sfcWind/sfcWind_A427_PORTO_SEGURO_H_2018-06-01-2021-05-31.nc
Processing INMET station A925 - PORTO_VELHO
Done --> /home/mda_silv/clima-archive2-b/FPS-SESA/rcm/reg_ictp_pbl1/sfcWind/sfcWind_A925_PORTO_VELHO_H_2018-06-01-2021-05-31.nc
Processing INMET station A136 - PORTO_WALTER
Done --> /home/mda_silv/clima-archive2-b/FPS-SESA/rcm/reg_ictp_pbl1/sfcWind/sfcWind_A136_PORTO_WALTER_H_2018-06-01-2021-05-31.nc
Processing INMET station A017 - POSSE
Done --> /home/mda_silv/clima-archive2-b/FPS-SESA/rcm/reg_ictp_pbl1/sfcWind/sfcWind_A017_POSSE_H_2018-06-01-2021-05-31.nc
Processing INMET station A747 - PRADOPOLIS
Done --> /home/mda_silv/clima-archive2-b/FPS-SESA/rcm/reg_ictp_pbl1/sfcWind/sfcWind_A747_PRADOPOLIS_H_2018-06-01-2021-05-31.nc
Processing INMET station A218 - PREGUICAS
Done --> /home/mda_silv/clima-archive2-b/FPS-SESA/rcm/reg_ictp_pbl1/sfcWind/sfcWind_A218_PREGUICAS_H_2018-06-01-2021-05-31.nc
Processing INMET station A126 - PRESIDENTE_FIGUEIREDO
Done --> /home/mda_silv/clima-archive2-b/FPS-SESA/rcm/reg_ictp_pbl1/sfcWind/sfcWind_A126_PRESIDENTE_FIGUEIREDO_H_2018-06-01-2021-05-31.nc
Processing INMET station A622 - PRESIDENTE_KENNEDY
Done --> /home/mda_silv/clima-archive2-b/FPS-SESA/rcm/reg_ictp_pbl1/sfcWind/sfcWind_A622_PRESIDENTE_KENNEDY_H_2018-06-01-2021-05-31.nc
Processing INMET station A707 - PRESIDENTE_PRUDENTE
Done --> /home/mda_silv/clima-archive2-b/FPS-SESA/rcm/reg_ictp_pbl1/sfcWind/sfcWind_A707_PRESIDENTE_PRUDENTE_H_2018-06-01-2021-05-31.nc
Processing INMET station A923 - PRIMAVERA_DO_LESTE
Done --> /home/mda_silv/clima-archive2-b/FPS-SESA/rcm/reg_ictp_pbl1/sfcWind/sfcWind_A923_PRIMAVERA_DO_LESTE_H_2018-06-01-2021-05-31.nc
Processing INMET station A831 - QUARAI
Done --> /home/mda_silv/clima-archive2-b/FPS-SESA/rcm/reg_ictp_pbl1/sfcWind/sfcWind_A831_QUARAI_H_2018-06-01-2021-05-31.nc
Processing INMET station A436 - QUEIMADAS
Done --> /home/mda_silv/clima-archive2-b/FPS-SESA/rcm/reg_ictp_pbl1/sfcWind/sfcWind_A436_QUEIMADAS_H_2018-06-01-2021-05-31.nc
Processing INMET station A916 - QUERENCIA
Done --> /home/mda_silv/clima-archive2-b/FPS-SESA/rcm/reg_ictp_pbl1/sfcWind/sfcWind_A916_QUERENCIA_H_2018-06-01-2021-05-31.nc
Processing INMET station A325 - QUIXERAMOBIM
Done --> /home/mda_silv/clima-archive2-b/FPS-SESA/rcm/reg_ictp_pbl1/sfcWind/sfcWind_A325_QUIXERAMOBIM_H_2018-06-01-2021-05-31.nc
Processing INMET station A718 - RANCHARIA
Done --> /home/mda_silv/clima-archive2-b/FPS-SESA/rcm/reg_ictp_pbl1/sfcWind/sfcWind_A718_RANCHARIA_H_2018-06-01-2021-05-31.nc
Processing INMET station A870 - RANCHO_QUEIMADO
Done --> /home/mda_silv/clima-archive2-b/FPS-SESA/rcm/reg_ictp_pbl1/sfcWind/sfcWind_A870_RANCHO_QUEIMADO_H_2018-06-01-2021-05-31.nc
Processing INMET station A301 - RECIFE
Done --> /home/mda_silv/clima-archive2-b/FPS-SESA/rcm/reg_ictp_pbl1/sfcWind/sfcWind_A301_RECIFE_H_2018-06-01-2021-05-31.nc
Processing INMET station A766 - REGISTRO
Done --> /home/mda_silv/clima-archive2-b/FPS-SESA/rcm/reg_ictp_pbl1/sfcWind/sfcWind_A766_REGISTRO_H_2018-06-01-2021-05-31.nc
Processing INMET station A423 - REMANSO
Done --> /home/mda_silv/clima-archive2-b/FPS-SESA/rcm/reg_ictp_pbl1/sfcWind/sfcWind_A423_REMANSO_H_2018-06-01-2021-05-31.nc
Processing INMET station A609 - RESENDE
Done --> /home/mda_silv/clima-archive2-b/FPS-SESA/rcm/reg_ictp_pbl1/sfcWind/sfcWind_A609_RESENDE_H_2018-06-01-2021-05-31.nc
Processing INMET station A104 - RIO_BRANCO
Done --> /home/mda_silv/clima-archive2-b/FPS-SESA/rcm/reg_ictp_pbl1/sfcWind/sfcWind_A104_RIO_BRANCO_H_2018-06-01-2021-05-31.nc
Processing INMET station A743 - RIO_BRILHANTE
Done --> /home/mda_silv/clima-archive2-b/FPS-SESA/rcm/reg_ictp_pbl1/sfcWind/sfcWind_A743_RIO_BRILHANTE_H_2018-06-01-2021-05-31.nc
Processing INMET station A626 - RIO_CLARO
Done --> /home/mda_silv/clima-archive2-b/FPS-SESA/rcm/reg_ictp_pbl1/sfcWind/sfcWind_A626_RIO_CLARO_H_2018-06-01-2021-05-31.nc
Processing INMET station A652 - RIO_DE_JANEIRO-FORTE_DE_COPACABANA
Done --> /home/mda_silv/clima-archive2-b/FPS-SESA/rcm/reg_ictp_pbl1/sfcWind/sfcWind_A652_RIO_DE_JANEIRO-FORTE_DE_COPACABANA_H_2018-06-01-2021-05-31.nc
Processing INMET station A636 - RIO_DE_JANEIRO-JACAREPAGUA
Done --> /home/mda_silv/clima-archive2-b/FPS-SESA/rcm/reg_ictp_pbl1/sfcWind/sfcWind_A636_RIO_DE_JANEIRO-JACAREPAGUA_H_2018-06-01-2021-05-31.nc
Processing INMET station A621 - RIO_DE_JANEIRO-VILA_MILITAR
Done --> /home/mda_silv/clima-archive2-b/FPS-SESA/rcm/reg_ictp_pbl1/sfcWind/sfcWind_A621_RIO_DE_JANEIRO-VILA_MILITAR_H_2018-06-01-2021-05-31.nc
Processing INMET station A602 - RIO_DE_JANEIRO-MARAMBAIA
Done --> /home/mda_silv/clima-archive2-b/FPS-SESA/rcm/reg_ictp_pbl1/sfcWind/sfcWind_A602_RIO_DE_JANEIRO-MARAMBAIA_H_2018-06-01-2021-05-31.nc
Processing INMET station A861 - RIO_DO_CAMPO
Done --> /home/mda_silv/clima-archive2-b/FPS-SESA/rcm/reg_ictp_pbl1/sfcWind/sfcWind_A861_RIO_DO_CAMPO_H_2018-06-01-2021-05-31.nc
Processing INMET station A802 - RIO_GRANDE
Done --> /home/mda_silv/clima-archive2-b/FPS-SESA/rcm/reg_ictp_pbl1/sfcWind/sfcWind_A802_RIO_GRANDE_H_2018-06-01-2021-05-31.nc
Processing INMET station A862 - RIO_NEGRINHO
Done --> /home/mda_silv/clima-archive2-b/FPS-SESA/rcm/reg_ictp_pbl1/sfcWind/sfcWind_A862_RIO_NEGRINHO_H_2018-06-01-2021-05-31.nc
Processing INMET station A813 - RIO_PARDO
Done --> /home/mda_silv/clima-archive2-b/FPS-SESA/rcm/reg_ictp_pbl1/sfcWind/sfcWind_A813_RIO_PARDO_H_2018-06-01-2021-05-31.nc
Processing INMET station A551 - RIO_PARDO_DE_MINAS
Done --> /home/mda_silv/clima-archive2-b/FPS-SESA/rcm/reg_ictp_pbl1/sfcWind/sfcWind_A551_RIO_PARDO_DE_MINAS_H_2018-06-01-2021-05-31.nc
Processing INMET station A050 - RIO_SONO
Done --> /home/mda_silv/clima-archive2-b/FPS-SESA/rcm/reg_ictp_pbl1/sfcWind/sfcWind_A050_RIO_SONO_H_2018-06-01-2021-05-31.nc
Processing INMET station A125 - RIO_URUBU
Done --> /home/mda_silv/clima-archive2-b/FPS-SESA/rcm/reg_ictp_pbl1/sfcWind/sfcWind_A125_RIO_URUBU_H_2018-06-01-2021-05-31.nc
Processing INMET station A025 - RIO_VERDE
Done --> /home/mda_silv/clima-archive2-b/FPS-SESA/rcm/reg_ictp_pbl1/sfcWind/sfcWind_A025_RIO_VERDE_H_2018-06-01-2021-05-31.nc
Processing INMET station A214 - RONDON_DO_PARA
Done --> /home/mda_silv/clima-archive2-b/FPS-SESA/rcm/reg_ictp_pbl1/sfcWind/sfcWind_A214_RONDON_DO_PARA_H_2018-06-01-2021-05-31.nc
Processing INMET station A907 - RONDONOPOLIS
Done --> /home/mda_silv/clima-archive2-b/FPS-SESA/rcm/reg_ictp_pbl1/sfcWind/sfcWind_A907_RONDONOPOLIS_H_2018-06-01-2021-05-31.nc
Processing INMET station A134 - S.G._DA_CACHOEIRA
Done --> /home/mda_silv/clima-archive2-b/FPS-SESA/rcm/reg_ictp_pbl1/sfcWind/sfcWind_A134_S.G._DA_CACHOEIRA_H_2018-06-01-2021-05-31.nc
Processing INMET station A903 - S.J._DO_RIO_CLARO
Done --> /home/mda_silv/clima-archive2-b/FPS-SESA/rcm/reg_ictp_pbl1/sfcWind/sfcWind_A903_S.J._DO_RIO_CLARO_H_2018-06-01-2021-05-31.nc
Processing INMET station A525 - SACRAMENTO
Done --> /home/mda_silv/clima-archive2-b/FPS-SESA/rcm/reg_ictp_pbl1/sfcWind/sfcWind_A525_SACRAMENTO_H_2018-06-01-2021-05-31.nc
Processing INMET station A370 - SALGUEIRO
Done --> /home/mda_silv/clima-archive2-b/FPS-SESA/rcm/reg_ictp_pbl1/sfcWind/sfcWind_A370_SALGUEIRO_H_2018-06-01-2021-05-31.nc
Processing INMET station A552 - SALINAS
Done --> /home/mda_silv/clima-archive2-b/FPS-SESA/rcm/reg_ictp_pbl1/sfcWind/sfcWind_A552_SALINAS_H_2018-06-01-2021-05-31.nc
Processing INMET station A215 - SALINOPOLIS
Done --> /home/mda_silv/clima-archive2-b/FPS-SESA/rcm/reg_ictp_pbl1/sfcWind/sfcWind_A215_SALINOPOLIS_H_2018-06-01-2021-05-31.nc
Processing INMET station A936 - SALTO_DO_CEU
Done --> /home/mda_silv/clima-archive2-b/FPS-SESA/rcm/reg_ictp_pbl1/sfcWind/sfcWind_A936_SALTO_DO_CEU_H_2018-06-01-2021-05-31.nc
Processing INMET station A401 - SALVADOR
Done --> /home/mda_silv/clima-archive2-b/FPS-SESA/rcm/reg_ictp_pbl1/sfcWind/sfcWind_A401_SALVADOR_H_2018-06-01-2021-05-31.nc
Processing INMET station A367 - SANTA_CRUZ
Done --> /home/mda_silv/clima-archive2-b/FPS-SESA/rcm/reg_ictp_pbl1/sfcWind/sfcWind_A367_SANTA_CRUZ_H_2018-06-01-2021-05-31.nc
Processing INMET station A048 - SANTA_FE_DO_ARAGUAIA
Done --> /home/mda_silv/clima-archive2-b/FPS-SESA/rcm/reg_ictp_pbl1/sfcWind/sfcWind_A048_SANTA_FE_DO_ARAGUAIA_H_2018-06-01-2021-05-31.nc
Processing INMET station A803 - SANTA_MARIA
Done --> /home/mda_silv/clima-archive2-b/FPS-SESA/rcm/reg_ictp_pbl1/sfcWind/sfcWind_A803_SANTA_MARIA_H_2018-06-01-2021-05-31.nc
Processing INMET station A415 - SANTA_RITA DE CASSIA
Done --> /home/mda_silv/clima-archive2-b/FPS-SESA/rcm/reg_ictp_pbl1/sfcWind/sfcWind_A415_SANTA_RITA DE CASSIA_H_2018-06-01-2021-05-31.nc
Processing INMET station A810 - SANTA_ROSA
Done --> /home/mda_silv/clima-archive2-b/FPS-SESA/rcm/reg_ictp_pbl1/sfcWind/sfcWind_A810_SANTA_ROSA_H_2018-06-01-2021-05-31.nc
Processing INMET station A052 - SANTA_ROSA_DO_TOCANTINS
Done --> /home/mda_silv/clima-archive2-b/FPS-SESA/rcm/reg_ictp_pbl1/sfcWind/sfcWind_A052_SANTA_ROSA_DO_TOCANTINS_H_2018-06-01-2021-05-31.nc
Processing INMET station A613 - SANTA_TERESA
Done --> /home/mda_silv/clima-archive2-b/FPS-SESA/rcm/reg_ictp_pbl1/sfcWind/sfcWind_A613_SANTA_TERESA_H_2018-06-01-2021-05-31.nc
Processing INMET station A233 - SANTANA_DO_ARAGUAIA
Done --> /home/mda_silv/clima-archive2-b/FPS-SESA/rcm/reg_ictp_pbl1/sfcWind/sfcWind_A233_SANTANA_DO_ARAGUAIA_H_2018-06-01-2021-05-31.nc
Processing INMET station A804 - SANTANA_DO_LIVRAMENTO
Done --> /home/mda_silv/clima-archive2-b/FPS-SESA/rcm/reg_ictp_pbl1/sfcWind/sfcWind_A804_SANTANA_DO_LIVRAMENTO_H_2018-06-01-2021-05-31.nc
Processing INMET station A250 - SANTAREM
Done --> /home/mda_silv/clima-archive2-b/FPS-SESA/rcm/reg_ictp_pbl1/sfcWind/sfcWind_A250_SANTAREM_H_2018-06-01-2021-05-31.nc
Processing INMET station A833 - SANTIAGO
Done --> /home/mda_silv/clima-archive2-b/FPS-SESA/rcm/reg_ictp_pbl1/sfcWind/sfcWind_A833_SANTIAGO_H_2018-06-01-2021-05-31.nc
Processing INMET station A931 - SANTO_ANTONIO_DO_LESTE
Done --> /home/mda_silv/clima-archive2-b/FPS-SESA/rcm/reg_ictp_pbl1/sfcWind/sfcWind_A931_SANTO_ANTONIO_DO_LESTE_H_2018-06-01-2021-05-31.nc
Processing INMET station A805 - SANTO_AUGUSTO
Done --> /home/mda_silv/clima-archive2-b/FPS-SESA/rcm/reg_ictp_pbl1/sfcWind/sfcWind_A805_SANTO_AUGUSTO_H_2018-06-01-2021-05-31.nc
Processing INMET station A830 - SAO_BORJA
Done --> /home/mda_silv/clima-archive2-b/FPS-SESA/rcm/reg_ictp_pbl1/sfcWind/sfcWind_A830_SAO_BORJA_H_2018-06-01-2021-05-31.nc
Processing INMET station A711 - SAO_CARLOS
Done --> /home/mda_silv/clima-archive2-b/FPS-SESA/rcm/reg_ictp_pbl1/sfcWind/sfcWind_A711_SAO_CARLOS_H_2018-06-01-2021-05-31.nc
Processing INMET station A921 - SAO_FELIX_DO_ARAGUAIA
Done --> /home/mda_silv/clima-archive2-b/FPS-SESA/rcm/reg_ictp_pbl1/sfcWind/sfcWind_A921_SAO_FELIX_DO_ARAGUAIA_H_2018-06-01-2021-05-31.nc
Processing INMET station A216 - SAO_FELIX_DO_XINGU
Done --> /home/mda_silv/clima-archive2-b/FPS-SESA/rcm/reg_ictp_pbl1/sfcWind/sfcWind_A216_SAO_FELIX_DO_XINGU_H_2018-06-01-2021-05-31.nc
Processing INMET station A832 - SAO_GABRIEL
Done --> /home/mda_silv/clima-archive2-b/FPS-SESA/rcm/reg_ictp_pbl1/sfcWind/sfcWind_A832_SAO_GABRIEL_H_2018-06-01-2021-05-31.nc
Processing INMET station A732 - SAO_GABRIEL_DO_OESTE
Done --> /home/mda_silv/clima-archive2-b/FPS-SESA/rcm/reg_ictp_pbl1/sfcWind/sfcWind_A732_SAO_GABRIEL_DO_OESTE_H_2018-06-01-2021-05-31.nc
Processing INMET station A333 - SAO_GONCALO
Done --> /home/mda_silv/clima-archive2-b/FPS-SESA/rcm/reg_ictp_pbl1/sfcWind/sfcWind_A333_SAO_GONCALO_H_2018-06-01-2021-05-31.nc
Processing INMET station A514 - SAO_JOAO_DEL_REI
Done --> /home/mda_silv/clima-archive2-b/FPS-SESA/rcm/reg_ictp_pbl1/sfcWind/sfcWind_A514_SAO_JOAO_DEL_REI_H_2018-06-01-2021-05-31.nc
Processing INMET station A331 - SAO_JOAO_DO_PIAUI
Done --> /home/mda_silv/clima-archive2-b/FPS-SESA/rcm/reg_ictp_pbl1/sfcWind/sfcWind_A331_SAO_JOAO_DO_PIAUI_H_2018-06-01-2021-05-31.nc
Processing INMET station A815 - SAO_JOAQUIM
Done --> /home/mda_silv/clima-archive2-b/FPS-SESA/rcm/reg_ictp_pbl1/sfcWind/sfcWind_A815_SAO_JOAQUIM_H_2018-06-01-2021-05-31.nc
Processing INMET station A829 - SAO_JOSE_DOS_AUSENTES
Done --> /home/mda_silv/clima-archive2-b/FPS-SESA/rcm/reg_ictp_pbl1/sfcWind/sfcWind_A829_SAO_JOSE_DOS_AUSENTES_H_2018-06-01-2021-05-31.nc
Processing INMET station A203 - SAO_LUIS
Done --> /home/mda_silv/clima-archive2-b/FPS-SESA/rcm/reg_ictp_pbl1/sfcWind/sfcWind_A203_SAO_LUIS_H_2018-06-01-2021-05-31.nc
Processing INMET station A356 - SAO_LUIS_DO_QUITUNDE
Done --> /home/mda_silv/clima-archive2-b/FPS-SESA/rcm/reg_ictp_pbl1/sfcWind/sfcWind_A356_SAO_LUIS_DO_QUITUNDE_H_2018-06-01-2021-05-31.nc
Processing INMET station A740 - SAO_LUIZ_DO_PARAITINGA
Done --> /home/mda_silv/clima-archive2-b/FPS-SESA/rcm/reg_ictp_pbl1/sfcWind/sfcWind_A740_SAO_LUIZ_DO_PARAITINGA_H_2018-06-01-2021-05-31.nc
Processing INMET station A852 - SAO_LUIZ_GONZAGA
Done --> /home/mda_silv/clima-archive2-b/FPS-SESA/rcm/reg_ictp_pbl1/sfcWind/sfcWind_A852_SAO_LUIZ_GONZAGA_H_2018-06-01-2021-05-31.nc
Processing INMET station A616 - SAO_MATEUS
Done --> /home/mda_silv/clima-archive2-b/FPS-SESA/rcm/reg_ictp_pbl1/sfcWind/sfcWind_A616_SAO_MATEUS_H_2018-06-01-2021-05-31.nc
Processing INMET station A874 - SAO_MATEUS_DO_SUL
Done --> /home/mda_silv/clima-archive2-b/FPS-SESA/rcm/reg_ictp_pbl1/sfcWind/sfcWind_A874_SAO_MATEUS_DO_SUL_H_2018-06-01-2021-05-31.nc
Processing INMET station A715 - SAO_MIGUEL_ARCANJO
Done --> /home/mda_silv/clima-archive2-b/FPS-SESA/rcm/reg_ictp_pbl1/sfcWind/sfcWind_A715_SAO_MIGUEL_ARCANJO_H_2018-06-01-2021-05-31.nc
Processing INMET station A031 - SAO_MIGUEL_DO_ARAGUAIA
Done --> /home/mda_silv/clima-archive2-b/FPS-SESA/rcm/reg_ictp_pbl1/sfcWind/sfcWind_A031_SAO_MIGUEL_DO_ARAGUAIA_H_2018-06-01-2021-05-31.nc
Processing INMET station A857 - SAO_MIGUEL_DO_OESTE
Done --> /home/mda_silv/clima-archive2-b/FPS-SESA/rcm/reg_ictp_pbl1/sfcWind/sfcWind_A857_SAO_MIGUEL_DO_OESTE_H_2018-06-01-2021-05-31.nc
Processing INMET station A701 - SAO_PAULO-MIRANTE
Done --> /home/mda_silv/clima-archive2-b/FPS-SESA/rcm/reg_ictp_pbl1/sfcWind/sfcWind_A701_SAO_PAULO-MIRANTE_H_2018-06-01-2021-05-31.nc
Processing INMET station A345 - SAO_RAIMUNDO NONATO
Done --> /home/mda_silv/clima-archive2-b/FPS-SESA/rcm/reg_ictp_pbl1/sfcWind/sfcWind_A345_SAO_RAIMUNDO NONATO_H_2018-06-01-2021-05-31.nc
Processing INMET station A547 - SAO_ROMAO
Done --> /home/mda_silv/clima-archive2-b/FPS-SESA/rcm/reg_ictp_pbl1/sfcWind/sfcWind_A547_SAO_ROMAO_H_2018-06-01-2021-05-31.nc
Processing INMET station A561 - SAO_SEBASTIAO DO PARAISO
Done --> /home/mda_silv/clima-archive2-b/FPS-SESA/rcm/reg_ictp_pbl1/sfcWind/sfcWind_A561_SAO_SEBASTIAO DO PARAISO_H_2018-06-01-2021-05-31.nc
Processing INMET station A011 - SAO_SIMAO
Done --> /home/mda_silv/clima-archive2-b/FPS-SESA/rcm/reg_ictp_pbl1/sfcWind/sfcWind_A011_SAO_SIMAO_H_2018-06-01-2021-05-31.nc
Processing INMET station A889 - SAO_VICENTE DO SUL
Done --> /home/mda_silv/clima-archive2-b/FPS-SESA/rcm/reg_ictp_pbl1/sfcWind/sfcWind_A889_SAO_VICENTE DO SUL_H_2018-06-01-2021-05-31.nc
Processing INMET station A911 - SAPEZAL
Done --> /home/mda_silv/clima-archive2-b/FPS-SESA/rcm/reg_ictp_pbl1/sfcWind/sfcWind_A911_SAPEZAL_H_2018-06-01-2021-05-31.nc
Processing INMET station A667 - SAQUAREMA-SAMPAIO_CORREIA
Done --> /home/mda_silv/clima-archive2-b/FPS-SESA/rcm/reg_ictp_pbl1/sfcWind/sfcWind_A667_SAQUAREMA-SAMPAIO_CORREIA_H_2018-06-01-2021-05-31.nc
Processing INMET station A428 - SENHOR_DO_BONFIM
Done --> /home/mda_silv/clima-archive2-b/FPS-SESA/rcm/reg_ictp_pbl1/sfcWind/sfcWind_A428_SENHOR_DO_BONFIM_H_2018-06-01-2021-05-31.nc
Processing INMET station A894 - SERAFINA_CORREA
Done --> /home/mda_silv/clima-archive2-b/FPS-SESA/rcm/reg_ictp_pbl1/sfcWind/sfcWind_A894_SERAFINA_CORREA_H_2018-06-01-2021-05-31.nc
Processing INMET station A601 - SEROPEDICA-ECOLOGIA_AGRICOLA
Done --> /home/mda_silv/clima-archive2-b/FPS-SESA/rcm/reg_ictp_pbl1/sfcWind/sfcWind_A601_SEROPEDICA-ECOLOGIA_AGRICOLA_H_2018-06-01-2021-05-31.nc
Processing INMET station A522 - SERRA_DOS_AIMORES
Done --> /home/mda_silv/clima-archive2-b/FPS-SESA/rcm/reg_ictp_pbl1/sfcWind/sfcWind_A522_SERRA_DOS_AIMORES_H_2018-06-01-2021-05-31.nc
Processing INMET station A230 - SERRA_DOS_CARAJAS
Done --> /home/mda_silv/clima-archive2-b/FPS-SESA/rcm/reg_ictp_pbl1/sfcWind/sfcWind_A230_SERRA_DOS_CARAJAS_H_2018-06-01-2021-05-31.nc
Processing INMET station A350 - SERRA_TALHADA
Done --> /home/mda_silv/clima-archive2-b/FPS-SESA/rcm/reg_ictp_pbl1/sfcWind/sfcWind_A350_SERRA_TALHADA_H_2018-06-01-2021-05-31.nc
Processing INMET station A441 - SERRINHA
Done --> /home/mda_silv/clima-archive2-b/FPS-SESA/rcm/reg_ictp_pbl1/sfcWind/sfcWind_A441_SERRINHA_H_2018-06-01-2021-05-31.nc
Processing INMET station A569 - SETE_LAGOAS
Done --> /home/mda_silv/clima-archive2-b/FPS-SESA/rcm/reg_ictp_pbl1/sfcWind/sfcWind_A569_SETE_LAGOAS_H_2018-06-01-2021-05-31.nc
Processing INMET station A751 - SETE_QUEDAS
Done --> /home/mda_silv/clima-archive2-b/FPS-SESA/rcm/reg_ictp_pbl1/sfcWind/sfcWind_A751_SETE_QUEDAS_H_2018-06-01-2021-05-31.nc
Processing INMET station A754 - SIDROLANDIA
Done --> /home/mda_silv/clima-archive2-b/FPS-SESA/rcm/reg_ictp_pbl1/sfcWind/sfcWind_A754_SIDROLANDIA_H_2018-06-01-2021-05-31.nc
Processing INMET station A659 - SILVA_JARDIM
Done --> /home/mda_silv/clima-archive2-b/FPS-SESA/rcm/reg_ictp_pbl1/sfcWind/sfcWind_A659_SILVA_JARDIM_H_2018-06-01-2021-05-31.nc
Processing INMET station A037 - SILVANIA
Done --> /home/mda_silv/clima-archive2-b/FPS-SESA/rcm/reg_ictp_pbl1/sfcWind/sfcWind_A037_SILVANIA_H_2018-06-01-2021-05-31.nc
Processing INMET station A917 - SINOP
Done --> /home/mda_silv/clima-archive2-b/FPS-SESA/rcm/reg_ictp_pbl1/sfcWind/sfcWind_A917_SINOP_H_2018-06-01-2021-05-31.nc
Processing INMET station A306 - SOBRAL
Done --> /home/mda_silv/clima-archive2-b/FPS-SESA/rcm/reg_ictp_pbl1/sfcWind/sfcWind_A306_SOBRAL_H_2018-06-01-2021-05-31.nc
Processing INMET station A837 - SOLEDADE
Done --> /home/mda_silv/clima-archive2-b/FPS-SESA/rcm/reg_ictp_pbl1/sfcWind/sfcWind_A837_SOLEDADE_H_2018-06-01-2021-05-31.nc
Processing INMET station A761 - SONORA
Done --> /home/mda_silv/clima-archive2-b/FPS-SESA/rcm/reg_ictp_pbl1/sfcWind/sfcWind_A761_SONORA_H_2018-06-01-2021-05-31.nc
Processing INMET station A713 - SOROCABA
Done --> /home/mda_silv/clima-archive2-b/FPS-SESA/rcm/reg_ictp_pbl1/sfcWind/sfcWind_A713_SOROCABA_H_2018-06-01-2021-05-31.nc
Processing INMET station A904 - SORRISO
Done --> /home/mda_silv/clima-archive2-b/FPS-SESA/rcm/reg_ictp_pbl1/sfcWind/sfcWind_A904_SORRISO_H_2018-06-01-2021-05-31.nc
Processing INMET station A227 - SOURE
Done --> /home/mda_silv/clima-archive2-b/FPS-SESA/rcm/reg_ictp_pbl1/sfcWind/sfcWind_A227_SOURE_H_2018-06-01-2021-05-31.nc
Processing INMET station A328 - SURUBIM
Done --> /home/mda_silv/clima-archive2-b/FPS-SESA/rcm/reg_ictp_pbl1/sfcWind/sfcWind_A328_SURUBIM_H_2018-06-01-2021-05-31.nc
Processing INMET station A899 - SANTA_VITORIA_DO_PALMAR - BARRA_DO_CHUI
Done --> /home/mda_silv/clima-archive2-b/FPS-SESA/rcm/reg_ictp_pbl1/sfcWind/sfcWind_A899_SANTA_VITORIA_DO_PALMAR - BARRA_DO_CHUI_H_2018-06-01-2021-05-31.nc
Processing INMET station A902 - TANGARA_DA_SERRA
Done --> /home/mda_silv/clima-archive2-b/FPS-SESA/rcm/reg_ictp_pbl1/sfcWind/sfcWind_A902_TANGARA_DA_SERRA_H_2018-06-01-2021-05-31.nc
Processing INMET station A324 - TAUA
Done --> /home/mda_silv/clima-archive2-b/FPS-SESA/rcm/reg_ictp_pbl1/sfcWind/sfcWind_A324_TAUA_H_2018-06-01-2021-05-31.nc
Processing INMET station A728 - TAUBATE
Done --> /home/mda_silv/clima-archive2-b/FPS-SESA/rcm/reg_ictp_pbl1/sfcWind/sfcWind_A728_TAUBATE_H_2018-06-01-2021-05-31.nc
Processing INMET station A527 - TEOFILO_OTONI
Done --> /home/mda_silv/clima-archive2-b/FPS-SESA/rcm/reg_ictp_pbl1/sfcWind/sfcWind_A527_TEOFILO_OTONI_H_2018-06-01-2021-05-31.nc
Processing INMET station A312 - TERESINA
Done --> /home/mda_silv/clima-archive2-b/FPS-SESA/rcm/reg_ictp_pbl1/sfcWind/sfcWind_A312_TERESINA_H_2018-06-01-2021-05-31.nc
Processing INMET station A618 - TERESOPOLIS-PARQUE_NACIONAL
Done --> /home/mda_silv/clima-archive2-b/FPS-SESA/rcm/reg_ictp_pbl1/sfcWind/sfcWind_A618_TERESOPOLIS-PARQUE_NACIONAL_H_2018-06-01-2021-05-31.nc
Processing INMET station A882 - TEUTONIA
Done --> /home/mda_silv/clima-archive2-b/FPS-SESA/rcm/reg_ictp_pbl1/sfcWind/sfcWind_A882_TEUTONIA_H_2018-06-01-2021-05-31.nc
Processing INMET station A511 - TIMOTEO
Done --> /home/mda_silv/clima-archive2-b/FPS-SESA/rcm/reg_ictp_pbl1/sfcWind/sfcWind_A511_TIMOTEO_H_2018-06-01-2021-05-31.nc
Processing INMET station A213 - TOME_ACU
Done --> /home/mda_silv/clima-archive2-b/FPS-SESA/rcm/reg_ictp_pbl1/sfcWind/sfcWind_A213_TOME_ACU_H_2018-06-01-2021-05-31.nc
Processing INMET station A808 - TORRES
Done --> /home/mda_silv/clima-archive2-b/FPS-SESA/rcm/reg_ictp_pbl1/sfcWind/sfcWind_A808_TORRES_H_2018-06-01-2021-05-31.nc
Processing INMET station A834 - TRAMANDAI
Done --> /home/mda_silv/clima-archive2-b/FPS-SESA/rcm/reg_ictp_pbl1/sfcWind/sfcWind_A834_TRAMANDAI_H_2018-06-01-2021-05-31.nc
Processing INMET station A704 - TRES_LAGOAS
Done --> /home/mda_silv/clima-archive2-b/FPS-SESA/rcm/reg_ictp_pbl1/sfcWind/sfcWind_A704_TRES_LAGOAS_H_2018-06-01-2021-05-31.nc
Processing INMET station A528 - TRES_MARIAS
Done --> /home/mda_silv/clima-archive2-b/FPS-SESA/rcm/reg_ictp_pbl1/sfcWind/sfcWind_A528_TRES_MARIAS_H_2018-06-01-2021-05-31.nc
Processing INMET station A625 - TRES_RIOS
Done --> /home/mda_silv/clima-archive2-b/FPS-SESA/rcm/reg_ictp_pbl1/sfcWind/sfcWind_A625_TRES_RIOS_H_2018-06-01-2021-05-31.nc
Processing INMET station A234 - TUCUMA
Done --> /home/mda_silv/clima-archive2-b/FPS-SESA/rcm/reg_ictp_pbl1/sfcWind/sfcWind_A234_TUCUMA_H_2018-06-01-2021-05-31.nc
Processing INMET station A229 - TUCURUI
Done --> /home/mda_silv/clima-archive2-b/FPS-SESA/rcm/reg_ictp_pbl1/sfcWind/sfcWind_A229_TUCURUI_H_2018-06-01-2021-05-31.nc
Processing INMET station A768 - TUPA
Done --> /home/mda_silv/clima-archive2-b/FPS-SESA/rcm/reg_ictp_pbl1/sfcWind/sfcWind_A768_TUPA_H_2018-06-01-2021-05-31.nc
Processing INMET station A886 - TUPANCIRETA
Done --> /home/mda_silv/clima-archive2-b/FPS-SESA/rcm/reg_ictp_pbl1/sfcWind/sfcWind_A886_TUPANCIRETA_H_2018-06-01-2021-05-31.nc
Processing INMET station A219 - TURIACU
Done --> /home/mda_silv/clima-archive2-b/FPS-SESA/rcm/reg_ictp_pbl1/sfcWind/sfcWind_A219_TURIACU_H_2018-06-01-2021-05-31.nc
Processing INMET station A568 - UBERABA
Done --> /home/mda_silv/clima-archive2-b/FPS-SESA/rcm/reg_ictp_pbl1/sfcWind/sfcWind_A568_UBERABA_H_2018-06-01-2021-05-31.nc
Processing INMET station A507 - UBERLANDIA
Done --> /home/mda_silv/clima-archive2-b/FPS-SESA/rcm/reg_ictp_pbl1/sfcWind/sfcWind_A507_UBERLANDIA_H_2018-06-01-2021-05-31.nc
Processing INMET station A437 - UNA
Done --> /home/mda_silv/clima-archive2-b/FPS-SESA/rcm/reg_ictp_pbl1/sfcWind/sfcWind_A437_UNA_H_2018-06-01-2021-05-31.nc
Processing INMET station A542 - UNAI
Done --> /home/mda_silv/clima-archive2-b/FPS-SESA/rcm/reg_ictp_pbl1/sfcWind/sfcWind_A542_UNAI_H_2018-06-01-2021-05-31.nc
Processing INMET station A124 - URUCARA
Done --> /home/mda_silv/clima-archive2-b/FPS-SESA/rcm/reg_ictp_pbl1/sfcWind/sfcWind_A124_URUCARA_H_2018-06-01-2021-05-31.nc
Processing INMET station A346 - URUCUI
Done --> /home/mda_silv/clima-archive2-b/FPS-SESA/rcm/reg_ictp_pbl1/sfcWind/sfcWind_A346_URUCUI_H_2018-06-01-2021-05-31.nc
Processing INMET station A809 - URUGUAIANA
Done --> /home/mda_silv/clima-archive2-b/FPS-SESA/rcm/reg_ictp_pbl1/sfcWind/sfcWind_A809_URUGUAIANA_H_2018-06-01-2021-05-31.nc
Processing INMET station A814 - URUSSANGA
Done --> /home/mda_silv/clima-archive2-b/FPS-SESA/rcm/reg_ictp_pbl1/sfcWind/sfcWind_A814_URUSSANGA_H_2018-06-01-2021-05-31.nc
Processing INMET station A880 - VACARIA
Done --> /home/mda_silv/clima-archive2-b/FPS-SESA/rcm/reg_ictp_pbl1/sfcWind/sfcWind_A880_VACARIA_H_2018-06-01-2021-05-31.nc
Processing INMET station A611 - VALENCA
Done --> /home/mda_silv/clima-archive2-b/FPS-SESA/rcm/reg_ictp_pbl1/sfcWind/sfcWind_A611_VALENCA_H_2018-06-01-2021-05-31.nc
Processing INMET station A444 - VALENCA
Done --> /home/mda_silv/clima-archive2-b/FPS-SESA/rcm/reg_ictp_pbl1/sfcWind/sfcWind_A444_VALENCA_H_2018-06-01-2021-05-31.nc
Processing INMET station A363 - VALENCA_DO_PIAUI
Done --> /home/mda_silv/clima-archive2-b/FPS-SESA/rcm/reg_ictp_pbl1/sfcWind/sfcWind_A363_VALENCA_DO_PIAUI_H_2018-06-01-2021-05-31.nc
Processing INMET station A734 - VALPARAISO
Done --> /home/mda_silv/clima-archive2-b/FPS-SESA/rcm/reg_ictp_pbl1/sfcWind/sfcWind_A734_VALPARAISO_H_2018-06-01-2021-05-31.nc
Processing INMET station A515 - VARGINHA
Done --> /home/mda_silv/clima-archive2-b/FPS-SESA/rcm/reg_ictp_pbl1/sfcWind/sfcWind_A515_VARGINHA_H_2018-06-01-2021-05-31.nc
Processing INMET station A633 - VENDA_NOVA_DO_IMIGRANTE
Done --> /home/mda_silv/clima-archive2-b/FPS-SESA/rcm/reg_ictp_pbl1/sfcWind/sfcWind_A633_VENDA_NOVA_DO_IMIGRANTE_H_2018-06-01-2021-05-31.nc
Processing INMET station A872 - VENTANIA
Done --> /home/mda_silv/clima-archive2-b/FPS-SESA/rcm/reg_ictp_pbl1/sfcWind/sfcWind_A872_VENTANIA_H_2018-06-01-2021-05-31.nc
Processing INMET station A510 - VICOSA
Done --> /home/mda_silv/clima-archive2-b/FPS-SESA/rcm/reg_ictp_pbl1/sfcWind/sfcWind_A510_VICOSA_H_2018-06-01-2021-05-31.nc
Processing INMET station A922 - VILA_BELA_DA_SANTISSIMA_TRINDADE
Done --> /home/mda_silv/clima-archive2-b/FPS-SESA/rcm/reg_ictp_pbl1/sfcWind/sfcWind_A922_VILA_BELA_DA_SANTISSIMA_TRINDADE_H_2018-06-01-2021-05-31.nc
Processing INMET station A634 - VILA_VELHA
Done --> /home/mda_silv/clima-archive2-b/FPS-SESA/rcm/reg_ictp_pbl1/sfcWind/sfcWind_A634_VILA_VELHA_H_2018-06-01-2021-05-31.nc
Processing INMET station A938 - VILHENA
Done --> /home/mda_silv/clima-archive2-b/FPS-SESA/rcm/reg_ictp_pbl1/sfcWind/sfcWind_A938_VILHENA_H_2018-06-01-2021-05-31.nc
Processing INMET station A612 - VITORIA
Done --> /home/mda_silv/clima-archive2-b/FPS-SESA/rcm/reg_ictp_pbl1/sfcWind/sfcWind_A612_VITORIA_H_2018-06-01-2021-05-31.nc
Processing INMET station A414 - VITORIA_DA_CONQUISTA
Done --> /home/mda_silv/clima-archive2-b/FPS-SESA/rcm/reg_ictp_pbl1/sfcWind/sfcWind_A414_VITORIA_DA_CONQUISTA_H_2018-06-01-2021-05-31.nc
Processing INMET station A858 - XANXERE
Done --> /home/mda_silv/clima-archive2-b/FPS-SESA/rcm/reg_ictp_pbl1/sfcWind/sfcWind_A858_XANXERE_H_2018-06-01-2021-05-31.nc
Processing INMET station A247 - XINGUARA
Done --> /home/mda_silv/clima-archive2-b/FPS-SESA/rcm/reg_ictp_pbl1/sfcWind/sfcWind_A247_XINGUARA_H_2018-06-01-2021-05-31.nc
slurmstepd: error: *** JOB 816413 ON node49 CANCELLED AT 2026-03-10T16:12:06 DUE TO TIME LIMIT ***
