Processing SMN station SMN001 - Aguapey
Done --> /home/mda_silv/clima-archive2-b/FPS-SESA/rcm/reg_usp/pr/pr_SMN001_Aguapey_H_2018-06-01-2021-05-31.nc
Processing SMN station SMN002 - Alto_Arapey
Done --> /home/mda_silv/clima-archive2-b/FPS-SESA/rcm/reg_usp/pr/pr_SMN002_Alto_Arapey_H_2018-06-01-2021-05-31.nc
Processing SMN station SMN003 - Alto_Cuareim
Done --> /home/mda_silv/clima-archive2-b/FPS-SESA/rcm/reg_usp/pr/pr_SMN003_Alto_Cuareim_H_2018-06-01-2021-05-31.nc
Processing SMN station SMN004 - Alvear
Done --> /home/mda_silv/clima-archive2-b/FPS-SESA/rcm/reg_usp/pr/pr_SMN004_Alvear_H_2018-06-01-2021-05-31.nc
Processing SMN station SMN005 - Arapey_Chico
Done --> /home/mda_silv/clima-archive2-b/FPS-SESA/rcm/reg_usp/pr/pr_SMN005_Arapey_Chico_H_2018-06-01-2021-05-31.nc
Processing SMN station SMN006 - Arapey_Grande
Done --> /home/mda_silv/clima-archive2-b/FPS-SESA/rcm/reg_usp/pr/pr_SMN006_Arapey_Grande_H_2018-06-01-2021-05-31.nc
Processing SMN station SMN007 - Arapey_Grande_Ruta_4
Done --> /home/mda_silv/clima-archive2-b/FPS-SESA/rcm/reg_usp/pr/pr_SMN007_Arapey_Grande_Ruta_4_H_2018-06-01-2021-05-31.nc
Processing SMN station SMN008 - Arerunguá
Done --> /home/mda_silv/clima-archive2-b/FPS-SESA/rcm/reg_usp/pr/pr_SMN008_Arerunguá_H_2018-06-01-2021-05-31.nc
Processing SMN station SMN009 - Artigas
Done --> /home/mda_silv/clima-archive2-b/FPS-SESA/rcm/reg_usp/pr/pr_SMN009_Artigas_H_2018-06-01-2021-05-31.nc
Processing SMN station SMN010 - Baibene
Done --> /home/mda_silv/clima-archive2-b/FPS-SESA/rcm/reg_usp/pr/pr_SMN010_Baibene_H_2018-06-01-2021-05-31.nc
Processing SMN station SMN011 - Baltasar_Brum
Done --> /home/mda_silv/clima-archive2-b/FPS-SESA/rcm/reg_usp/pr/pr_SMN011_Baltasar_Brum_H_2018-06-01-2021-05-31.nc
Processing SMN station SMN012 - Belén
Done --> /home/mda_silv/clima-archive2-b/FPS-SESA/rcm/reg_usp/pr/pr_SMN012_Belén_H_2018-06-01-2021-05-31.nc
Processing SMN station SMN013 - Bernabé_Rivera
Done --> /home/mda_silv/clima-archive2-b/FPS-SESA/rcm/reg_usp/pr/pr_SMN013_Bernabé_Rivera_H_2018-06-01-2021-05-31.nc
Processing SMN station SMN014 - Bonpland
Done --> /home/mda_silv/clima-archive2-b/FPS-SESA/rcm/reg_usp/pr/pr_SMN014_Bonpland_H_2018-06-01-2021-05-31.nc
Processing SMN station SMN015 - Catalán
Done --> /home/mda_silv/clima-archive2-b/FPS-SESA/rcm/reg_usp/pr/pr_SMN015_Catalán_H_2018-06-01-2021-05-31.nc
Processing SMN station SMN016 - Catalán_Grande_rio
Done --> /home/mda_silv/clima-archive2-b/FPS-SESA/rcm/reg_usp/pr/pr_SMN016_Catalán_Grande_rio_H_2018-06-01-2021-05-31.nc
Processing SMN station SMN017 - Cazadores_Correntinos
Done --> /home/mda_silv/clima-archive2-b/FPS-SESA/rcm/reg_usp/pr/pr_SMN017_Cazadores_Correntinos_H_2018-06-01-2021-05-31.nc
Processing SMN station SMN018 - Cerro_Amarillo
Done --> /home/mda_silv/clima-archive2-b/FPS-SESA/rcm/reg_usp/pr/pr_SMN018_Cerro_Amarillo_H_2018-06-01-2021-05-31.nc
Processing SMN station SMN019 - Cerro_Chato
Done --> /home/mda_silv/clima-archive2-b/FPS-SESA/rcm/reg_usp/pr/pr_SMN019_Cerro_Chato_H_2018-06-01-2021-05-31.nc
Processing SMN station SMN020 - Chajarí
Done --> /home/mda_silv/clima-archive2-b/FPS-SESA/rcm/reg_usp/pr/pr_SMN020_Chajarí_H_2018-06-01-2021-05-31.nc
Processing SMN station SMN021 - Colonia_Lavalleja
Done --> /home/mda_silv/clima-archive2-b/FPS-SESA/rcm/reg_usp/pr/pr_SMN021_Colonia_Lavalleja_H_2018-06-01-2021-05-31.nc
Processing SMN station SMN022 - Colonia_Libertad
Done --> /home/mda_silv/clima-archive2-b/FPS-SESA/rcm/reg_usp/pr/pr_SMN022_Colonia_Libertad_H_2018-06-01-2021-05-31.nc
Processing SMN station SMN023 - Colonia_Palma
Done --> /home/mda_silv/clima-archive2-b/FPS-SESA/rcm/reg_usp/pr/pr_SMN023_Colonia_Palma_H_2018-06-01-2021-05-31.nc
Processing SMN station SMN024 - Cuareim_Río
Done --> /home/mda_silv/clima-archive2-b/FPS-SESA/rcm/reg_usp/pr/pr_SMN024_Cuareim_Río_H_2018-06-01-2021-05-31.nc
Processing SMN station SMN025 - Cuaró
Done --> /home/mda_silv/clima-archive2-b/FPS-SESA/rcm/reg_usp/pr/pr_SMN025_Cuaró_H_2018-06-01-2021-05-31.nc
Processing SMN station SMN026 - Cuchilla_de_Salto
Done --> /home/mda_silv/clima-archive2-b/FPS-SESA/rcm/reg_usp/pr/pr_SMN026_Cuchilla_de_Salto_H_2018-06-01-2021-05-31.nc
Processing SMN station SMN027 - Curuzú_Cuatiá
Done --> /home/mda_silv/clima-archive2-b/FPS-SESA/rcm/reg_usp/pr/pr_SMN027_Curuzú_Cuatiá_H_2018-06-01-2021-05-31.nc
Processing SMN station SMN028 - Dayman_Ruta_3
Done --> /home/mda_silv/clima-archive2-b/FPS-SESA/rcm/reg_usp/pr/pr_SMN028_Dayman_Ruta_3_H_2018-06-01-2021-05-31.nc
Processing SMN station SMN029 - Diego_Lamas
Done --> /home/mda_silv/clima-archive2-b/FPS-SESA/rcm/reg_usp/pr/pr_SMN029_Diego_Lamas_H_2018-06-01-2021-05-31.nc
Processing SMN station SMN030 - El_Soberbio
Done --> /home/mda_silv/clima-archive2-b/FPS-SESA/rcm/reg_usp/pr/pr_SMN030_El_Soberbio_H_2018-06-01-2021-05-31.nc
Processing SMN station SMN031 - El_Trompo
Done --> /home/mda_silv/clima-archive2-b/FPS-SESA/rcm/reg_usp/pr/pr_SMN031_El_Trompo_H_2018-06-01-2021-05-31.nc
Processing SMN station SMN032 - Espinillar
Done --> /home/mda_silv/clima-archive2-b/FPS-SESA/rcm/reg_usp/pr/pr_SMN032_Espinillar_H_2018-06-01-2021-05-31.nc
Processing SMN station SMN033 - Federación
Done --> /home/mda_silv/clima-archive2-b/FPS-SESA/rcm/reg_usp/pr/pr_SMN033_Federación_H_2018-06-01-2021-05-31.nc
Processing SMN station SMN034 - Garruchos
Done --> /home/mda_silv/clima-archive2-b/FPS-SESA/rcm/reg_usp/pr/pr_SMN034_Garruchos_H_2018-06-01-2021-05-31.nc
Processing SMN station SMN035 - Guaviyú_de_Arapey
Done --> /home/mda_silv/clima-archive2-b/FPS-SESA/rcm/reg_usp/pr/pr_SMN035_Guaviyú_de_Arapey_H_2018-06-01-2021-05-31.nc
Processing SMN station SMN036 - Itapebí
Done --> /home/mda_silv/clima-archive2-b/FPS-SESA/rcm/reg_usp/pr/pr_SMN036_Itapebí_H_2018-06-01-2021-05-31.nc
Processing SMN station SMN037 - Javier_de_Viana
Done --> /home/mda_silv/clima-archive2-b/FPS-SESA/rcm/reg_usp/pr/pr_SMN037_Javier_de_Viana_H_2018-06-01-2021-05-31.nc
Processing SMN station SMN038 - Loma_Alta
Done --> /home/mda_silv/clima-archive2-b/FPS-SESA/rcm/reg_usp/pr/pr_SMN038_Loma_Alta_H_2018-06-01-2021-05-31.nc
Processing SMN station SMN039 - Los_Conquistadores
Done --> /home/mda_silv/clima-archive2-b/FPS-SESA/rcm/reg_usp/pr/pr_SMN039_Los_Conquistadores_H_2018-06-01-2021-05-31.nc
Processing SMN station SMN040 - Meneses
Done --> /home/mda_silv/clima-archive2-b/FPS-SESA/rcm/reg_usp/pr/pr_SMN040_Meneses_H_2018-06-01-2021-05-31.nc
Processing SMN station SMN041 - Miriñay_Medio
Done --> /home/mda_silv/clima-archive2-b/FPS-SESA/rcm/reg_usp/pr/pr_SMN041_Miriñay_Medio_H_2018-06-01-2021-05-31.nc
Processing SMN station SMN042 - Miriñay_Río
Done --> /home/mda_silv/clima-archive2-b/FPS-SESA/rcm/reg_usp/pr/pr_SMN042_Miriñay_Río_H_2018-06-01-2021-05-31.nc
Processing SMN station SMN043 - Mocoretá_Lago
Done --> /home/mda_silv/clima-archive2-b/FPS-SESA/rcm/reg_usp/pr/pr_SMN043_Mocoretá_Lago_H_2018-06-01-2021-05-31.nc
Processing SMN station SMN044 - Mocoreta_Medio
Done --> /home/mda_silv/clima-archive2-b/FPS-SESA/rcm/reg_usp/pr/pr_SMN044_Mocoreta_Medio_H_2018-06-01-2021-05-31.nc
Processing SMN station SMN045 - Mocoretá_Río
Done --> /home/mda_silv/clima-archive2-b/FPS-SESA/rcm/reg_usp/pr/pr_SMN045_Mocoretá_Río_H_2018-06-01-2021-05-31.nc
Processing SMN station SMN046 - Monte_Caseros
Done --> /home/mda_silv/clima-archive2-b/FPS-SESA/rcm/reg_usp/pr/pr_SMN046_Monte_Caseros_H_2018-06-01-2021-05-31.nc
Processing SMN station SMN047 - Paso_Campamento
Done --> /home/mda_silv/clima-archive2-b/FPS-SESA/rcm/reg_usp/pr/pr_SMN047_Paso_Campamento_H_2018-06-01-2021-05-31.nc
Processing SMN station SMN048 - Paso_de_la_Cruz
Done --> /home/mda_silv/clima-archive2-b/FPS-SESA/rcm/reg_usp/pr/pr_SMN048_Paso_de_la_Cruz_H_2018-06-01-2021-05-31.nc
Processing SMN station SMN049 - Paso_de_los_Libres
Done --> /home/mda_silv/clima-archive2-b/FPS-SESA/rcm/reg_usp/pr/pr_SMN049_Paso_de_los_Libres_H_2018-06-01-2021-05-31.nc
Processing SMN station SMN050 - Paso_del_León
Done --> /home/mda_silv/clima-archive2-b/FPS-SESA/rcm/reg_usp/pr/pr_SMN050_Paso_del_León_H_2018-06-01-2021-05-31.nc
Processing SMN station SMN051 - Paso_del_Remanso
Done --> /home/mda_silv/clima-archive2-b/FPS-SESA/rcm/reg_usp/pr/pr_SMN051_Paso_del_Remanso_H_2018-06-01-2021-05-31.nc
Processing SMN station SMN052 - Paso_Farías
Done --> /home/mda_silv/clima-archive2-b/FPS-SESA/rcm/reg_usp/pr/pr_SMN052_Paso_Farías_H_2018-06-01-2021-05-31.nc
Processing SMN station SMN053 - Paso_Potrero
Done --> /home/mda_silv/clima-archive2-b/FPS-SESA/rcm/reg_usp/pr/pr_SMN053_Paso_Potrero_H_2018-06-01-2021-05-31.nc
Processing SMN station SMN054 - Pepirí_Miní
Done --> /home/mda_silv/clima-archive2-b/FPS-SESA/rcm/reg_usp/pr/pr_SMN054_Pepirí_Miní_H_2018-06-01-2021-05-31.nc
Processing SMN station SMN055 - Puerto_Concordia
Done --> /home/mda_silv/clima-archive2-b/FPS-SESA/rcm/reg_usp/pr/pr_SMN055_Puerto_Concordia_H_2018-06-01-2021-05-31.nc
Processing SMN station SMN056 - Pujol
Done --> /home/mda_silv/clima-archive2-b/FPS-SESA/rcm/reg_usp/pr/pr_SMN056_Pujol_H_2018-06-01-2021-05-31.nc
Processing SMN station SMN057 - Puntas_de_Valentín
Done --> /home/mda_silv/clima-archive2-b/FPS-SESA/rcm/reg_usp/pr/pr_SMN057_Puntas_de_Valentín_H_2018-06-01-2021-05-31.nc
Processing SMN station SMN058 - Queguay_Ruta_3
Done --> /home/mda_silv/clima-archive2-b/FPS-SESA/rcm/reg_usp/pr/pr_SMN058_Queguay_Ruta_3_H_2018-06-01-2021-05-31.nc
Processing SMN station SMN059 - Quintana
Done --> /home/mda_silv/clima-archive2-b/FPS-SESA/rcm/reg_usp/pr/pr_SMN059_Quintana_H_2018-06-01-2021-05-31.nc
Processing SMN station SMN060 - Salto
Done --> /home/mda_silv/clima-archive2-b/FPS-SESA/rcm/reg_usp/pr/pr_SMN060_Salto_H_2018-06-01-2021-05-31.nc
Processing SMN station SMN061 - Salto_Grande
Done --> /home/mda_silv/clima-archive2-b/FPS-SESA/rcm/reg_usp/pr/pr_SMN061_Salto_Grande_H_2018-06-01-2021-05-31.nc
Processing SMN station SMN062 - San_Jaime
Done --> /home/mda_silv/clima-archive2-b/FPS-SESA/rcm/reg_usp/pr/pr_SMN062_San_Jaime_H_2018-06-01-2021-05-31.nc
Processing SMN station SMN063 - San_Javier
Done --> /home/mda_silv/clima-archive2-b/FPS-SESA/rcm/reg_usp/pr/pr_SMN063_San_Javier_H_2018-06-01-2021-05-31.nc
Processing SMN station SMN064 - San_Roquito
Done --> /home/mda_silv/clima-archive2-b/FPS-SESA/rcm/reg_usp/pr/pr_SMN064_San_Roquito_H_2018-06-01-2021-05-31.nc
Processing SMN station SMN065 - Santa_Ana
Done --> /home/mda_silv/clima-archive2-b/FPS-SESA/rcm/reg_usp/pr/pr_SMN065_Santa_Ana_H_2018-06-01-2021-05-31.nc
Processing SMN station SMN066 - Santo_Tomé
Done --> /home/mda_silv/clima-archive2-b/FPS-SESA/rcm/reg_usp/pr/pr_SMN066_Santo_Tomé_H_2018-06-01-2021-05-31.nc
Processing SMN station SMN067 - Sarandí_de_Arapey
Done --> /home/mda_silv/clima-archive2-b/FPS-SESA/rcm/reg_usp/pr/pr_SMN067_Sarandí_de_Arapey_H_2018-06-01-2021-05-31.nc
Processing SMN station SMN068 - Sequeira
Done --> /home/mda_silv/clima-archive2-b/FPS-SESA/rcm/reg_usp/pr/pr_SMN068_Sequeira_H_2018-06-01-2021-05-31.nc
Processing SMN station SMN069 - Solari
Done --> /home/mda_silv/clima-archive2-b/FPS-SESA/rcm/reg_usp/pr/pr_SMN069_Solari_H_2018-06-01-2021-05-31.nc
Processing SMN station SMN070 - Tomás_Gomensoro
Done --> /home/mda_silv/clima-archive2-b/FPS-SESA/rcm/reg_usp/pr/pr_SMN070_Tomás_Gomensoro_H_2018-06-01-2021-05-31.nc
Processing SMN station SMN071 - Uguay
Done --> /home/mda_silv/clima-archive2-b/FPS-SESA/rcm/reg_usp/pr/pr_SMN071_Uguay_H_2018-06-01-2021-05-31.nc
Processing SMN station SMN072 - Yapeyú
Done --> /home/mda_silv/clima-archive2-b/FPS-SESA/rcm/reg_usp/pr/pr_SMN072_Yapeyú_H_2018-06-01-2021-05-31.nc
Processing INMET station A422 - ABROLHOS
Done --> /home/mda_silv/clima-archive2-b/FPS-SESA/rcm/reg_usp/pr/pr_A422_ABROLHOS_H_2018-06-01-2021-05-31.nc
Processing INMET station A360 - ACARAU
Done --> /home/mda_silv/clima-archive2-b/FPS-SESA/rcm/reg_usp/pr/pr_A360_ACARAU_H_2018-06-01-2021-05-31.nc
Processing INMET station A657 - AFONSO_CLAUDIO
Done --> /home/mda_silv/clima-archive2-b/FPS-SESA/rcm/reg_usp/pr/pr_A657_AFONSO_CLAUDIO_H_2018-06-01-2021-05-31.nc
Processing INMET station A908 - AGUA_BOA
Done --> /home/mda_silv/clima-archive2-b/FPS-SESA/rcm/reg_usp/pr/pr_A908_AGUA_BOA_H_2018-06-01-2021-05-31.nc
Processing INMET station A756 - AGUA_CLARA
Done --> /home/mda_silv/clima-archive2-b/FPS-SESA/rcm/reg_usp/pr/pr_A756_AGUA_CLARA_H_2018-06-01-2021-05-31.nc
Processing INMET station A045 - AGUAS_EMENDADAS
Done --> /home/mda_silv/clima-archive2-b/FPS-SESA/rcm/reg_usp/pr/pr_A045_AGUAS_EMENDADAS_H_2018-06-01-2021-05-31.nc
Processing INMET station A549 - AGUAS_VERMELHAS
Done --> /home/mda_silv/clima-archive2-b/FPS-SESA/rcm/reg_usp/pr/pr_A549_AGUAS_VERMELHAS_H_2018-06-01-2021-05-31.nc
Processing INMET station A534 - AIMORES
Done --> /home/mda_silv/clima-archive2-b/FPS-SESA/rcm/reg_usp/pr/pr_A534_AIMORES_H_2018-06-01-2021-05-31.nc
Processing INMET station A617 - ALEGRE
Done --> /home/mda_silv/clima-archive2-b/FPS-SESA/rcm/reg_usp/pr/pr_A617_ALEGRE_H_2018-06-01-2021-05-31.nc
Processing INMET station A826 - ALEGRETE
Done --> /home/mda_silv/clima-archive2-b/FPS-SESA/rcm/reg_usp/pr/pr_A826_ALEGRETE_H_2018-06-01-2021-05-31.nc
Processing INMET station A615 - ALFREDO_CHAVES
Done --> /home/mda_silv/clima-archive2-b/FPS-SESA/rcm/reg_usp/pr/pr_A615_ALFREDO_CHAVES_H_2018-06-01-2021-05-31.nc
Processing INMET station A053 - ALMAS
Done --> /home/mda_silv/clima-archive2-b/FPS-SESA/rcm/reg_usp/pr/pr_A053_ALMAS_H_2018-06-01-2021-05-31.nc
Processing INMET station A508 - ALMENARA
Done --> /home/mda_silv/clima-archive2-b/FPS-SESA/rcm/reg_usp/pr/pr_A508_ALMENARA_H_2018-06-01-2021-05-31.nc
Processing INMET station A924 - ALTA_FLORESTA
Done --> /home/mda_silv/clima-archive2-b/FPS-SESA/rcm/reg_usp/pr/pr_A924_ALTA_FLORESTA_H_2018-06-01-2021-05-31.nc
Processing INMET station A909 - ALTO_ARAGUAIA
Done --> /home/mda_silv/clima-archive2-b/FPS-SESA/rcm/reg_usp/pr/pr_A909_ALTO_ARAGUAIA_H_2018-06-01-2021-05-31.nc
Processing INMET station A024 - ALTO_PARAISO_DE_GOIAS
Done --> /home/mda_silv/clima-archive2-b/FPS-SESA/rcm/reg_usp/pr/pr_A024_ALTO_PARAISO_DE_GOIAS_H_2018-06-01-2021-05-31.nc
Processing INMET station A223 - ALTO_PARNAIBA
Done --> /home/mda_silv/clima-archive2-b/FPS-SESA/rcm/reg_usp/pr/pr_A223_ALTO_PARNAIBA_H_2018-06-01-2021-05-31.nc
Processing INMET station A934 - ALTO_TAQUARI	
Done --> /home/mda_silv/clima-archive2-b/FPS-SESA/rcm/reg_usp/pr/pr_A934_ALTO_TAQUARI	_H_2018-06-01-2021-05-31.nc
Processing INMET station A336 - ALVORADA_DO_GURGUEIA
Done --> /home/mda_silv/clima-archive2-b/FPS-SESA/rcm/reg_usp/pr/pr_A336_ALVORADA_DO_GURGUEIA_H_2018-06-01-2021-05-31.nc
Processing INMET station A750 - AMAMBAI
Done --> /home/mda_silv/clima-archive2-b/FPS-SESA/rcm/reg_usp/pr/pr_A750_AMAMBAI_H_2018-06-01-2021-05-31.nc
Processing INMET station A434 - AMARGOSA
Done --> /home/mda_silv/clima-archive2-b/FPS-SESA/rcm/reg_usp/pr/pr_A434_AMARGOSA_H_2018-06-01-2021-05-31.nc
Processing INMET station A628 - ANGRA_DOS_REIS
Done --> /home/mda_silv/clima-archive2-b/FPS-SESA/rcm/reg_usp/pr/pr_A628_ANGRA_DOS_REIS_H_2018-06-01-2021-05-31.nc
Processing INMET station A910 - APIACAS
Done --> /home/mda_silv/clima-archive2-b/FPS-SESA/rcm/reg_usp/pr/pr_A910_APIACAS_H_2018-06-01-2021-05-31.nc
Processing INMET station A340 - APODI
Done --> /home/mda_silv/clima-archive2-b/FPS-SESA/rcm/reg_usp/pr/pr_A340_APODI_H_2018-06-01-2021-05-31.nc
Processing INMET station A113 - APUI
Done --> /home/mda_silv/clima-archive2-b/FPS-SESA/rcm/reg_usp/pr/pr_A113_APUI_H_2018-06-01-2021-05-31.nc
Processing INMET station A719 - AQUIDAUANA
Done --> /home/mda_silv/clima-archive2-b/FPS-SESA/rcm/reg_usp/pr/pr_A719_AQUIDAUANA_H_2018-06-01-2021-05-31.nc
Processing INMET station A409 - ARACAJU
Done --> /home/mda_silv/clima-archive2-b/FPS-SESA/rcm/reg_usp/pr/pr_A409_ARACAJU_H_2018-06-01-2021-05-31.nc
Processing INMET station A566 - ARACUAI
Done --> /home/mda_silv/clima-archive2-b/FPS-SESA/rcm/reg_usp/pr/pr_A566_ARACUAI_H_2018-06-01-2021-05-31.nc
Processing INMET station A013 - ARAGARCAS
Done --> /home/mda_silv/clima-archive2-b/FPS-SESA/rcm/reg_usp/pr/pr_A013_ARAGARCAS_H_2018-06-01-2021-05-31.nc
Processing INMET station A054 - ARAGUACU
Done --> /home/mda_silv/clima-archive2-b/FPS-SESA/rcm/reg_usp/pr/pr_A054_ARAGUACU_H_2018-06-01-2021-05-31.nc
Processing INMET station A021 - ARAGUAINA
Done --> /home/mda_silv/clima-archive2-b/FPS-SESA/rcm/reg_usp/pr/pr_A021_ARAGUAINA_H_2018-06-01-2021-05-31.nc
Processing INMET station A044 - ARAGUATINS
Done --> /home/mda_silv/clima-archive2-b/FPS-SESA/rcm/reg_usp/pr/pr_A044_ARAGUATINS_H_2018-06-01-2021-05-31.nc
Processing INMET station A353 - ARAPIRACA
Done --> /home/mda_silv/clima-archive2-b/FPS-SESA/rcm/reg_usp/pr/pr_A353_ARAPIRACA_H_2018-06-01-2021-05-31.nc
Processing INMET station A867 - ARARANGUA
Done --> /home/mda_silv/clima-archive2-b/FPS-SESA/rcm/reg_usp/pr/pr_A867_ARARANGUA_H_2018-06-01-2021-05-31.nc
Processing INMET station A505 - ARAXA
Done --> /home/mda_silv/clima-archive2-b/FPS-SESA/rcm/reg_usp/pr/pr_A505_ARAXA_H_2018-06-01-2021-05-31.nc
Processing INMET station A309 - ARCO_VERDE
Done --> /home/mda_silv/clima-archive2-b/FPS-SESA/rcm/reg_usp/pr/pr_A309_ARCO_VERDE_H_2018-06-01-2021-05-31.nc
Processing INMET station A310 - AREIA
Done --> /home/mda_silv/clima-archive2-b/FPS-SESA/rcm/reg_usp/pr/pr_A310_AREIA_H_2018-06-01-2021-05-31.nc
Processing INMET station A940 - ARIQUEMES
Done --> /home/mda_silv/clima-archive2-b/FPS-SESA/rcm/reg_usp/pr/pr_A940_ARIQUEMES_H_2018-06-01-2021-05-31.nc
Processing INMET station A736 - ARIRANHA
Done --> /home/mda_silv/clima-archive2-b/FPS-SESA/rcm/reg_usp/pr/pr_A736_ARIRANHA_H_2018-06-01-2021-05-31.nc
Processing INMET station A606 - ARRAIAL_DO_CABO
Done --> /home/mda_silv/clima-archive2-b/FPS-SESA/rcm/reg_usp/pr/pr_A606_ARRAIAL_DO_CABO_H_2018-06-01-2021-05-31.nc
Processing INMET station A120 - AUTAZES
Done --> /home/mda_silv/clima-archive2-b/FPS-SESA/rcm/reg_usp/pr/pr_A120_AUTAZES_H_2018-06-01-2021-05-31.nc
Processing INMET station A725 - AVARE
Done --> /home/mda_silv/clima-archive2-b/FPS-SESA/rcm/reg_usp/pr/pr_A725_AVARE_H_2018-06-01-2021-05-31.nc
Processing INMET station A220 - BACABAL
Done --> /home/mda_silv/clima-archive2-b/FPS-SESA/rcm/reg_usp/pr/pr_A220_BACABAL_H_2018-06-01-2021-05-31.nc
Processing INMET station A827 - BAGE
Done --> /home/mda_silv/clima-archive2-b/FPS-SESA/rcm/reg_usp/pr/pr_A827_BAGE_H_2018-06-01-2021-05-31.nc
Processing INMET station A204 - BALSAS
Done --> /home/mda_silv/clima-archive2-b/FPS-SESA/rcm/reg_usp/pr/pr_A204_BALSAS_H_2018-06-01-2021-05-31.nc
Processing INMET station A565 - BAMBUI
Done --> /home/mda_silv/clima-archive2-b/FPS-SESA/rcm/reg_usp/pr/pr_A565_BAMBUI_H_2018-06-01-2021-05-31.nc
Processing INMET station A502 - BARBACENA
Done --> /home/mda_silv/clima-archive2-b/FPS-SESA/rcm/reg_usp/pr/pr_A502_BARBACENA_H_2018-06-01-2021-05-31.nc
Processing INMET station A315 - BARBALHA
Done --> /home/mda_silv/clima-archive2-b/FPS-SESA/rcm/reg_usp/pr/pr_A315_BARBALHA_H_2018-06-01-2021-05-31.nc
Processing INMET station A128 - BARCELOS
Done --> /home/mda_silv/clima-archive2-b/FPS-SESA/rcm/reg_usp/pr/pr_A128_BARCELOS_H_2018-06-01-2021-05-31.nc
Processing INMET station A429 - BARRA
Done --> /home/mda_silv/clima-archive2-b/FPS-SESA/rcm/reg_usp/pr/pr_A429_BARRA_H_2018-06-01-2021-05-31.nc
Processing INMET station A741 - BARRA_BONITA
Done --> /home/mda_silv/clima-archive2-b/FPS-SESA/rcm/reg_usp/pr/pr_A741_BARRA_BONITA_H_2018-06-01-2021-05-31.nc
Processing INMET station A221 - BARRA_DO_CORDA
Done --> /home/mda_silv/clima-archive2-b/FPS-SESA/rcm/reg_usp/pr/pr_A221_BARRA_DO_CORDA_H_2018-06-01-2021-05-31.nc
Processing INMET station A746 - BARRA_DO_TURVO
Done --> /home/mda_silv/clima-archive2-b/FPS-SESA/rcm/reg_usp/pr/pr_A746_BARRA_DO_TURVO_H_2018-06-01-2021-05-31.nc
Processing INMET station A402 - BARREIRAS
Done --> /home/mda_silv/clima-archive2-b/FPS-SESA/rcm/reg_usp/pr/pr_A402_BARREIRAS_H_2018-06-01-2021-05-31.nc