Processing INMET station A307 - PETROLINA
Done --> /home/mda_silv/clima-archive2-b/FPS-SESA/rcm/wrf_ncar/sfcWind/sfcWind_A307_PETROLINA_H_2018-06-01-2021-05-31.nc
Processing INMET station A430 - PIATA
Done --> /home/mda_silv/clima-archive2-b/FPS-SESA/rcm/wrf_ncar/sfcWind/sfcWind_A430_PIATA_H_2018-06-01-2021-05-31.nc
Processing INMET station A610 - PICO_DO_COUTO
Done --> /home/mda_silv/clima-archive2-b/FPS-SESA/rcm/wrf_ncar/sfcWind/sfcWind_A610_PICO_DO_COUTO_H_2018-06-01-2021-05-31.nc
Processing INMET station A343 - PICOS
Done --> /home/mda_silv/clima-archive2-b/FPS-SESA/rcm/wrf_ncar/sfcWind/sfcWind_A343_PICOS_H_2018-06-01-2021-05-31.nc
Processing INMET station A726 - PIRACICABA
Done --> /home/mda_silv/clima-archive2-b/FPS-SESA/rcm/wrf_ncar/sfcWind/sfcWind_A726_PIRACICABA_H_2018-06-01-2021-05-31.nc
Processing INMET station A371 - PIRANHAS
Done --> /home/mda_silv/clima-archive2-b/FPS-SESA/rcm/wrf_ncar/sfcWind/sfcWind_A371_PIRANHAS_H_2018-06-01-2021-05-31.nc
Processing INMET station A545 - PIRAPORA
Done --> /home/mda_silv/clima-archive2-b/FPS-SESA/rcm/wrf_ncar/sfcWind/sfcWind_A545_PIRAPORA_H_2018-06-01-2021-05-31.nc
Processing INMET station A033 - PIRES_DO_RIO
Done --> /home/mda_silv/clima-archive2-b/FPS-SESA/rcm/wrf_ncar/sfcWind/sfcWind_A033_PIRES_DO_RIO_H_2018-06-01-2021-05-31.nc
Processing INMET station A335 - PIRIPIRI
Done --> /home/mda_silv/clima-archive2-b/FPS-SESA/rcm/wrf_ncar/sfcWind/sfcWind_A335_PIRIPIRI_H_2018-06-01-2021-05-31.nc
Processing INMET station A051 - PIUM
Done --> /home/mda_silv/clima-archive2-b/FPS-SESA/rcm/wrf_ncar/sfcWind/sfcWind_A051_PIUM_H_2018-06-01-2021-05-31.nc
Processing INMET station A211 - PLACAS
Done --> /home/mda_silv/clima-archive2-b/FPS-SESA/rcm/wrf_ncar/sfcWind/sfcWind_A211_PLACAS_H_2018-06-01-2021-05-31.nc
Processing INMET station A855 - PLANALTO
Done --> /home/mda_silv/clima-archive2-b/FPS-SESA/rcm/wrf_ncar/sfcWind/sfcWind_A855_PLANALTO_H_2018-06-01-2021-05-31.nc
Processing INMET station A419 - POCO_VERDE
Done --> /home/mda_silv/clima-archive2-b/FPS-SESA/rcm/wrf_ncar/sfcWind/sfcWind_A419_POCO_VERDE_H_2018-06-01-2021-05-31.nc
Processing INMET station A560 - POMPEU
Done --> /home/mda_silv/clima-archive2-b/FPS-SESA/rcm/wrf_ncar/sfcWind/sfcWind_A560_POMPEU_H_2018-06-01-2021-05-31.nc
Processing INMET station A703 - PONTA_PORA
Done --> /home/mda_silv/clima-archive2-b/FPS-SESA/rcm/wrf_ncar/sfcWind/sfcWind_A703_PONTA_PORA_H_2018-06-01-2021-05-31.nc
Processing INMET station A937 - PONTES_E_LACERDA
Done --> /home/mda_silv/clima-archive2-b/FPS-SESA/rcm/wrf_ncar/sfcWind/sfcWind_A937_PONTES_E_LACERDA_H_2018-06-01-2021-05-31.nc
Processing INMET station A005 - PORANGATU
Done --> /home/mda_silv/clima-archive2-b/FPS-SESA/rcm/wrf_ncar/sfcWind/sfcWind_A005_PORANGATU_H_2018-06-01-2021-05-31.nc
Processing INMET station A801 - PORTO ALEGRE-JARDIM BOTANICO
Done --> /home/mda_silv/clima-archive2-b/FPS-SESA/rcm/wrf_ncar/sfcWind/sfcWind_A801_PORTO ALEGRE-JARDIM BOTANICO_H_2018-06-01-2021-05-31.nc
Processing INMET station A935 - PORTO_ESTRELA
Done --> /home/mda_silv/clima-archive2-b/FPS-SESA/rcm/wrf_ncar/sfcWind/sfcWind_A935_PORTO_ESTRELA_H_2018-06-01-2021-05-31.nc
Processing INMET station A244 - PORTO_GRANDE
Done --> /home/mda_silv/clima-archive2-b/FPS-SESA/rcm/wrf_ncar/sfcWind/sfcWind_A244_PORTO_GRANDE_H_2018-06-01-2021-05-31.nc
Processing INMET station A723 - PORTO_MURTINHO
Done --> /home/mda_silv/clima-archive2-b/FPS-SESA/rcm/wrf_ncar/sfcWind/sfcWind_A723_PORTO_MURTINHO_H_2018-06-01-2021-05-31.nc
Processing INMET station A427 - PORTO_SEGURO
Done --> /home/mda_silv/clima-archive2-b/FPS-SESA/rcm/wrf_ncar/sfcWind/sfcWind_A427_PORTO_SEGURO_H_2018-06-01-2021-05-31.nc
Processing INMET station A925 - PORTO_VELHO
Done --> /home/mda_silv/clima-archive2-b/FPS-SESA/rcm/wrf_ncar/sfcWind/sfcWind_A925_PORTO_VELHO_H_2018-06-01-2021-05-31.nc
Processing INMET station A136 - PORTO_WALTER
Done --> /home/mda_silv/clima-archive2-b/FPS-SESA/rcm/wrf_ncar/sfcWind/sfcWind_A136_PORTO_WALTER_H_2018-06-01-2021-05-31.nc
Processing INMET station A017 - POSSE
Done --> /home/mda_silv/clima-archive2-b/FPS-SESA/rcm/wrf_ncar/sfcWind/sfcWind_A017_POSSE_H_2018-06-01-2021-05-31.nc
Processing INMET station A747 - PRADOPOLIS
Done --> /home/mda_silv/clima-archive2-b/FPS-SESA/rcm/wrf_ncar/sfcWind/sfcWind_A747_PRADOPOLIS_H_2018-06-01-2021-05-31.nc
Processing INMET station A218 - PREGUICAS
Done --> /home/mda_silv/clima-archive2-b/FPS-SESA/rcm/wrf_ncar/sfcWind/sfcWind_A218_PREGUICAS_H_2018-06-01-2021-05-31.nc
Processing INMET station A126 - PRESIDENTE_FIGUEIREDO
Done --> /home/mda_silv/clima-archive2-b/FPS-SESA/rcm/wrf_ncar/sfcWind/sfcWind_A126_PRESIDENTE_FIGUEIREDO_H_2018-06-01-2021-05-31.nc
Processing INMET station A622 - PRESIDENTE_KENNEDY
Done --> /home/mda_silv/clima-archive2-b/FPS-SESA/rcm/wrf_ncar/sfcWind/sfcWind_A622_PRESIDENTE_KENNEDY_H_2018-06-01-2021-05-31.nc
Processing INMET station A707 - PRESIDENTE_PRUDENTE
Done --> /home/mda_silv/clima-archive2-b/FPS-SESA/rcm/wrf_ncar/sfcWind/sfcWind_A707_PRESIDENTE_PRUDENTE_H_2018-06-01-2021-05-31.nc
Processing INMET station A923 - PRIMAVERA_DO_LESTE
Done --> /home/mda_silv/clima-archive2-b/FPS-SESA/rcm/wrf_ncar/sfcWind/sfcWind_A923_PRIMAVERA_DO_LESTE_H_2018-06-01-2021-05-31.nc
Processing INMET station A831 - QUARAI
Done --> /home/mda_silv/clima-archive2-b/FPS-SESA/rcm/wrf_ncar/sfcWind/sfcWind_A831_QUARAI_H_2018-06-01-2021-05-31.nc
Processing INMET station A436 - QUEIMADAS
Done --> /home/mda_silv/clima-archive2-b/FPS-SESA/rcm/wrf_ncar/sfcWind/sfcWind_A436_QUEIMADAS_H_2018-06-01-2021-05-31.nc
Processing INMET station A916 - QUERENCIA
Done --> /home/mda_silv/clima-archive2-b/FPS-SESA/rcm/wrf_ncar/sfcWind/sfcWind_A916_QUERENCIA_H_2018-06-01-2021-05-31.nc
Processing INMET station A325 - QUIXERAMOBIM
Done --> /home/mda_silv/clima-archive2-b/FPS-SESA/rcm/wrf_ncar/sfcWind/sfcWind_A325_QUIXERAMOBIM_H_2018-06-01-2021-05-31.nc
Processing INMET station A718 - RANCHARIA
Done --> /home/mda_silv/clima-archive2-b/FPS-SESA/rcm/wrf_ncar/sfcWind/sfcWind_A718_RANCHARIA_H_2018-06-01-2021-05-31.nc
Processing INMET station A870 - RANCHO_QUEIMADO
Done --> /home/mda_silv/clima-archive2-b/FPS-SESA/rcm/wrf_ncar/sfcWind/sfcWind_A870_RANCHO_QUEIMADO_H_2018-06-01-2021-05-31.nc
Processing INMET station A301 - RECIFE
Done --> /home/mda_silv/clima-archive2-b/FPS-SESA/rcm/wrf_ncar/sfcWind/sfcWind_A301_RECIFE_H_2018-06-01-2021-05-31.nc
Processing INMET station A766 - REGISTRO
Done --> /home/mda_silv/clima-archive2-b/FPS-SESA/rcm/wrf_ncar/sfcWind/sfcWind_A766_REGISTRO_H_2018-06-01-2021-05-31.nc
Processing INMET station A423 - REMANSO
Done --> /home/mda_silv/clima-archive2-b/FPS-SESA/rcm/wrf_ncar/sfcWind/sfcWind_A423_REMANSO_H_2018-06-01-2021-05-31.nc
Processing INMET station A609 - RESENDE
Done --> /home/mda_silv/clima-archive2-b/FPS-SESA/rcm/wrf_ncar/sfcWind/sfcWind_A609_RESENDE_H_2018-06-01-2021-05-31.nc
Processing INMET station A104 - RIO_BRANCO
Done --> /home/mda_silv/clima-archive2-b/FPS-SESA/rcm/wrf_ncar/sfcWind/sfcWind_A104_RIO_BRANCO_H_2018-06-01-2021-05-31.nc
Processing INMET station A743 - RIO_BRILHANTE
Done --> /home/mda_silv/clima-archive2-b/FPS-SESA/rcm/wrf_ncar/sfcWind/sfcWind_A743_RIO_BRILHANTE_H_2018-06-01-2021-05-31.nc
Processing INMET station A626 - RIO_CLARO
Done --> /home/mda_silv/clima-archive2-b/FPS-SESA/rcm/wrf_ncar/sfcWind/sfcWind_A626_RIO_CLARO_H_2018-06-01-2021-05-31.nc
Processing INMET station A652 - RIO_DE_JANEIRO-FORTE_DE_COPACABANA
Done --> /home/mda_silv/clima-archive2-b/FPS-SESA/rcm/wrf_ncar/sfcWind/sfcWind_A652_RIO_DE_JANEIRO-FORTE_DE_COPACABANA_H_2018-06-01-2021-05-31.nc
Processing INMET station A636 - RIO_DE_JANEIRO-JACAREPAGUA
Done --> /home/mda_silv/clima-archive2-b/FPS-SESA/rcm/wrf_ncar/sfcWind/sfcWind_A636_RIO_DE_JANEIRO-JACAREPAGUA_H_2018-06-01-2021-05-31.nc
Processing INMET station A621 - RIO_DE_JANEIRO-VILA_MILITAR
Done --> /home/mda_silv/clima-archive2-b/FPS-SESA/rcm/wrf_ncar/sfcWind/sfcWind_A621_RIO_DE_JANEIRO-VILA_MILITAR_H_2018-06-01-2021-05-31.nc
Processing INMET station A602 - RIO_DE_JANEIRO-MARAMBAIA
Done --> /home/mda_silv/clima-archive2-b/FPS-SESA/rcm/wrf_ncar/sfcWind/sfcWind_A602_RIO_DE_JANEIRO-MARAMBAIA_H_2018-06-01-2021-05-31.nc
Processing INMET station A861 - RIO_DO_CAMPO
Done --> /home/mda_silv/clima-archive2-b/FPS-SESA/rcm/wrf_ncar/sfcWind/sfcWind_A861_RIO_DO_CAMPO_H_2018-06-01-2021-05-31.nc
Processing INMET station A802 - RIO_GRANDE
Done --> /home/mda_silv/clima-archive2-b/FPS-SESA/rcm/wrf_ncar/sfcWind/sfcWind_A802_RIO_GRANDE_H_2018-06-01-2021-05-31.nc
Processing INMET station A862 - RIO_NEGRINHO
Done --> /home/mda_silv/clima-archive2-b/FPS-SESA/rcm/wrf_ncar/sfcWind/sfcWind_A862_RIO_NEGRINHO_H_2018-06-01-2021-05-31.nc
Processing INMET station A813 - RIO_PARDO
Done --> /home/mda_silv/clima-archive2-b/FPS-SESA/rcm/wrf_ncar/sfcWind/sfcWind_A813_RIO_PARDO_H_2018-06-01-2021-05-31.nc
Processing INMET station A551 - RIO_PARDO_DE_MINAS
Done --> /home/mda_silv/clima-archive2-b/FPS-SESA/rcm/wrf_ncar/sfcWind/sfcWind_A551_RIO_PARDO_DE_MINAS_H_2018-06-01-2021-05-31.nc
Processing INMET station A050 - RIO_SONO
Done --> /home/mda_silv/clima-archive2-b/FPS-SESA/rcm/wrf_ncar/sfcWind/sfcWind_A050_RIO_SONO_H_2018-06-01-2021-05-31.nc
Processing INMET station A125 - RIO_URUBU
Done --> /home/mda_silv/clima-archive2-b/FPS-SESA/rcm/wrf_ncar/sfcWind/sfcWind_A125_RIO_URUBU_H_2018-06-01-2021-05-31.nc
Processing INMET station A025 - RIO_VERDE
Done --> /home/mda_silv/clima-archive2-b/FPS-SESA/rcm/wrf_ncar/sfcWind/sfcWind_A025_RIO_VERDE_H_2018-06-01-2021-05-31.nc
Processing INMET station A214 - RONDON_DO_PARA
Done --> /home/mda_silv/clima-archive2-b/FPS-SESA/rcm/wrf_ncar/sfcWind/sfcWind_A214_RONDON_DO_PARA_H_2018-06-01-2021-05-31.nc
Processing INMET station A907 - RONDONOPOLIS
Done --> /home/mda_silv/clima-archive2-b/FPS-SESA/rcm/wrf_ncar/sfcWind/sfcWind_A907_RONDONOPOLIS_H_2018-06-01-2021-05-31.nc
Processing INMET station A134 - S.G._DA_CACHOEIRA
Done --> /home/mda_silv/clima-archive2-b/FPS-SESA/rcm/wrf_ncar/sfcWind/sfcWind_A134_S.G._DA_CACHOEIRA_H_2018-06-01-2021-05-31.nc
Processing INMET station A903 - S.J._DO_RIO_CLARO
Done --> /home/mda_silv/clima-archive2-b/FPS-SESA/rcm/wrf_ncar/sfcWind/sfcWind_A903_S.J._DO_RIO_CLARO_H_2018-06-01-2021-05-31.nc
Processing INMET station A525 - SACRAMENTO
Done --> /home/mda_silv/clima-archive2-b/FPS-SESA/rcm/wrf_ncar/sfcWind/sfcWind_A525_SACRAMENTO_H_2018-06-01-2021-05-31.nc
Processing INMET station A370 - SALGUEIRO
Done --> /home/mda_silv/clima-archive2-b/FPS-SESA/rcm/wrf_ncar/sfcWind/sfcWind_A370_SALGUEIRO_H_2018-06-01-2021-05-31.nc
Processing INMET station A552 - SALINAS
Done --> /home/mda_silv/clima-archive2-b/FPS-SESA/rcm/wrf_ncar/sfcWind/sfcWind_A552_SALINAS_H_2018-06-01-2021-05-31.nc
Processing INMET station A215 - SALINOPOLIS
Done --> /home/mda_silv/clima-archive2-b/FPS-SESA/rcm/wrf_ncar/sfcWind/sfcWind_A215_SALINOPOLIS_H_2018-06-01-2021-05-31.nc
Processing INMET station A936 - SALTO_DO_CEU
Done --> /home/mda_silv/clima-archive2-b/FPS-SESA/rcm/wrf_ncar/sfcWind/sfcWind_A936_SALTO_DO_CEU_H_2018-06-01-2021-05-31.nc
Processing INMET station A401 - SALVADOR
Done --> /home/mda_silv/clima-archive2-b/FPS-SESA/rcm/wrf_ncar/sfcWind/sfcWind_A401_SALVADOR_H_2018-06-01-2021-05-31.nc
Processing INMET station A367 - SANTA_CRUZ
Done --> /home/mda_silv/clima-archive2-b/FPS-SESA/rcm/wrf_ncar/sfcWind/sfcWind_A367_SANTA_CRUZ_H_2018-06-01-2021-05-31.nc
Processing INMET station A048 - SANTA_FE_DO_ARAGUAIA
Done --> /home/mda_silv/clima-archive2-b/FPS-SESA/rcm/wrf_ncar/sfcWind/sfcWind_A048_SANTA_FE_DO_ARAGUAIA_H_2018-06-01-2021-05-31.nc
Processing INMET station A803 - SANTA_MARIA
Done --> /home/mda_silv/clima-archive2-b/FPS-SESA/rcm/wrf_ncar/sfcWind/sfcWind_A803_SANTA_MARIA_H_2018-06-01-2021-05-31.nc
Processing INMET station A415 - SANTA_RITA DE CASSIA
Done --> /home/mda_silv/clima-archive2-b/FPS-SESA/rcm/wrf_ncar/sfcWind/sfcWind_A415_SANTA_RITA DE CASSIA_H_2018-06-01-2021-05-31.nc
Processing INMET station A810 - SANTA_ROSA
Done --> /home/mda_silv/clima-archive2-b/FPS-SESA/rcm/wrf_ncar/sfcWind/sfcWind_A810_SANTA_ROSA_H_2018-06-01-2021-05-31.nc
Processing INMET station A052 - SANTA_ROSA_DO_TOCANTINS
Done --> /home/mda_silv/clima-archive2-b/FPS-SESA/rcm/wrf_ncar/sfcWind/sfcWind_A052_SANTA_ROSA_DO_TOCANTINS_H_2018-06-01-2021-05-31.nc
Processing INMET station A613 - SANTA_TERESA
Done --> /home/mda_silv/clima-archive2-b/FPS-SESA/rcm/wrf_ncar/sfcWind/sfcWind_A613_SANTA_TERESA_H_2018-06-01-2021-05-31.nc
Processing INMET station A233 - SANTANA_DO_ARAGUAIA
Done --> /home/mda_silv/clima-archive2-b/FPS-SESA/rcm/wrf_ncar/sfcWind/sfcWind_A233_SANTANA_DO_ARAGUAIA_H_2018-06-01-2021-05-31.nc
Processing INMET station A804 - SANTANA_DO_LIVRAMENTO
Done --> /home/mda_silv/clima-archive2-b/FPS-SESA/rcm/wrf_ncar/sfcWind/sfcWind_A804_SANTANA_DO_LIVRAMENTO_H_2018-06-01-2021-05-31.nc
Processing INMET station A250 - SANTAREM
Done --> /home/mda_silv/clima-archive2-b/FPS-SESA/rcm/wrf_ncar/sfcWind/sfcWind_A250_SANTAREM_H_2018-06-01-2021-05-31.nc
Processing INMET station A833 - SANTIAGO
Done --> /home/mda_silv/clima-archive2-b/FPS-SESA/rcm/wrf_ncar/sfcWind/sfcWind_A833_SANTIAGO_H_2018-06-01-2021-05-31.nc
Processing INMET station A931 - SANTO_ANTONIO_DO_LESTE
Done --> /home/mda_silv/clima-archive2-b/FPS-SESA/rcm/wrf_ncar/sfcWind/sfcWind_A931_SANTO_ANTONIO_DO_LESTE_H_2018-06-01-2021-05-31.nc
Processing INMET station A805 - SANTO_AUGUSTO
Done --> /home/mda_silv/clima-archive2-b/FPS-SESA/rcm/wrf_ncar/sfcWind/sfcWind_A805_SANTO_AUGUSTO_H_2018-06-01-2021-05-31.nc
Processing INMET station A830 - SAO_BORJA
Done --> /home/mda_silv/clima-archive2-b/FPS-SESA/rcm/wrf_ncar/sfcWind/sfcWind_A830_SAO_BORJA_H_2018-06-01-2021-05-31.nc
Processing INMET station A711 - SAO_CARLOS
Done --> /home/mda_silv/clima-archive2-b/FPS-SESA/rcm/wrf_ncar/sfcWind/sfcWind_A711_SAO_CARLOS_H_2018-06-01-2021-05-31.nc
Processing INMET station A921 - SAO_FELIX_DO_ARAGUAIA
Done --> /home/mda_silv/clima-archive2-b/FPS-SESA/rcm/wrf_ncar/sfcWind/sfcWind_A921_SAO_FELIX_DO_ARAGUAIA_H_2018-06-01-2021-05-31.nc
Processing INMET station A216 - SAO_FELIX_DO_XINGU
Done --> /home/mda_silv/clima-archive2-b/FPS-SESA/rcm/wrf_ncar/sfcWind/sfcWind_A216_SAO_FELIX_DO_XINGU_H_2018-06-01-2021-05-31.nc
Processing INMET station A832 - SAO_GABRIEL
Done --> /home/mda_silv/clima-archive2-b/FPS-SESA/rcm/wrf_ncar/sfcWind/sfcWind_A832_SAO_GABRIEL_H_2018-06-01-2021-05-31.nc
Processing INMET station A732 - SAO_GABRIEL_DO_OESTE
Done --> /home/mda_silv/clima-archive2-b/FPS-SESA/rcm/wrf_ncar/sfcWind/sfcWind_A732_SAO_GABRIEL_DO_OESTE_H_2018-06-01-2021-05-31.nc
Processing INMET station A333 - SAO_GONCALO
Done --> /home/mda_silv/clima-archive2-b/FPS-SESA/rcm/wrf_ncar/sfcWind/sfcWind_A333_SAO_GONCALO_H_2018-06-01-2021-05-31.nc
Processing INMET station A514 - SAO_JOAO_DEL_REI
Done --> /home/mda_silv/clima-archive2-b/FPS-SESA/rcm/wrf_ncar/sfcWind/sfcWind_A514_SAO_JOAO_DEL_REI_H_2018-06-01-2021-05-31.nc
Processing INMET station A331 - SAO_JOAO_DO_PIAUI
Done --> /home/mda_silv/clima-archive2-b/FPS-SESA/rcm/wrf_ncar/sfcWind/sfcWind_A331_SAO_JOAO_DO_PIAUI_H_2018-06-01-2021-05-31.nc
Processing INMET station A815 - SAO_JOAQUIM
Done --> /home/mda_silv/clima-archive2-b/FPS-SESA/rcm/wrf_ncar/sfcWind/sfcWind_A815_SAO_JOAQUIM_H_2018-06-01-2021-05-31.nc
Processing INMET station A829 - SAO_JOSE_DOS_AUSENTES
Done --> /home/mda_silv/clima-archive2-b/FPS-SESA/rcm/wrf_ncar/sfcWind/sfcWind_A829_SAO_JOSE_DOS_AUSENTES_H_2018-06-01-2021-05-31.nc
Processing INMET station A203 - SAO_LUIS
Done --> /home/mda_silv/clima-archive2-b/FPS-SESA/rcm/wrf_ncar/sfcWind/sfcWind_A203_SAO_LUIS_H_2018-06-01-2021-05-31.nc
Processing INMET station A356 - SAO_LUIS_DO_QUITUNDE
Done --> /home/mda_silv/clima-archive2-b/FPS-SESA/rcm/wrf_ncar/sfcWind/sfcWind_A356_SAO_LUIS_DO_QUITUNDE_H_2018-06-01-2021-05-31.nc
Processing INMET station A740 - SAO_LUIZ_DO_PARAITINGA
Done --> /home/mda_silv/clima-archive2-b/FPS-SESA/rcm/wrf_ncar/sfcWind/sfcWind_A740_SAO_LUIZ_DO_PARAITINGA_H_2018-06-01-2021-05-31.nc
Processing INMET station A852 - SAO_LUIZ_GONZAGA
Done --> /home/mda_silv/clima-archive2-b/FPS-SESA/rcm/wrf_ncar/sfcWind/sfcWind_A852_SAO_LUIZ_GONZAGA_H_2018-06-01-2021-05-31.nc
Processing INMET station A616 - SAO_MATEUS
Done --> /home/mda_silv/clima-archive2-b/FPS-SESA/rcm/wrf_ncar/sfcWind/sfcWind_A616_SAO_MATEUS_H_2018-06-01-2021-05-31.nc
Processing INMET station A874 - SAO_MATEUS_DO_SUL
Done --> /home/mda_silv/clima-archive2-b/FPS-SESA/rcm/wrf_ncar/sfcWind/sfcWind_A874_SAO_MATEUS_DO_SUL_H_2018-06-01-2021-05-31.nc
Processing INMET station A715 - SAO_MIGUEL_ARCANJO
Done --> /home/mda_silv/clima-archive2-b/FPS-SESA/rcm/wrf_ncar/sfcWind/sfcWind_A715_SAO_MIGUEL_ARCANJO_H_2018-06-01-2021-05-31.nc
Processing INMET station A031 - SAO_MIGUEL_DO_ARAGUAIA
Done --> /home/mda_silv/clima-archive2-b/FPS-SESA/rcm/wrf_ncar/sfcWind/sfcWind_A031_SAO_MIGUEL_DO_ARAGUAIA_H_2018-06-01-2021-05-31.nc
Processing INMET station A857 - SAO_MIGUEL_DO_OESTE
Done --> /home/mda_silv/clima-archive2-b/FPS-SESA/rcm/wrf_ncar/sfcWind/sfcWind_A857_SAO_MIGUEL_DO_OESTE_H_2018-06-01-2021-05-31.nc
Processing INMET station A701 - SAO_PAULO-MIRANTE
Done --> /home/mda_silv/clima-archive2-b/FPS-SESA/rcm/wrf_ncar/sfcWind/sfcWind_A701_SAO_PAULO-MIRANTE_H_2018-06-01-2021-05-31.nc
Processing INMET station A345 - SAO_RAIMUNDO NONATO
Done --> /home/mda_silv/clima-archive2-b/FPS-SESA/rcm/wrf_ncar/sfcWind/sfcWind_A345_SAO_RAIMUNDO NONATO_H_2018-06-01-2021-05-31.nc
Processing INMET station A547 - SAO_ROMAO
Done --> /home/mda_silv/clima-archive2-b/FPS-SESA/rcm/wrf_ncar/sfcWind/sfcWind_A547_SAO_ROMAO_H_2018-06-01-2021-05-31.nc
Processing INMET station A561 - SAO_SEBASTIAO DO PARAISO
Done --> /home/mda_silv/clima-archive2-b/FPS-SESA/rcm/wrf_ncar/sfcWind/sfcWind_A561_SAO_SEBASTIAO DO PARAISO_H_2018-06-01-2021-05-31.nc
Processing INMET station A011 - SAO_SIMAO
Done --> /home/mda_silv/clima-archive2-b/FPS-SESA/rcm/wrf_ncar/sfcWind/sfcWind_A011_SAO_SIMAO_H_2018-06-01-2021-05-31.nc
Processing INMET station A889 - SAO_VICENTE DO SUL
Done --> /home/mda_silv/clima-archive2-b/FPS-SESA/rcm/wrf_ncar/sfcWind/sfcWind_A889_SAO_VICENTE DO SUL_H_2018-06-01-2021-05-31.nc
Processing INMET station A911 - SAPEZAL
Done --> /home/mda_silv/clima-archive2-b/FPS-SESA/rcm/wrf_ncar/sfcWind/sfcWind_A911_SAPEZAL_H_2018-06-01-2021-05-31.nc
Processing INMET station A667 - SAQUAREMA-SAMPAIO_CORREIA
Done --> /home/mda_silv/clima-archive2-b/FPS-SESA/rcm/wrf_ncar/sfcWind/sfcWind_A667_SAQUAREMA-SAMPAIO_CORREIA_H_2018-06-01-2021-05-31.nc
Processing INMET station A428 - SENHOR_DO_BONFIM
Done --> /home/mda_silv/clima-archive2-b/FPS-SESA/rcm/wrf_ncar/sfcWind/sfcWind_A428_SENHOR_DO_BONFIM_H_2018-06-01-2021-05-31.nc
Processing INMET station A894 - SERAFINA_CORREA
Done --> /home/mda_silv/clima-archive2-b/FPS-SESA/rcm/wrf_ncar/sfcWind/sfcWind_A894_SERAFINA_CORREA_H_2018-06-01-2021-05-31.nc
Processing INMET station A601 - SEROPEDICA-ECOLOGIA_AGRICOLA
Done --> /home/mda_silv/clima-archive2-b/FPS-SESA/rcm/wrf_ncar/sfcWind/sfcWind_A601_SEROPEDICA-ECOLOGIA_AGRICOLA_H_2018-06-01-2021-05-31.nc
Processing INMET station A522 - SERRA_DOS_AIMORES
Done --> /home/mda_silv/clima-archive2-b/FPS-SESA/rcm/wrf_ncar/sfcWind/sfcWind_A522_SERRA_DOS_AIMORES_H_2018-06-01-2021-05-31.nc
Processing INMET station A230 - SERRA_DOS_CARAJAS
Done --> /home/mda_silv/clima-archive2-b/FPS-SESA/rcm/wrf_ncar/sfcWind/sfcWind_A230_SERRA_DOS_CARAJAS_H_2018-06-01-2021-05-31.nc
Processing INMET station A350 - SERRA_TALHADA
Done --> /home/mda_silv/clima-archive2-b/FPS-SESA/rcm/wrf_ncar/sfcWind/sfcWind_A350_SERRA_TALHADA_H_2018-06-01-2021-05-31.nc
Processing INMET station A441 - SERRINHA
Done --> /home/mda_silv/clima-archive2-b/FPS-SESA/rcm/wrf_ncar/sfcWind/sfcWind_A441_SERRINHA_H_2018-06-01-2021-05-31.nc
Processing INMET station A569 - SETE_LAGOAS
Done --> /home/mda_silv/clima-archive2-b/FPS-SESA/rcm/wrf_ncar/sfcWind/sfcWind_A569_SETE_LAGOAS_H_2018-06-01-2021-05-31.nc
Processing INMET station A751 - SETE_QUEDAS
Done --> /home/mda_silv/clima-archive2-b/FPS-SESA/rcm/wrf_ncar/sfcWind/sfcWind_A751_SETE_QUEDAS_H_2018-06-01-2021-05-31.nc
Processing INMET station A754 - SIDROLANDIA
Done --> /home/mda_silv/clima-archive2-b/FPS-SESA/rcm/wrf_ncar/sfcWind/sfcWind_A754_SIDROLANDIA_H_2018-06-01-2021-05-31.nc
Processing INMET station A659 - SILVA_JARDIM
Done --> /home/mda_silv/clima-archive2-b/FPS-SESA/rcm/wrf_ncar/sfcWind/sfcWind_A659_SILVA_JARDIM_H_2018-06-01-2021-05-31.nc
Processing INMET station A037 - SILVANIA
Done --> /home/mda_silv/clima-archive2-b/FPS-SESA/rcm/wrf_ncar/sfcWind/sfcWind_A037_SILVANIA_H_2018-06-01-2021-05-31.nc
Processing INMET station A917 - SINOP
Done --> /home/mda_silv/clima-archive2-b/FPS-SESA/rcm/wrf_ncar/sfcWind/sfcWind_A917_SINOP_H_2018-06-01-2021-05-31.nc
Processing INMET station A306 - SOBRAL
Done --> /home/mda_silv/clima-archive2-b/FPS-SESA/rcm/wrf_ncar/sfcWind/sfcWind_A306_SOBRAL_H_2018-06-01-2021-05-31.nc
Processing INMET station A837 - SOLEDADE
Done --> /home/mda_silv/clima-archive2-b/FPS-SESA/rcm/wrf_ncar/sfcWind/sfcWind_A837_SOLEDADE_H_2018-06-01-2021-05-31.nc
Processing INMET station A761 - SONORA
Done --> /home/mda_silv/clima-archive2-b/FPS-SESA/rcm/wrf_ncar/sfcWind/sfcWind_A761_SONORA_H_2018-06-01-2021-05-31.nc
Processing INMET station A713 - SOROCABA
Done --> /home/mda_silv/clima-archive2-b/FPS-SESA/rcm/wrf_ncar/sfcWind/sfcWind_A713_SOROCABA_H_2018-06-01-2021-05-31.nc
Processing INMET station A904 - SORRISO
Done --> /home/mda_silv/clima-archive2-b/FPS-SESA/rcm/wrf_ncar/sfcWind/sfcWind_A904_SORRISO_H_2018-06-01-2021-05-31.nc
Processing INMET station A227 - SOURE
Done --> /home/mda_silv/clima-archive2-b/FPS-SESA/rcm/wrf_ncar/sfcWind/sfcWind_A227_SOURE_H_2018-06-01-2021-05-31.nc
Processing INMET station A328 - SURUBIM
Done --> /home/mda_silv/clima-archive2-b/FPS-SESA/rcm/wrf_ncar/sfcWind/sfcWind_A328_SURUBIM_H_2018-06-01-2021-05-31.nc
Processing INMET station A899 - SANTA_VITORIA_DO_PALMAR - BARRA_DO_CHUI
Done --> /home/mda_silv/clima-archive2-b/FPS-SESA/rcm/wrf_ncar/sfcWind/sfcWind_A899_SANTA_VITORIA_DO_PALMAR - BARRA_DO_CHUI_H_2018-06-01-2021-05-31.nc
Processing INMET station A902 - TANGARA_DA_SERRA
Done --> /home/mda_silv/clima-archive2-b/FPS-SESA/rcm/wrf_ncar/sfcWind/sfcWind_A902_TANGARA_DA_SERRA_H_2018-06-01-2021-05-31.nc
Processing INMET station A324 - TAUA
Done --> /home/mda_silv/clima-archive2-b/FPS-SESA/rcm/wrf_ncar/sfcWind/sfcWind_A324_TAUA_H_2018-06-01-2021-05-31.nc
Processing INMET station A728 - TAUBATE
Done --> /home/mda_silv/clima-archive2-b/FPS-SESA/rcm/wrf_ncar/sfcWind/sfcWind_A728_TAUBATE_H_2018-06-01-2021-05-31.nc
Processing INMET station A527 - TEOFILO_OTONI
Done --> /home/mda_silv/clima-archive2-b/FPS-SESA/rcm/wrf_ncar/sfcWind/sfcWind_A527_TEOFILO_OTONI_H_2018-06-01-2021-05-31.nc
Processing INMET station A312 - TERESINA
Done --> /home/mda_silv/clima-archive2-b/FPS-SESA/rcm/wrf_ncar/sfcWind/sfcWind_A312_TERESINA_H_2018-06-01-2021-05-31.nc
Processing INMET station A618 - TERESOPOLIS-PARQUE_NACIONAL
Done --> /home/mda_silv/clima-archive2-b/FPS-SESA/rcm/wrf_ncar/sfcWind/sfcWind_A618_TERESOPOLIS-PARQUE_NACIONAL_H_2018-06-01-2021-05-31.nc
Processing INMET station A882 - TEUTONIA
Done --> /home/mda_silv/clima-archive2-b/FPS-SESA/rcm/wrf_ncar/sfcWind/sfcWind_A882_TEUTONIA_H_2018-06-01-2021-05-31.nc
Processing INMET station A511 - TIMOTEO
Done --> /home/mda_silv/clima-archive2-b/FPS-SESA/rcm/wrf_ncar/sfcWind/sfcWind_A511_TIMOTEO_H_2018-06-01-2021-05-31.nc
Processing INMET station A213 - TOME_ACU
Done --> /home/mda_silv/clima-archive2-b/FPS-SESA/rcm/wrf_ncar/sfcWind/sfcWind_A213_TOME_ACU_H_2018-06-01-2021-05-31.nc
Processing INMET station A808 - TORRES
Done --> /home/mda_silv/clima-archive2-b/FPS-SESA/rcm/wrf_ncar/sfcWind/sfcWind_A808_TORRES_H_2018-06-01-2021-05-31.nc
Processing INMET station A834 - TRAMANDAI
Done --> /home/mda_silv/clima-archive2-b/FPS-SESA/rcm/wrf_ncar/sfcWind/sfcWind_A834_TRAMANDAI_H_2018-06-01-2021-05-31.nc
Processing INMET station A704 - TRES_LAGOAS
Done --> /home/mda_silv/clima-archive2-b/FPS-SESA/rcm/wrf_ncar/sfcWind/sfcWind_A704_TRES_LAGOAS_H_2018-06-01-2021-05-31.nc
Processing INMET station A528 - TRES_MARIAS
Done --> /home/mda_silv/clima-archive2-b/FPS-SESA/rcm/wrf_ncar/sfcWind/sfcWind_A528_TRES_MARIAS_H_2018-06-01-2021-05-31.nc
Processing INMET station A625 - TRES_RIOS
Done --> /home/mda_silv/clima-archive2-b/FPS-SESA/rcm/wrf_ncar/sfcWind/sfcWind_A625_TRES_RIOS_H_2018-06-01-2021-05-31.nc
Processing INMET station A234 - TUCUMA
Done --> /home/mda_silv/clima-archive2-b/FPS-SESA/rcm/wrf_ncar/sfcWind/sfcWind_A234_TUCUMA_H_2018-06-01-2021-05-31.nc
Processing INMET station A229 - TUCURUI
Done --> /home/mda_silv/clima-archive2-b/FPS-SESA/rcm/wrf_ncar/sfcWind/sfcWind_A229_TUCURUI_H_2018-06-01-2021-05-31.nc
Processing INMET station A768 - TUPA
Done --> /home/mda_silv/clima-archive2-b/FPS-SESA/rcm/wrf_ncar/sfcWind/sfcWind_A768_TUPA_H_2018-06-01-2021-05-31.nc
Processing INMET station A886 - TUPANCIRETA
Done --> /home/mda_silv/clima-archive2-b/FPS-SESA/rcm/wrf_ncar/sfcWind/sfcWind_A886_TUPANCIRETA_H_2018-06-01-2021-05-31.nc
Processing INMET station A219 - TURIACU
Done --> /home/mda_silv/clima-archive2-b/FPS-SESA/rcm/wrf_ncar/sfcWind/sfcWind_A219_TURIACU_H_2018-06-01-2021-05-31.nc
Processing INMET station A568 - UBERABA
Done --> /home/mda_silv/clima-archive2-b/FPS-SESA/rcm/wrf_ncar/sfcWind/sfcWind_A568_UBERABA_H_2018-06-01-2021-05-31.nc
Processing INMET station A507 - UBERLANDIA
Done --> /home/mda_silv/clima-archive2-b/FPS-SESA/rcm/wrf_ncar/sfcWind/sfcWind_A507_UBERLANDIA_H_2018-06-01-2021-05-31.nc
Processing INMET station A437 - UNA
Done --> /home/mda_silv/clima-archive2-b/FPS-SESA/rcm/wrf_ncar/sfcWind/sfcWind_A437_UNA_H_2018-06-01-2021-05-31.nc
Processing INMET station A542 - UNAI
Done --> /home/mda_silv/clima-archive2-b/FPS-SESA/rcm/wrf_ncar/sfcWind/sfcWind_A542_UNAI_H_2018-06-01-2021-05-31.nc
Processing INMET station A124 - URUCARA
Done --> /home/mda_silv/clima-archive2-b/FPS-SESA/rcm/wrf_ncar/sfcWind/sfcWind_A124_URUCARA_H_2018-06-01-2021-05-31.nc
Processing INMET station A346 - URUCUI
Done --> /home/mda_silv/clima-archive2-b/FPS-SESA/rcm/wrf_ncar/sfcWind/sfcWind_A346_URUCUI_H_2018-06-01-2021-05-31.nc
Processing INMET station A809 - URUGUAIANA
Done --> /home/mda_silv/clima-archive2-b/FPS-SESA/rcm/wrf_ncar/sfcWind/sfcWind_A809_URUGUAIANA_H_2018-06-01-2021-05-31.nc
Processing INMET station A814 - URUSSANGA
Done --> /home/mda_silv/clima-archive2-b/FPS-SESA/rcm/wrf_ncar/sfcWind/sfcWind_A814_URUSSANGA_H_2018-06-01-2021-05-31.nc
Processing INMET station A880 - VACARIA
Done --> /home/mda_silv/clima-archive2-b/FPS-SESA/rcm/wrf_ncar/sfcWind/sfcWind_A880_VACARIA_H_2018-06-01-2021-05-31.nc
Processing INMET station A611 - VALENCA
Done --> /home/mda_silv/clima-archive2-b/FPS-SESA/rcm/wrf_ncar/sfcWind/sfcWind_A611_VALENCA_H_2018-06-01-2021-05-31.nc
Processing INMET station A444 - VALENCA
Done --> /home/mda_silv/clima-archive2-b/FPS-SESA/rcm/wrf_ncar/sfcWind/sfcWind_A444_VALENCA_H_2018-06-01-2021-05-31.nc
Processing INMET station A363 - VALENCA_DO_PIAUI
Done --> /home/mda_silv/clima-archive2-b/FPS-SESA/rcm/wrf_ncar/sfcWind/sfcWind_A363_VALENCA_DO_PIAUI_H_2018-06-01-2021-05-31.nc
Processing INMET station A734 - VALPARAISO
Done --> /home/mda_silv/clima-archive2-b/FPS-SESA/rcm/wrf_ncar/sfcWind/sfcWind_A734_VALPARAISO_H_2018-06-01-2021-05-31.nc
Processing INMET station A515 - VARGINHA
Done --> /home/mda_silv/clima-archive2-b/FPS-SESA/rcm/wrf_ncar/sfcWind/sfcWind_A515_VARGINHA_H_2018-06-01-2021-05-31.nc
Processing INMET station A633 - VENDA_NOVA_DO_IMIGRANTE
Done --> /home/mda_silv/clima-archive2-b/FPS-SESA/rcm/wrf_ncar/sfcWind/sfcWind_A633_VENDA_NOVA_DO_IMIGRANTE_H_2018-06-01-2021-05-31.nc
Processing INMET station A872 - VENTANIA
Done --> /home/mda_silv/clima-archive2-b/FPS-SESA/rcm/wrf_ncar/sfcWind/sfcWind_A872_VENTANIA_H_2018-06-01-2021-05-31.nc
Processing INMET station A510 - VICOSA
Done --> /home/mda_silv/clima-archive2-b/FPS-SESA/rcm/wrf_ncar/sfcWind/sfcWind_A510_VICOSA_H_2018-06-01-2021-05-31.nc
Processing INMET station A922 - VILA_BELA_DA_SANTISSIMA_TRINDADE
Done --> /home/mda_silv/clima-archive2-b/FPS-SESA/rcm/wrf_ncar/sfcWind/sfcWind_A922_VILA_BELA_DA_SANTISSIMA_TRINDADE_H_2018-06-01-2021-05-31.nc
Processing INMET station A634 - VILA_VELHA
Done --> /home/mda_silv/clima-archive2-b/FPS-SESA/rcm/wrf_ncar/sfcWind/sfcWind_A634_VILA_VELHA_H_2018-06-01-2021-05-31.nc
Processing INMET station A938 - VILHENA
Done --> /home/mda_silv/clima-archive2-b/FPS-SESA/rcm/wrf_ncar/sfcWind/sfcWind_A938_VILHENA_H_2018-06-01-2021-05-31.nc
Processing INMET station A612 - VITORIA
Done --> /home/mda_silv/clima-archive2-b/FPS-SESA/rcm/wrf_ncar/sfcWind/sfcWind_A612_VITORIA_H_2018-06-01-2021-05-31.nc
Processing INMET station A414 - VITORIA_DA_CONQUISTA
Done --> /home/mda_silv/clima-archive2-b/FPS-SESA/rcm/wrf_ncar/sfcWind/sfcWind_A414_VITORIA_DA_CONQUISTA_H_2018-06-01-2021-05-31.nc
Processing INMET station A858 - XANXERE
Done --> /home/mda_silv/clima-archive2-b/FPS-SESA/rcm/wrf_ncar/sfcWind/sfcWind_A858_XANXERE_H_2018-06-01-2021-05-31.nc
Processing INMET station A247 - XINGUARA
Done --> /home/mda_silv/clima-archive2-b/FPS-SESA/rcm/wrf_ncar/sfcWind/sfcWind_A247_XINGUARA_H_2018-06-01-2021-05-31.nc
