Processing SMN station SMN001 - Aguapey
Done --> /home/mda_silv/clima-archive2-b/FPS-SESA/rcm/reg_ictp/tas/tas_SMN001_Aguapey_H_2018-06-01-2021-05-31.nc
Processing SMN station SMN002 - Alto_Arapey
Done --> /home/mda_silv/clima-archive2-b/FPS-SESA/rcm/reg_ictp/tas/tas_SMN002_Alto_Arapey_H_2018-06-01-2021-05-31.nc
Processing SMN station SMN003 - Alto_Cuareim
Done --> /home/mda_silv/clima-archive2-b/FPS-SESA/rcm/reg_ictp/tas/tas_SMN003_Alto_Cuareim_H_2018-06-01-2021-05-31.nc
Processing SMN station SMN004 - Alvear
Done --> /home/mda_silv/clima-archive2-b/FPS-SESA/rcm/reg_ictp/tas/tas_SMN004_Alvear_H_2018-06-01-2021-05-31.nc
Processing SMN station SMN005 - Arapey_Chico
Done --> /home/mda_silv/clima-archive2-b/FPS-SESA/rcm/reg_ictp/tas/tas_SMN005_Arapey_Chico_H_2018-06-01-2021-05-31.nc
Processing SMN station SMN006 - Arapey_Grande
Done --> /home/mda_silv/clima-archive2-b/FPS-SESA/rcm/reg_ictp/tas/tas_SMN006_Arapey_Grande_H_2018-06-01-2021-05-31.nc
Processing SMN station SMN007 - Arapey_Grande_Ruta_4
Done --> /home/mda_silv/clima-archive2-b/FPS-SESA/rcm/reg_ictp/tas/tas_SMN007_Arapey_Grande_Ruta_4_H_2018-06-01-2021-05-31.nc
Processing SMN station SMN008 - Arerunguá
Done --> /home/mda_silv/clima-archive2-b/FPS-SESA/rcm/reg_ictp/tas/tas_SMN008_Arerunguá_H_2018-06-01-2021-05-31.nc
Processing SMN station SMN009 - Artigas
Done --> /home/mda_silv/clima-archive2-b/FPS-SESA/rcm/reg_ictp/tas/tas_SMN009_Artigas_H_2018-06-01-2021-05-31.nc
Processing SMN station SMN010 - Baibene
Done --> /home/mda_silv/clima-archive2-b/FPS-SESA/rcm/reg_ictp/tas/tas_SMN010_Baibene_H_2018-06-01-2021-05-31.nc
Processing SMN station SMN011 - Baltasar_Brum
Done --> /home/mda_silv/clima-archive2-b/FPS-SESA/rcm/reg_ictp/tas/tas_SMN011_Baltasar_Brum_H_2018-06-01-2021-05-31.nc
Processing SMN station SMN012 - Belén
Done --> /home/mda_silv/clima-archive2-b/FPS-SESA/rcm/reg_ictp/tas/tas_SMN012_Belén_H_2018-06-01-2021-05-31.nc
Processing SMN station SMN013 - Bernabé_Rivera
Done --> /home/mda_silv/clima-archive2-b/FPS-SESA/rcm/reg_ictp/tas/tas_SMN013_Bernabé_Rivera_H_2018-06-01-2021-05-31.nc
Processing SMN station SMN014 - Bonpland
Done --> /home/mda_silv/clima-archive2-b/FPS-SESA/rcm/reg_ictp/tas/tas_SMN014_Bonpland_H_2018-06-01-2021-05-31.nc
Processing SMN station SMN015 - Catalán
Done --> /home/mda_silv/clima-archive2-b/FPS-SESA/rcm/reg_ictp/tas/tas_SMN015_Catalán_H_2018-06-01-2021-05-31.nc
Processing SMN station SMN016 - Catalán_Grande_rio
Done --> /home/mda_silv/clima-archive2-b/FPS-SESA/rcm/reg_ictp/tas/tas_SMN016_Catalán_Grande_rio_H_2018-06-01-2021-05-31.nc
Processing SMN station SMN017 - Cazadores_Correntinos
Done --> /home/mda_silv/clima-archive2-b/FPS-SESA/rcm/reg_ictp/tas/tas_SMN017_Cazadores_Correntinos_H_2018-06-01-2021-05-31.nc
Processing SMN station SMN018 - Cerro_Amarillo
Done --> /home/mda_silv/clima-archive2-b/FPS-SESA/rcm/reg_ictp/tas/tas_SMN018_Cerro_Amarillo_H_2018-06-01-2021-05-31.nc
Processing SMN station SMN019 - Cerro_Chato
Done --> /home/mda_silv/clima-archive2-b/FPS-SESA/rcm/reg_ictp/tas/tas_SMN019_Cerro_Chato_H_2018-06-01-2021-05-31.nc
Processing SMN station SMN020 - Chajarí
Done --> /home/mda_silv/clima-archive2-b/FPS-SESA/rcm/reg_ictp/tas/tas_SMN020_Chajarí_H_2018-06-01-2021-05-31.nc
Processing SMN station SMN021 - Colonia_Lavalleja
Done --> /home/mda_silv/clima-archive2-b/FPS-SESA/rcm/reg_ictp/tas/tas_SMN021_Colonia_Lavalleja_H_2018-06-01-2021-05-31.nc
Processing SMN station SMN022 - Colonia_Libertad
Done --> /home/mda_silv/clima-archive2-b/FPS-SESA/rcm/reg_ictp/tas/tas_SMN022_Colonia_Libertad_H_2018-06-01-2021-05-31.nc
Processing SMN station SMN023 - Colonia_Palma
Done --> /home/mda_silv/clima-archive2-b/FPS-SESA/rcm/reg_ictp/tas/tas_SMN023_Colonia_Palma_H_2018-06-01-2021-05-31.nc
Processing SMN station SMN024 - Cuareim_Río
Done --> /home/mda_silv/clima-archive2-b/FPS-SESA/rcm/reg_ictp/tas/tas_SMN024_Cuareim_Río_H_2018-06-01-2021-05-31.nc
Processing SMN station SMN025 - Cuaró
Done --> /home/mda_silv/clima-archive2-b/FPS-SESA/rcm/reg_ictp/tas/tas_SMN025_Cuaró_H_2018-06-01-2021-05-31.nc
Processing SMN station SMN026 - Cuchilla_de_Salto
Done --> /home/mda_silv/clima-archive2-b/FPS-SESA/rcm/reg_ictp/tas/tas_SMN026_Cuchilla_de_Salto_H_2018-06-01-2021-05-31.nc
Processing SMN station SMN027 - Curuzú_Cuatiá
Done --> /home/mda_silv/clima-archive2-b/FPS-SESA/rcm/reg_ictp/tas/tas_SMN027_Curuzú_Cuatiá_H_2018-06-01-2021-05-31.nc
Processing SMN station SMN028 - Dayman_Ruta_3
Done --> /home/mda_silv/clima-archive2-b/FPS-SESA/rcm/reg_ictp/tas/tas_SMN028_Dayman_Ruta_3_H_2018-06-01-2021-05-31.nc
Processing SMN station SMN029 - Diego_Lamas
Done --> /home/mda_silv/clima-archive2-b/FPS-SESA/rcm/reg_ictp/tas/tas_SMN029_Diego_Lamas_H_2018-06-01-2021-05-31.nc
Processing SMN station SMN030 - El_Soberbio
Done --> /home/mda_silv/clima-archive2-b/FPS-SESA/rcm/reg_ictp/tas/tas_SMN030_El_Soberbio_H_2018-06-01-2021-05-31.nc
Processing SMN station SMN031 - El_Trompo
Done --> /home/mda_silv/clima-archive2-b/FPS-SESA/rcm/reg_ictp/tas/tas_SMN031_El_Trompo_H_2018-06-01-2021-05-31.nc
Processing SMN station SMN032 - Espinillar
Done --> /home/mda_silv/clima-archive2-b/FPS-SESA/rcm/reg_ictp/tas/tas_SMN032_Espinillar_H_2018-06-01-2021-05-31.nc
Processing SMN station SMN033 - Federación
Done --> /home/mda_silv/clima-archive2-b/FPS-SESA/rcm/reg_ictp/tas/tas_SMN033_Federación_H_2018-06-01-2021-05-31.nc
Processing SMN station SMN034 - Garruchos
Done --> /home/mda_silv/clima-archive2-b/FPS-SESA/rcm/reg_ictp/tas/tas_SMN034_Garruchos_H_2018-06-01-2021-05-31.nc
Processing SMN station SMN035 - Guaviyú_de_Arapey
Done --> /home/mda_silv/clima-archive2-b/FPS-SESA/rcm/reg_ictp/tas/tas_SMN035_Guaviyú_de_Arapey_H_2018-06-01-2021-05-31.nc
Processing SMN station SMN036 - Itapebí
Done --> /home/mda_silv/clima-archive2-b/FPS-SESA/rcm/reg_ictp/tas/tas_SMN036_Itapebí_H_2018-06-01-2021-05-31.nc
Processing SMN station SMN037 - Javier_de_Viana
Done --> /home/mda_silv/clima-archive2-b/FPS-SESA/rcm/reg_ictp/tas/tas_SMN037_Javier_de_Viana_H_2018-06-01-2021-05-31.nc
Processing SMN station SMN038 - Loma_Alta
Done --> /home/mda_silv/clima-archive2-b/FPS-SESA/rcm/reg_ictp/tas/tas_SMN038_Loma_Alta_H_2018-06-01-2021-05-31.nc
Processing SMN station SMN039 - Los_Conquistadores
Done --> /home/mda_silv/clima-archive2-b/FPS-SESA/rcm/reg_ictp/tas/tas_SMN039_Los_Conquistadores_H_2018-06-01-2021-05-31.nc
Processing SMN station SMN040 - Meneses
Done --> /home/mda_silv/clima-archive2-b/FPS-SESA/rcm/reg_ictp/tas/tas_SMN040_Meneses_H_2018-06-01-2021-05-31.nc
Processing SMN station SMN041 - Miriñay_Medio
Done --> /home/mda_silv/clima-archive2-b/FPS-SESA/rcm/reg_ictp/tas/tas_SMN041_Miriñay_Medio_H_2018-06-01-2021-05-31.nc
Processing SMN station SMN042 - Miriñay_Río
Done --> /home/mda_silv/clima-archive2-b/FPS-SESA/rcm/reg_ictp/tas/tas_SMN042_Miriñay_Río_H_2018-06-01-2021-05-31.nc
Processing SMN station SMN043 - Mocoretá_Lago
Done --> /home/mda_silv/clima-archive2-b/FPS-SESA/rcm/reg_ictp/tas/tas_SMN043_Mocoretá_Lago_H_2018-06-01-2021-05-31.nc
Processing SMN station SMN044 - Mocoreta_Medio
Done --> /home/mda_silv/clima-archive2-b/FPS-SESA/rcm/reg_ictp/tas/tas_SMN044_Mocoreta_Medio_H_2018-06-01-2021-05-31.nc
Processing SMN station SMN045 - Mocoretá_Río
Done --> /home/mda_silv/clima-archive2-b/FPS-SESA/rcm/reg_ictp/tas/tas_SMN045_Mocoretá_Río_H_2018-06-01-2021-05-31.nc
Processing SMN station SMN046 - Monte_Caseros
Done --> /home/mda_silv/clima-archive2-b/FPS-SESA/rcm/reg_ictp/tas/tas_SMN046_Monte_Caseros_H_2018-06-01-2021-05-31.nc
Processing SMN station SMN047 - Paso_Campamento
Done --> /home/mda_silv/clima-archive2-b/FPS-SESA/rcm/reg_ictp/tas/tas_SMN047_Paso_Campamento_H_2018-06-01-2021-05-31.nc
Processing SMN station SMN048 - Paso_de_la_Cruz
Done --> /home/mda_silv/clima-archive2-b/FPS-SESA/rcm/reg_ictp/tas/tas_SMN048_Paso_de_la_Cruz_H_2018-06-01-2021-05-31.nc
Processing SMN station SMN049 - Paso_de_los_Libres
Done --> /home/mda_silv/clima-archive2-b/FPS-SESA/rcm/reg_ictp/tas/tas_SMN049_Paso_de_los_Libres_H_2018-06-01-2021-05-31.nc
Processing SMN station SMN050 - Paso_del_León
Done --> /home/mda_silv/clima-archive2-b/FPS-SESA/rcm/reg_ictp/tas/tas_SMN050_Paso_del_León_H_2018-06-01-2021-05-31.nc
Processing SMN station SMN051 - Paso_del_Remanso
Done --> /home/mda_silv/clima-archive2-b/FPS-SESA/rcm/reg_ictp/tas/tas_SMN051_Paso_del_Remanso_H_2018-06-01-2021-05-31.nc
Processing SMN station SMN052 - Paso_Farías
Done --> /home/mda_silv/clima-archive2-b/FPS-SESA/rcm/reg_ictp/tas/tas_SMN052_Paso_Farías_H_2018-06-01-2021-05-31.nc
Processing SMN station SMN053 - Paso_Potrero
Done --> /home/mda_silv/clima-archive2-b/FPS-SESA/rcm/reg_ictp/tas/tas_SMN053_Paso_Potrero_H_2018-06-01-2021-05-31.nc
Processing SMN station SMN054 - Pepirí_Miní
Done --> /home/mda_silv/clima-archive2-b/FPS-SESA/rcm/reg_ictp/tas/tas_SMN054_Pepirí_Miní_H_2018-06-01-2021-05-31.nc
Processing SMN station SMN055 - Puerto_Concordia
Done --> /home/mda_silv/clima-archive2-b/FPS-SESA/rcm/reg_ictp/tas/tas_SMN055_Puerto_Concordia_H_2018-06-01-2021-05-31.nc
Processing SMN station SMN056 - Pujol
Done --> /home/mda_silv/clima-archive2-b/FPS-SESA/rcm/reg_ictp/tas/tas_SMN056_Pujol_H_2018-06-01-2021-05-31.nc
Processing SMN station SMN057 - Puntas_de_Valentín
Done --> /home/mda_silv/clima-archive2-b/FPS-SESA/rcm/reg_ictp/tas/tas_SMN057_Puntas_de_Valentín_H_2018-06-01-2021-05-31.nc
Processing SMN station SMN058 - Queguay_Ruta_3
Done --> /home/mda_silv/clima-archive2-b/FPS-SESA/rcm/reg_ictp/tas/tas_SMN058_Queguay_Ruta_3_H_2018-06-01-2021-05-31.nc
Processing SMN station SMN059 - Quintana
Done --> /home/mda_silv/clima-archive2-b/FPS-SESA/rcm/reg_ictp/tas/tas_SMN059_Quintana_H_2018-06-01-2021-05-31.nc
Processing SMN station SMN060 - Salto
Done --> /home/mda_silv/clima-archive2-b/FPS-SESA/rcm/reg_ictp/tas/tas_SMN060_Salto_H_2018-06-01-2021-05-31.nc
Processing SMN station SMN061 - Salto_Grande
Done --> /home/mda_silv/clima-archive2-b/FPS-SESA/rcm/reg_ictp/tas/tas_SMN061_Salto_Grande_H_2018-06-01-2021-05-31.nc
Processing SMN station SMN062 - San_Jaime
Done --> /home/mda_silv/clima-archive2-b/FPS-SESA/rcm/reg_ictp/tas/tas_SMN062_San_Jaime_H_2018-06-01-2021-05-31.nc
Processing SMN station SMN063 - San_Javier
Done --> /home/mda_silv/clima-archive2-b/FPS-SESA/rcm/reg_ictp/tas/tas_SMN063_San_Javier_H_2018-06-01-2021-05-31.nc
Processing SMN station SMN064 - San_Roquito
Done --> /home/mda_silv/clima-archive2-b/FPS-SESA/rcm/reg_ictp/tas/tas_SMN064_San_Roquito_H_2018-06-01-2021-05-31.nc
Processing SMN station SMN065 - Santa_Ana
Done --> /home/mda_silv/clima-archive2-b/FPS-SESA/rcm/reg_ictp/tas/tas_SMN065_Santa_Ana_H_2018-06-01-2021-05-31.nc
Processing SMN station SMN066 - Santo_Tomé
Done --> /home/mda_silv/clima-archive2-b/FPS-SESA/rcm/reg_ictp/tas/tas_SMN066_Santo_Tomé_H_2018-06-01-2021-05-31.nc
Processing SMN station SMN067 - Sarandí_de_Arapey
Done --> /home/mda_silv/clima-archive2-b/FPS-SESA/rcm/reg_ictp/tas/tas_SMN067_Sarandí_de_Arapey_H_2018-06-01-2021-05-31.nc
Processing SMN station SMN068 - Sequeira
Done --> /home/mda_silv/clima-archive2-b/FPS-SESA/rcm/reg_ictp/tas/tas_SMN068_Sequeira_H_2018-06-01-2021-05-31.nc
Processing SMN station SMN069 - Solari
Done --> /home/mda_silv/clima-archive2-b/FPS-SESA/rcm/reg_ictp/tas/tas_SMN069_Solari_H_2018-06-01-2021-05-31.nc
Processing SMN station SMN070 - Tomás_Gomensoro
Done --> /home/mda_silv/clima-archive2-b/FPS-SESA/rcm/reg_ictp/tas/tas_SMN070_Tomás_Gomensoro_H_2018-06-01-2021-05-31.nc
Processing SMN station SMN071 - Uguay
Done --> /home/mda_silv/clima-archive2-b/FPS-SESA/rcm/reg_ictp/tas/tas_SMN071_Uguay_H_2018-06-01-2021-05-31.nc
Processing SMN station SMN072 - Yapeyú
Done --> /home/mda_silv/clima-archive2-b/FPS-SESA/rcm/reg_ictp/tas/tas_SMN072_Yapeyú_H_2018-06-01-2021-05-31.nc
