Processing SMN station SMN001 - Aguapey
Done --> /home/mda_silv/clima-archive2-b/FPS-SESA/rcm/reg_ictp/sfcWind/sfcWind_SMN001_Aguapey_H_2018-06-01-2021-05-31.nc
Processing SMN station SMN002 - Alto_Arapey
Done --> /home/mda_silv/clima-archive2-b/FPS-SESA/rcm/reg_ictp/sfcWind/sfcWind_SMN002_Alto_Arapey_H_2018-06-01-2021-05-31.nc
Processing SMN station SMN003 - Alto_Cuareim
Done --> /home/mda_silv/clima-archive2-b/FPS-SESA/rcm/reg_ictp/sfcWind/sfcWind_SMN003_Alto_Cuareim_H_2018-06-01-2021-05-31.nc
Processing SMN station SMN004 - Alvear
Done --> /home/mda_silv/clima-archive2-b/FPS-SESA/rcm/reg_ictp/sfcWind/sfcWind_SMN004_Alvear_H_2018-06-01-2021-05-31.nc
Processing SMN station SMN005 - Arapey_Chico
Done --> /home/mda_silv/clima-archive2-b/FPS-SESA/rcm/reg_ictp/sfcWind/sfcWind_SMN005_Arapey_Chico_H_2018-06-01-2021-05-31.nc
Processing SMN station SMN006 - Arapey_Grande
Done --> /home/mda_silv/clima-archive2-b/FPS-SESA/rcm/reg_ictp/sfcWind/sfcWind_SMN006_Arapey_Grande_H_2018-06-01-2021-05-31.nc
Processing SMN station SMN007 - Arapey_Grande_Ruta_4
Done --> /home/mda_silv/clima-archive2-b/FPS-SESA/rcm/reg_ictp/sfcWind/sfcWind_SMN007_Arapey_Grande_Ruta_4_H_2018-06-01-2021-05-31.nc
Processing SMN station SMN008 - Arerunguá
Done --> /home/mda_silv/clima-archive2-b/FPS-SESA/rcm/reg_ictp/sfcWind/sfcWind_SMN008_Arerunguá_H_2018-06-01-2021-05-31.nc
Processing SMN station SMN009 - Artigas
Done --> /home/mda_silv/clima-archive2-b/FPS-SESA/rcm/reg_ictp/sfcWind/sfcWind_SMN009_Artigas_H_2018-06-01-2021-05-31.nc
Processing SMN station SMN010 - Baibene
Done --> /home/mda_silv/clima-archive2-b/FPS-SESA/rcm/reg_ictp/sfcWind/sfcWind_SMN010_Baibene_H_2018-06-01-2021-05-31.nc
Processing SMN station SMN011 - Baltasar_Brum
Done --> /home/mda_silv/clima-archive2-b/FPS-SESA/rcm/reg_ictp/sfcWind/sfcWind_SMN011_Baltasar_Brum_H_2018-06-01-2021-05-31.nc
Processing SMN station SMN012 - Belén
Done --> /home/mda_silv/clima-archive2-b/FPS-SESA/rcm/reg_ictp/sfcWind/sfcWind_SMN012_Belén_H_2018-06-01-2021-05-31.nc
Processing SMN station SMN013 - Bernabé_Rivera
Done --> /home/mda_silv/clima-archive2-b/FPS-SESA/rcm/reg_ictp/sfcWind/sfcWind_SMN013_Bernabé_Rivera_H_2018-06-01-2021-05-31.nc
Processing SMN station SMN014 - Bonpland
Done --> /home/mda_silv/clima-archive2-b/FPS-SESA/rcm/reg_ictp/sfcWind/sfcWind_SMN014_Bonpland_H_2018-06-01-2021-05-31.nc
Processing SMN station SMN015 - Catalán
Done --> /home/mda_silv/clima-archive2-b/FPS-SESA/rcm/reg_ictp/sfcWind/sfcWind_SMN015_Catalán_H_2018-06-01-2021-05-31.nc
Processing SMN station SMN016 - Catalán_Grande_rio
Done --> /home/mda_silv/clima-archive2-b/FPS-SESA/rcm/reg_ictp/sfcWind/sfcWind_SMN016_Catalán_Grande_rio_H_2018-06-01-2021-05-31.nc
Processing SMN station SMN017 - Cazadores_Correntinos
Done --> /home/mda_silv/clima-archive2-b/FPS-SESA/rcm/reg_ictp/sfcWind/sfcWind_SMN017_Cazadores_Correntinos_H_2018-06-01-2021-05-31.nc
Processing SMN station SMN018 - Cerro_Amarillo
Done --> /home/mda_silv/clima-archive2-b/FPS-SESA/rcm/reg_ictp/sfcWind/sfcWind_SMN018_Cerro_Amarillo_H_2018-06-01-2021-05-31.nc
Processing SMN station SMN019 - Cerro_Chato
Done --> /home/mda_silv/clima-archive2-b/FPS-SESA/rcm/reg_ictp/sfcWind/sfcWind_SMN019_Cerro_Chato_H_2018-06-01-2021-05-31.nc
Processing SMN station SMN020 - Chajarí
Done --> /home/mda_silv/clima-archive2-b/FPS-SESA/rcm/reg_ictp/sfcWind/sfcWind_SMN020_Chajarí_H_2018-06-01-2021-05-31.nc
Processing SMN station SMN021 - Colonia_Lavalleja
Done --> /home/mda_silv/clima-archive2-b/FPS-SESA/rcm/reg_ictp/sfcWind/sfcWind_SMN021_Colonia_Lavalleja_H_2018-06-01-2021-05-31.nc
Processing SMN station SMN022 - Colonia_Libertad
Done --> /home/mda_silv/clima-archive2-b/FPS-SESA/rcm/reg_ictp/sfcWind/sfcWind_SMN022_Colonia_Libertad_H_2018-06-01-2021-05-31.nc
Processing SMN station SMN023 - Colonia_Palma
Done --> /home/mda_silv/clima-archive2-b/FPS-SESA/rcm/reg_ictp/sfcWind/sfcWind_SMN023_Colonia_Palma_H_2018-06-01-2021-05-31.nc
Processing SMN station SMN024 - Cuareim_Río
Done --> /home/mda_silv/clima-archive2-b/FPS-SESA/rcm/reg_ictp/sfcWind/sfcWind_SMN024_Cuareim_Río_H_2018-06-01-2021-05-31.nc
Processing SMN station SMN025 - Cuaró
Done --> /home/mda_silv/clima-archive2-b/FPS-SESA/rcm/reg_ictp/sfcWind/sfcWind_SMN025_Cuaró_H_2018-06-01-2021-05-31.nc
Processing SMN station SMN026 - Cuchilla_de_Salto
Done --> /home/mda_silv/clima-archive2-b/FPS-SESA/rcm/reg_ictp/sfcWind/sfcWind_SMN026_Cuchilla_de_Salto_H_2018-06-01-2021-05-31.nc
Processing SMN station SMN027 - Curuzú_Cuatiá
Done --> /home/mda_silv/clima-archive2-b/FPS-SESA/rcm/reg_ictp/sfcWind/sfcWind_SMN027_Curuzú_Cuatiá_H_2018-06-01-2021-05-31.nc
Processing SMN station SMN028 - Dayman_Ruta_3
Done --> /home/mda_silv/clima-archive2-b/FPS-SESA/rcm/reg_ictp/sfcWind/sfcWind_SMN028_Dayman_Ruta_3_H_2018-06-01-2021-05-31.nc
Processing SMN station SMN029 - Diego_Lamas
Done --> /home/mda_silv/clima-archive2-b/FPS-SESA/rcm/reg_ictp/sfcWind/sfcWind_SMN029_Diego_Lamas_H_2018-06-01-2021-05-31.nc
Processing SMN station SMN030 - El_Soberbio
Done --> /home/mda_silv/clima-archive2-b/FPS-SESA/rcm/reg_ictp/sfcWind/sfcWind_SMN030_El_Soberbio_H_2018-06-01-2021-05-31.nc
Processing SMN station SMN031 - El_Trompo
Done --> /home/mda_silv/clima-archive2-b/FPS-SESA/rcm/reg_ictp/sfcWind/sfcWind_SMN031_El_Trompo_H_2018-06-01-2021-05-31.nc
Processing SMN station SMN032 - Espinillar
Done --> /home/mda_silv/clima-archive2-b/FPS-SESA/rcm/reg_ictp/sfcWind/sfcWind_SMN032_Espinillar_H_2018-06-01-2021-05-31.nc
Processing SMN station SMN033 - Federación
Done --> /home/mda_silv/clima-archive2-b/FPS-SESA/rcm/reg_ictp/sfcWind/sfcWind_SMN033_Federación_H_2018-06-01-2021-05-31.nc
Processing SMN station SMN034 - Garruchos
Done --> /home/mda_silv/clima-archive2-b/FPS-SESA/rcm/reg_ictp/sfcWind/sfcWind_SMN034_Garruchos_H_2018-06-01-2021-05-31.nc
Processing SMN station SMN035 - Guaviyú_de_Arapey
Done --> /home/mda_silv/clima-archive2-b/FPS-SESA/rcm/reg_ictp/sfcWind/sfcWind_SMN035_Guaviyú_de_Arapey_H_2018-06-01-2021-05-31.nc
Processing SMN station SMN036 - Itapebí
Done --> /home/mda_silv/clima-archive2-b/FPS-SESA/rcm/reg_ictp/sfcWind/sfcWind_SMN036_Itapebí_H_2018-06-01-2021-05-31.nc
Processing SMN station SMN037 - Javier_de_Viana
Done --> /home/mda_silv/clima-archive2-b/FPS-SESA/rcm/reg_ictp/sfcWind/sfcWind_SMN037_Javier_de_Viana_H_2018-06-01-2021-05-31.nc
Processing SMN station SMN038 - Loma_Alta
Done --> /home/mda_silv/clima-archive2-b/FPS-SESA/rcm/reg_ictp/sfcWind/sfcWind_SMN038_Loma_Alta_H_2018-06-01-2021-05-31.nc
Processing SMN station SMN039 - Los_Conquistadores
Done --> /home/mda_silv/clima-archive2-b/FPS-SESA/rcm/reg_ictp/sfcWind/sfcWind_SMN039_Los_Conquistadores_H_2018-06-01-2021-05-31.nc
Processing SMN station SMN040 - Meneses
Done --> /home/mda_silv/clima-archive2-b/FPS-SESA/rcm/reg_ictp/sfcWind/sfcWind_SMN040_Meneses_H_2018-06-01-2021-05-31.nc
Processing SMN station SMN041 - Miriñay_Medio
Done --> /home/mda_silv/clima-archive2-b/FPS-SESA/rcm/reg_ictp/sfcWind/sfcWind_SMN041_Miriñay_Medio_H_2018-06-01-2021-05-31.nc
Processing SMN station SMN042 - Miriñay_Río
Done --> /home/mda_silv/clima-archive2-b/FPS-SESA/rcm/reg_ictp/sfcWind/sfcWind_SMN042_Miriñay_Río_H_2018-06-01-2021-05-31.nc
Processing SMN station SMN043 - Mocoretá_Lago
Done --> /home/mda_silv/clima-archive2-b/FPS-SESA/rcm/reg_ictp/sfcWind/sfcWind_SMN043_Mocoretá_Lago_H_2018-06-01-2021-05-31.nc
Processing SMN station SMN044 - Mocoreta_Medio
Done --> /home/mda_silv/clima-archive2-b/FPS-SESA/rcm/reg_ictp/sfcWind/sfcWind_SMN044_Mocoreta_Medio_H_2018-06-01-2021-05-31.nc
Processing SMN station SMN045 - Mocoretá_Río
Done --> /home/mda_silv/clima-archive2-b/FPS-SESA/rcm/reg_ictp/sfcWind/sfcWind_SMN045_Mocoretá_Río_H_2018-06-01-2021-05-31.nc
Processing SMN station SMN046 - Monte_Caseros
Done --> /home/mda_silv/clima-archive2-b/FPS-SESA/rcm/reg_ictp/sfcWind/sfcWind_SMN046_Monte_Caseros_H_2018-06-01-2021-05-31.nc
Processing SMN station SMN047 - Paso_Campamento
Done --> /home/mda_silv/clima-archive2-b/FPS-SESA/rcm/reg_ictp/sfcWind/sfcWind_SMN047_Paso_Campamento_H_2018-06-01-2021-05-31.nc
Processing SMN station SMN048 - Paso_de_la_Cruz
Done --> /home/mda_silv/clima-archive2-b/FPS-SESA/rcm/reg_ictp/sfcWind/sfcWind_SMN048_Paso_de_la_Cruz_H_2018-06-01-2021-05-31.nc
Processing SMN station SMN049 - Paso_de_los_Libres
Done --> /home/mda_silv/clima-archive2-b/FPS-SESA/rcm/reg_ictp/sfcWind/sfcWind_SMN049_Paso_de_los_Libres_H_2018-06-01-2021-05-31.nc
Processing SMN station SMN050 - Paso_del_León
Done --> /home/mda_silv/clima-archive2-b/FPS-SESA/rcm/reg_ictp/sfcWind/sfcWind_SMN050_Paso_del_León_H_2018-06-01-2021-05-31.nc
Processing SMN station SMN051 - Paso_del_Remanso
Done --> /home/mda_silv/clima-archive2-b/FPS-SESA/rcm/reg_ictp/sfcWind/sfcWind_SMN051_Paso_del_Remanso_H_2018-06-01-2021-05-31.nc
Processing SMN station SMN052 - Paso_Farías
Done --> /home/mda_silv/clima-archive2-b/FPS-SESA/rcm/reg_ictp/sfcWind/sfcWind_SMN052_Paso_Farías_H_2018-06-01-2021-05-31.nc
Processing SMN station SMN053 - Paso_Potrero
Done --> /home/mda_silv/clima-archive2-b/FPS-SESA/rcm/reg_ictp/sfcWind/sfcWind_SMN053_Paso_Potrero_H_2018-06-01-2021-05-31.nc
Processing SMN station SMN054 - Pepirí_Miní
Done --> /home/mda_silv/clima-archive2-b/FPS-SESA/rcm/reg_ictp/sfcWind/sfcWind_SMN054_Pepirí_Miní_H_2018-06-01-2021-05-31.nc
Processing SMN station SMN055 - Puerto_Concordia
Done --> /home/mda_silv/clima-archive2-b/FPS-SESA/rcm/reg_ictp/sfcWind/sfcWind_SMN055_Puerto_Concordia_H_2018-06-01-2021-05-31.nc
Processing SMN station SMN056 - Pujol
Done --> /home/mda_silv/clima-archive2-b/FPS-SESA/rcm/reg_ictp/sfcWind/sfcWind_SMN056_Pujol_H_2018-06-01-2021-05-31.nc
Processing SMN station SMN057 - Puntas_de_Valentín
Done --> /home/mda_silv/clima-archive2-b/FPS-SESA/rcm/reg_ictp/sfcWind/sfcWind_SMN057_Puntas_de_Valentín_H_2018-06-01-2021-05-31.nc
Processing SMN station SMN058 - Queguay_Ruta_3
Done --> /home/mda_silv/clima-archive2-b/FPS-SESA/rcm/reg_ictp/sfcWind/sfcWind_SMN058_Queguay_Ruta_3_H_2018-06-01-2021-05-31.nc
Processing SMN station SMN059 - Quintana
Done --> /home/mda_silv/clima-archive2-b/FPS-SESA/rcm/reg_ictp/sfcWind/sfcWind_SMN059_Quintana_H_2018-06-01-2021-05-31.nc
Processing SMN station SMN060 - Salto
Done --> /home/mda_silv/clima-archive2-b/FPS-SESA/rcm/reg_ictp/sfcWind/sfcWind_SMN060_Salto_H_2018-06-01-2021-05-31.nc
Processing SMN station SMN061 - Salto_Grande
Done --> /home/mda_silv/clima-archive2-b/FPS-SESA/rcm/reg_ictp/sfcWind/sfcWind_SMN061_Salto_Grande_H_2018-06-01-2021-05-31.nc
Processing SMN station SMN062 - San_Jaime
Done --> /home/mda_silv/clima-archive2-b/FPS-SESA/rcm/reg_ictp/sfcWind/sfcWind_SMN062_San_Jaime_H_2018-06-01-2021-05-31.nc
Processing SMN station SMN063 - San_Javier
Done --> /home/mda_silv/clima-archive2-b/FPS-SESA/rcm/reg_ictp/sfcWind/sfcWind_SMN063_San_Javier_H_2018-06-01-2021-05-31.nc
Processing SMN station SMN064 - San_Roquito
Done --> /home/mda_silv/clima-archive2-b/FPS-SESA/rcm/reg_ictp/sfcWind/sfcWind_SMN064_San_Roquito_H_2018-06-01-2021-05-31.nc
Processing SMN station SMN065 - Santa_Ana
Done --> /home/mda_silv/clima-archive2-b/FPS-SESA/rcm/reg_ictp/sfcWind/sfcWind_SMN065_Santa_Ana_H_2018-06-01-2021-05-31.nc
Processing SMN station SMN066 - Santo_Tomé
Done --> /home/mda_silv/clima-archive2-b/FPS-SESA/rcm/reg_ictp/sfcWind/sfcWind_SMN066_Santo_Tomé_H_2018-06-01-2021-05-31.nc
Processing SMN station SMN067 - Sarandí_de_Arapey
Done --> /home/mda_silv/clima-archive2-b/FPS-SESA/rcm/reg_ictp/sfcWind/sfcWind_SMN067_Sarandí_de_Arapey_H_2018-06-01-2021-05-31.nc
Processing SMN station SMN068 - Sequeira
Done --> /home/mda_silv/clima-archive2-b/FPS-SESA/rcm/reg_ictp/sfcWind/sfcWind_SMN068_Sequeira_H_2018-06-01-2021-05-31.nc
Processing SMN station SMN069 - Solari
Done --> /home/mda_silv/clima-archive2-b/FPS-SESA/rcm/reg_ictp/sfcWind/sfcWind_SMN069_Solari_H_2018-06-01-2021-05-31.nc
Processing SMN station SMN070 - Tomás_Gomensoro
Done --> /home/mda_silv/clima-archive2-b/FPS-SESA/rcm/reg_ictp/sfcWind/sfcWind_SMN070_Tomás_Gomensoro_H_2018-06-01-2021-05-31.nc
Processing SMN station SMN071 - Uguay
Done --> /home/mda_silv/clima-archive2-b/FPS-SESA/rcm/reg_ictp/sfcWind/sfcWind_SMN071_Uguay_H_2018-06-01-2021-05-31.nc
Processing SMN station SMN072 - Yapeyú
Done --> /home/mda_silv/clima-archive2-b/FPS-SESA/rcm/reg_ictp/sfcWind/sfcWind_SMN072_Yapeyú_H_2018-06-01-2021-05-31.nc
Processing INMET station A422 - ABROLHOS
Done --> /home/mda_silv/clima-archive2-b/FPS-SESA/rcm/reg_ictp/sfcWind/sfcWind_A422_ABROLHOS_H_2018-06-01-2021-05-31.nc
Processing INMET station A360 - ACARAU
Done --> /home/mda_silv/clima-archive2-b/FPS-SESA/rcm/reg_ictp/sfcWind/sfcWind_A360_ACARAU_H_2018-06-01-2021-05-31.nc
Processing INMET station A657 - AFONSO_CLAUDIO
Done --> /home/mda_silv/clima-archive2-b/FPS-SESA/rcm/reg_ictp/sfcWind/sfcWind_A657_AFONSO_CLAUDIO_H_2018-06-01-2021-05-31.nc
Processing INMET station A908 - AGUA_BOA
Done --> /home/mda_silv/clima-archive2-b/FPS-SESA/rcm/reg_ictp/sfcWind/sfcWind_A908_AGUA_BOA_H_2018-06-01-2021-05-31.nc
Processing INMET station A756 - AGUA_CLARA
Done --> /home/mda_silv/clima-archive2-b/FPS-SESA/rcm/reg_ictp/sfcWind/sfcWind_A756_AGUA_CLARA_H_2018-06-01-2021-05-31.nc
Processing INMET station A045 - AGUAS_EMENDADAS
Done --> /home/mda_silv/clima-archive2-b/FPS-SESA/rcm/reg_ictp/sfcWind/sfcWind_A045_AGUAS_EMENDADAS_H_2018-06-01-2021-05-31.nc
Processing INMET station A549 - AGUAS_VERMELHAS
Done --> /home/mda_silv/clima-archive2-b/FPS-SESA/rcm/reg_ictp/sfcWind/sfcWind_A549_AGUAS_VERMELHAS_H_2018-06-01-2021-05-31.nc
Processing INMET station A534 - AIMORES
Done --> /home/mda_silv/clima-archive2-b/FPS-SESA/rcm/reg_ictp/sfcWind/sfcWind_A534_AIMORES_H_2018-06-01-2021-05-31.nc
Processing INMET station A617 - ALEGRE
Done --> /home/mda_silv/clima-archive2-b/FPS-SESA/rcm/reg_ictp/sfcWind/sfcWind_A617_ALEGRE_H_2018-06-01-2021-05-31.nc
Processing INMET station A826 - ALEGRETE
Done --> /home/mda_silv/clima-archive2-b/FPS-SESA/rcm/reg_ictp/sfcWind/sfcWind_A826_ALEGRETE_H_2018-06-01-2021-05-31.nc
Processing INMET station A615 - ALFREDO_CHAVES
Done --> /home/mda_silv/clima-archive2-b/FPS-SESA/rcm/reg_ictp/sfcWind/sfcWind_A615_ALFREDO_CHAVES_H_2018-06-01-2021-05-31.nc
Processing INMET station A053 - ALMAS
Done --> /home/mda_silv/clima-archive2-b/FPS-SESA/rcm/reg_ictp/sfcWind/sfcWind_A053_ALMAS_H_2018-06-01-2021-05-31.nc
Processing INMET station A508 - ALMENARA
Done --> /home/mda_silv/clima-archive2-b/FPS-SESA/rcm/reg_ictp/sfcWind/sfcWind_A508_ALMENARA_H_2018-06-01-2021-05-31.nc
Processing INMET station A924 - ALTA_FLORESTA
Done --> /home/mda_silv/clima-archive2-b/FPS-SESA/rcm/reg_ictp/sfcWind/sfcWind_A924_ALTA_FLORESTA_H_2018-06-01-2021-05-31.nc
Processing INMET station A909 - ALTO_ARAGUAIA
Done --> /home/mda_silv/clima-archive2-b/FPS-SESA/rcm/reg_ictp/sfcWind/sfcWind_A909_ALTO_ARAGUAIA_H_2018-06-01-2021-05-31.nc
Processing INMET station A024 - ALTO_PARAISO_DE_GOIAS
Done --> /home/mda_silv/clima-archive2-b/FPS-SESA/rcm/reg_ictp/sfcWind/sfcWind_A024_ALTO_PARAISO_DE_GOIAS_H_2018-06-01-2021-05-31.nc
Processing INMET station A223 - ALTO_PARNAIBA
Done --> /home/mda_silv/clima-archive2-b/FPS-SESA/rcm/reg_ictp/sfcWind/sfcWind_A223_ALTO_PARNAIBA_H_2018-06-01-2021-05-31.nc
Processing INMET station A934 - ALTO_TAQUARI	
Done --> /home/mda_silv/clima-archive2-b/FPS-SESA/rcm/reg_ictp/sfcWind/sfcWind_A934_ALTO_TAQUARI	_H_2018-06-01-2021-05-31.nc
Processing INMET station A336 - ALVORADA_DO_GURGUEIA
Done --> /home/mda_silv/clima-archive2-b/FPS-SESA/rcm/reg_ictp/sfcWind/sfcWind_A336_ALVORADA_DO_GURGUEIA_H_2018-06-01-2021-05-31.nc
Processing INMET station A750 - AMAMBAI
Done --> /home/mda_silv/clima-archive2-b/FPS-SESA/rcm/reg_ictp/sfcWind/sfcWind_A750_AMAMBAI_H_2018-06-01-2021-05-31.nc
Processing INMET station A434 - AMARGOSA
Done --> /home/mda_silv/clima-archive2-b/FPS-SESA/rcm/reg_ictp/sfcWind/sfcWind_A434_AMARGOSA_H_2018-06-01-2021-05-31.nc
Processing INMET station A628 - ANGRA_DOS_REIS
Done --> /home/mda_silv/clima-archive2-b/FPS-SESA/rcm/reg_ictp/sfcWind/sfcWind_A628_ANGRA_DOS_REIS_H_2018-06-01-2021-05-31.nc
Processing INMET station A910 - APIACAS
Done --> /home/mda_silv/clima-archive2-b/FPS-SESA/rcm/reg_ictp/sfcWind/sfcWind_A910_APIACAS_H_2018-06-01-2021-05-31.nc
Processing INMET station A340 - APODI
Done --> /home/mda_silv/clima-archive2-b/FPS-SESA/rcm/reg_ictp/sfcWind/sfcWind_A340_APODI_H_2018-06-01-2021-05-31.nc
Processing INMET station A113 - APUI
Done --> /home/mda_silv/clima-archive2-b/FPS-SESA/rcm/reg_ictp/sfcWind/sfcWind_A113_APUI_H_2018-06-01-2021-05-31.nc
Processing INMET station A719 - AQUIDAUANA
Done --> /home/mda_silv/clima-archive2-b/FPS-SESA/rcm/reg_ictp/sfcWind/sfcWind_A719_AQUIDAUANA_H_2018-06-01-2021-05-31.nc
Processing INMET station A409 - ARACAJU
Done --> /home/mda_silv/clima-archive2-b/FPS-SESA/rcm/reg_ictp/sfcWind/sfcWind_A409_ARACAJU_H_2018-06-01-2021-05-31.nc
Processing INMET station A566 - ARACUAI
Done --> /home/mda_silv/clima-archive2-b/FPS-SESA/rcm/reg_ictp/sfcWind/sfcWind_A566_ARACUAI_H_2018-06-01-2021-05-31.nc
Processing INMET station A013 - ARAGARCAS
Done --> /home/mda_silv/clima-archive2-b/FPS-SESA/rcm/reg_ictp/sfcWind/sfcWind_A013_ARAGARCAS_H_2018-06-01-2021-05-31.nc
Processing INMET station A054 - ARAGUACU
Done --> /home/mda_silv/clima-archive2-b/FPS-SESA/rcm/reg_ictp/sfcWind/sfcWind_A054_ARAGUACU_H_2018-06-01-2021-05-31.nc
Processing INMET station A021 - ARAGUAINA
Done --> /home/mda_silv/clima-archive2-b/FPS-SESA/rcm/reg_ictp/sfcWind/sfcWind_A021_ARAGUAINA_H_2018-06-01-2021-05-31.nc
Processing INMET station A044 - ARAGUATINS
Done --> /home/mda_silv/clima-archive2-b/FPS-SESA/rcm/reg_ictp/sfcWind/sfcWind_A044_ARAGUATINS_H_2018-06-01-2021-05-31.nc
Processing INMET station A353 - ARAPIRACA
Done --> /home/mda_silv/clima-archive2-b/FPS-SESA/rcm/reg_ictp/sfcWind/sfcWind_A353_ARAPIRACA_H_2018-06-01-2021-05-31.nc
Processing INMET station A867 - ARARANGUA
Done --> /home/mda_silv/clima-archive2-b/FPS-SESA/rcm/reg_ictp/sfcWind/sfcWind_A867_ARARANGUA_H_2018-06-01-2021-05-31.nc
Processing INMET station A505 - ARAXA
Done --> /home/mda_silv/clima-archive2-b/FPS-SESA/rcm/reg_ictp/sfcWind/sfcWind_A505_ARAXA_H_2018-06-01-2021-05-31.nc
Processing INMET station A309 - ARCO_VERDE
Done --> /home/mda_silv/clima-archive2-b/FPS-SESA/rcm/reg_ictp/sfcWind/sfcWind_A309_ARCO_VERDE_H_2018-06-01-2021-05-31.nc
Processing INMET station A310 - AREIA
Done --> /home/mda_silv/clima-archive2-b/FPS-SESA/rcm/reg_ictp/sfcWind/sfcWind_A310_AREIA_H_2018-06-01-2021-05-31.nc
Processing INMET station A940 - ARIQUEMES
Done --> /home/mda_silv/clima-archive2-b/FPS-SESA/rcm/reg_ictp/sfcWind/sfcWind_A940_ARIQUEMES_H_2018-06-01-2021-05-31.nc
Processing INMET station A736 - ARIRANHA
Done --> /home/mda_silv/clima-archive2-b/FPS-SESA/rcm/reg_ictp/sfcWind/sfcWind_A736_ARIRANHA_H_2018-06-01-2021-05-31.nc
Processing INMET station A606 - ARRAIAL_DO_CABO
Done --> /home/mda_silv/clima-archive2-b/FPS-SESA/rcm/reg_ictp/sfcWind/sfcWind_A606_ARRAIAL_DO_CABO_H_2018-06-01-2021-05-31.nc
Processing INMET station A120 - AUTAZES
Done --> /home/mda_silv/clima-archive2-b/FPS-SESA/rcm/reg_ictp/sfcWind/sfcWind_A120_AUTAZES_H_2018-06-01-2021-05-31.nc
Processing INMET station A725 - AVARE
Done --> /home/mda_silv/clima-archive2-b/FPS-SESA/rcm/reg_ictp/sfcWind/sfcWind_A725_AVARE_H_2018-06-01-2021-05-31.nc
Processing INMET station A220 - BACABAL
Done --> /home/mda_silv/clima-archive2-b/FPS-SESA/rcm/reg_ictp/sfcWind/sfcWind_A220_BACABAL_H_2018-06-01-2021-05-31.nc
Processing INMET station A827 - BAGE
Done --> /home/mda_silv/clima-archive2-b/FPS-SESA/rcm/reg_ictp/sfcWind/sfcWind_A827_BAGE_H_2018-06-01-2021-05-31.nc
Processing INMET station A204 - BALSAS
Done --> /home/mda_silv/clima-archive2-b/FPS-SESA/rcm/reg_ictp/sfcWind/sfcWind_A204_BALSAS_H_2018-06-01-2021-05-31.nc
Processing INMET station A565 - BAMBUI
Done --> /home/mda_silv/clima-archive2-b/FPS-SESA/rcm/reg_ictp/sfcWind/sfcWind_A565_BAMBUI_H_2018-06-01-2021-05-31.nc
Processing INMET station A502 - BARBACENA
Done --> /home/mda_silv/clima-archive2-b/FPS-SESA/rcm/reg_ictp/sfcWind/sfcWind_A502_BARBACENA_H_2018-06-01-2021-05-31.nc
Processing INMET station A315 - BARBALHA
Done --> /home/mda_silv/clima-archive2-b/FPS-SESA/rcm/reg_ictp/sfcWind/sfcWind_A315_BARBALHA_H_2018-06-01-2021-05-31.nc
Processing INMET station A128 - BARCELOS
Done --> /home/mda_silv/clima-archive2-b/FPS-SESA/rcm/reg_ictp/sfcWind/sfcWind_A128_BARCELOS_H_2018-06-01-2021-05-31.nc
Processing INMET station A429 - BARRA
Done --> /home/mda_silv/clima-archive2-b/FPS-SESA/rcm/reg_ictp/sfcWind/sfcWind_A429_BARRA_H_2018-06-01-2021-05-31.nc
Processing INMET station A741 - BARRA_BONITA
Done --> /home/mda_silv/clima-archive2-b/FPS-SESA/rcm/reg_ictp/sfcWind/sfcWind_A741_BARRA_BONITA_H_2018-06-01-2021-05-31.nc
Processing INMET station A221 - BARRA_DO_CORDA
Done --> /home/mda_silv/clima-archive2-b/FPS-SESA/rcm/reg_ictp/sfcWind/sfcWind_A221_BARRA_DO_CORDA_H_2018-06-01-2021-05-31.nc
Processing INMET station A746 - BARRA_DO_TURVO
Done --> /home/mda_silv/clima-archive2-b/FPS-SESA/rcm/reg_ictp/sfcWind/sfcWind_A746_BARRA_DO_TURVO_H_2018-06-01-2021-05-31.nc
Processing INMET station A402 - BARREIRAS
Done --> /home/mda_silv/clima-archive2-b/FPS-SESA/rcm/reg_ictp/sfcWind/sfcWind_A402_BARREIRAS_H_2018-06-01-2021-05-31.nc
Processing INMET station A748 - BARRETOS
Done --> /home/mda_silv/clima-archive2-b/FPS-SESA/rcm/reg_ictp/sfcWind/sfcWind_A748_BARRETOS_H_2018-06-01-2021-05-31.nc
Processing INMET station A755 - BARUERI
Done --> /home/mda_silv/clima-archive2-b/FPS-SESA/rcm/reg_ictp/sfcWind/sfcWind_A755_BARUERI_H_2018-06-01-2021-05-31.nc
Processing INMET station A759 - BATAGUASSU
Done --> /home/mda_silv/clima-archive2-b/FPS-SESA/rcm/reg_ictp/sfcWind/sfcWind_A759_BATAGUASSU_H_2018-06-01-2021-05-31.nc
Processing INMET station A705 - BAURU
Done --> /home/mda_silv/clima-archive2-b/FPS-SESA/rcm/reg_ictp/sfcWind/sfcWind_A705_BAURU_H_2018-06-01-2021-05-31.nc
Processing INMET station A764 - BEBEDOURO
Done --> /home/mda_silv/clima-archive2-b/FPS-SESA/rcm/reg_ictp/sfcWind/sfcWind_A764_BEBEDOURO_H_2018-06-01-2021-05-31.nc
Processing INMET station A201 - BELEM
Done --> /home/mda_silv/clima-archive2-b/FPS-SESA/rcm/reg_ictp/sfcWind/sfcWind_A201_BELEM_H_2018-06-01-2021-05-31.nc
Processing INMET station A447 - BELMONTE
Done --> /home/mda_silv/clima-archive2-b/FPS-SESA/rcm/reg_ictp/sfcWind/sfcWind_A447_BELMONTE_H_2018-06-01-2021-05-31.nc
Processing INMET station A521 - BELO_HORIZONTE-PAMPULHA
Done --> /home/mda_silv/clima-archive2-b/FPS-SESA/rcm/reg_ictp/sfcWind/sfcWind_A521_BELO_HORIZONTE-PAMPULHA_H_2018-06-01-2021-05-31.nc
Processing INMET station F501 - BELO_HORIZONTE-CERCADINHO
Done --> /home/mda_silv/clima-archive2-b/FPS-SESA/rcm/reg_ictp/sfcWind/sfcWind_F501_BELO_HORIZONTE-CERCADINHO_H_2018-06-01-2021-05-31.nc
Processing INMET station A840 - BENTO_GONCALVES
Done --> /home/mda_silv/clima-archive2-b/FPS-SESA/rcm/reg_ictp/sfcWind/sfcWind_A840_BENTO_GONCALVES_H_2018-06-01-2021-05-31.nc
Processing INMET station A765 - BERTIOGA
Done --> /home/mda_silv/clima-archive2-b/FPS-SESA/rcm/reg_ictp/sfcWind/sfcWind_A765_BERTIOGA_H_2018-06-01-2021-05-31.nc
Processing INMET station A135 - BOA_VISTA
Done --> /home/mda_silv/clima-archive2-b/FPS-SESA/rcm/reg_ictp/sfcWind/sfcWind_A135_BOA_VISTA_H_2018-06-01-2021-05-31.nc
Processing INMET station A110 - BOCA_DO_ACRE
Done --> /home/mda_silv/clima-archive2-b/FPS-SESA/rcm/reg_ictp/sfcWind/sfcWind_A110_BOCA_DO_ACRE_H_2018-06-01-2021-05-31.nc
Processing INMET station A845 - BOM_JARDIM_DA_SERRA-MORRO_DA_IGREJA
Done --> /home/mda_silv/clima-archive2-b/FPS-SESA/rcm/reg_ictp/sfcWind/sfcWind_A845_BOM_JARDIM_DA_SERRA-MORRO_DA_IGREJA_H_2018-06-01-2021-05-31.nc
Processing INMET station A418 - BOM_JESUS_DA_LAPA
Done --> /home/mda_silv/clima-archive2-b/FPS-SESA/rcm/reg_ictp/sfcWind/sfcWind_A418_BOM_JESUS_DA_LAPA_H_2018-06-01-2021-05-31.nc
Processing INMET station A326 - BOM_JESUS_DO_PIAUI
Done --> /home/mda_silv/clima-archive2-b/FPS-SESA/rcm/reg_ictp/sfcWind/sfcWind_A326_BOM_JESUS_DO_PIAUI_H_2018-06-01-2021-05-31.nc
Processing INMET station A226 - BRAGANCA
Done --> /home/mda_silv/clima-archive2-b/FPS-SESA/rcm/reg_ictp/sfcWind/sfcWind_A226_BRAGANCA_H_2018-06-01-2021-05-31.nc
Processing INMET station A744 - BRAGANCA_PAULISTA
Done --> /home/mda_silv/clima-archive2-b/FPS-SESA/rcm/reg_ictp/sfcWind/sfcWind_A744_BRAGANCA_PAULISTA_H_2018-06-01-2021-05-31.nc
Processing INMET station A001 - BRASILIA
Done --> /home/mda_silv/clima-archive2-b/FPS-SESA/rcm/reg_ictp/sfcWind/sfcWind_A001_BRASILIA_H_2018-06-01-2021-05-31.nc
Processing INMET station A927 - BRASNORTE-NOVO_MUNDO
Done --> /home/mda_silv/clima-archive2-b/FPS-SESA/rcm/reg_ictp/sfcWind/sfcWind_A927_BRASNORTE-NOVO_MUNDO_H_2018-06-01-2021-05-31.nc
Processing INMET station A042 - BRAZLANDIA
Done --> /home/mda_silv/clima-archive2-b/FPS-SESA/rcm/reg_ictp/sfcWind/sfcWind_A042_BRAZLANDIA_H_2018-06-01-2021-05-31.nc
Processing INMET station A421 - BREJO_GRANDE
Done --> /home/mda_silv/clima-archive2-b/FPS-SESA/rcm/reg_ictp/sfcWind/sfcWind_A421_BREJO_GRANDE_H_2018-06-01-2021-05-31.nc
Processing INMET station A228 - BREVES
Done --> /home/mda_silv/clima-archive2-b/FPS-SESA/rcm/reg_ictp/sfcWind/sfcWind_A228_BREVES_H_2018-06-01-2021-05-31.nc
Processing INMET station A433 - BRUMADO
Done --> /home/mda_silv/clima-archive2-b/FPS-SESA/rcm/reg_ictp/sfcWind/sfcWind_A433_BRUMADO_H_2018-06-01-2021-05-31.nc
Processing INMET station A238 - BURITICUPU
Done --> /home/mda_silv/clima-archive2-b/FPS-SESA/rcm/reg_ictp/sfcWind/sfcWind_A238_BURITICUPU_H_2018-06-01-2021-05-31.nc
Processing INMET station A432 - BURITIRAMA
Done --> /home/mda_silv/clima-archive2-b/FPS-SESA/rcm/reg_ictp/sfcWind/sfcWind_A432_BURITIRAMA_H_2018-06-01-2021-05-31.nc
Processing INMET station A544 - BURITIS
Done --> /home/mda_silv/clima-archive2-b/FPS-SESA/rcm/reg_ictp/sfcWind/sfcWind_A544_BURITIS_H_2018-06-01-2021-05-31.nc
Processing INMET station A348 - CABACEIRAS
Done --> /home/mda_silv/clima-archive2-b/FPS-SESA/rcm/reg_ictp/sfcWind/sfcWind_A348_CABACEIRAS_H_2018-06-01-2021-05-31.nc
Processing INMET station A329 - CABROBO
Done --> /home/mda_silv/clima-archive2-b/FPS-SESA/rcm/reg_ictp/sfcWind/sfcWind_A329_CABROBO_H_2018-06-01-2021-05-31.nc
Processing INMET station A859 - CACADOR
Done --> /home/mda_silv/clima-archive2-b/FPS-SESA/rcm/reg_ictp/sfcWind/sfcWind_A859_CACADOR_H_2018-06-01-2021-05-31.nc
Processing INMET station A812 - CACAPAVA_DO_SUL
Done --> /home/mda_silv/clima-archive2-b/FPS-SESA/rcm/reg_ictp/sfcWind/sfcWind_A812_CACAPAVA_DO_SUL_H_2018-06-01-2021-05-31.nc
Processing INMET station A769 - CACHOEIRA_PAULISTA
Done --> /home/mda_silv/clima-archive2-b/FPS-SESA/rcm/reg_ictp/sfcWind/sfcWind_A769_CACHOEIRA_PAULISTA_H_2018-06-01-2021-05-31.nc
Processing INMET station A939 - CACOAL
Done --> /home/mda_silv/clima-archive2-b/FPS-SESA/rcm/reg_ictp/sfcWind/sfcWind_A939_CACOAL_H_2018-06-01-2021-05-31.nc
Processing INMET station A023 - CAIAPONIA
Done --> /home/mda_silv/clima-archive2-b/FPS-SESA/rcm/reg_ictp/sfcWind/sfcWind_A023_CAIAPONIA_H_2018-06-01-2021-05-31.nc
Processing INMET station A316 - CAICO
Done --> /home/mda_silv/clima-archive2-b/FPS-SESA/rcm/reg_ictp/sfcWind/sfcWind_A316_CAICO_H_2018-06-01-2021-05-31.nc
Processing INMET station A344 - CALCANHAR
Done --> /home/mda_silv/clima-archive2-b/FPS-SESA/rcm/reg_ictp/sfcWind/sfcWind_A344_CALCANHAR_H_2018-06-01-2021-05-31.nc
Processing INMET station A530 - CALDAS
Done --> /home/mda_silv/clima-archive2-b/FPS-SESA/rcm/reg_ictp/sfcWind/sfcWind_A530_CALDAS_H_2018-06-01-2021-05-31.nc
Processing INMET station A838 - CAMAQUA
Done --> /home/mda_silv/clima-archive2-b/FPS-SESA/rcm/reg_ictp/sfcWind/sfcWind_A838_CAMAQUA_H_2018-06-01-2021-05-31.nc
Processing INMET station A352 - CAMARATUBA
Done --> /home/mda_silv/clima-archive2-b/FPS-SESA/rcm/reg_ictp/sfcWind/sfcWind_A352_CAMARATUBA_H_2018-06-01-2021-05-31.nc
Processing INMET station A897 - CAMBARA_DO_SUL
Done --> /home/mda_silv/clima-archive2-b/FPS-SESA/rcm/reg_ictp/sfcWind/sfcWind_A897_CAMBARA_DO_SUL_H_2018-06-01-2021-05-31.nc
Processing INMET station A604 - CAMBUCI
Done --> /home/mda_silv/clima-archive2-b/FPS-SESA/rcm/reg_ictp/sfcWind/sfcWind_A604_CAMBUCI_H_2018-06-01-2021-05-31.nc
Processing INMET station A236 - CAMETA
Done --> /home/mda_silv/clima-archive2-b/FPS-SESA/rcm/reg_ictp/sfcWind/sfcWind_A236_CAMETA_H_2018-06-01-2021-05-31.nc
Processing INMET station B803 - CAMPINA_DA_LAGOA
Done --> /home/mda_silv/clima-archive2-b/FPS-SESA/rcm/reg_ictp/sfcWind/sfcWind_B803_CAMPINA_DA_LAGOA_H_2018-06-01-2021-05-31.nc
Processing INMET station A313 - CAMPINA_GRANDE
Done --> /home/mda_silv/clima-archive2-b/FPS-SESA/rcm/reg_ictp/sfcWind/sfcWind_A313_CAMPINA_GRANDE_H_2018-06-01-2021-05-31.nc
Processing INMET station A519 - CAMPINA_VERDE
Done --> /home/mda_silv/clima-archive2-b/FPS-SESA/rcm/reg_ictp/sfcWind/sfcWind_A519_CAMPINA_VERDE_H_2018-06-01-2021-05-31.nc
Processing INMET station A884 - CAMPO_BOM
Done --> /home/mda_silv/clima-archive2-b/FPS-SESA/rcm/reg_ictp/sfcWind/sfcWind_A884_CAMPO_BOM_H_2018-06-01-2021-05-31.nc
Processing INMET station A702 - CAMPO_GRANDE
Done --> /home/mda_silv/clima-archive2-b/FPS-SESA/rcm/reg_ictp/sfcWind/sfcWind_A702_CAMPO_GRANDE_H_2018-06-01-2021-05-31.nc
Processing INMET station A905 - CAMPO_NOVO_DOS_PARECIS
Done --> /home/mda_silv/clima-archive2-b/FPS-SESA/rcm/reg_ictp/sfcWind/sfcWind_A905_CAMPO_NOVO_DOS_PARECIS_H_2018-06-01-2021-05-31.nc
Processing INMET station A912 - CAMPO_VERDE
Done --> /home/mda_silv/clima-archive2-b/FPS-SESA/rcm/reg_ictp/sfcWind/sfcWind_A912_CAMPO_VERDE_H_2018-06-01-2021-05-31.nc
Processing INMET station A706 - CAMPOS_DO_JORDAO
Done --> /home/mda_silv/clima-archive2-b/FPS-SESA/rcm/reg_ictp/sfcWind/sfcWind_A706_CAMPOS_DO_JORDAO_H_2018-06-01-2021-05-31.nc
Processing INMET station A607 - CAMPOS_DOS_GOYTACAZES
Done --> /home/mda_silv/clima-archive2-b/FPS-SESA/rcm/reg_ictp/sfcWind/sfcWind_A607_CAMPOS_DOS_GOYTACAZES_H_2018-06-01-2021-05-31.nc
Processing INMET station A620 - CAMPOS_DOS_GOYTACAZES-SAO_TOME
Done --> /home/mda_silv/clima-archive2-b/FPS-SESA/rcm/reg_ictp/sfcWind/sfcWind_A620_CAMPOS_DOS_GOYTACAZES-SAO_TOME_H_2018-06-01-2021-05-31.nc
Processing INMET station A043 - CAMPOS_LINDOS
Done --> /home/mda_silv/clima-archive2-b/FPS-SESA/rcm/reg_ictp/sfcWind/sfcWind_A043_CAMPOS_LINDOS_H_2018-06-01-2021-05-31.nc
Processing INMET station A347 - CAMPOS_SALES
Done --> /home/mda_silv/clima-archive2-b/FPS-SESA/rcm/reg_ictp/sfcWind/sfcWind_A347_CAMPOS_SALES_H_2018-06-01-2021-05-31.nc
Processing INMET station A879 - CANELA
Done --> /home/mda_silv/clima-archive2-b/FPS-SESA/rcm/reg_ictp/sfcWind/sfcWind_A879_CANELA_H_2018-06-01-2021-05-31.nc
Processing INMET station A811 - CANGUCU
Done --> /home/mda_silv/clima-archive2-b/FPS-SESA/rcm/reg_ictp/sfcWind/sfcWind_A811_CANGUCU_H_2018-06-01-2021-05-31.nc
Processing INMET station A365 - CANTO_DO_BURITI
Done --> /home/mda_silv/clima-archive2-b/FPS-SESA/rcm/reg_ictp/sfcWind/sfcWind_A365_CANTO_DO_BURITI_H_2018-06-01-2021-05-31.nc
Processing INMET station A541 - CAPELINHA
Done --> /home/mda_silv/clima-archive2-b/FPS-SESA/rcm/reg_ictp/sfcWind/sfcWind_A541_CAPELINHA_H_2018-06-01-2021-05-31.nc
Processing INMET station A248 - CAPITAO POCO
Done --> /home/mda_silv/clima-archive2-b/FPS-SESA/rcm/reg_ictp/sfcWind/sfcWind_A248_CAPITAO POCO_H_2018-06-01-2021-05-31.nc
Processing INMET station A337 - CARACOL
Done --> /home/mda_silv/clima-archive2-b/FPS-SESA/rcm/reg_ictp/sfcWind/sfcWind_A337_CARACOL_H_2018-06-01-2021-05-31.nc
Processing INMET station A554 - CARATINGA
Done --> /home/mda_silv/clima-archive2-b/FPS-SESA/rcm/reg_ictp/sfcWind/sfcWind_A554_CARATINGA_H_2018-06-01-2021-05-31.nc
Processing INMET station A405 - CARAVELAS
Done --> /home/mda_silv/clima-archive2-b/FPS-SESA/rcm/reg_ictp/sfcWind/sfcWind_A405_CARAVELAS_H_2018-06-01-2021-05-31.nc
Processing INMET station A926 - CARLINDA
Done --> /home/mda_silv/clima-archive2-b/FPS-SESA/rcm/reg_ictp/sfcWind/sfcWind_A926_CARLINDA_H_2018-06-01-2021-05-31.nc
Processing INMET station A205 - CAROLINA
Done --> /home/mda_silv/clima-archive2-b/FPS-SESA/rcm/reg_ictp/sfcWind/sfcWind_A205_CAROLINA_H_2018-06-01-2021-05-31.nc
Processing INMET station A341 - CARUARU
Done --> /home/mda_silv/clima-archive2-b/FPS-SESA/rcm/reg_ictp/sfcWind/sfcWind_A341_CARUARU_H_2018-06-01-2021-05-31.nc
Processing INMET station A738 - CASA BRANCA
Done --> /home/mda_silv/clima-archive2-b/FPS-SESA/rcm/reg_ictp/sfcWind/sfcWind_A738_CASA BRANCA_H_2018-06-01-2021-05-31.nc
Processing INMET station A742 - CASSILANDIA
Done --> /home/mda_silv/clima-archive2-b/FPS-SESA/rcm/reg_ictp/sfcWind/sfcWind_A742_CASSILANDIA_H_2018-06-01-2021-05-31.nc
Processing INMET station A202 - CASTANHAL
Done --> /home/mda_silv/clima-archive2-b/FPS-SESA/rcm/reg_ictp/sfcWind/sfcWind_A202_CASTANHAL_H_2018-06-01-2021-05-31.nc
Processing INMET station A361 - CASTELO_DO_PIAUI
Done --> /home/mda_silv/clima-archive2-b/FPS-SESA/rcm/reg_ictp/sfcWind/sfcWind_A361_CASTELO_DO_PIAUI_H_2018-06-01-2021-05-31.nc
Processing INMET station A819 - CASTRO
Done --> /home/mda_silv/clima-archive2-b/FPS-SESA/rcm/reg_ictp/sfcWind/sfcWind_A819_CASTRO_H_2018-06-01-2021-05-31.nc
Processing INMET station A034 - CATALAO
Done --> /home/mda_silv/clima-archive2-b/FPS-SESA/rcm/reg_ictp/sfcWind/sfcWind_A034_CATALAO_H_2018-06-01-2021-05-31.nc
Processing INMET station A237 - CAXIAS
Done --> /home/mda_silv/clima-archive2-b/FPS-SESA/rcm/reg_ictp/sfcWind/sfcWind_A237_CAXIAS_H_2018-06-01-2021-05-31.nc
Processing INMET station A548 - CHAPADA_GAUCHA
Done --> /home/mda_silv/clima-archive2-b/FPS-SESA/rcm/reg_ictp/sfcWind/sfcWind_A548_CHAPADA_GAUCHA_H_2018-06-01-2021-05-31.nc
Processing INMET station A730 - CHAPADAO_DO_SUL
Done --> /home/mda_silv/clima-archive2-b/FPS-SESA/rcm/reg_ictp/sfcWind/sfcWind_A730_CHAPADAO_DO_SUL_H_2018-06-01-2021-05-31.nc
Processing INMET station A206 - CHAPADINHA
Done --> /home/mda_silv/clima-archive2-b/FPS-SESA/rcm/reg_ictp/sfcWind/sfcWind_A206_CHAPADINHA_H_2018-06-01-2021-05-31.nc
Processing INMET station A869 - CIDADE_GAUCHA
Done --> /home/mda_silv/clima-archive2-b/FPS-SESA/rcm/reg_ictp/sfcWind/sfcWind_A869_CIDADE_GAUCHA_H_2018-06-01-2021-05-31.nc
Processing INMET station A876 - CLEVELANDIA
Done --> /home/mda_silv/clima-archive2-b/FPS-SESA/rcm/reg_ictp/sfcWind/sfcWind_A876_CLEVELANDIA_H_2018-06-01-2021-05-31.nc
Processing INMET station A117 - COARI
Done --> /home/mda_silv/clima-archive2-b/FPS-SESA/rcm/reg_ictp/sfcWind/sfcWind_A117_COARI_H_2018-06-01-2021-05-31.nc
Processing INMET station A222 - COLINAS
Done --> /home/mda_silv/clima-archive2-b/FPS-SESA/rcm/reg_ictp/sfcWind/sfcWind_A222_COLINAS_H_2018-06-01-2021-05-31.nc
Processing INMET station A049 - COLINAS_DO_TOCANTINS
Done --> /home/mda_silv/clima-archive2-b/FPS-SESA/rcm/reg_ictp/sfcWind/sfcWind_A049_COLINAS_DO_TOCANTINS_H_2018-06-01-2021-05-31.nc
Processing INMET station B806 - COLOMBO
Done --> /home/mda_silv/clima-archive2-b/FPS-SESA/rcm/reg_ictp/sfcWind/sfcWind_B806_COLOMBO_H_2018-06-01-2021-05-31.nc
Processing INMET station A913 - COMODORO
Done --> /home/mda_silv/clima-archive2-b/FPS-SESA/rcm/reg_ictp/sfcWind/sfcWind_A913_COMODORO_H_2018-06-01-2021-05-31.nc
Processing INMET station A520 - CONCEICAO_DAS_ALAGOAS
Done --> /home/mda_silv/clima-archive2-b/FPS-SESA/rcm/reg_ictp/sfcWind/sfcWind_A520_CONCEICAO_DAS_ALAGOAS_H_2018-06-01-2021-05-31.nc
Processing INMET station A241 - CONCEICAO_DO_ARAGUAIA
Done --> /home/mda_silv/clima-archive2-b/FPS-SESA/rcm/reg_ictp/sfcWind/sfcWind_A241_CONCEICAO_DO_ARAGUAIA_H_2018-06-01-2021-05-31.nc
Processing INMET station A431 - CONDE
Done --> /home/mda_silv/clima-archive2-b/FPS-SESA/rcm/reg_ictp/sfcWind/sfcWind_A431_CONDE_H_2018-06-01-2021-05-31.nc
Processing INMET station A557 - CORONEL PACHECO
Done --> /home/mda_silv/clima-archive2-b/FPS-SESA/rcm/reg_ictp/sfcWind/sfcWind_A557_CORONEL PACHECO_H_2018-06-01-2021-05-31.nc
Processing INMET station A416 - CORRENTINA
Done --> /home/mda_silv/clima-archive2-b/FPS-SESA/rcm/reg_ictp/sfcWind/sfcWind_A416_CORRENTINA_H_2018-06-01-2021-05-31.nc
Processing INMET station A724 - CORUMBA
Done --> /home/mda_silv/clima-archive2-b/FPS-SESA/rcm/reg_ictp/sfcWind/sfcWind_A724_CORUMBA_H_2018-06-01-2021-05-31.nc
Processing INMET station A355 - CORURIPE
Done --> /home/mda_silv/clima-archive2-b/FPS-SESA/rcm/reg_ictp/sfcWind/sfcWind_A355_CORURIPE_H_2018-06-01-2021-05-31.nc
Processing INMET station A760 - COSTA RICA
Done --> /home/mda_silv/clima-archive2-b/FPS-SESA/rcm/reg_ictp/sfcWind/sfcWind_A760_COSTA RICA_H_2018-06-01-2021-05-31.nc
Processing INMET station A919 - COTRIGUACU
Done --> /home/mda_silv/clima-archive2-b/FPS-SESA/rcm/reg_ictp/sfcWind/sfcWind_A919_COTRIGUACU_H_2018-06-01-2021-05-31.nc
Processing INMET station A720 - COXIM
Done --> /home/mda_silv/clima-archive2-b/FPS-SESA/rcm/reg_ictp/sfcWind/sfcWind_A720_COXIM_H_2018-06-01-2021-05-31.nc
Processing INMET station A342 - CRATEUS
Done --> /home/mda_silv/clima-archive2-b/FPS-SESA/rcm/reg_ictp/sfcWind/sfcWind_A342_CRATEUS_H_2018-06-01-2021-05-31.nc
Processing INMET station A036 - CRISTALINA
Done --> /home/mda_silv/clima-archive2-b/FPS-SESA/rcm/reg_ictp/sfcWind/sfcWind_A036_CRISTALINA_H_2018-06-01-2021-05-31.nc
Processing INMET station A853 - CRUZ_ALTA
Done --> /home/mda_silv/clima-archive2-b/FPS-SESA/rcm/reg_ictp/sfcWind/sfcWind_A853_CRUZ_ALTA_H_2018-06-01-2021-05-31.nc
Processing INMET station A406 - CRUZ_DAS_ALMAS
Done --> /home/mda_silv/clima-archive2-b/FPS-SESA/rcm/reg_ictp/sfcWind/sfcWind_A406_CRUZ_DAS_ALMAS_H_2018-06-01-2021-05-31.nc
Processing INMET station A108 - CRUZEIRO_DO_SUL
Done --> /home/mda_silv/clima-archive2-b/FPS-SESA/rcm/reg_ictp/sfcWind/sfcWind_A108_CRUZEIRO_DO_SUL_H_2018-06-01-2021-05-31.nc
Processing INMET station A901 - CUIABA
Done --> /home/mda_silv/clima-archive2-b/FPS-SESA/rcm/reg_ictp/sfcWind/sfcWind_A901_CUIABA_H_2018-06-01-2021-05-31.nc
Processing INMET station A448 - CURACA
Done --> /home/mda_silv/clima-archive2-b/FPS-SESA/rcm/reg_ictp/sfcWind/sfcWind_A448_CURACA_H_2018-06-01-2021-05-31.nc
Processing INMET station A807 - CURITIBA
Done --> /home/mda_silv/clima-archive2-b/FPS-SESA/rcm/reg_ictp/sfcWind/sfcWind_A807_CURITIBA_H_2018-06-01-2021-05-31.nc
Processing INMET station A860 - CURITIBANOS
Done --> /home/mda_silv/clima-archive2-b/FPS-SESA/rcm/reg_ictp/sfcWind/sfcWind_A860_CURITIBANOS_H_2018-06-01-2021-05-31.nc
Processing INMET station A538 - CURVELO
Done --> /home/mda_silv/clima-archive2-b/FPS-SESA/rcm/reg_ictp/sfcWind/sfcWind_A538_CURVELO_H_2018-06-01-2021-05-31.nc
Processing INMET station A443 - DELFINO
Done --> /home/mda_silv/clima-archive2-b/FPS-SESA/rcm/reg_ictp/sfcWind/sfcWind_A443_DELFINO_H_2018-06-01-2021-05-31.nc
Processing INMET station A849 - DIAMANTE_DO_NORTE
Done --> /home/mda_silv/clima-archive2-b/FPS-SESA/rcm/reg_ictp/sfcWind/sfcWind_A849_DIAMANTE_DO_NORTE_H_2018-06-01-2021-05-31.nc
Processing INMET station A537 - DIAMANTINA
Done --> /home/mda_silv/clima-archive2-b/FPS-SESA/rcm/reg_ictp/sfcWind/sfcWind_A537_DIAMANTINA_H_2018-06-01-2021-05-31.nc
Processing INMET station A038 - DIANOPOLIS
Done --> /home/mda_silv/clima-archive2-b/FPS-SESA/rcm/reg_ictp/sfcWind/sfcWind_A038_DIANOPOLIS_H_2018-06-01-2021-05-31.nc
Processing INMET station A848 - DIONISIO_CERQUEIRA
Done --> /home/mda_silv/clima-archive2-b/FPS-SESA/rcm/reg_ictp/sfcWind/sfcWind_A848_DIONISIO_CERQUEIRA_H_2018-06-01-2021-05-31.nc
Processing INMET station A564 - DIVINOPOLIS
Done --> /home/mda_silv/clima-archive2-b/FPS-SESA/rcm/reg_ictp/sfcWind/sfcWind_A564_DIVINOPOLIS_H_2018-06-01-2021-05-31.nc
Processing INMET station A843 - DOIS_VIZINHOS
Done --> /home/mda_silv/clima-archive2-b/FPS-SESA/rcm/reg_ictp/sfcWind/sfcWind_A843_DOIS_VIZINHOS_H_2018-06-01-2021-05-31.nc
Processing INMET station A881 - DOMVPEDRITO
Done --> /home/mda_silv/clima-archive2-b/FPS-SESA/rcm/reg_ictp/sfcWind/sfcWind_A881_DOMVPEDRITO_H_2018-06-01-2021-05-31.nc
Processing INMET station A536 - DORES_DO_INDAIA
Done --> /home/mda_silv/clima-archive2-b/FPS-SESA/rcm/reg_ictp/sfcWind/sfcWind_A536_DORES_DO_INDAIA_H_2018-06-01-2021-05-31.nc
Processing INMET station A721 - DOURADOS
Done --> /home/mda_silv/clima-archive2-b/FPS-SESA/rcm/reg_ictp/sfcWind/sfcWind_A721_DOURADOS_H_2018-06-01-2021-05-31.nc
Processing INMET station A762 - DRACENA
Done --> /home/mda_silv/clima-archive2-b/FPS-SESA/rcm/reg_ictp/sfcWind/sfcWind_A762_DRACENA_H_2018-06-01-2021-05-31.nc
Processing INMET station A603 - DUQUE_DE_CAXIAS-XEREM
Done --> /home/mda_silv/clima-archive2-b/FPS-SESA/rcm/reg_ictp/sfcWind/sfcWind_A603_DUQUE_DE_CAXIAS-XEREM_H_2018-06-01-2021-05-31.nc
Processing INMET station A631 - ECOPORANGA
Done --> /home/mda_silv/clima-archive2-b/FPS-SESA/rcm/reg_ictp/sfcWind/sfcWind_A631_ECOPORANGA_H_2018-06-01-2021-05-31.nc
Processing INMET station A029 - EDEIA
Done --> /home/mda_silv/clima-archive2-b/FPS-SESA/rcm/reg_ictp/sfcWind/sfcWind_A029_EDEIA_H_2018-06-01-2021-05-31.nc
Processing INMET station A109 - EIRUNEPE
Done --> /home/mda_silv/clima-archive2-b/FPS-SESA/rcm/reg_ictp/sfcWind/sfcWind_A109_EIRUNEPE_H_2018-06-01-2021-05-31.nc
Processing INMET station A140 - EPITACIOLANDIA
Done --> /home/mda_silv/clima-archive2-b/FPS-SESA/rcm/reg_ictp/sfcWind/sfcWind_A140_EPITACIOLANDIA_H_2018-06-01-2021-05-31.nc
Processing INMET station A828 - ERECHIM
Done --> /home/mda_silv/clima-archive2-b/FPS-SESA/rcm/reg_ictp/sfcWind/sfcWind_A828_ERECHIM_H_2018-06-01-2021-05-31.nc
Processing INMET station A543 - ESPINOSA
Done --> /home/mda_silv/clima-archive2-b/FPS-SESA/rcm/reg_ictp/sfcWind/sfcWind_A543_ESPINOSA_H_2018-06-01-2021-05-31.nc
Processing INMET station A224 - ESTREITO
Done --> /home/mda_silv/clima-archive2-b/FPS-SESA/rcm/reg_ictp/sfcWind/sfcWind_A224_ESTREITO_H_2018-06-01-2021-05-31.nc
Processing INMET station A217 - FAROL_DE_SANTANA
Done --> /home/mda_silv/clima-archive2-b/FPS-SESA/rcm/reg_ictp/sfcWind/sfcWind_A217_FAROL_DE_SANTANA_H_2018-06-01-2021-05-31.nc
Processing INMET station A138 - FEIJO
Done --> /home/mda_silv/clima-archive2-b/FPS-SESA/rcm/reg_ictp/sfcWind/sfcWind_A138_FEIJO_H_2018-06-01-2021-05-31.nc
Processing INMET station A413 - FEIRA_DE_SANTANA
Done --> /home/mda_silv/clima-archive2-b/FPS-SESA/rcm/reg_ictp/sfcWind/sfcWind_A413_FEIRA_DE_SANTANA_H_2018-06-01-2021-05-31.nc
Processing INMET station A351 - FLORESTA
Done --> /home/mda_silv/clima-archive2-b/FPS-SESA/rcm/reg_ictp/sfcWind/sfcWind_A351_FLORESTA_H_2018-06-01-2021-05-31.nc
Processing INMET station A535 - FLORESTAL
Done --> /home/mda_silv/clima-archive2-b/FPS-SESA/rcm/reg_ictp/sfcWind/sfcWind_A535_FLORESTAL_H_2018-06-01-2021-05-31.nc
Processing INMET station A311 - FLORIANO
Done --> /home/mda_silv/clima-archive2-b/FPS-SESA/rcm/reg_ictp/sfcWind/sfcWind_A311_FLORIANO_H_2018-06-01-2021-05-31.nc
Processing INMET station A806 - FLORIANOPOLIS
Done --> /home/mda_silv/clima-archive2-b/FPS-SESA/rcm/reg_ictp/sfcWind/sfcWind_A806_FLORIANOPOLIS_H_2018-06-01-2021-05-31.nc
Processing INMET station A524 - FORMIGA
Done --> /home/mda_silv/clima-archive2-b/FPS-SESA/rcm/reg_ictp/sfcWind/sfcWind_A524_FORMIGA_H_2018-06-01-2021-05-31.nc
Processing INMET station A452 - FORMOSA_DO_RIO PRETO
Done --> /home/mda_silv/clima-archive2-b/FPS-SESA/rcm/reg_ictp/sfcWind/sfcWind_A452_FORMOSA_DO_RIO PRETO_H_2018-06-01-2021-05-31.nc
Processing INMET station A039 - FORMOSO_DO_ARAGUAIA
Done --> /home/mda_silv/clima-archive2-b/FPS-SESA/rcm/reg_ictp/sfcWind/sfcWind_A039_FORMOSO_DO_ARAGUAIA_H_2018-06-01-2021-05-31.nc
Processing INMET station A305 - FORTALEZA
Done --> /home/mda_silv/clima-archive2-b/FPS-SESA/rcm/reg_ictp/sfcWind/sfcWind_A305_FORTALEZA_H_2018-06-01-2021-05-31.nc
Processing INMET station A846 - FOZ_DO_IGUACU
Done --> /home/mda_silv/clima-archive2-b/FPS-SESA/rcm/reg_ictp/sfcWind/sfcWind_A846_FOZ_DO_IGUACU_H_2018-06-01-2021-05-31.nc
Processing INMET station A708 - FRANCA
Done --> /home/mda_silv/clima-archive2-b/FPS-SESA/rcm/reg_ictp/sfcWind/sfcWind_A708_FRANCA_H_2018-06-01-2021-05-31.nc
Processing INMET station A854 - FREDERICO WESTPHALEN
Done --> /home/mda_silv/clima-archive2-b/FPS-SESA/rcm/reg_ictp/sfcWind/sfcWind_A854_FREDERICO WESTPHALEN_H_2018-06-01-2021-05-31.nc
Processing INMET station A046 - GAMA-PONTE_ALTA
Done --> /home/mda_silv/clima-archive2-b/FPS-SESA/rcm/reg_ictp/sfcWind/sfcWind_A046_GAMA-PONTE_ALTA_H_2018-06-01-2021-05-31.nc
Processing INMET station A322 - GARANHUNS
Done --> /home/mda_silv/clima-archive2-b/FPS-SESA/rcm/reg_ictp/sfcWind/sfcWind_A322_GARANHUNS_H_2018-06-01-2021-05-31.nc
Processing INMET station A930 - GAUCHA_DO_NORTE
Done --> /home/mda_silv/clima-archive2-b/FPS-SESA/rcm/reg_ictp/sfcWind/sfcWind_A930_GAUCHA_DO_NORTE_H_2018-06-01-2021-05-31.nc
Processing INMET station A875 - GENERAL_CARNEIRO
Done --> /home/mda_silv/clima-archive2-b/FPS-SESA/rcm/reg_ictp/sfcWind/sfcWind_A875_GENERAL_CARNEIRO_H_2018-06-01-2021-05-31.nc
Processing INMET station A364 - GILBUES
Done --> /home/mda_silv/clima-archive2-b/FPS-SESA/rcm/reg_ictp/sfcWind/sfcWind_A364_GILBUES_H_2018-06-01-2021-05-31.nc
Processing INMET station A022 - GOIANESIA
Done --> /home/mda_silv/clima-archive2-b/FPS-SESA/rcm/reg_ictp/sfcWind/sfcWind_A022_GOIANESIA_H_2018-06-01-2021-05-31.nc
Processing INMET station A002 - GOIANIA
Done --> /home/mda_silv/clima-archive2-b/FPS-SESA/rcm/reg_ictp/sfcWind/sfcWind_A002_GOIANIA_H_2018-06-01-2021-05-31.nc
Processing INMET station A014 - GOIAS
Done --> /home/mda_silv/clima-archive2-b/FPS-SESA/rcm/reg_ictp/sfcWind/sfcWind_A014_GOIAS_H_2018-06-01-2021-05-31.nc
Processing INMET station A825 - GOIOERE
Done --> /home/mda_silv/clima-archive2-b/FPS-SESA/rcm/reg_ictp/sfcWind/sfcWind_A825_GOIOERE_H_2018-06-01-2021-05-31.nc
Processing INMET station A532 - GOVERNADOR_VALADARES
Done --> /home/mda_silv/clima-archive2-b/FPS-SESA/rcm/reg_ictp/sfcWind/sfcWind_A532_GOVERNADOR_VALADARES_H_2018-06-01-2021-05-31.nc
Processing INMET station A207 - GRAJAU
Done --> /home/mda_silv/clima-archive2-b/FPS-SESA/rcm/reg_ictp/sfcWind/sfcWind_A207_GRAJAU_H_2018-06-01-2021-05-31.nc
Processing INMET station A426 - GUANAMBI
Done --> /home/mda_silv/clima-archive2-b/FPS-SESA/rcm/reg_ictp/sfcWind/sfcWind_A426_GUANAMBI_H_2018-06-01-2021-05-31.nc
Processing INMET station A533 - GUANHAES
Done --> /home/mda_silv/clima-archive2-b/FPS-SESA/rcm/reg_ictp/sfcWind/sfcWind_A533_GUANHAES_H_2018-06-01-2021-05-31.nc
Processing INMET station A314 - GUARAMIRANGA
Done --> /home/mda_silv/clima-archive2-b/FPS-SESA/rcm/reg_ictp/sfcWind/sfcWind_A314_GUARAMIRANGA_H_2018-06-01-2021-05-31.nc
Processing INMET station A906 - GUARANTA_DO_NORTE
Done --> /home/mda_silv/clima-archive2-b/FPS-SESA/rcm/reg_ictp/sfcWind/sfcWind_A906_GUARANTA_DO_NORTE_H_2018-06-01-2021-05-31.nc
Processing INMET station A546 - GUARDA-MOR
Done --> /home/mda_silv/clima-archive2-b/FPS-SESA/rcm/reg_ictp/sfcWind/sfcWind_A546_GUARDA-MOR_H_2018-06-01-2021-05-31.nc
Processing INMET station A932 - GUIRATINGA
Done --> /home/mda_silv/clima-archive2-b/FPS-SESA/rcm/reg_ictp/sfcWind/sfcWind_A932_GUIRATINGA_H_2018-06-01-2021-05-31.nc
Processing INMET station A019 - GURUPI
Done --> /home/mda_silv/clima-archive2-b/FPS-SESA/rcm/reg_ictp/sfcWind/sfcWind_A019_GURUPI_H_2018-06-01-2021-05-31.nc
Processing INMET station A112 - HUMAITA
Done --> /home/mda_silv/clima-archive2-b/FPS-SESA/rcm/reg_ictp/sfcWind/sfcWind_A112_HUMAITA_H_2018-06-01-2021-05-31.nc
Processing INMET station A349 - IBIMIRIM
Done --> /home/mda_silv/clima-archive2-b/FPS-SESA/rcm/reg_ictp/sfcWind/sfcWind_A349_IBIMIRIM_H_2018-06-01-2021-05-31.nc
Processing INMET station A555 - IBIRITE_ROLA-MOCA
Done --> /home/mda_silv/clima-archive2-b/FPS-SESA/rcm/reg_ictp/sfcWind/sfcWind_A555_IBIRITE_ROLA-MOCA_H_2018-06-01-2021-05-31.nc
Processing INMET station A883 - IBIRUBA
Done --> /home/mda_silv/clima-archive2-b/FPS-SESA/rcm/reg_ictp/sfcWind/sfcWind_A883_IBIRUBA_H_2018-06-01-2021-05-31.nc
Processing INMET station A737 - IBITINGA
Done --> /home/mda_silv/clima-archive2-b/FPS-SESA/rcm/reg_ictp/sfcWind/sfcWind_A737_IBITINGA_H_2018-06-01-2021-05-31.nc
Processing INMET station A439 - IBOTIRAMA
Done --> /home/mda_silv/clima-archive2-b/FPS-SESA/rcm/reg_ictp/sfcWind/sfcWind_A439_IBOTIRAMA_H_2018-06-01-2021-05-31.nc
Processing INMET station A824 - ICARAIMA
Done --> /home/mda_silv/clima-archive2-b/FPS-SESA/rcm/reg_ictp/sfcWind/sfcWind_A824_ICARAIMA_H_2018-06-01-2021-05-31.nc
Processing INMET station A712 - IGUAPE
Done --> /home/mda_silv/clima-archive2-b/FPS-SESA/rcm/reg_ictp/sfcWind/sfcWind_A712_IGUAPE_H_2018-06-01-2021-05-31.nc
Processing INMET station A319 - IGUATU
Done --> /home/mda_silv/clima-archive2-b/FPS-SESA/rcm/reg_ictp/sfcWind/sfcWind_A319_IGUATU_H_2018-06-01-2021-05-31.nc
Processing INMET station A410 - ILHEUS
Done --> /home/mda_silv/clima-archive2-b/FPS-SESA/rcm/reg_ictp/sfcWind/sfcWind_A410_ILHEUS_H_2018-06-01-2021-05-31.nc
Processing INMET station A225 - IMPERATRIZ
Done --> /home/mda_silv/clima-archive2-b/FPS-SESA/rcm/reg_ictp/sfcWind/sfcWind_A225_IMPERATRIZ_H_2018-06-01-2021-05-31.nc
Processing INMET station A823 - INACIO_MARTINS
Done --> /home/mda_silv/clima-archive2-b/FPS-SESA/rcm/reg_ictp/sfcWind/sfcWind_A823_INACIO_MARTINS_H_2018-06-01-2021-05-31.nc
Processing INMET station A817 - INDAIAL
Done --> /home/mda_silv/clima-archive2-b/FPS-SESA/rcm/reg_ictp/sfcWind/sfcWind_A817_INDAIAL_H_2018-06-01-2021-05-31.nc
Processing INMET station A372 - IPANGUACU
Done --> /home/mda_silv/clima-archive2-b/FPS-SESA/rcm/reg_ictp/sfcWind/sfcWind_A372_IPANGUACU_H_2018-06-01-2021-05-31.nc
Processing INMET station A445 - IPIAU
Done --> /home/mda_silv/clima-archive2-b/FPS-SESA/rcm/reg_ictp/sfcWind/sfcWind_A445_IPIAU_H_2018-06-01-2021-05-31.nc
Processing INMET station A028 - IPORA
Done --> /home/mda_silv/clima-archive2-b/FPS-SESA/rcm/reg_ictp/sfcWind/sfcWind_A028_IPORA_H_2018-06-01-2021-05-31.nc
Processing INMET station A424 - IRECE
Done --> /home/mda_silv/clima-archive2-b/FPS-SESA/rcm/reg_ictp/sfcWind/sfcWind_A424_IRECE_H_2018-06-01-2021-05-31.nc
Processing INMET station A451 - ITABAIANA
Done --> /home/mda_silv/clima-archive2-b/FPS-SESA/rcm/reg_ictp/sfcWind/sfcWind_A451_ITABAIANA_H_2018-06-01-2021-05-31.nc
Processing INMET station A417 - ITABAIANINHA
Done --> /home/mda_silv/clima-archive2-b/FPS-SESA/rcm/reg_ictp/sfcWind/sfcWind_A417_ITABAIANINHA_H_2018-06-01-2021-05-31.nc
Processing INMET station A408 - ITABERABA
Done --> /home/mda_silv/clima-archive2-b/FPS-SESA/rcm/reg_ictp/sfcWind/sfcWind_A408_ITABERABA_H_2018-06-01-2021-05-31.nc
Processing INMET station A121 - ITACOATIARA
Done --> /home/mda_silv/clima-archive2-b/FPS-SESA/rcm/reg_ictp/sfcWind/sfcWind_A121_ITACOATIARA_H_2018-06-01-2021-05-31.nc
Processing INMET station A231 - ITAITUBA
Done --> /home/mda_silv/clima-archive2-b/FPS-SESA/rcm/reg_ictp/sfcWind/sfcWind_A231_ITAITUBA_H_2018-06-01-2021-05-31.nc
Processing INMET station A868 - ITAJAI
Done --> /home/mda_silv/clima-archive2-b/FPS-SESA/rcm/reg_ictp/sfcWind/sfcWind_A868_ITAJAI_H_2018-06-01-2021-05-31.nc
Processing INMET station A455 - ITAMARAJU
Done --> /home/mda_silv/clima-archive2-b/FPS-SESA/rcm/reg_ictp/sfcWind/sfcWind_A455_ITAMARAJU_H_2018-06-01-2021-05-31.nc
Processing INMET station A550 - ITAOBIM
Done --> /home/mda_silv/clima-archive2-b/FPS-SESA/rcm/reg_ictp/sfcWind/sfcWind_A550_ITAOBIM_H_2018-06-01-2021-05-31.nc
Processing INMET station A015 - ITAPACI
Done --> /home/mda_silv/clima-archive2-b/FPS-SESA/rcm/reg_ictp/sfcWind/sfcWind_A015_ITAPACI_H_2018-06-01-2021-05-31.nc
Processing INMET station A446 - ITAPETINGA
Done --> /home/mda_silv/clima-archive2-b/FPS-SESA/rcm/reg_ictp/sfcWind/sfcWind_A446_ITAPETINGA_H_2018-06-01-2021-05-31.nc
Processing INMET station A714 - ITAPEVA
Done --> /home/mda_silv/clima-archive2-b/FPS-SESA/rcm/reg_ictp/sfcWind/sfcWind_A714_ITAPEVA_H_2018-06-01-2021-05-31.nc
Processing INMET station A359 - ITAPIPOCA
Done --> /home/mda_silv/clima-archive2-b/FPS-SESA/rcm/reg_ictp/sfcWind/sfcWind_A359_ITAPIPOCA_H_2018-06-01-2021-05-31.nc
Processing INMET station A739 - ITAPIRA
Done --> /home/mda_silv/clima-archive2-b/FPS-SESA/rcm/reg_ictp/sfcWind/sfcWind_A739_ITAPIRA_H_2018-06-01-2021-05-31.nc
Processing INMET station A851 - ITAPOA
Done --> /home/mda_silv/clima-archive2-b/FPS-SESA/rcm/reg_ictp/sfcWind/sfcWind_A851_ITAPOA_H_2018-06-01-2021-05-31.nc
Processing INMET station A373 - ITAPORANGA
Done --> /home/mda_silv/clima-archive2-b/FPS-SESA/rcm/reg_ictp/sfcWind/sfcWind_A373_ITAPORANGA_H_2018-06-01-2021-05-31.nc
Processing INMET station A752 - ITAQUIRAI
Done --> /home/mda_silv/clima-archive2-b/FPS-SESA/rcm/reg_ictp/sfcWind/sfcWind_A752_ITAQUIRAI_H_2018-06-01-2021-05-31.nc
Processing INMET station A251 - ITAUBAL
Done --> /home/mda_silv/clima-archive2-b/FPS-SESA/rcm/reg_ictp/sfcWind/sfcWind_A251_ITAUBAL_H_2018-06-01-2021-05-31.nc
Processing INMET station A933 - ITIQUIRA
Done --> /home/mda_silv/clima-archive2-b/FPS-SESA/rcm/reg_ictp/sfcWind/sfcWind_A933_ITIQUIRA_H_2018-06-01-2021-05-31.nc
Processing INMET station A407 - ITIRUCU
Done --> /home/mda_silv/clima-archive2-b/FPS-SESA/rcm/reg_ictp/sfcWind/sfcWind_A407_ITIRUCU_H_2018-06-01-2021-05-31.nc
Processing INMET station A512 - ITUIUTABA
Done --> /home/mda_silv/clima-archive2-b/FPS-SESA/rcm/reg_ictp/sfcWind/sfcWind_A512_ITUIUTABA_H_2018-06-01-2021-05-31.nc
Processing INMET station A035 - ITUMBIARA
Done --> /home/mda_silv/clima-archive2-b/FPS-SESA/rcm/reg_ictp/sfcWind/sfcWind_A035_ITUMBIARA_H_2018-06-01-2021-05-31.nc
Processing INMET station A863 - ITUPORANGA
Done --> /home/mda_silv/clima-archive2-b/FPS-SESA/rcm/reg_ictp/sfcWind/sfcWind_A863_ITUPORANGA_H_2018-06-01-2021-05-31.nc
Processing INMET station A753 - ITUVERAVA
Done --> /home/mda_silv/clima-archive2-b/FPS-SESA/rcm/reg_ictp/sfcWind/sfcWind_A753_ITUVERAVA_H_2018-06-01-2021-05-31.nc
Processing INMET station A818 - IVAI
Done --> /home/mda_silv/clima-archive2-b/FPS-SESA/rcm/reg_ictp/sfcWind/sfcWind_A818_IVAI_H_2018-06-01-2021-05-31.nc
Processing INMET station A709 - IVINHEMA
Done --> /home/mda_silv/clima-archive2-b/FPS-SESA/rcm/reg_ictp/sfcWind/sfcWind_A709_IVINHEMA_H_2018-06-01-2021-05-31.nc