Processing INMET station A422 - ABROLHOS
Done --> /home/mda_silv/clima-archive2-b/FPS-SESA/obs/era5/ws10/ws10_A422_ABROLHOS_H_2018-06-01-2021-05-31.nc
Processing INMET station A360 - ACARAU
Done --> /home/mda_silv/clima-archive2-b/FPS-SESA/obs/era5/ws10/ws10_A360_ACARAU_H_2018-06-01-2021-05-31.nc
Processing INMET station A657 - AFONSO_CLAUDIO
Done --> /home/mda_silv/clima-archive2-b/FPS-SESA/obs/era5/ws10/ws10_A657_AFONSO_CLAUDIO_H_2018-06-01-2021-05-31.nc
Processing INMET station A908 - AGUA_BOA
Done --> /home/mda_silv/clima-archive2-b/FPS-SESA/obs/era5/ws10/ws10_A908_AGUA_BOA_H_2018-06-01-2021-05-31.nc
Processing INMET station A756 - AGUA_CLARA
Done --> /home/mda_silv/clima-archive2-b/FPS-SESA/obs/era5/ws10/ws10_A756_AGUA_CLARA_H_2018-06-01-2021-05-31.nc
Processing INMET station A045 - AGUAS_EMENDADAS
Done --> /home/mda_silv/clima-archive2-b/FPS-SESA/obs/era5/ws10/ws10_A045_AGUAS_EMENDADAS_H_2018-06-01-2021-05-31.nc
Processing INMET station A549 - AGUAS_VERMELHAS
Done --> /home/mda_silv/clima-archive2-b/FPS-SESA/obs/era5/ws10/ws10_A549_AGUAS_VERMELHAS_H_2018-06-01-2021-05-31.nc
Processing INMET station A534 - AIMORES
Done --> /home/mda_silv/clima-archive2-b/FPS-SESA/obs/era5/ws10/ws10_A534_AIMORES_H_2018-06-01-2021-05-31.nc
Processing INMET station A617 - ALEGRE
Done --> /home/mda_silv/clima-archive2-b/FPS-SESA/obs/era5/ws10/ws10_A617_ALEGRE_H_2018-06-01-2021-05-31.nc
Processing INMET station A826 - ALEGRETE
Done --> /home/mda_silv/clima-archive2-b/FPS-SESA/obs/era5/ws10/ws10_A826_ALEGRETE_H_2018-06-01-2021-05-31.nc
Processing INMET station A615 - ALFREDO_CHAVES
Done --> /home/mda_silv/clima-archive2-b/FPS-SESA/obs/era5/ws10/ws10_A615_ALFREDO_CHAVES_H_2018-06-01-2021-05-31.nc
Processing INMET station A053 - ALMAS
Done --> /home/mda_silv/clima-archive2-b/FPS-SESA/obs/era5/ws10/ws10_A053_ALMAS_H_2018-06-01-2021-05-31.nc
Processing INMET station A508 - ALMENARA
Done --> /home/mda_silv/clima-archive2-b/FPS-SESA/obs/era5/ws10/ws10_A508_ALMENARA_H_2018-06-01-2021-05-31.nc
Processing INMET station A924 - ALTA_FLORESTA
Done --> /home/mda_silv/clima-archive2-b/FPS-SESA/obs/era5/ws10/ws10_A924_ALTA_FLORESTA_H_2018-06-01-2021-05-31.nc
Processing INMET station A909 - ALTO_ARAGUAIA
Done --> /home/mda_silv/clima-archive2-b/FPS-SESA/obs/era5/ws10/ws10_A909_ALTO_ARAGUAIA_H_2018-06-01-2021-05-31.nc
Processing INMET station A024 - ALTO_PARAISO_DE_GOIAS
Done --> /home/mda_silv/clima-archive2-b/FPS-SESA/obs/era5/ws10/ws10_A024_ALTO_PARAISO_DE_GOIAS_H_2018-06-01-2021-05-31.nc
Processing INMET station A223 - ALTO_PARNAIBA
Done --> /home/mda_silv/clima-archive2-b/FPS-SESA/obs/era5/ws10/ws10_A223_ALTO_PARNAIBA_H_2018-06-01-2021-05-31.nc
Processing INMET station A934 - ALTO_TAQUARI	
Done --> /home/mda_silv/clima-archive2-b/FPS-SESA/obs/era5/ws10/ws10_A934_ALTO_TAQUARI	_H_2018-06-01-2021-05-31.nc
Processing INMET station A336 - ALVORADA_DO_GURGUEIA
Done --> /home/mda_silv/clima-archive2-b/FPS-SESA/obs/era5/ws10/ws10_A336_ALVORADA_DO_GURGUEIA_H_2018-06-01-2021-05-31.nc
Processing INMET station A750 - AMAMBAI
Done --> /home/mda_silv/clima-archive2-b/FPS-SESA/obs/era5/ws10/ws10_A750_AMAMBAI_H_2018-06-01-2021-05-31.nc
Processing INMET station A434 - AMARGOSA
Done --> /home/mda_silv/clima-archive2-b/FPS-SESA/obs/era5/ws10/ws10_A434_AMARGOSA_H_2018-06-01-2021-05-31.nc
Processing INMET station A628 - ANGRA_DOS_REIS
Done --> /home/mda_silv/clima-archive2-b/FPS-SESA/obs/era5/ws10/ws10_A628_ANGRA_DOS_REIS_H_2018-06-01-2021-05-31.nc
Processing INMET station A910 - APIACAS
Done --> /home/mda_silv/clima-archive2-b/FPS-SESA/obs/era5/ws10/ws10_A910_APIACAS_H_2018-06-01-2021-05-31.nc
Processing INMET station A340 - APODI
Done --> /home/mda_silv/clima-archive2-b/FPS-SESA/obs/era5/ws10/ws10_A340_APODI_H_2018-06-01-2021-05-31.nc
Processing INMET station A113 - APUI
Done --> /home/mda_silv/clima-archive2-b/FPS-SESA/obs/era5/ws10/ws10_A113_APUI_H_2018-06-01-2021-05-31.nc
Processing INMET station A719 - AQUIDAUANA
Done --> /home/mda_silv/clima-archive2-b/FPS-SESA/obs/era5/ws10/ws10_A719_AQUIDAUANA_H_2018-06-01-2021-05-31.nc
Processing INMET station A409 - ARACAJU
Done --> /home/mda_silv/clima-archive2-b/FPS-SESA/obs/era5/ws10/ws10_A409_ARACAJU_H_2018-06-01-2021-05-31.nc
Processing INMET station A566 - ARACUAI
Done --> /home/mda_silv/clima-archive2-b/FPS-SESA/obs/era5/ws10/ws10_A566_ARACUAI_H_2018-06-01-2021-05-31.nc
Processing INMET station A013 - ARAGARCAS
Done --> /home/mda_silv/clima-archive2-b/FPS-SESA/obs/era5/ws10/ws10_A013_ARAGARCAS_H_2018-06-01-2021-05-31.nc
Processing INMET station A054 - ARAGUACU
Done --> /home/mda_silv/clima-archive2-b/FPS-SESA/obs/era5/ws10/ws10_A054_ARAGUACU_H_2018-06-01-2021-05-31.nc
Processing INMET station A021 - ARAGUAINA
Done --> /home/mda_silv/clima-archive2-b/FPS-SESA/obs/era5/ws10/ws10_A021_ARAGUAINA_H_2018-06-01-2021-05-31.nc
Processing INMET station A044 - ARAGUATINS
Done --> /home/mda_silv/clima-archive2-b/FPS-SESA/obs/era5/ws10/ws10_A044_ARAGUATINS_H_2018-06-01-2021-05-31.nc
Processing INMET station A353 - ARAPIRACA
Done --> /home/mda_silv/clima-archive2-b/FPS-SESA/obs/era5/ws10/ws10_A353_ARAPIRACA_H_2018-06-01-2021-05-31.nc
Processing INMET station A867 - ARARANGUA
Done --> /home/mda_silv/clima-archive2-b/FPS-SESA/obs/era5/ws10/ws10_A867_ARARANGUA_H_2018-06-01-2021-05-31.nc
Processing INMET station A505 - ARAXA
Done --> /home/mda_silv/clima-archive2-b/FPS-SESA/obs/era5/ws10/ws10_A505_ARAXA_H_2018-06-01-2021-05-31.nc
Processing INMET station A309 - ARCO_VERDE
Done --> /home/mda_silv/clima-archive2-b/FPS-SESA/obs/era5/ws10/ws10_A309_ARCO_VERDE_H_2018-06-01-2021-05-31.nc
Processing INMET station A310 - AREIA
Done --> /home/mda_silv/clima-archive2-b/FPS-SESA/obs/era5/ws10/ws10_A310_AREIA_H_2018-06-01-2021-05-31.nc
Processing INMET station A940 - ARIQUEMES
Done --> /home/mda_silv/clima-archive2-b/FPS-SESA/obs/era5/ws10/ws10_A940_ARIQUEMES_H_2018-06-01-2021-05-31.nc
Processing INMET station A736 - ARIRANHA
Done --> /home/mda_silv/clima-archive2-b/FPS-SESA/obs/era5/ws10/ws10_A736_ARIRANHA_H_2018-06-01-2021-05-31.nc
Processing INMET station A606 - ARRAIAL_DO_CABO
Done --> /home/mda_silv/clima-archive2-b/FPS-SESA/obs/era5/ws10/ws10_A606_ARRAIAL_DO_CABO_H_2018-06-01-2021-05-31.nc
Processing INMET station A120 - AUTAZES
Done --> /home/mda_silv/clima-archive2-b/FPS-SESA/obs/era5/ws10/ws10_A120_AUTAZES_H_2018-06-01-2021-05-31.nc
Processing INMET station A725 - AVARE
Done --> /home/mda_silv/clima-archive2-b/FPS-SESA/obs/era5/ws10/ws10_A725_AVARE_H_2018-06-01-2021-05-31.nc
Processing INMET station A220 - BACABAL
Done --> /home/mda_silv/clima-archive2-b/FPS-SESA/obs/era5/ws10/ws10_A220_BACABAL_H_2018-06-01-2021-05-31.nc
Processing INMET station A827 - BAGE
Done --> /home/mda_silv/clima-archive2-b/FPS-SESA/obs/era5/ws10/ws10_A827_BAGE_H_2018-06-01-2021-05-31.nc
Processing INMET station A204 - BALSAS
Done --> /home/mda_silv/clima-archive2-b/FPS-SESA/obs/era5/ws10/ws10_A204_BALSAS_H_2018-06-01-2021-05-31.nc
Processing INMET station A565 - BAMBUI
Done --> /home/mda_silv/clima-archive2-b/FPS-SESA/obs/era5/ws10/ws10_A565_BAMBUI_H_2018-06-01-2021-05-31.nc
Processing INMET station A502 - BARBACENA
Done --> /home/mda_silv/clima-archive2-b/FPS-SESA/obs/era5/ws10/ws10_A502_BARBACENA_H_2018-06-01-2021-05-31.nc
Processing INMET station A315 - BARBALHA
Done --> /home/mda_silv/clima-archive2-b/FPS-SESA/obs/era5/ws10/ws10_A315_BARBALHA_H_2018-06-01-2021-05-31.nc
Processing INMET station A128 - BARCELOS
Done --> /home/mda_silv/clima-archive2-b/FPS-SESA/obs/era5/ws10/ws10_A128_BARCELOS_H_2018-06-01-2021-05-31.nc
Processing INMET station A429 - BARRA
Done --> /home/mda_silv/clima-archive2-b/FPS-SESA/obs/era5/ws10/ws10_A429_BARRA_H_2018-06-01-2021-05-31.nc
Processing INMET station A741 - BARRA_BONITA
Done --> /home/mda_silv/clima-archive2-b/FPS-SESA/obs/era5/ws10/ws10_A741_BARRA_BONITA_H_2018-06-01-2021-05-31.nc
Processing INMET station A221 - BARRA_DO_CORDA
Done --> /home/mda_silv/clima-archive2-b/FPS-SESA/obs/era5/ws10/ws10_A221_BARRA_DO_CORDA_H_2018-06-01-2021-05-31.nc
Processing INMET station A746 - BARRA_DO_TURVO
Done --> /home/mda_silv/clima-archive2-b/FPS-SESA/obs/era5/ws10/ws10_A746_BARRA_DO_TURVO_H_2018-06-01-2021-05-31.nc
Processing INMET station A402 - BARREIRAS
Done --> /home/mda_silv/clima-archive2-b/FPS-SESA/obs/era5/ws10/ws10_A402_BARREIRAS_H_2018-06-01-2021-05-31.nc
Processing INMET station A748 - BARRETOS
Done --> /home/mda_silv/clima-archive2-b/FPS-SESA/obs/era5/ws10/ws10_A748_BARRETOS_H_2018-06-01-2021-05-31.nc
Processing INMET station A755 - BARUERI
Done --> /home/mda_silv/clima-archive2-b/FPS-SESA/obs/era5/ws10/ws10_A755_BARUERI_H_2018-06-01-2021-05-31.nc
Processing INMET station A759 - BATAGUASSU
Done --> /home/mda_silv/clima-archive2-b/FPS-SESA/obs/era5/ws10/ws10_A759_BATAGUASSU_H_2018-06-01-2021-05-31.nc
Processing INMET station A705 - BAURU
Done --> /home/mda_silv/clima-archive2-b/FPS-SESA/obs/era5/ws10/ws10_A705_BAURU_H_2018-06-01-2021-05-31.nc
Processing INMET station A764 - BEBEDOURO
Done --> /home/mda_silv/clima-archive2-b/FPS-SESA/obs/era5/ws10/ws10_A764_BEBEDOURO_H_2018-06-01-2021-05-31.nc
Processing INMET station A201 - BELEM
Done --> /home/mda_silv/clima-archive2-b/FPS-SESA/obs/era5/ws10/ws10_A201_BELEM_H_2018-06-01-2021-05-31.nc
Processing INMET station A447 - BELMONTE
Done --> /home/mda_silv/clima-archive2-b/FPS-SESA/obs/era5/ws10/ws10_A447_BELMONTE_H_2018-06-01-2021-05-31.nc
Processing INMET station A521 - BELO_HORIZONTE-PAMPULHA
Done --> /home/mda_silv/clima-archive2-b/FPS-SESA/obs/era5/ws10/ws10_A521_BELO_HORIZONTE-PAMPULHA_H_2018-06-01-2021-05-31.nc
Processing INMET station F501 - BELO_HORIZONTE-CERCADINHO
Done --> /home/mda_silv/clima-archive2-b/FPS-SESA/obs/era5/ws10/ws10_F501_BELO_HORIZONTE-CERCADINHO_H_2018-06-01-2021-05-31.nc
Processing INMET station A840 - BENTO_GONCALVES
Done --> /home/mda_silv/clima-archive2-b/FPS-SESA/obs/era5/ws10/ws10_A840_BENTO_GONCALVES_H_2018-06-01-2021-05-31.nc
Processing INMET station A765 - BERTIOGA
Done --> /home/mda_silv/clima-archive2-b/FPS-SESA/obs/era5/ws10/ws10_A765_BERTIOGA_H_2018-06-01-2021-05-31.nc
Processing INMET station A135 - BOA_VISTA
Done --> /home/mda_silv/clima-archive2-b/FPS-SESA/obs/era5/ws10/ws10_A135_BOA_VISTA_H_2018-06-01-2021-05-31.nc
Processing INMET station A110 - BOCA_DO_ACRE
Done --> /home/mda_silv/clima-archive2-b/FPS-SESA/obs/era5/ws10/ws10_A110_BOCA_DO_ACRE_H_2018-06-01-2021-05-31.nc
Processing INMET station A845 - BOM_JARDIM_DA_SERRA-MORRO_DA_IGREJA
Done --> /home/mda_silv/clima-archive2-b/FPS-SESA/obs/era5/ws10/ws10_A845_BOM_JARDIM_DA_SERRA-MORRO_DA_IGREJA_H_2018-06-01-2021-05-31.nc
Processing INMET station A418 - BOM_JESUS_DA_LAPA
Done --> /home/mda_silv/clima-archive2-b/FPS-SESA/obs/era5/ws10/ws10_A418_BOM_JESUS_DA_LAPA_H_2018-06-01-2021-05-31.nc
Processing INMET station A326 - BOM_JESUS_DO_PIAUI
Done --> /home/mda_silv/clima-archive2-b/FPS-SESA/obs/era5/ws10/ws10_A326_BOM_JESUS_DO_PIAUI_H_2018-06-01-2021-05-31.nc
Processing INMET station A226 - BRAGANCA
Done --> /home/mda_silv/clima-archive2-b/FPS-SESA/obs/era5/ws10/ws10_A226_BRAGANCA_H_2018-06-01-2021-05-31.nc
Processing INMET station A744 - BRAGANCA_PAULISTA
Done --> /home/mda_silv/clima-archive2-b/FPS-SESA/obs/era5/ws10/ws10_A744_BRAGANCA_PAULISTA_H_2018-06-01-2021-05-31.nc
Processing INMET station A001 - BRASILIA
Done --> /home/mda_silv/clima-archive2-b/FPS-SESA/obs/era5/ws10/ws10_A001_BRASILIA_H_2018-06-01-2021-05-31.nc
Processing INMET station A927 - BRASNORTE-NOVO_MUNDO
Done --> /home/mda_silv/clima-archive2-b/FPS-SESA/obs/era5/ws10/ws10_A927_BRASNORTE-NOVO_MUNDO_H_2018-06-01-2021-05-31.nc
Processing INMET station A042 - BRAZLANDIA
Done --> /home/mda_silv/clima-archive2-b/FPS-SESA/obs/era5/ws10/ws10_A042_BRAZLANDIA_H_2018-06-01-2021-05-31.nc
Processing INMET station A421 - BREJO_GRANDE
Done --> /home/mda_silv/clima-archive2-b/FPS-SESA/obs/era5/ws10/ws10_A421_BREJO_GRANDE_H_2018-06-01-2021-05-31.nc
Processing INMET station A228 - BREVES
Done --> /home/mda_silv/clima-archive2-b/FPS-SESA/obs/era5/ws10/ws10_A228_BREVES_H_2018-06-01-2021-05-31.nc
Processing INMET station A433 - BRUMADO
Done --> /home/mda_silv/clima-archive2-b/FPS-SESA/obs/era5/ws10/ws10_A433_BRUMADO_H_2018-06-01-2021-05-31.nc
Processing INMET station A238 - BURITICUPU
Done --> /home/mda_silv/clima-archive2-b/FPS-SESA/obs/era5/ws10/ws10_A238_BURITICUPU_H_2018-06-01-2021-05-31.nc
Processing INMET station A432 - BURITIRAMA
Done --> /home/mda_silv/clima-archive2-b/FPS-SESA/obs/era5/ws10/ws10_A432_BURITIRAMA_H_2018-06-01-2021-05-31.nc
Processing INMET station A544 - BURITIS
Done --> /home/mda_silv/clima-archive2-b/FPS-SESA/obs/era5/ws10/ws10_A544_BURITIS_H_2018-06-01-2021-05-31.nc
Processing INMET station A348 - CABACEIRAS
Done --> /home/mda_silv/clima-archive2-b/FPS-SESA/obs/era5/ws10/ws10_A348_CABACEIRAS_H_2018-06-01-2021-05-31.nc
Processing INMET station A329 - CABROBO
Done --> /home/mda_silv/clima-archive2-b/FPS-SESA/obs/era5/ws10/ws10_A329_CABROBO_H_2018-06-01-2021-05-31.nc
Processing INMET station A859 - CACADOR
Done --> /home/mda_silv/clima-archive2-b/FPS-SESA/obs/era5/ws10/ws10_A859_CACADOR_H_2018-06-01-2021-05-31.nc
Processing INMET station A812 - CACAPAVA_DO_SUL
Done --> /home/mda_silv/clima-archive2-b/FPS-SESA/obs/era5/ws10/ws10_A812_CACAPAVA_DO_SUL_H_2018-06-01-2021-05-31.nc
Processing INMET station A769 - CACHOEIRA_PAULISTA
Done --> /home/mda_silv/clima-archive2-b/FPS-SESA/obs/era5/ws10/ws10_A769_CACHOEIRA_PAULISTA_H_2018-06-01-2021-05-31.nc
Processing INMET station A939 - CACOAL
Done --> /home/mda_silv/clima-archive2-b/FPS-SESA/obs/era5/ws10/ws10_A939_CACOAL_H_2018-06-01-2021-05-31.nc
Processing INMET station A023 - CAIAPONIA
Done --> /home/mda_silv/clima-archive2-b/FPS-SESA/obs/era5/ws10/ws10_A023_CAIAPONIA_H_2018-06-01-2021-05-31.nc
Processing INMET station A316 - CAICO
Done --> /home/mda_silv/clima-archive2-b/FPS-SESA/obs/era5/ws10/ws10_A316_CAICO_H_2018-06-01-2021-05-31.nc
Processing INMET station A344 - CALCANHAR
Done --> /home/mda_silv/clima-archive2-b/FPS-SESA/obs/era5/ws10/ws10_A344_CALCANHAR_H_2018-06-01-2021-05-31.nc
Processing INMET station A530 - CALDAS
Done --> /home/mda_silv/clima-archive2-b/FPS-SESA/obs/era5/ws10/ws10_A530_CALDAS_H_2018-06-01-2021-05-31.nc
Processing INMET station A838 - CAMAQUA
Done --> /home/mda_silv/clima-archive2-b/FPS-SESA/obs/era5/ws10/ws10_A838_CAMAQUA_H_2018-06-01-2021-05-31.nc
Processing INMET station A352 - CAMARATUBA
Done --> /home/mda_silv/clima-archive2-b/FPS-SESA/obs/era5/ws10/ws10_A352_CAMARATUBA_H_2018-06-01-2021-05-31.nc
Processing INMET station A897 - CAMBARA_DO_SUL
Done --> /home/mda_silv/clima-archive2-b/FPS-SESA/obs/era5/ws10/ws10_A897_CAMBARA_DO_SUL_H_2018-06-01-2021-05-31.nc
Processing INMET station A604 - CAMBUCI
Done --> /home/mda_silv/clima-archive2-b/FPS-SESA/obs/era5/ws10/ws10_A604_CAMBUCI_H_2018-06-01-2021-05-31.nc
Processing INMET station A236 - CAMETA
Done --> /home/mda_silv/clima-archive2-b/FPS-SESA/obs/era5/ws10/ws10_A236_CAMETA_H_2018-06-01-2021-05-31.nc
Processing INMET station B803 - CAMPINA_DA_LAGOA
Done --> /home/mda_silv/clima-archive2-b/FPS-SESA/obs/era5/ws10/ws10_B803_CAMPINA_DA_LAGOA_H_2018-06-01-2021-05-31.nc
Processing INMET station A313 - CAMPINA_GRANDE
Done --> /home/mda_silv/clima-archive2-b/FPS-SESA/obs/era5/ws10/ws10_A313_CAMPINA_GRANDE_H_2018-06-01-2021-05-31.nc
Processing INMET station A519 - CAMPINA_VERDE
Done --> /home/mda_silv/clima-archive2-b/FPS-SESA/obs/era5/ws10/ws10_A519_CAMPINA_VERDE_H_2018-06-01-2021-05-31.nc
Processing INMET station A884 - CAMPO_BOM
Done --> /home/mda_silv/clima-archive2-b/FPS-SESA/obs/era5/ws10/ws10_A884_CAMPO_BOM_H_2018-06-01-2021-05-31.nc
Processing INMET station A702 - CAMPO_GRANDE
Done --> /home/mda_silv/clima-archive2-b/FPS-SESA/obs/era5/ws10/ws10_A702_CAMPO_GRANDE_H_2018-06-01-2021-05-31.nc
Processing INMET station A905 - CAMPO_NOVO_DOS_PARECIS
Done --> /home/mda_silv/clima-archive2-b/FPS-SESA/obs/era5/ws10/ws10_A905_CAMPO_NOVO_DOS_PARECIS_H_2018-06-01-2021-05-31.nc
Processing INMET station A912 - CAMPO_VERDE
Done --> /home/mda_silv/clima-archive2-b/FPS-SESA/obs/era5/ws10/ws10_A912_CAMPO_VERDE_H_2018-06-01-2021-05-31.nc
Processing INMET station A706 - CAMPOS_DO_JORDAO
Done --> /home/mda_silv/clima-archive2-b/FPS-SESA/obs/era5/ws10/ws10_A706_CAMPOS_DO_JORDAO_H_2018-06-01-2021-05-31.nc
Processing INMET station A607 - CAMPOS_DOS_GOYTACAZES
Done --> /home/mda_silv/clima-archive2-b/FPS-SESA/obs/era5/ws10/ws10_A607_CAMPOS_DOS_GOYTACAZES_H_2018-06-01-2021-05-31.nc
Processing INMET station A620 - CAMPOS_DOS_GOYTACAZES-SAO_TOME
Done --> /home/mda_silv/clima-archive2-b/FPS-SESA/obs/era5/ws10/ws10_A620_CAMPOS_DOS_GOYTACAZES-SAO_TOME_H_2018-06-01-2021-05-31.nc
Processing INMET station A043 - CAMPOS_LINDOS
Done --> /home/mda_silv/clima-archive2-b/FPS-SESA/obs/era5/ws10/ws10_A043_CAMPOS_LINDOS_H_2018-06-01-2021-05-31.nc
Processing INMET station A347 - CAMPOS_SALES
Done --> /home/mda_silv/clima-archive2-b/FPS-SESA/obs/era5/ws10/ws10_A347_CAMPOS_SALES_H_2018-06-01-2021-05-31.nc
Processing INMET station A879 - CANELA
Done --> /home/mda_silv/clima-archive2-b/FPS-SESA/obs/era5/ws10/ws10_A879_CANELA_H_2018-06-01-2021-05-31.nc
Processing INMET station A811 - CANGUCU
Done --> /home/mda_silv/clima-archive2-b/FPS-SESA/obs/era5/ws10/ws10_A811_CANGUCU_H_2018-06-01-2021-05-31.nc
Processing INMET station A365 - CANTO_DO_BURITI
Done --> /home/mda_silv/clima-archive2-b/FPS-SESA/obs/era5/ws10/ws10_A365_CANTO_DO_BURITI_H_2018-06-01-2021-05-31.nc
Processing INMET station A541 - CAPELINHA
Done --> /home/mda_silv/clima-archive2-b/FPS-SESA/obs/era5/ws10/ws10_A541_CAPELINHA_H_2018-06-01-2021-05-31.nc
Processing INMET station A248 - CAPITAO POCO
Done --> /home/mda_silv/clima-archive2-b/FPS-SESA/obs/era5/ws10/ws10_A248_CAPITAO POCO_H_2018-06-01-2021-05-31.nc
Processing INMET station A337 - CARACOL
Done --> /home/mda_silv/clima-archive2-b/FPS-SESA/obs/era5/ws10/ws10_A337_CARACOL_H_2018-06-01-2021-05-31.nc
Processing INMET station A554 - CARATINGA
Done --> /home/mda_silv/clima-archive2-b/FPS-SESA/obs/era5/ws10/ws10_A554_CARATINGA_H_2018-06-01-2021-05-31.nc
Processing INMET station A405 - CARAVELAS
Done --> /home/mda_silv/clima-archive2-b/FPS-SESA/obs/era5/ws10/ws10_A405_CARAVELAS_H_2018-06-01-2021-05-31.nc
Processing INMET station A926 - CARLINDA
Done --> /home/mda_silv/clima-archive2-b/FPS-SESA/obs/era5/ws10/ws10_A926_CARLINDA_H_2018-06-01-2021-05-31.nc
Processing INMET station A205 - CAROLINA
Done --> /home/mda_silv/clima-archive2-b/FPS-SESA/obs/era5/ws10/ws10_A205_CAROLINA_H_2018-06-01-2021-05-31.nc
Processing INMET station A341 - CARUARU
Done --> /home/mda_silv/clima-archive2-b/FPS-SESA/obs/era5/ws10/ws10_A341_CARUARU_H_2018-06-01-2021-05-31.nc
Processing INMET station A738 - CASA BRANCA
Done --> /home/mda_silv/clima-archive2-b/FPS-SESA/obs/era5/ws10/ws10_A738_CASA BRANCA_H_2018-06-01-2021-05-31.nc
Processing INMET station A742 - CASSILANDIA
Done --> /home/mda_silv/clima-archive2-b/FPS-SESA/obs/era5/ws10/ws10_A742_CASSILANDIA_H_2018-06-01-2021-05-31.nc
Processing INMET station A202 - CASTANHAL
Done --> /home/mda_silv/clima-archive2-b/FPS-SESA/obs/era5/ws10/ws10_A202_CASTANHAL_H_2018-06-01-2021-05-31.nc
Processing INMET station A361 - CASTELO_DO_PIAUI
Done --> /home/mda_silv/clima-archive2-b/FPS-SESA/obs/era5/ws10/ws10_A361_CASTELO_DO_PIAUI_H_2018-06-01-2021-05-31.nc
Processing INMET station A819 - CASTRO
Done --> /home/mda_silv/clima-archive2-b/FPS-SESA/obs/era5/ws10/ws10_A819_CASTRO_H_2018-06-01-2021-05-31.nc
Processing INMET station A034 - CATALAO
Done --> /home/mda_silv/clima-archive2-b/FPS-SESA/obs/era5/ws10/ws10_A034_CATALAO_H_2018-06-01-2021-05-31.nc
Processing INMET station A237 - CAXIAS
Done --> /home/mda_silv/clima-archive2-b/FPS-SESA/obs/era5/ws10/ws10_A237_CAXIAS_H_2018-06-01-2021-05-31.nc
Processing INMET station A548 - CHAPADA_GAUCHA
Done --> /home/mda_silv/clima-archive2-b/FPS-SESA/obs/era5/ws10/ws10_A548_CHAPADA_GAUCHA_H_2018-06-01-2021-05-31.nc
Processing INMET station A730 - CHAPADAO_DO_SUL
Done --> /home/mda_silv/clima-archive2-b/FPS-SESA/obs/era5/ws10/ws10_A730_CHAPADAO_DO_SUL_H_2018-06-01-2021-05-31.nc
Processing INMET station A206 - CHAPADINHA
Done --> /home/mda_silv/clima-archive2-b/FPS-SESA/obs/era5/ws10/ws10_A206_CHAPADINHA_H_2018-06-01-2021-05-31.nc
Processing INMET station A869 - CIDADE_GAUCHA
Done --> /home/mda_silv/clima-archive2-b/FPS-SESA/obs/era5/ws10/ws10_A869_CIDADE_GAUCHA_H_2018-06-01-2021-05-31.nc
Processing INMET station A876 - CLEVELANDIA
Done --> /home/mda_silv/clima-archive2-b/FPS-SESA/obs/era5/ws10/ws10_A876_CLEVELANDIA_H_2018-06-01-2021-05-31.nc
Processing INMET station A117 - COARI
Done --> /home/mda_silv/clima-archive2-b/FPS-SESA/obs/era5/ws10/ws10_A117_COARI_H_2018-06-01-2021-05-31.nc
Processing INMET station A222 - COLINAS
Done --> /home/mda_silv/clima-archive2-b/FPS-SESA/obs/era5/ws10/ws10_A222_COLINAS_H_2018-06-01-2021-05-31.nc
Processing INMET station A049 - COLINAS_DO_TOCANTINS
Done --> /home/mda_silv/clima-archive2-b/FPS-SESA/obs/era5/ws10/ws10_A049_COLINAS_DO_TOCANTINS_H_2018-06-01-2021-05-31.nc
Processing INMET station B806 - COLOMBO
Done --> /home/mda_silv/clima-archive2-b/FPS-SESA/obs/era5/ws10/ws10_B806_COLOMBO_H_2018-06-01-2021-05-31.nc
Processing INMET station A913 - COMODORO
Done --> /home/mda_silv/clima-archive2-b/FPS-SESA/obs/era5/ws10/ws10_A913_COMODORO_H_2018-06-01-2021-05-31.nc
Processing INMET station A520 - CONCEICAO_DAS_ALAGOAS
Done --> /home/mda_silv/clima-archive2-b/FPS-SESA/obs/era5/ws10/ws10_A520_CONCEICAO_DAS_ALAGOAS_H_2018-06-01-2021-05-31.nc
Processing INMET station A241 - CONCEICAO_DO_ARAGUAIA
Done --> /home/mda_silv/clima-archive2-b/FPS-SESA/obs/era5/ws10/ws10_A241_CONCEICAO_DO_ARAGUAIA_H_2018-06-01-2021-05-31.nc
Processing INMET station A431 - CONDE
Done --> /home/mda_silv/clima-archive2-b/FPS-SESA/obs/era5/ws10/ws10_A431_CONDE_H_2018-06-01-2021-05-31.nc
Processing INMET station A557 - CORONEL PACHECO
Done --> /home/mda_silv/clima-archive2-b/FPS-SESA/obs/era5/ws10/ws10_A557_CORONEL PACHECO_H_2018-06-01-2021-05-31.nc
Processing INMET station A416 - CORRENTINA
Done --> /home/mda_silv/clima-archive2-b/FPS-SESA/obs/era5/ws10/ws10_A416_CORRENTINA_H_2018-06-01-2021-05-31.nc
Processing INMET station A724 - CORUMBA
Done --> /home/mda_silv/clima-archive2-b/FPS-SESA/obs/era5/ws10/ws10_A724_CORUMBA_H_2018-06-01-2021-05-31.nc
Processing INMET station A355 - CORURIPE
Done --> /home/mda_silv/clima-archive2-b/FPS-SESA/obs/era5/ws10/ws10_A355_CORURIPE_H_2018-06-01-2021-05-31.nc
Processing INMET station A760 - COSTA RICA
Done --> /home/mda_silv/clima-archive2-b/FPS-SESA/obs/era5/ws10/ws10_A760_COSTA RICA_H_2018-06-01-2021-05-31.nc
Processing INMET station A919 - COTRIGUACU
Done --> /home/mda_silv/clima-archive2-b/FPS-SESA/obs/era5/ws10/ws10_A919_COTRIGUACU_H_2018-06-01-2021-05-31.nc
Processing INMET station A720 - COXIM
Done --> /home/mda_silv/clima-archive2-b/FPS-SESA/obs/era5/ws10/ws10_A720_COXIM_H_2018-06-01-2021-05-31.nc
Processing INMET station A342 - CRATEUS
Done --> /home/mda_silv/clima-archive2-b/FPS-SESA/obs/era5/ws10/ws10_A342_CRATEUS_H_2018-06-01-2021-05-31.nc
Processing INMET station A036 - CRISTALINA
Done --> /home/mda_silv/clima-archive2-b/FPS-SESA/obs/era5/ws10/ws10_A036_CRISTALINA_H_2018-06-01-2021-05-31.nc
Processing INMET station A853 - CRUZ_ALTA
Done --> /home/mda_silv/clima-archive2-b/FPS-SESA/obs/era5/ws10/ws10_A853_CRUZ_ALTA_H_2018-06-01-2021-05-31.nc
Processing INMET station A406 - CRUZ_DAS_ALMAS
Done --> /home/mda_silv/clima-archive2-b/FPS-SESA/obs/era5/ws10/ws10_A406_CRUZ_DAS_ALMAS_H_2018-06-01-2021-05-31.nc
Processing INMET station A108 - CRUZEIRO_DO_SUL
Done --> /home/mda_silv/clima-archive2-b/FPS-SESA/obs/era5/ws10/ws10_A108_CRUZEIRO_DO_SUL_H_2018-06-01-2021-05-31.nc
Processing INMET station A901 - CUIABA
Done --> /home/mda_silv/clima-archive2-b/FPS-SESA/obs/era5/ws10/ws10_A901_CUIABA_H_2018-06-01-2021-05-31.nc
Processing INMET station A448 - CURACA
Done --> /home/mda_silv/clima-archive2-b/FPS-SESA/obs/era5/ws10/ws10_A448_CURACA_H_2018-06-01-2021-05-31.nc
Processing INMET station A807 - CURITIBA
Done --> /home/mda_silv/clima-archive2-b/FPS-SESA/obs/era5/ws10/ws10_A807_CURITIBA_H_2018-06-01-2021-05-31.nc
Processing INMET station A860 - CURITIBANOS
Done --> /home/mda_silv/clima-archive2-b/FPS-SESA/obs/era5/ws10/ws10_A860_CURITIBANOS_H_2018-06-01-2021-05-31.nc
Processing INMET station A538 - CURVELO
Done --> /home/mda_silv/clima-archive2-b/FPS-SESA/obs/era5/ws10/ws10_A538_CURVELO_H_2018-06-01-2021-05-31.nc
Processing INMET station A443 - DELFINO
Done --> /home/mda_silv/clima-archive2-b/FPS-SESA/obs/era5/ws10/ws10_A443_DELFINO_H_2018-06-01-2021-05-31.nc
Processing INMET station A849 - DIAMANTE_DO_NORTE
Done --> /home/mda_silv/clima-archive2-b/FPS-SESA/obs/era5/ws10/ws10_A849_DIAMANTE_DO_NORTE_H_2018-06-01-2021-05-31.nc
Processing INMET station A537 - DIAMANTINA
Done --> /home/mda_silv/clima-archive2-b/FPS-SESA/obs/era5/ws10/ws10_A537_DIAMANTINA_H_2018-06-01-2021-05-31.nc
Processing INMET station A038 - DIANOPOLIS
Done --> /home/mda_silv/clima-archive2-b/FPS-SESA/obs/era5/ws10/ws10_A038_DIANOPOLIS_H_2018-06-01-2021-05-31.nc
Processing INMET station A848 - DIONISIO_CERQUEIRA
Done --> /home/mda_silv/clima-archive2-b/FPS-SESA/obs/era5/ws10/ws10_A848_DIONISIO_CERQUEIRA_H_2018-06-01-2021-05-31.nc
Processing INMET station A564 - DIVINOPOLIS
Done --> /home/mda_silv/clima-archive2-b/FPS-SESA/obs/era5/ws10/ws10_A564_DIVINOPOLIS_H_2018-06-01-2021-05-31.nc
Processing INMET station A843 - DOIS_VIZINHOS
Done --> /home/mda_silv/clima-archive2-b/FPS-SESA/obs/era5/ws10/ws10_A843_DOIS_VIZINHOS_H_2018-06-01-2021-05-31.nc
Processing INMET station A881 - DOMVPEDRITO
Done --> /home/mda_silv/clima-archive2-b/FPS-SESA/obs/era5/ws10/ws10_A881_DOMVPEDRITO_H_2018-06-01-2021-05-31.nc
Processing INMET station A536 - DORES_DO_INDAIA
Done --> /home/mda_silv/clima-archive2-b/FPS-SESA/obs/era5/ws10/ws10_A536_DORES_DO_INDAIA_H_2018-06-01-2021-05-31.nc
Processing INMET station A721 - DOURADOS
Done --> /home/mda_silv/clima-archive2-b/FPS-SESA/obs/era5/ws10/ws10_A721_DOURADOS_H_2018-06-01-2021-05-31.nc
Processing INMET station A762 - DRACENA
Done --> /home/mda_silv/clima-archive2-b/FPS-SESA/obs/era5/ws10/ws10_A762_DRACENA_H_2018-06-01-2021-05-31.nc
Processing INMET station A603 - DUQUE_DE_CAXIAS-XEREM
Done --> /home/mda_silv/clima-archive2-b/FPS-SESA/obs/era5/ws10/ws10_A603_DUQUE_DE_CAXIAS-XEREM_H_2018-06-01-2021-05-31.nc
Processing INMET station A631 - ECOPORANGA
Done --> /home/mda_silv/clima-archive2-b/FPS-SESA/obs/era5/ws10/ws10_A631_ECOPORANGA_H_2018-06-01-2021-05-31.nc
Processing INMET station A029 - EDEIA
Done --> /home/mda_silv/clima-archive2-b/FPS-SESA/obs/era5/ws10/ws10_A029_EDEIA_H_2018-06-01-2021-05-31.nc
Processing INMET station A109 - EIRUNEPE
Done --> /home/mda_silv/clima-archive2-b/FPS-SESA/obs/era5/ws10/ws10_A109_EIRUNEPE_H_2018-06-01-2021-05-31.nc
Processing INMET station A140 - EPITACIOLANDIA
Done --> /home/mda_silv/clima-archive2-b/FPS-SESA/obs/era5/ws10/ws10_A140_EPITACIOLANDIA_H_2018-06-01-2021-05-31.nc
Processing INMET station A828 - ERECHIM
Done --> /home/mda_silv/clima-archive2-b/FPS-SESA/obs/era5/ws10/ws10_A828_ERECHIM_H_2018-06-01-2021-05-31.nc
Processing INMET station A543 - ESPINOSA
Done --> /home/mda_silv/clima-archive2-b/FPS-SESA/obs/era5/ws10/ws10_A543_ESPINOSA_H_2018-06-01-2021-05-31.nc
Processing INMET station A224 - ESTREITO
Done --> /home/mda_silv/clima-archive2-b/FPS-SESA/obs/era5/ws10/ws10_A224_ESTREITO_H_2018-06-01-2021-05-31.nc
Processing INMET station A217 - FAROL_DE_SANTANA
Done --> /home/mda_silv/clima-archive2-b/FPS-SESA/obs/era5/ws10/ws10_A217_FAROL_DE_SANTANA_H_2018-06-01-2021-05-31.nc
Processing INMET station A138 - FEIJO
Done --> /home/mda_silv/clima-archive2-b/FPS-SESA/obs/era5/ws10/ws10_A138_FEIJO_H_2018-06-01-2021-05-31.nc
Processing INMET station A413 - FEIRA_DE_SANTANA
Done --> /home/mda_silv/clima-archive2-b/FPS-SESA/obs/era5/ws10/ws10_A413_FEIRA_DE_SANTANA_H_2018-06-01-2021-05-31.nc
Processing INMET station A351 - FLORESTA
Done --> /home/mda_silv/clima-archive2-b/FPS-SESA/obs/era5/ws10/ws10_A351_FLORESTA_H_2018-06-01-2021-05-31.nc
Processing INMET station A535 - FLORESTAL
Done --> /home/mda_silv/clima-archive2-b/FPS-SESA/obs/era5/ws10/ws10_A535_FLORESTAL_H_2018-06-01-2021-05-31.nc
Processing INMET station A311 - FLORIANO
Done --> /home/mda_silv/clima-archive2-b/FPS-SESA/obs/era5/ws10/ws10_A311_FLORIANO_H_2018-06-01-2021-05-31.nc
Processing INMET station A806 - FLORIANOPOLIS
Done --> /home/mda_silv/clima-archive2-b/FPS-SESA/obs/era5/ws10/ws10_A806_FLORIANOPOLIS_H_2018-06-01-2021-05-31.nc
Processing INMET station A524 - FORMIGA
Done --> /home/mda_silv/clima-archive2-b/FPS-SESA/obs/era5/ws10/ws10_A524_FORMIGA_H_2018-06-01-2021-05-31.nc
Processing INMET station A452 - FORMOSA_DO_RIO PRETO
Done --> /home/mda_silv/clima-archive2-b/FPS-SESA/obs/era5/ws10/ws10_A452_FORMOSA_DO_RIO PRETO_H_2018-06-01-2021-05-31.nc
Processing INMET station A039 - FORMOSO_DO_ARAGUAIA
Done --> /home/mda_silv/clima-archive2-b/FPS-SESA/obs/era5/ws10/ws10_A039_FORMOSO_DO_ARAGUAIA_H_2018-06-01-2021-05-31.nc
Processing INMET station A305 - FORTALEZA
Done --> /home/mda_silv/clima-archive2-b/FPS-SESA/obs/era5/ws10/ws10_A305_FORTALEZA_H_2018-06-01-2021-05-31.nc
Processing INMET station A846 - FOZ_DO_IGUACU
Done --> /home/mda_silv/clima-archive2-b/FPS-SESA/obs/era5/ws10/ws10_A846_FOZ_DO_IGUACU_H_2018-06-01-2021-05-31.nc
Processing INMET station A708 - FRANCA
Done --> /home/mda_silv/clima-archive2-b/FPS-SESA/obs/era5/ws10/ws10_A708_FRANCA_H_2018-06-01-2021-05-31.nc
Processing INMET station A854 - FREDERICO WESTPHALEN
Done --> /home/mda_silv/clima-archive2-b/FPS-SESA/obs/era5/ws10/ws10_A854_FREDERICO WESTPHALEN_H_2018-06-01-2021-05-31.nc
Processing INMET station A046 - GAMA-PONTE_ALTA
Done --> /home/mda_silv/clima-archive2-b/FPS-SESA/obs/era5/ws10/ws10_A046_GAMA-PONTE_ALTA_H_2018-06-01-2021-05-31.nc
Processing INMET station A322 - GARANHUNS
Done --> /home/mda_silv/clima-archive2-b/FPS-SESA/obs/era5/ws10/ws10_A322_GARANHUNS_H_2018-06-01-2021-05-31.nc
Processing INMET station A930 - GAUCHA_DO_NORTE
Done --> /home/mda_silv/clima-archive2-b/FPS-SESA/obs/era5/ws10/ws10_A930_GAUCHA_DO_NORTE_H_2018-06-01-2021-05-31.nc
Processing INMET station A875 - GENERAL_CARNEIRO
Done --> /home/mda_silv/clima-archive2-b/FPS-SESA/obs/era5/ws10/ws10_A875_GENERAL_CARNEIRO_H_2018-06-01-2021-05-31.nc
Processing INMET station A364 - GILBUES
Done --> /home/mda_silv/clima-archive2-b/FPS-SESA/obs/era5/ws10/ws10_A364_GILBUES_H_2018-06-01-2021-05-31.nc
Processing INMET station A022 - GOIANESIA
Done --> /home/mda_silv/clima-archive2-b/FPS-SESA/obs/era5/ws10/ws10_A022_GOIANESIA_H_2018-06-01-2021-05-31.nc
Processing INMET station A002 - GOIANIA
Done --> /home/mda_silv/clima-archive2-b/FPS-SESA/obs/era5/ws10/ws10_A002_GOIANIA_H_2018-06-01-2021-05-31.nc
Processing INMET station A014 - GOIAS
Done --> /home/mda_silv/clima-archive2-b/FPS-SESA/obs/era5/ws10/ws10_A014_GOIAS_H_2018-06-01-2021-05-31.nc
Processing INMET station A825 - GOIOERE
Done --> /home/mda_silv/clima-archive2-b/FPS-SESA/obs/era5/ws10/ws10_A825_GOIOERE_H_2018-06-01-2021-05-31.nc
Processing INMET station A532 - GOVERNADOR_VALADARES
Done --> /home/mda_silv/clima-archive2-b/FPS-SESA/obs/era5/ws10/ws10_A532_GOVERNADOR_VALADARES_H_2018-06-01-2021-05-31.nc
Processing INMET station A207 - GRAJAU
Done --> /home/mda_silv/clima-archive2-b/FPS-SESA/obs/era5/ws10/ws10_A207_GRAJAU_H_2018-06-01-2021-05-31.nc
Processing INMET station A426 - GUANAMBI
Done --> /home/mda_silv/clima-archive2-b/FPS-SESA/obs/era5/ws10/ws10_A426_GUANAMBI_H_2018-06-01-2021-05-31.nc
Processing INMET station A533 - GUANHAES
Done --> /home/mda_silv/clima-archive2-b/FPS-SESA/obs/era5/ws10/ws10_A533_GUANHAES_H_2018-06-01-2021-05-31.nc
Processing INMET station A314 - GUARAMIRANGA
Done --> /home/mda_silv/clima-archive2-b/FPS-SESA/obs/era5/ws10/ws10_A314_GUARAMIRANGA_H_2018-06-01-2021-05-31.nc
Processing INMET station A906 - GUARANTA_DO_NORTE
Done --> /home/mda_silv/clima-archive2-b/FPS-SESA/obs/era5/ws10/ws10_A906_GUARANTA_DO_NORTE_H_2018-06-01-2021-05-31.nc
Processing INMET station A546 - GUARDA-MOR
Done --> /home/mda_silv/clima-archive2-b/FPS-SESA/obs/era5/ws10/ws10_A546_GUARDA-MOR_H_2018-06-01-2021-05-31.nc
Processing INMET station A932 - GUIRATINGA
Done --> /home/mda_silv/clima-archive2-b/FPS-SESA/obs/era5/ws10/ws10_A932_GUIRATINGA_H_2018-06-01-2021-05-31.nc
Processing INMET station A019 - GURUPI
Done --> /home/mda_silv/clima-archive2-b/FPS-SESA/obs/era5/ws10/ws10_A019_GURUPI_H_2018-06-01-2021-05-31.nc
Processing INMET station A112 - HUMAITA
Done --> /home/mda_silv/clima-archive2-b/FPS-SESA/obs/era5/ws10/ws10_A112_HUMAITA_H_2018-06-01-2021-05-31.nc
Processing INMET station A349 - IBIMIRIM
Done --> /home/mda_silv/clima-archive2-b/FPS-SESA/obs/era5/ws10/ws10_A349_IBIMIRIM_H_2018-06-01-2021-05-31.nc
Processing INMET station A555 - IBIRITE_ROLA-MOCA
Done --> /home/mda_silv/clima-archive2-b/FPS-SESA/obs/era5/ws10/ws10_A555_IBIRITE_ROLA-MOCA_H_2018-06-01-2021-05-31.nc
Processing INMET station A883 - IBIRUBA
Done --> /home/mda_silv/clima-archive2-b/FPS-SESA/obs/era5/ws10/ws10_A883_IBIRUBA_H_2018-06-01-2021-05-31.nc
Processing INMET station A737 - IBITINGA
Done --> /home/mda_silv/clima-archive2-b/FPS-SESA/obs/era5/ws10/ws10_A737_IBITINGA_H_2018-06-01-2021-05-31.nc
Processing INMET station A439 - IBOTIRAMA
Done --> /home/mda_silv/clima-archive2-b/FPS-SESA/obs/era5/ws10/ws10_A439_IBOTIRAMA_H_2018-06-01-2021-05-31.nc
Processing INMET station A824 - ICARAIMA
Done --> /home/mda_silv/clima-archive2-b/FPS-SESA/obs/era5/ws10/ws10_A824_ICARAIMA_H_2018-06-01-2021-05-31.nc
Processing INMET station A712 - IGUAPE
Done --> /home/mda_silv/clima-archive2-b/FPS-SESA/obs/era5/ws10/ws10_A712_IGUAPE_H_2018-06-01-2021-05-31.nc
Processing INMET station A319 - IGUATU
Done --> /home/mda_silv/clima-archive2-b/FPS-SESA/obs/era5/ws10/ws10_A319_IGUATU_H_2018-06-01-2021-05-31.nc
Processing INMET station A410 - ILHEUS
Done --> /home/mda_silv/clima-archive2-b/FPS-SESA/obs/era5/ws10/ws10_A410_ILHEUS_H_2018-06-01-2021-05-31.nc
Processing INMET station A225 - IMPERATRIZ
Done --> /home/mda_silv/clima-archive2-b/FPS-SESA/obs/era5/ws10/ws10_A225_IMPERATRIZ_H_2018-06-01-2021-05-31.nc
Processing INMET station A823 - INACIO_MARTINS
Done --> /home/mda_silv/clima-archive2-b/FPS-SESA/obs/era5/ws10/ws10_A823_INACIO_MARTINS_H_2018-06-01-2021-05-31.nc
Processing INMET station A817 - INDAIAL
Done --> /home/mda_silv/clima-archive2-b/FPS-SESA/obs/era5/ws10/ws10_A817_INDAIAL_H_2018-06-01-2021-05-31.nc
Processing INMET station A372 - IPANGUACU
Done --> /home/mda_silv/clima-archive2-b/FPS-SESA/obs/era5/ws10/ws10_A372_IPANGUACU_H_2018-06-01-2021-05-31.nc
Processing INMET station A445 - IPIAU
Done --> /home/mda_silv/clima-archive2-b/FPS-SESA/obs/era5/ws10/ws10_A445_IPIAU_H_2018-06-01-2021-05-31.nc
Processing INMET station A028 - IPORA
Done --> /home/mda_silv/clima-archive2-b/FPS-SESA/obs/era5/ws10/ws10_A028_IPORA_H_2018-06-01-2021-05-31.nc
Processing INMET station A424 - IRECE
Done --> /home/mda_silv/clima-archive2-b/FPS-SESA/obs/era5/ws10/ws10_A424_IRECE_H_2018-06-01-2021-05-31.nc
Processing INMET station A451 - ITABAIANA
Done --> /home/mda_silv/clima-archive2-b/FPS-SESA/obs/era5/ws10/ws10_A451_ITABAIANA_H_2018-06-01-2021-05-31.nc
Processing INMET station A417 - ITABAIANINHA
Done --> /home/mda_silv/clima-archive2-b/FPS-SESA/obs/era5/ws10/ws10_A417_ITABAIANINHA_H_2018-06-01-2021-05-31.nc
Processing INMET station A408 - ITABERABA
Done --> /home/mda_silv/clima-archive2-b/FPS-SESA/obs/era5/ws10/ws10_A408_ITABERABA_H_2018-06-01-2021-05-31.nc
Processing INMET station A121 - ITACOATIARA
Done --> /home/mda_silv/clima-archive2-b/FPS-SESA/obs/era5/ws10/ws10_A121_ITACOATIARA_H_2018-06-01-2021-05-31.nc
Processing INMET station A231 - ITAITUBA
Done --> /home/mda_silv/clima-archive2-b/FPS-SESA/obs/era5/ws10/ws10_A231_ITAITUBA_H_2018-06-01-2021-05-31.nc
Processing INMET station A868 - ITAJAI
Done --> /home/mda_silv/clima-archive2-b/FPS-SESA/obs/era5/ws10/ws10_A868_ITAJAI_H_2018-06-01-2021-05-31.nc
Processing INMET station A455 - ITAMARAJU
Done --> /home/mda_silv/clima-archive2-b/FPS-SESA/obs/era5/ws10/ws10_A455_ITAMARAJU_H_2018-06-01-2021-05-31.nc
Processing INMET station A550 - ITAOBIM
Done --> /home/mda_silv/clima-archive2-b/FPS-SESA/obs/era5/ws10/ws10_A550_ITAOBIM_H_2018-06-01-2021-05-31.nc
Processing INMET station A015 - ITAPACI
Done --> /home/mda_silv/clima-archive2-b/FPS-SESA/obs/era5/ws10/ws10_A015_ITAPACI_H_2018-06-01-2021-05-31.nc
Processing INMET station A446 - ITAPETINGA
Done --> /home/mda_silv/clima-archive2-b/FPS-SESA/obs/era5/ws10/ws10_A446_ITAPETINGA_H_2018-06-01-2021-05-31.nc
Processing INMET station A714 - ITAPEVA
Done --> /home/mda_silv/clima-archive2-b/FPS-SESA/obs/era5/ws10/ws10_A714_ITAPEVA_H_2018-06-01-2021-05-31.nc
Processing INMET station A359 - ITAPIPOCA
Done --> /home/mda_silv/clima-archive2-b/FPS-SESA/obs/era5/ws10/ws10_A359_ITAPIPOCA_H_2018-06-01-2021-05-31.nc
Processing INMET station A739 - ITAPIRA
Done --> /home/mda_silv/clima-archive2-b/FPS-SESA/obs/era5/ws10/ws10_A739_ITAPIRA_H_2018-06-01-2021-05-31.nc
Processing INMET station A851 - ITAPOA
Done --> /home/mda_silv/clima-archive2-b/FPS-SESA/obs/era5/ws10/ws10_A851_ITAPOA_H_2018-06-01-2021-05-31.nc
Processing INMET station A373 - ITAPORANGA
Done --> /home/mda_silv/clima-archive2-b/FPS-SESA/obs/era5/ws10/ws10_A373_ITAPORANGA_H_2018-06-01-2021-05-31.nc
Processing INMET station A752 - ITAQUIRAI
Done --> /home/mda_silv/clima-archive2-b/FPS-SESA/obs/era5/ws10/ws10_A752_ITAQUIRAI_H_2018-06-01-2021-05-31.nc
Processing INMET station A251 - ITAUBAL
Done --> /home/mda_silv/clima-archive2-b/FPS-SESA/obs/era5/ws10/ws10_A251_ITAUBAL_H_2018-06-01-2021-05-31.nc
Processing INMET station A933 - ITIQUIRA
Done --> /home/mda_silv/clima-archive2-b/FPS-SESA/obs/era5/ws10/ws10_A933_ITIQUIRA_H_2018-06-01-2021-05-31.nc
Processing INMET station A407 - ITIRUCU
Done --> /home/mda_silv/clima-archive2-b/FPS-SESA/obs/era5/ws10/ws10_A407_ITIRUCU_H_2018-06-01-2021-05-31.nc
Processing INMET station A512 - ITUIUTABA
Done --> /home/mda_silv/clima-archive2-b/FPS-SESA/obs/era5/ws10/ws10_A512_ITUIUTABA_H_2018-06-01-2021-05-31.nc
Processing INMET station A035 - ITUMBIARA
Done --> /home/mda_silv/clima-archive2-b/FPS-SESA/obs/era5/ws10/ws10_A035_ITUMBIARA_H_2018-06-01-2021-05-31.nc
Processing INMET station A863 - ITUPORANGA
Done --> /home/mda_silv/clima-archive2-b/FPS-SESA/obs/era5/ws10/ws10_A863_ITUPORANGA_H_2018-06-01-2021-05-31.nc
Processing INMET station A753 - ITUVERAVA
Done --> /home/mda_silv/clima-archive2-b/FPS-SESA/obs/era5/ws10/ws10_A753_ITUVERAVA_H_2018-06-01-2021-05-31.nc
Processing INMET station A818 - IVAI
Done --> /home/mda_silv/clima-archive2-b/FPS-SESA/obs/era5/ws10/ws10_A818_IVAI_H_2018-06-01-2021-05-31.nc
Processing INMET station A709 - IVINHEMA
Done --> /home/mda_silv/clima-archive2-b/FPS-SESA/obs/era5/ws10/ws10_A709_IVINHEMA_H_2018-06-01-2021-05-31.nc
Processing INMET station A440 - JACOBINA
Done --> /home/mda_silv/clima-archive2-b/FPS-SESA/obs/era5/ws10/ws10_A440_JACOBINA_H_2018-06-01-2021-05-31.nc
Processing INMET station A836 - JAGUARA
Done --> /home/mda_silv/clima-archive2-b/FPS-SESA/obs/era5/ws10/ws10_A836_JAGUARA_H_2018-06-01-2021-05-31.nc
Processing INMET station A358 - JAGUARIBE
Done --> /home/mda_silv/clima-archive2-b/FPS-SESA/obs/era5/ws10/ws10_A358_JAGUARIBE_H_2018-06-01-2021-05-31.nc
Processing INMET station A339 - JAGUARUANA
Done --> /home/mda_silv/clima-archive2-b/FPS-SESA/obs/era5/ws10/ws10_A339_JAGUARUANA_H_2018-06-01-2021-05-31.nc
Processing INMET station A733 - JALES
Done --> /home/mda_silv/clima-archive2-b/FPS-SESA/obs/era5/ws10/ws10_A733_JALES_H_2018-06-01-2021-05-31.nc
Processing INMET station A559 - JANUARIA
Done --> /home/mda_silv/clima-archive2-b/FPS-SESA/obs/era5/ws10/ws10_A559_JANUARIA_H_2018-06-01-2021-05-31.nc
Processing INMET station A871 - JAPIRA
Done --> /home/mda_silv/clima-archive2-b/FPS-SESA/obs/era5/ws10/ws10_A871_JAPIRA_H_2018-06-01-2021-05-31.nc
Processing INMET station A758 - JARDIM
Done --> /home/mda_silv/clima-archive2-b/FPS-SESA/obs/era5/ws10/ws10_A758_JARDIM_H_2018-06-01-2021-05-31.nc
Processing INMET station A016 - JATAI
Done --> /home/mda_silv/clima-archive2-b/FPS-SESA/obs/era5/ws10/ws10_A016_JATAI_H_2018-06-01-2021-05-31.nc
Processing INMET station A450 - JEREMOABO
Done --> /home/mda_silv/clima-archive2-b/FPS-SESA/obs/era5/ws10/ws10_A450_JEREMOABO_H_2018-06-01-2021-05-31.nc
Processing INMET station A841 - JOACABA
Done --> /home/mda_silv/clima-archive2-b/FPS-SESA/obs/era5/ws10/ws10_A841_JOACABA_H_2018-06-01-2021-05-31.nc
Processing INMET station A320 - JOAO_PESSOA
Done --> /home/mda_silv/clima-archive2-b/FPS-SESA/obs/era5/ws10/ws10_A320_JOAO_PESSOA_H_2018-06-01-2021-05-31.nc
Processing INMET station A553 - JOAO_PINHEIRO
Done --> /home/mda_silv/clima-archive2-b/FPS-SESA/obs/era5/ws10/ws10_A553_JOAO_PINHEIRO_H_2018-06-01-2021-05-31.nc
Processing INMET station A821 - JOAQUIM_TAVORA
Done --> /home/mda_silv/clima-archive2-b/FPS-SESA/obs/era5/ws10/ws10_A821_JOAQUIM_TAVORA_H_2018-06-01-2021-05-31.nc
Processing INMET station A735 - JOSE_BONIFACIO
Done --> /home/mda_silv/clima-archive2-b/FPS-SESA/obs/era5/ws10/ws10_A735_JOSE_BONIFACIO_H_2018-06-01-2021-05-31.nc
Processing INMET station A914 - JUARA
Done --> /home/mda_silv/clima-archive2-b/FPS-SESA/obs/era5/ws10/ws10_A914_JUARA_H_2018-06-01-2021-05-31.nc
Processing INMET station A920 - JUINA
Done --> /home/mda_silv/clima-archive2-b/FPS-SESA/obs/era5/ws10/ws10_A920_JUINA_H_2018-06-01-2021-05-31.nc
Processing INMET station A518 - JUIZ_DE_FORA
Done --> /home/mda_silv/clima-archive2-b/FPS-SESA/obs/era5/ws10/ws10_A518_JUIZ_DE_FORA_H_2018-06-01-2021-05-31.nc
Processing INMET station A749 - JUTI
Done --> /home/mda_silv/clima-archive2-b/FPS-SESA/obs/era5/ws10/ws10_A749_JUTI_H_2018-06-01-2021-05-31.nc
Processing INMET station A111 - LABREA
Done --> /home/mda_silv/clima-archive2-b/FPS-SESA/obs/era5/ws10/ws10_A111_LABREA_H_2018-06-01-2021-05-31.nc
Processing INMET station A865 - LAGES
Done --> /home/mda_silv/clima-archive2-b/FPS-SESA/obs/era5/ws10/ws10_A865_LAGES_H_2018-06-01-2021-05-31.nc
Processing INMET station A055 - LAGOA_DA_CONFUSAO
Done --> /home/mda_silv/clima-archive2-b/FPS-SESA/obs/era5/ws10/ws10_A055_LAGOA_DA_CONFUSAO_H_2018-06-01-2021-05-31.nc
Processing INMET station A844 - LAGOA_VERMELHA
Done --> /home/mda_silv/clima-archive2-b/FPS-SESA/obs/era5/ws10/ws10_A844_LAGOA_VERMELHA_H_2018-06-01-2021-05-31.nc
Processing INMET station B804 - LARANJEIRAS DO SUL
Done --> /home/mda_silv/clima-archive2-b/FPS-SESA/obs/era5/ws10/ws10_B804_LARANJEIRAS DO SUL_H_2018-06-01-2021-05-31.nc
Processing INMET station A425 - LENCOIS
Done --> /home/mda_silv/clima-archive2-b/FPS-SESA/obs/era5/ws10/ws10_A425_LENCOIS_H_2018-06-01-2021-05-31.nc
Processing INMET station A614 - LINHARES
Done --> /home/mda_silv/clima-archive2-b/FPS-SESA/obs/era5/ws10/ws10_A614_LINHARES_H_2018-06-01-2021-05-31.nc
Processing INMET station A727 - LINS
Done --> /home/mda_silv/clima-archive2-b/FPS-SESA/obs/era5/ws10/ws10_A727_LINS_H_2018-06-01-2021-05-31.nc
Processing INMET station A404 - LUIZ_EDUARDO_MAGALHAES
Done --> /home/mda_silv/clima-archive2-b/FPS-SESA/obs/era5/ws10/ws10_A404_LUIZ_EDUARDO_MAGALHAES_H_2018-06-01-2021-05-31.nc
Processing INMET station A012 - LUZIANIA
Done --> /home/mda_silv/clima-archive2-b/FPS-SESA/obs/era5/ws10/ws10_A012_LUZIANIA_H_2018-06-01-2021-05-31.nc
Processing INMET station A866 - LAGUNA-FAROL_DE_SANTA_MARTA
Done --> /home/mda_silv/clima-archive2-b/FPS-SESA/obs/era5/ws10/ws10_A866_LAGUNA-FAROL_DE_SANTA_MARTA_H_2018-06-01-2021-05-31.nc
Processing INMET station A608 - MACAE
Done --> /home/mda_silv/clima-archive2-b/FPS-SESA/obs/era5/ws10/ws10_A608_MACAE_H_2018-06-01-2021-05-31.nc
Processing INMET station A412 - MACAJUBA
Done --> /home/mda_silv/clima-archive2-b/FPS-SESA/obs/era5/ws10/ws10_A412_MACAJUBA_H_2018-06-01-2021-05-31.nc
Processing INMET station A249 - MACAPA
Done --> /home/mda_silv/clima-archive2-b/FPS-SESA/obs/era5/ws10/ws10_A249_MACAPA_H_2018-06-01-2021-05-31.nc
Processing INMET station A317 - MACAU
Done --> /home/mda_silv/clima-archive2-b/FPS-SESA/obs/era5/ws10/ws10_A317_MACAU_H_2018-06-01-2021-05-31.nc
Processing INMET station A303 - MACEIO
Done --> /home/mda_silv/clima-archive2-b/FPS-SESA/obs/era5/ws10/ws10_A303_MACEIO_H_2018-06-01-2021-05-31.nc
Processing INMET station A567 - MACHADO
Done --> /home/mda_silv/clima-archive2-b/FPS-SESA/obs/era5/ws10/ws10_A567_MACHADO_H_2018-06-01-2021-05-31.nc
Processing INMET station A864 - MAJOR VIEIRA
Done --> /home/mda_silv/clima-archive2-b/FPS-SESA/obs/era5/ws10/ws10_A864_MAJOR VIEIRA_H_2018-06-01-2021-05-31.nc
Processing INMET station A820 - MAL._CANDIDO_RONDON
Done --> /home/mda_silv/clima-archive2-b/FPS-SESA/obs/era5/ws10/ws10_A820_MAL._CANDIDO_RONDON_H_2018-06-01-2021-05-31.nc
Processing INMET station A119 - MANACAPURU
Done --> /home/mda_silv/clima-archive2-b/FPS-SESA/obs/era5/ws10/ws10_A119_MANACAPURU_H_2018-06-01-2021-05-31.nc
Processing INMET station A101 - MANAUS
Done --> /home/mda_silv/clima-archive2-b/FPS-SESA/obs/era5/ws10/ws10_A101_MANAUS_H_2018-06-01-2021-05-31.nc
Processing INMET station A556 - MANHUACU
Done --> /home/mda_silv/clima-archive2-b/FPS-SESA/obs/era5/ws10/ws10_A556_MANHUACU_H_2018-06-01-2021-05-31.nc
Processing INMET station A133 - MANICORE
Done --> /home/mda_silv/clima-archive2-b/FPS-SESA/obs/era5/ws10/ws10_A133_MANICORE_H_2018-06-01-2021-05-31.nc
Processing INMET station A540 - MANTENA
Done --> /home/mda_silv/clima-archive2-b/FPS-SESA/obs/era5/ws10/ws10_A540_MANTENA_H_2018-06-01-2021-05-31.nc
Processing INMET station A240 - MARABA
Done --> /home/mda_silv/clima-archive2-b/FPS-SESA/obs/era5/ws10/ws10_A240_MARABA_H_2018-06-01-2021-05-31.nc
Processing INMET station A731 - MARACAJU
Done --> /home/mda_silv/clima-archive2-b/FPS-SESA/obs/era5/ws10/ws10_A731_MARACAJU_H_2018-06-01-2021-05-31.nc
Processing INMET station A438 - MARAU
Done --> /home/mda_silv/clima-archive2-b/FPS-SESA/obs/era5/ws10/ws10_A438_MARAU_H_2018-06-01-2021-05-31.nc
Processing INMET station A137 - MARECHAL_THAUMATURGO
Done --> /home/mda_silv/clima-archive2-b/FPS-SESA/obs/era5/ws10/ws10_A137_MARECHAL_THAUMATURGO_H_2018-06-01-2021-05-31.nc
Processing INMET station A531 - MARIA DA FE
Done --> /home/mda_silv/clima-archive2-b/FPS-SESA/obs/era5/ws10/ws10_A531_MARIA DA FE_H_2018-06-01-2021-05-31.nc
Processing INMET station A041 - MARIANOPOLIS_DO_TO
Done --> /home/mda_silv/clima-archive2-b/FPS-SESA/obs/era5/ws10/ws10_A041_MARIANOPOLIS_DO_TO_H_2018-06-01-2021-05-31.nc
Processing INMET station A632 - MARILANDIA
Done --> /home/mda_silv/clima-archive2-b/FPS-SESA/obs/era5/ws10/ws10_A632_MARILANDIA_H_2018-06-01-2021-05-31.nc
Processing INMET station A763 - MARILIA
Done --> /home/mda_silv/clima-archive2-b/FPS-SESA/obs/era5/ws10/ws10_A763_MARILIA_H_2018-06-01-2021-05-31.nc
Processing INMET station A835 - MARINGA
Done --> /home/mda_silv/clima-archive2-b/FPS-SESA/obs/era5/ws10/ws10_A835_MARINGA_H_2018-06-01-2021-05-31.nc
Processing INMET station A040 - MATEIROS
Done --> /home/mda_silv/clima-archive2-b/FPS-SESA/obs/era5/ws10/ws10_A040_MATEIROS_H_2018-06-01-2021-05-31.nc
Processing INMET station A122 - MAUES
Done --> /home/mda_silv/clima-archive2-b/FPS-SESA/obs/era5/ws10/ws10_A122_MAUES_H_2018-06-01-2021-05-31.nc
Processing INMET station A209 - MEDICILANDIA
Done --> /home/mda_silv/clima-archive2-b/FPS-SESA/obs/era5/ws10/ws10_A209_MEDICILANDIA_H_2018-06-01-2021-05-31.nc
Processing INMET station A246 - MINA_DO_PALITO
Done --> /home/mda_silv/clima-archive2-b/FPS-SESA/obs/era5/ws10/ws10_A246_MINA_DO_PALITO_H_2018-06-01-2021-05-31.nc
Processing INMET station A026 - MINEIROS
Done --> /home/mda_silv/clima-archive2-b/FPS-SESA/obs/era5/ws10/ws10_A026_MINEIROS_H_2018-06-01-2021-05-31.nc
Processing INMET station A722 - MIRANDA
Done --> /home/mda_silv/clima-archive2-b/FPS-SESA/obs/era5/ws10/ws10_A722_MIRANDA_H_2018-06-01-2021-05-31.nc
Processing INMET station A539 - MOCAMBINHO
Done --> /home/mda_silv/clima-archive2-b/FPS-SESA/obs/era5/ws10/ws10_A539_MOCAMBINHO_H_2018-06-01-2021-05-31.nc
Processing INMET station A526 - MONTALVANIA
Done --> /home/mda_silv/clima-archive2-b/FPS-SESA/obs/era5/ws10/ws10_A526_MONTALVANIA_H_2018-06-01-2021-05-31.nc
Processing INMET station A239 - MONTE_ALEGRE
Done --> /home/mda_silv/clima-archive2-b/FPS-SESA/obs/era5/ws10/ws10_A239_MONTE_ALEGRE_H_2018-06-01-2021-05-31.nc
Processing INMET station A032 - MONTE_ALEGRE_DE_GOIAS
Done --> /home/mda_silv/clima-archive2-b/FPS-SESA/obs/era5/ws10/ws10_A032_MONTE_ALEGRE_DE_GOIAS_H_2018-06-01-2021-05-31.nc
Processing INMET station A509 - MONTE_VERDE
Done --> /home/mda_silv/clima-archive2-b/FPS-SESA/obs/era5/ws10/ws10_A509_MONTE_VERDE_H_2018-06-01-2021-05-31.nc
Processing INMET station A334 - MONTEIRO
Done --> /home/mda_silv/clima-archive2-b/FPS-SESA/obs/era5/ws10/ws10_A334_MONTEIRO_H_2018-06-01-2021-05-31.nc
Processing INMET station A506 - MONTES_CLAROS
Done --> /home/mda_silv/clima-archive2-b/FPS-SESA/obs/era5/ws10/ws10_A506_MONTES_CLAROS_H_2018-06-01-2021-05-31.nc
Processing INMET station A332 - MORADA_NOVA
Done --> /home/mda_silv/clima-archive2-b/FPS-SESA/obs/era5/ws10/ws10_A332_MORADA_NOVA_H_2018-06-01-2021-05-31.nc
Processing INMET station A873 - MORRETES
Done --> /home/mda_silv/clima-archive2-b/FPS-SESA/obs/era5/ws10/ws10_A873_MORRETES_H_2018-06-01-2021-05-31.nc
Processing INMET station A003 - MORRINHOS
Done --> /home/mda_silv/clima-archive2-b/FPS-SESA/obs/era5/ws10/ws10_A003_MORRINHOS_H_2018-06-01-2021-05-31.nc
Processing INMET station A318 - MOSSORO
Done --> /home/mda_silv/clima-archive2-b/FPS-SESA/obs/era5/ws10/ws10_A318_MOSSORO_H_2018-06-01-2021-05-31.nc
Processing INMET station A878 - MOSTARDAS
Done --> /home/mda_silv/clima-archive2-b/FPS-SESA/obs/era5/ws10/ws10_A878_MOSTARDAS_H_2018-06-01-2021-05-31.nc
Processing INMET station A517 - MURIAE
Done --> /home/mda_silv/clima-archive2-b/FPS-SESA/obs/era5/ws10/ws10_A517_MURIAE_H_2018-06-01-2021-05-31.nc
Processing INMET station A304 - NATAL
Done --> /home/mda_silv/clima-archive2-b/FPS-SESA/obs/era5/ws10/ws10_A304_NATAL_H_2018-06-01-2021-05-31.nc
Processing INMET station A717 - NHUMIRIM
Done --> /home/mda_silv/clima-archive2-b/FPS-SESA/obs/era5/ws10/ws10_A717_NHUMIRIM_H_2018-06-01-2021-05-31.nc
Processing INMET station A453 - NOSSA_SENHORA_DA_GLORIA
Done --> /home/mda_silv/clima-archive2-b/FPS-SESA/obs/era5/ws10/ws10_A453_NOSSA_SENHORA_DA_GLORIA_H_2018-06-01-2021-05-31.nc
Processing INMET station A842 - NOVA_FATIMA
Done --> /home/mda_silv/clima-archive2-b/FPS-SESA/obs/era5/ws10/ws10_A842_NOVA_FATIMA_H_2018-06-01-2021-05-31.nc
Processing INMET station A624 - NOVA_FRIBURGO - SALINAS
Done --> /home/mda_silv/clima-archive2-b/FPS-SESA/obs/era5/ws10/ws10_A624_NOVA_FRIBURGO - SALINAS_H_2018-06-01-2021-05-31.nc
Processing INMET station A928 - NOVA_MARINGA
Done --> /home/mda_silv/clima-archive2-b/FPS-SESA/obs/era5/ws10/ws10_A928_NOVA_MARINGA_H_2018-06-01-2021-05-31.nc
Processing INMET station A563 - NOVA_PORTEIRINHA (JANAUBA)
Done --> /home/mda_silv/clima-archive2-b/FPS-SESA/obs/era5/ws10/ws10_A563_NOVA_PORTEIRINHA (JANAUBA)_H_2018-06-01-2021-05-31.nc
Processing INMET station A822 - NOVA_TEBAS
Done --> /home/mda_silv/clima-archive2-b/FPS-SESA/obs/era5/ws10/ws10_A822_NOVA_TEBAS_H_2018-06-01-2021-05-31.nc
Processing INMET station A929 - NOVA_UBIRATA
Done --> /home/mda_silv/clima-archive2-b/FPS-SESA/obs/era5/ws10/ws10_A929_NOVA_UBIRATA_H_2018-06-01-2021-05-31.nc
Processing INMET station A816 - NOVO_HORIZONTE
Done --> /home/mda_silv/clima-archive2-b/FPS-SESA/obs/era5/ws10/ws10_A816_NOVO_HORIZONTE_H_2018-06-01-2021-05-31.nc
Processing INMET station A235 - NOVO_REPARTIMENTO
Done --> /home/mda_silv/clima-archive2-b/FPS-SESA/obs/era5/ws10/ws10_A235_NOVO_REPARTIMENTO_H_2018-06-01-2021-05-31.nc
Processing INMET station A232 - OBIDOS
Done --> /home/mda_silv/clima-archive2-b/FPS-SESA/obs/era5/ws10/ws10_A232_OBIDOS_H_2018-06-01-2021-05-31.nc
Processing INMET station A354 - OEIRAS
Done --> /home/mda_silv/clima-archive2-b/FPS-SESA/obs/era5/ws10/ws10_A354_OEIRAS_H_2018-06-01-2021-05-31.nc
Processing INMET station A242 - OIAPOQUE
Done --> /home/mda_silv/clima-archive2-b/FPS-SESA/obs/era5/ws10/ws10_A242_OIAPOQUE_H_2018-06-01-2021-05-31.nc
Processing INMET station A570 - OLIVEIRA
Done --> /home/mda_silv/clima-archive2-b/FPS-SESA/obs/era5/ws10/ws10_A570_OLIVEIRA_H_2018-06-01-2021-05-31.nc
Processing INMET station A366 - OURICURI
Done --> /home/mda_silv/clima-archive2-b/FPS-SESA/obs/era5/ws10/ws10_A366_OURICURI_H_2018-06-01-2021-05-31.nc
Processing INMET station A716 - OURINHOS
Done --> /home/mda_silv/clima-archive2-b/FPS-SESA/obs/era5/ws10/ws10_A716_OURINHOS_H_2018-06-01-2021-05-31.nc
Processing INMET station A513 - OURO_BRANCO
Done --> /home/mda_silv/clima-archive2-b/FPS-SESA/obs/era5/ws10/ws10_A513_OURO_BRANCO_H_2018-06-01-2021-05-31.nc
Processing INMET station A210 - PACAJA
Done --> /home/mda_silv/clima-archive2-b/FPS-SESA/obs/era5/ws10/ws10_A210_PACAJA_H_2018-06-01-2021-05-31.nc
Processing INMET station A357 - PALMARES
Done --> /home/mda_silv/clima-archive2-b/FPS-SESA/obs/era5/ws10/ws10_A357_PALMARES_H_2018-06-01-2021-05-31.nc
Processing INMET station A009 - PALMAS
Done --> /home/mda_silv/clima-archive2-b/FPS-SESA/obs/era5/ws10/ws10_A009_PALMAS_H_2018-06-01-2021-05-31.nc
Processing INMET station A856 - PALMEIRA_DAS_MISSOES
Done --> /home/mda_silv/clima-archive2-b/FPS-SESA/obs/era5/ws10/ws10_A856_PALMEIRA_DAS_MISSOES_H_2018-06-01-2021-05-31.nc
Processing INMET station A327 - PALMEIRA_DOS_INDIOS
Done --> /home/mda_silv/clima-archive2-b/FPS-SESA/obs/era5/ws10/ws10_A327_PALMEIRA_DOS_INDIOS_H_2018-06-01-2021-05-31.nc
Processing INMET station A323 - PAO_DE_ACUCAR
Done --> /home/mda_silv/clima-archive2-b/FPS-SESA/obs/era5/ws10/ws10_A323_PAO_DE_ACUCAR_H_2018-06-01-2021-05-31.nc
Processing INMET station A212 - PARAGOMINAS
Done --> /home/mda_silv/clima-archive2-b/FPS-SESA/obs/era5/ws10/ws10_A212_PARAGOMINAS_H_2018-06-01-2021-05-31.nc
Processing INMET station A010 - PARANA
Done --> /home/mda_silv/clima-archive2-b/FPS-SESA/obs/era5/ws10/ws10_A010_PARANA_H_2018-06-01-2021-05-31.nc
Processing INMET station A710 - PARANAIBA
Done --> /home/mda_silv/clima-archive2-b/FPS-SESA/obs/era5/ws10/ws10_A710_PARANAIBA_H_2018-06-01-2021-05-31.nc
Processing INMET station A850 - PARANAPOEMA
Done --> /home/mda_silv/clima-archive2-b/FPS-SESA/obs/era5/ws10/ws10_A850_PARANAPOEMA_H_2018-06-01-2021-05-31.nc
Processing INMET station A915 - PARANATINGA
Done --> /home/mda_silv/clima-archive2-b/FPS-SESA/obs/era5/ws10/ws10_A915_PARANATINGA_H_2018-06-01-2021-05-31.nc
Processing INMET station A047 - PARANOA-COOPA-DF
Done --> /home/mda_silv/clima-archive2-b/FPS-SESA/obs/era5/ws10/ws10_A047_PARANOA-COOPA-DF_H_2018-06-01-2021-05-31.nc
Processing INMET station A619 - PARATY
Done --> /home/mda_silv/clima-archive2-b/FPS-SESA/obs/era5/ws10/ws10_A619_PARATY_H_2018-06-01-2021-05-31.nc
Processing INMET station A027 - PARAUNA
Done --> /home/mda_silv/clima-archive2-b/FPS-SESA/obs/era5/ws10/ws10_A027_PARAUNA_H_2018-06-01-2021-05-31.nc
Processing INMET station A123 - PARINTINS
Done --> /home/mda_silv/clima-archive2-b/FPS-SESA/obs/era5/ws10/ws10_A123_PARINTINS_H_2018-06-01-2021-05-31.nc
Processing INMET station A308 - PARNAIBA
Done --> /home/mda_silv/clima-archive2-b/FPS-SESA/obs/era5/ws10/ws10_A308_PARNAIBA_H_2018-06-01-2021-05-31.nc
Processing INMET station A102 - PARQUE_ESTADUAL_CHANDLESS
Done --> /home/mda_silv/clima-archive2-b/FPS-SESA/obs/era5/ws10/ws10_A102_PARQUE_ESTADUAL_CHANDLESS_H_2018-06-01-2021-05-31.nc
Processing INMET station A529 - PASSA_QUATRO
Done --> /home/mda_silv/clima-archive2-b/FPS-SESA/obs/era5/ws10/ws10_A529_PASSA_QUATRO_H_2018-06-01-2021-05-31.nc
Processing INMET station A839 - PASSO_FUNDO
Done --> /home/mda_silv/clima-archive2-b/FPS-SESA/obs/era5/ws10/ws10_A839_PASSO_FUNDO_H_2018-06-01-2021-05-31.nc
Processing INMET station A516 - PASSOS
Done --> /home/mda_silv/clima-archive2-b/FPS-SESA/obs/era5/ws10/ws10_A516_PASSOS_H_2018-06-01-2021-05-31.nc
Processing INMET station A321 - PATOS
Done --> /home/mda_silv/clima-archive2-b/FPS-SESA/obs/era5/ws10/ws10_A321_PATOS_H_2018-06-01-2021-05-31.nc
Processing INMET station A562 - PATOS_DE_MINAS
Done --> /home/mda_silv/clima-archive2-b/FPS-SESA/obs/era5/ws10/ws10_A562_PATOS_DE_MINAS_H_2018-06-01-2021-05-31.nc
Processing INMET station A523 - PATROCINIO
Done --> /home/mda_silv/clima-archive2-b/FPS-SESA/obs/era5/ws10/ws10_A523_PATROCINIO_H_2018-06-01-2021-05-31.nc
Processing INMET station A330 - PAULISTANA
Done --> /home/mda_silv/clima-archive2-b/FPS-SESA/obs/era5/ws10/ws10_A330_PAULISTANA_H_2018-06-01-2021-05-31.nc
Processing INMET station A020 - PEDRO_AFONSO
Done --> /home/mda_silv/clima-archive2-b/FPS-SESA/obs/era5/ws10/ws10_A020_PEDRO_AFONSO_H_2018-06-01-2021-05-31.nc
Processing INMET station A018 - PEIXE
Done --> /home/mda_silv/clima-archive2-b/FPS-SESA/obs/era5/ws10/ws10_A018_PEIXE_H_2018-06-01-2021-05-31.nc
Processing INMET station A307 - PETROLINA
Done --> /home/mda_silv/clima-archive2-b/FPS-SESA/obs/era5/ws10/ws10_A307_PETROLINA_H_2018-06-01-2021-05-31.nc
Processing INMET station A430 - PIATA
Done --> /home/mda_silv/clima-archive2-b/FPS-SESA/obs/era5/ws10/ws10_A430_PIATA_H_2018-06-01-2021-05-31.nc
Processing INMET station A610 - PICO_DO_COUTO
Done --> /home/mda_silv/clima-archive2-b/FPS-SESA/obs/era5/ws10/ws10_A610_PICO_DO_COUTO_H_2018-06-01-2021-05-31.nc
Processing INMET station A343 - PICOS
Done --> /home/mda_silv/clima-archive2-b/FPS-SESA/obs/era5/ws10/ws10_A343_PICOS_H_2018-06-01-2021-05-31.nc
Processing INMET station A726 - PIRACICABA
Done --> /home/mda_silv/clima-archive2-b/FPS-SESA/obs/era5/ws10/ws10_A726_PIRACICABA_H_2018-06-01-2021-05-31.nc
Processing INMET station A371 - PIRANHAS
Done --> /home/mda_silv/clima-archive2-b/FPS-SESA/obs/era5/ws10/ws10_A371_PIRANHAS_H_2018-06-01-2021-05-31.nc
Processing INMET station A545 - PIRAPORA
Done --> /home/mda_silv/clima-archive2-b/FPS-SESA/obs/era5/ws10/ws10_A545_PIRAPORA_H_2018-06-01-2021-05-31.nc
Processing INMET station A033 - PIRES_DO_RIO
Done --> /home/mda_silv/clima-archive2-b/FPS-SESA/obs/era5/ws10/ws10_A033_PIRES_DO_RIO_H_2018-06-01-2021-05-31.ncslurmstepd: error: *** JOB 815883 ON node25 CANCELLED AT 2026-02-28T10:40:04 DUE TO TIME LIMIT ***
