/home/mda_silv/github_projects/fps_sesa/paper_cp/plot_maps_bias_sim_obs_sesa_pr_mmd.py:358: MatplotlibDeprecationWarning: The get_cmap function was deprecated in Matplotlib 3.7 and will be removed in 3.11. Use ``matplotlib.colormaps[name]`` or ``matplotlib.colormaps.get_cmap()`` or ``pyplot.get_cmap()`` instead.
  cmap = cm.get_cmap('BrBG', 20)
5 A756 AGUA_CLARA
10 A826 ALEGRETE
16 A909 ALTO_ARAGUAIA
36 A867 ARARANGUA
46 A827 BAGE
58 A748 BARRETOS
61 A705 BAURU
67 A840 BENTO_GONCALVES
71 A845 BOM_JARDIM_DA_SERRA-MORRO_DA_IGREJA
87 A859 CACADOR
88 A812 CACAPAVA_DO_SUL
91 A023 CAIAPONIA
95 A838 CAMAQUA
97 A897 CAMBARA_DO_SUL
102 A519 CAMPINA_VERDE
103 A884 CAMPO_BOM
104 A702 CAMPO_GRANDE
114 A879 CANELA
115 A811 CANGUCU
128 A742 CASSILANDIA
131 A819 CASTRO
138 A869 CIDADE_GAUCHA
139 A876 CLEVELANDIA
143 B806 COLOMBO
145 A520 CONCEICAO_DAS_ALAGOAS
151 A724 CORUMBA
153 A760 COSTA RICA
159 A853 CRUZ_ALTA
164 A807 CURITIBA
165 A860 CURITIBANOS
171 A848 DIONISIO_CERQUEIRA
175 A881 DOMVPEDRITO
178 A762 DRACENA
185 A828 ERECHIM
194 A806 FLORIANOPOLIS
201 A854 FREDERICO WESTPHALEN
205 A875 GENERAL_CARNEIRO
208 A002 GOIANIA
223 A883 IBIRUBA
231 A823 INACIO_MARTINS
232 A817 INDAIAL
242 A868 ITAJAI
247 A714 ITAPEVA
250 A851 ITAPOA
252 A752 ITAQUIRAI
257 A035 ITUMBIARA
258 A863 ITUPORANGA
260 A818 IVAI
263 A836 JAGUARA
268 A871 JAPIRA
270 A016 JATAI
272 A841 JOACABA
284 A844 LAGOA_VERMELHA
285 B804 LARANJEIRAS DO SUL
288 A727 LINS
291 A866 LAGUNA-FAROL_DE_SANTA_MARTA
299 A820 MAL._CANDIDO_RONDON
312 A763 MARILIA
313 A835 MARINGA
318 A026 MINEIROS
328 A873 MORRETES
329 A003 MORRINHOS
351 A716 OURINHOS
356 A856 PALMEIRA_DAS_MISSOES
363 A850 PARANAPOEMA
367 A027 PARAUNA
372 A839 PASSO_FUNDO
387 A033 PIRES_DO_RIO
391 A855 PLANALTO
394 A703 PONTA_PORA
397 A801 PORTO ALEGRE-JARDIM BOTANICO
407 A747 PRADOPOLIS
411 A707 PRESIDENTE_PRUDENTE
414 A831 QUARAI
419 A718 RANCHARIA
420 A870 RANCHO_QUEIMADO
428 A743 RIO_BRILHANTE
435 A802 RIO_GRANDE
436 A862 RIO_NEGRINHO
437 A813 RIO_PARDO
456 A803 SANTA_MARIA
460 A810 SANTA_ROSA
464 A804 SANTANA_DO_LIVRAMENTO
466 A833 SANTIAGO
468 A805 SANTO_AUGUSTO
469 A830 SAO_BORJA
473 A832 SAO_GABRIEL
478 A815 SAO_JOAQUIM
480 A829 SAO_JOSE_DOS_AUSENTES
484 A852 SAO_LUIZ_GONZAGA
486 A874 SAO_MATEUS_DO_SUL
497 A889 SAO_VICENTE DO SUL
501 A894 SERAFINA_CORREA
510 A754 SIDROLANDIA
512 A037 SILVANIA
515 A837 SOLEDADE
521 A899 SANTA_VITORIA_DO_PALMAR - BARRA_DO_CHUI
532 A808 TORRES
533 A834 TRAMANDAI
539 A768 TUPA
540 A886 TUPANCIRETA
543 A507 UBERLANDIA
548 A809 URUGUAIANA
549 A814 URUSSANGA
550 A880 VACARIA
554 A734 VALPARAISO
564 A858 XANXERE
1 SMN001 Aguapey
2 SMN002 Alto_Arapey
3 SMN003 Alto_Cuareim
4 SMN004 Alvear
5 SMN005 Arapey_Chico
6 SMN006 Arapey_Grande
7 SMN007 Arapey_Grande_Ruta_4
8 SMN008 Arerunguá
9 SMN009 Artigas
10 SMN010 Baibene
11 SMN011 Baltasar_Brum
12 SMN012 Belén
13 SMN013 Bernabé_Rivera
14 SMN014 Bonpland
15 SMN015 Catalán
16 SMN016 Catalán_Grande_rio
17 SMN017 Cazadores_Correntinos
18 SMN018 Cerro_Amarillo
19 SMN019 Cerro_Chato
20 SMN020 Chajarí
21 SMN021 Colonia_Lavalleja
22 SMN022 Colonia_Libertad
23 SMN023 Colonia_Palma
24 SMN024 Cuareim_Río
25 SMN025 Cuaró
26 SMN026 Cuchilla_de_Salto
27 SMN027 Curuzú_Cuatiá
28 SMN028 Dayman_Ruta_3
29 SMN029 Diego_Lamas
30 SMN030 El_Soberbio
31 SMN031 El_Trompo
32 SMN032 Espinillar
33 SMN033 Federación
34 SMN034 Garruchos
35 SMN035 Guaviyú_de_Arapey
36 SMN036 Itapebí
37 SMN037 Javier_de_Viana
38 SMN038 Loma_Alta
39 SMN039 Los_Conquistadores
40 SMN040 Meneses
41 SMN041 Miriñay_Medio
42 SMN042 Miriñay_Río
43 SMN043 Mocoretá_Lago
44 SMN044 Mocoreta_Medio
45 SMN045 Mocoretá_Río
46 SMN046 Monte_Caseros
47 SMN047 Paso_Campamento
48 SMN048 Paso_de_la_Cruz
49 SMN049 Paso_de_los_Libres
50 SMN050 Paso_del_León
51 SMN051 Paso_del_Remanso
52 SMN052 Paso_Farías
53 SMN053 Paso_Potrero
54 SMN054 Pepirí_Miní
55 SMN055 Puerto_Concordia
56 SMN056 Pujol
57 SMN057 Puntas_de_Valentín
58 SMN058 Queguay_Ruta_3
59 SMN059 Quintana
60 SMN060 Salto
61 SMN061 Salto_Grande
62 SMN062 San_Jaime
63 SMN063 San_Javier
64 SMN064 San_Roquito
65 SMN065 Santa_Ana
66 SMN066 Santo_Tomé
67 SMN067 Sarandí_de_Arapey
68 SMN068 Sequeira
69 SMN069 Solari
70 SMN070 Tomás_Gomensoro
71 SMN071 Uguay
72 SMN072 Yapeyú
1 SMN001 87582
2 SMN002 87585
3 SMN003 87222
4 SMN004 87257
5 SMN005 87395
6 SMN006 87344
7 SMN007 87345
8 SMN008 87166
9 SMN009 87571
10 SMN010 87576
11 SMN011 87162
12 SMN012 87497
13 SMN013 87097
14 SMN014 87305
15 SMN015 87046
16 SMN016 87548
17 SMN017 87593
18 SMN018 87007
19 SMN019 87217
20 SMN020 87534
21 SMN021 87078
22 SMN022 87467
23 SMN023 87418
24 SMN024 87420
25 SMN025 87393
26 SMN026 87016
27 SMN027 87374
28 SMN028 87289
29 SMN029 87349
30 SMN030 87178
31 SMN031 87270
32 SMN032 87155
33 SMN033 87453
34 SMN034 87480
35 SMN035 87047
36 SMN036 87311
37 SMN037 87436
38 SMN038 87416
40 SMN040 87509
41 SMN041 87129
42 SMN042 87371
43 SMN043 87022
44 SMN044 87211
45 SMN045 87328
46 SMN046 87448
47 SMN047 10067
48 SMN048 10358
49 SMN049 10423
50 SMN050 10901
52 SMN052 10444
53 SMN053 10903
54 SMN054 10904
56 SMN056 10502
57 SMN057 10906
59 SMN059 10114
60 SMN060 10145
61 SMN061 10908
62 SMN062 10909
63 SMN063 10910
67 SMN067 10912
68 SMN068 86330
69 SMN069 86580
70 SMN070 86560
71 SMN071 86530
73 SMN073 86440
74 SMN074 86490
76 SMN076 86430
77 SMN077 86585
78 SMN078 86350
79 SMN079 86565
80 SMN080 86360
81 SMN081 86500
82 SMN082 11014
84 SMN084 11016
85 SMN085 11017
87 SMN087 11019
88 SMN088 11020
89 SMN089 87121
93 SMN093 10550
94 SMN094 86068
95 SMN095 86086
96 SMN096 86097
97 SMN097 86128
98 SMN098 86134
99 SMN099 86185
100 SMN100 86192
101 SMN101 86210
102 SMN102 86218
103 SMN103 86233
104 SMN104 86234
105 SMN105 86255
106 SMN106 86260
107 SMN107 86268
108 SMN108 86285
109 SMN109 86297
python3: can't open file '/home/mda_silv/github_projects/fps_sesa/paper_cp/plot_maps_bias_sim_obs_sesa_pr_seas.py': [Errno 2] No such file or directory
