A756 AGUA_CLARA
A826 ALEGRETE
A909 ALTO_ARAGUAIA
A867 ARARANGUA
A827 BAGE
A748 BARRETOS
A705 BAURU
A840 BENTO_GONCALVES
A845 BOM_JARDIM_DA_SERRA-MORRO_DA_IGREJA
A859 CACADOR
A812 CACAPAVA_DO_SUL
A023 CAIAPONIA
A838 CAMAQUA
A897 CAMBARA_DO_SUL
A519 CAMPINA_VERDE
A884 CAMPO_BOM
A702 CAMPO_GRANDE
A879 CANELA
A811 CANGUCU
A742 CASSILANDIA
A819 CASTRO
A869 CIDADE_GAUCHA
A876 CLEVELANDIA
B806 COLOMBO
A520 CONCEICAO_DAS_ALAGOAS
A724 CORUMBA
A760 COSTA RICA
A853 CRUZ_ALTA
A807 CURITIBA
A860 CURITIBANOS
A848 DIONISIO_CERQUEIRA
A881 DOMVPEDRITO
A762 DRACENA
A828 ERECHIM
A806 FLORIANOPOLIS
A854 FREDERICO WESTPHALEN
A875 GENERAL_CARNEIRO
A002 GOIANIA
A883 IBIRUBA
A823 INACIO_MARTINS
A817 INDAIAL
A868 ITAJAI
A714 ITAPEVA
A851 ITAPOA
A752 ITAQUIRAI
A035 ITUMBIARA
A863 ITUPORANGA
A818 IVAI
A836 JAGUARA
A871 JAPIRA
A016 JATAI
A841 JOACABA
A844 LAGOA_VERMELHA
B804 LARANJEIRAS DO SUL
A727 LINS
A866 LAGUNA-FAROL_DE_SANTA_MARTA
A820 MAL._CANDIDO_RONDON
A763 MARILIA
A835 MARINGA
A026 MINEIROS
A873 MORRETES
A003 MORRINHOS
A716 OURINHOS
A856 PALMEIRA_DAS_MISSOES
A850 PARANAPOEMA
A027 PARAUNA
A839 PASSO_FUNDO
A033 PIRES_DO_RIO
A855 PLANALTO
A703 PONTA_PORA
A801 PORTO ALEGRE-JARDIM BOTANICO
A747 PRADOPOLIS
A707 PRESIDENTE_PRUDENTE
A831 QUARAI
A718 RANCHARIA
A870 RANCHO_QUEIMADO
A743 RIO_BRILHANTE
A802 RIO_GRANDE
A862 RIO_NEGRINHO
A813 RIO_PARDO
A803 SANTA_MARIA
A810 SANTA_ROSA
A804 SANTANA_DO_LIVRAMENTO
A833 SANTIAGO
A805 SANTO_AUGUSTO
A830 SAO_BORJA
A832 SAO_GABRIEL
A815 SAO_JOAQUIM
A829 SAO_JOSE_DOS_AUSENTES
A852 SAO_LUIZ_GONZAGA
A874 SAO_MATEUS_DO_SUL
A889 SAO_VICENTE DO SUL
A894 SERAFINA_CORREA
A754 SIDROLANDIA
A037 SILVANIA
A837 SOLEDADE
A899 SANTA_VITORIA_DO_PALMAR - BARRA_DO_CHUI
A808 TORRES
A834 TRAMANDAI
A768 TUPA
A886 TUPANCIRETA
A507 UBERLANDIA
A809 URUGUAIANA
A814 URUSSANGA
A880 VACARIA
A734 VALPARAISO
A858 XANXERE
SMN001 Aguapey
SMN002 Alto_Arapey
SMN003 Alto_Cuareim
SMN004 Alvear
SMN005 Arapey_Chico
SMN006 Arapey_Grande
SMN007 Arapey_Grande_Ruta_4
SMN008 Arerunguá
SMN009 Artigas
SMN010 Baibene
SMN011 Baltasar_Brum
SMN012 Belén
SMN013 Bernabé_Rivera
SMN014 Bonpland
SMN015 Catalán
SMN016 Catalán_Grande_rio
SMN017 Cazadores_Correntinos
SMN018 Cerro_Amarillo
SMN019 Cerro_Chato
SMN020 Chajarí
SMN021 Colonia_Lavalleja
SMN022 Colonia_Libertad
SMN023 Colonia_Palma
SMN024 Cuareim_Río
SMN025 Cuaró
SMN026 Cuchilla_de_Salto
SMN027 Curuzú_Cuatiá
SMN028 Dayman_Ruta_3
SMN029 Diego_Lamas
SMN030 El_Soberbio
SMN031 El_Trompo
SMN032 Espinillar
SMN033 Federación
SMN034 Garruchos
SMN035 Guaviyú_de_Arapey
SMN036 Itapebí
SMN037 Javier_de_Viana
SMN038 Loma_Alta
SMN039 Los_Conquistadores
SMN040 Meneses
SMN041 Miriñay_Medio
SMN042 Miriñay_Río
SMN043 Mocoretá_Lago
SMN044 Mocoreta_Medio
SMN045 Mocoretá_Río
SMN046 Monte_Caseros
SMN047 Paso_Campamento
SMN048 Paso_de_la_Cruz
SMN049 Paso_de_los_Libres
SMN050 Paso_del_León
SMN051 Paso_del_Remanso
SMN052 Paso_Farías
SMN053 Paso_Potrero
SMN054 Pepirí_Miní
SMN055 Puerto_Concordia
SMN056 Pujol
SMN057 Puntas_de_Valentín
SMN058 Queguay_Ruta_3
SMN059 Quintana
SMN060 Salto
SMN061 Salto_Grande
SMN062 San_Jaime
SMN063 San_Javier
SMN064 San_Roquito
SMN065 Santa_Ana
SMN066 Santo_Tomé
SMN067 Sarandí_de_Arapey
SMN068 Sequeira
SMN069 Solari
SMN070 Tomás_Gomensoro
SMN071 Uguay
SMN072 Yapeyú
179
[9.49127858 9.01393568 8.89992642 8.81412104 8.36949416 8.68499619
 8.55906697 8.08700225 8.71741214 8.93232    8.37686861 8.86875544
 9.1046281  8.80561798 8.70720721 8.74791868 8.62131868 8.95405714
 9.0929385  9.01257015 8.5752784  9.41275239 8.49216495 9.27911877]

[5.4349306  5.37125813 5.45128555 5.52292426 5.67774891 5.71990525
 5.90358312 5.97254133 5.98678465 5.82639868 5.56311538 5.39139394
 5.266058   5.48006158 5.52051938 5.48094186 5.85091393 5.73333878
 5.77747795 5.49637843 5.2766682  5.43382667 5.36630085 5.39123155]

[8.84275855 8.67333475 8.82234841 8.71818157 8.51922227 8.59077751
 8.32820509 8.3354949  8.10775797 7.99578668 8.04034994 7.87845241
 7.87775853 7.94654556 7.85079324 8.25946786 8.52697612 8.81789978
 8.54433787 9.0119688  8.5151897  8.69791919 8.64404613 8.66665532]

[7.09313989 6.88699132 6.79604743 7.46452167 7.57072457 7.75554094
 7.85281947 7.51289151 6.97967419 6.98734449 6.87899891 7.17915697
 6.96069532 7.05756988 7.23443691 7.37968218 7.42403814 7.61669108
 7.4878863  7.5809625  7.47013612 7.15421416 7.7201835  7.5552612 ]

[8.24258151 8.30303151 8.67704459 8.35255878 8.43102288 8.34748283
 7.95748437 8.0007964  8.38564975 8.13783927 8.10167718 7.85198485
 7.93166446 7.99044414 8.36663415 8.31558622 8.28246668 8.66905045
 8.6904516  8.93457395 9.14244594 8.54290933 8.60315404 8.50827921]

[7.26991787 7.05014001 7.66531361 7.65490347 7.51351694 7.52477389
 7.55750919 7.48826382 7.08749848 7.14399131 7.10159677 6.88661761
 6.78655692 6.76002699 6.87149759 6.9503798  6.98678365 7.22274906
 7.12327675 7.23312485 7.2813307  7.48225502 7.16331993 7.40663424]

[8.03109777 8.06278352 8.00020898 8.75256256 8.91115071 7.91906033
 7.72306975 7.18129268 7.43034427 7.24643141 7.39782987 7.58438894
 7.57119907 7.79616755 7.61051141 8.20300748 8.47097402 8.79022696
 8.65678973 9.27460222 8.51661215 8.3365836  8.18297503 8.17028849]

[11.1253666  10.66114316 10.87377544 11.14427302 10.91270779  9.96865341
  9.90163182 10.71760724 10.51240975  9.89961825 10.09829284  9.75442812
  9.89112486 10.23143837 10.75585511 10.98820841 11.2915002  11.18388854
 10.96637012 11.22471277 11.53366779 11.8313323  11.774759   11.65197865]
A756 AGUA_CLARA
A826 ALEGRETE
A909 ALTO_ARAGUAIA
A867 ARARANGUA
A827 BAGE
A748 BARRETOS
A705 BAURU
A840 BENTO_GONCALVES
A845 BOM_JARDIM_DA_SERRA-MORRO_DA_IGREJA
A859 CACADOR
A812 CACAPAVA_DO_SUL
A023 CAIAPONIA
A838 CAMAQUA
A897 CAMBARA_DO_SUL
A519 CAMPINA_VERDE
A884 CAMPO_BOM
A702 CAMPO_GRANDE
A879 CANELA
A811 CANGUCU
A742 CASSILANDIA
A819 CASTRO
A869 CIDADE_GAUCHA
A876 CLEVELANDIA
B806 COLOMBO
A520 CONCEICAO_DAS_ALAGOAS
A724 CORUMBA
A760 COSTA RICA
A853 CRUZ_ALTA
A807 CURITIBA
A860 CURITIBANOS
A848 DIONISIO_CERQUEIRA
A881 DOMVPEDRITO
A762 DRACENA
A828 ERECHIM
A806 FLORIANOPOLIS
A854 FREDERICO WESTPHALEN
A875 GENERAL_CARNEIRO
A002 GOIANIA
A883 IBIRUBA
A823 INACIO_MARTINS
A817 INDAIAL
A868 ITAJAI
A714 ITAPEVA
A851 ITAPOA
A752 ITAQUIRAI
A035 ITUMBIARA
A863 ITUPORANGA
A818 IVAI
A836 JAGUARA
A871 JAPIRA
A016 JATAI
A841 JOACABA
A844 LAGOA_VERMELHA
B804 LARANJEIRAS DO SUL
A727 LINS
A866 LAGUNA-FAROL_DE_SANTA_MARTA
A820 MAL._CANDIDO_RONDON
A763 MARILIA
A835 MARINGA
A026 MINEIROS
A873 MORRETES
A003 MORRINHOS
A716 OURINHOS
A856 PALMEIRA_DAS_MISSOES
A850 PARANAPOEMA
A027 PARAUNA
A839 PASSO_FUNDO
A033 PIRES_DO_RIO
A855 PLANALTO
A703 PONTA_PORA
A801 PORTO ALEGRE-JARDIM BOTANICO
A747 PRADOPOLIS
A707 PRESIDENTE_PRUDENTE
A831 QUARAI
A718 RANCHARIA
A870 RANCHO_QUEIMADO
A743 RIO_BRILHANTE
A802 RIO_GRANDE
A862 RIO_NEGRINHO
A813 RIO_PARDO
A803 SANTA_MARIA
A810 SANTA_ROSA
A804 SANTANA_DO_LIVRAMENTO
A833 SANTIAGO
A805 SANTO_AUGUSTO
A830 SAO_BORJA
A832 SAO_GABRIEL
A815 SAO_JOAQUIM
A829 SAO_JOSE_DOS_AUSENTES
A852 SAO_LUIZ_GONZAGA
A874 SAO_MATEUS_DO_SUL
A889 SAO_VICENTE DO SUL
A894 SERAFINA_CORREA
A754 SIDROLANDIA
A037 SILVANIA
A837 SOLEDADE
A899 SANTA_VITORIA_DO_PALMAR - BARRA_DO_CHUI
A808 TORRES
A834 TRAMANDAI
A768 TUPA
A886 TUPANCIRETA
A507 UBERLANDIA
A809 URUGUAIANA
A814 URUSSANGA
A880 VACARIA
A734 VALPARAISO
A858 XANXERE
SMN001 Aguapey
SMN002 Alto_Arapey
SMN003 Alto_Cuareim
SMN004 Alvear
SMN005 Arapey_Chico
SMN006 Arapey_Grande
SMN007 Arapey_Grande_Ruta_4
SMN008 Arerunguá
SMN009 Artigas
SMN010 Baibene
SMN011 Baltasar_Brum
SMN012 Belén
SMN013 Bernabé_Rivera
SMN014 Bonpland
SMN015 Catalán
SMN016 Catalán_Grande_rio
SMN017 Cazadores_Correntinos
SMN018 Cerro_Amarillo
SMN019 Cerro_Chato
SMN020 Chajarí
SMN021 Colonia_Lavalleja
SMN022 Colonia_Libertad
SMN023 Colonia_Palma
SMN024 Cuareim_Río
SMN025 Cuaró
SMN026 Cuchilla_de_Salto
SMN027 Curuzú_Cuatiá
SMN028 Dayman_Ruta_3
SMN029 Diego_Lamas
SMN030 El_Soberbio
SMN031 El_Trompo
SMN032 Espinillar
SMN033 Federación
SMN034 Garruchos
SMN035 Guaviyú_de_Arapey
SMN036 Itapebí
SMN037 Javier_de_Viana
SMN038 Loma_Alta
SMN039 Los_Conquistadores
SMN040 Meneses
SMN041 Miriñay_Medio
SMN042 Miriñay_Río
SMN043 Mocoretá_Lago
SMN044 Mocoreta_Medio
SMN045 Mocoretá_Río
SMN046 Monte_Caseros
SMN047 Paso_Campamento
SMN048 Paso_de_la_Cruz
SMN049 Paso_de_los_Libres
SMN050 Paso_del_León
SMN051 Paso_del_Remanso
SMN052 Paso_Farías
SMN053 Paso_Potrero
SMN054 Pepirí_Miní
SMN055 Puerto_Concordia
SMN056 Pujol
SMN057 Puntas_de_Valentín
SMN058 Queguay_Ruta_3
SMN059 Quintana
SMN060 Salto
SMN061 Salto_Grande
SMN062 San_Jaime
SMN063 San_Javier
SMN064 San_Roquito
SMN065 Santa_Ana
SMN066 Santo_Tomé
SMN067 Sarandí_de_Arapey
SMN068 Sequeira
SMN069 Solari
SMN070 Tomás_Gomensoro
SMN071 Uguay
SMN072 Yapeyú
179
Traceback (most recent call last):
  File "/home/mda_silv/github_projects/fps_sesa/paper_cp/plot_heatmap_diurnal_cycle_sim_obs_sesa_pr_seas.py", line 280, in <module>
    reg_usp_i.append(reg_usp[c_i])
                     ~~~~~~~^^^^^
IndexError: list index out of range
