Processing SMN station SMN001 - 87582
Lat: -34.57 - Lon: -58.42
Done --> /home/mda_silv/clima-archive2-b/FPS-SESA/rcm/reg_usp/pr/pr_SMN001_87582_D_2018-06-01-2021-05-31.nc
Processing SMN station SMN002 - 87585
Lat: -34.58 - Lon: -58.48
Done --> /home/mda_silv/clima-archive2-b/FPS-SESA/rcm/reg_usp/pr/pr_SMN002_87585_D_2018-06-01-2021-05-31.nc
Processing SMN station SMN003 - 87222
Lat: -28.6 - Lon: -65.77
Done --> /home/mda_silv/clima-archive2-b/FPS-SESA/rcm/reg_usp/pr/pr_SMN003_87222_D_2018-06-01-2021-05-31.nc
Processing SMN station SMN004 - 87257
Lat: -29.88 - Lon: -61.95
Done --> /home/mda_silv/clima-archive2-b/FPS-SESA/rcm/reg_usp/pr/pr_SMN004_87257_D_2018-06-01-2021-05-31.nc
Processing SMN station SMN005 - 87395
Lat: -31.3 - Lon: -58.02
Done --> /home/mda_silv/clima-archive2-b/FPS-SESA/rcm/reg_usp/pr/pr_SMN005_87395_D_2018-06-01-2021-05-31.nc
Processing SMN station SMN006 - 87344
Lat: -31.3 - Lon: -64.2
Done --> /home/mda_silv/clima-archive2-b/FPS-SESA/rcm/reg_usp/pr/pr_SMN006_87344_D_2018-06-01-2021-05-31.nc
Processing SMN station SMN007 - 87345
Lat: -31.4 - Lon: -64.18
Done --> /home/mda_silv/clima-archive2-b/FPS-SESA/rcm/reg_usp/pr/pr_SMN007_87345_D_2018-06-01-2021-05-31.nc
Processing SMN station SMN008 - 87166
Lat: -27.45 - Lon: -58.77
Done --> /home/mda_silv/clima-archive2-b/FPS-SESA/rcm/reg_usp/pr/pr_SMN008_87166_D_2018-06-01-2021-05-31.nc
Processing SMN station SMN009 - 87571
Lat: -34.6 - Lon: -58.6
Done --> /home/mda_silv/clima-archive2-b/FPS-SESA/rcm/reg_usp/pr/pr_SMN009_87571_D_2018-06-01-2021-05-31.nc
Processing SMN station SMN010 - 87576
Lat: -34.82 - Lon: -58.53
Done --> /home/mda_silv/clima-archive2-b/FPS-SESA/rcm/reg_usp/pr/pr_SMN010_87576_D_2018-06-01-2021-05-31.nc
Processing SMN station SMN011 - 87162
Lat: -26.2 - Lon: -58.23
Done --> /home/mda_silv/clima-archive2-b/FPS-SESA/rcm/reg_usp/pr/pr_SMN011_87162_D_2018-06-01-2021-05-31.nc
Processing SMN station SMN012 - 87497
Lat: -33.0 - Lon: -58.62
Done --> /home/mda_silv/clima-archive2-b/FPS-SESA/rcm/reg_usp/pr/pr_SMN012_87497_D_2018-06-01-2021-05-31.nc
Processing SMN station SMN013 - 87097
Lat: -25.73 - Lon: -54.47
Done --> /home/mda_silv/clima-archive2-b/FPS-SESA/rcm/reg_usp/pr/pr_SMN013_87097_D_2018-06-01-2021-05-31.nc
Processing SMN station SMN014 - 87305
Lat: -30.23 - Lon: -68.75
Done --> /home/mda_silv/clima-archive2-b/FPS-SESA/rcm/reg_usp/pr/pr_SMN014_87305_D_2018-06-01-2021-05-31.nc
Processing SMN station SMN015 - 87046
Lat: -24.38 - Lon: -65.08
Done --> /home/mda_silv/clima-archive2-b/FPS-SESA/rcm/reg_usp/pr/pr_SMN015_87046_D_2018-06-01-2021-05-31.nc
Processing SMN station SMN016 - 87548
Lat: -34.55 - Lon: -60.92
Done --> /home/mda_silv/clima-archive2-b/FPS-SESA/rcm/reg_usp/pr/pr_SMN016_87548_D_2018-06-01-2021-05-31.nc
Processing SMN station SMN017 - 87593
Lat: -34.97 - Lon: -57.9
Done --> /home/mda_silv/clima-archive2-b/FPS-SESA/rcm/reg_usp/pr/pr_SMN017_87593_D_2018-06-01-2021-05-31.nc
Processing SMN station SMN018 - 87007
Lat: -22.1 - Lon: -65.6
Done --> /home/mda_silv/clima-archive2-b/FPS-SESA/rcm/reg_usp/pr/pr_SMN018_87007_D_2018-06-01-2021-05-31.nc
Processing SMN station SMN019 - 87217
Lat: -29.38 - Lon: -66.82
Done --> /home/mda_silv/clima-archive2-b/FPS-SESA/rcm/reg_usp/pr/pr_SMN019_87217_D_2018-06-01-2021-05-31.nc
Processing SMN station SMN020 - 87534
Lat: -34.13 - Lon: -63.37
Done --> /home/mda_silv/clima-archive2-b/FPS-SESA/rcm/reg_usp/pr/pr_SMN020_87534_D_2018-06-01-2021-05-31.nc
Processing SMN station SMN021 - 87078
Lat: -24.7 - Lon: -60.58
Done --> /home/mda_silv/clima-archive2-b/FPS-SESA/rcm/reg_usp/pr/pr_SMN021_87078_D_2018-06-01-2021-05-31.nc
Processing SMN station SMN022 - 87467
Lat: -32.7 - Lon: -62.15
Done --> /home/mda_silv/clima-archive2-b/FPS-SESA/rcm/reg_usp/pr/pr_SMN022_87467_D_2018-06-01-2021-05-31.nc
Processing SMN station SMN023 - 87418
Lat: -32.83 - Lon: -68.78
Done --> /home/mda_silv/clima-archive2-b/FPS-SESA/rcm/reg_usp/pr/pr_SMN023_87418_D_2018-06-01-2021-05-31.nc
Processing SMN station SMN024 - 87420
Lat: -32.88 - Lon: -68.85
Done --> /home/mda_silv/clima-archive2-b/FPS-SESA/rcm/reg_usp/pr/pr_SMN024_87420_D_2018-06-01-2021-05-31.nc
Processing SMN station SMN025 - 87393
Lat: -30.27 - Lon: -57.65
Done --> /home/mda_silv/clima-archive2-b/FPS-SESA/rcm/reg_usp/pr/pr_SMN025_87393_D_2018-06-01-2021-05-31.nc
Processing SMN station SMN026 - 87016
Lat: -23.15 - Lon: -64.32
Done --> /home/mda_silv/clima-archive2-b/FPS-SESA/rcm/reg_usp/pr/pr_SMN026_87016_D_2018-06-01-2021-05-31.nc
Processing SMN station SMN027 - 87374
Lat: -31.78 - Lon: -60.48
Done --> /home/mda_silv/clima-archive2-b/FPS-SESA/rcm/reg_usp/pr/pr_SMN027_87374_D_2018-06-01-2021-05-31.nc
Processing SMN station SMN028 - 87289
Lat: -29.68 - Lon: -57.15
Done --> /home/mda_silv/clima-archive2-b/FPS-SESA/rcm/reg_usp/pr/pr_SMN028_87289_D_2018-06-01-2021-05-31.nc
Processing SMN station SMN029 - 87349
Lat: -31.67 - Lon: -63.88
Done --> /home/mda_silv/clima-archive2-b/FPS-SESA/rcm/reg_usp/pr/pr_SMN029_87349_D_2018-06-01-2021-05-31.nc
Processing SMN station SMN030 - 87178
Lat: -27.37 - Lon: -55.97
Done --> /home/mda_silv/clima-archive2-b/FPS-SESA/rcm/reg_usp/pr/pr_SMN030_87178_D_2018-06-01-2021-05-31.nc
Processing SMN station SMN031 - 87270
Lat: -29.18 - Lon: -59.7
Done --> /home/mda_silv/clima-archive2-b/FPS-SESA/rcm/reg_usp/pr/pr_SMN031_87270_D_2018-06-01-2021-05-31.nc
Processing SMN station SMN032 - 87155
Lat: -27.45 - Lon: -59.05
Done --> /home/mda_silv/clima-archive2-b/FPS-SESA/rcm/reg_usp/pr/pr_SMN032_87155_D_2018-06-01-2021-05-31.nc
Processing SMN station SMN033 - 87453
Lat: -33.12 - Lon: -64.23
Done --> /home/mda_silv/clima-archive2-b/FPS-SESA/rcm/reg_usp/pr/pr_SMN033_87453_D_2018-06-01-2021-05-31.nc
Processing SMN station SMN034 - 87480
Lat: -32.92 - Lon: -60.78
Done --> /home/mda_silv/clima-archive2-b/FPS-SESA/rcm/reg_usp/pr/pr_SMN034_87480_D_2018-06-01-2021-05-31.nc
Processing SMN station SMN035 - 87047
Lat: -24.85 - Lon: -65.48
Done --> /home/mda_silv/clima-archive2-b/FPS-SESA/rcm/reg_usp/pr/pr_SMN035_87047_D_2018-06-01-2021-05-31.nc
Processing SMN station SMN036 - 87311
Lat: -31.57 - Lon: -68.42
Done --> /home/mda_silv/clima-archive2-b/FPS-SESA/rcm/reg_usp/pr/pr_SMN036_87311_D_2018-06-01-2021-05-31.nc
Processing SMN station SMN037 - 87436
Lat: -33.27 - Lon: -66.35
Done --> /home/mda_silv/clima-archive2-b/FPS-SESA/rcm/reg_usp/pr/pr_SMN037_87436_D_2018-06-01-2021-05-31.nc
Processing SMN station SMN038 - 87416
Lat: -33.08 - Lon: -68.42
Done --> /home/mda_silv/clima-archive2-b/FPS-SESA/rcm/reg_usp/pr/pr_SMN038_87416_D_2018-06-01-2021-05-31.nc
Processing SMN station SMN039 - 87569
Lat: -34.55 - Lon: -58.73
Done --> /home/mda_silv/clima-archive2-b/FPS-SESA/rcm/reg_usp/pr/pr_SMN039_87569_D_2018-06-01-2021-05-31.nc
Processing SMN station SMN040 - 87509
Lat: -34.58 - Lon: -68.4
Done --> /home/mda_silv/clima-archive2-b/FPS-SESA/rcm/reg_usp/pr/pr_SMN040_87509_D_2018-06-01-2021-05-31.nc
Processing SMN station SMN041 - 87129
Lat: -27.77 - Lon: -64.3
Done --> /home/mda_silv/clima-archive2-b/FPS-SESA/rcm/reg_usp/pr/pr_SMN041_87129_D_2018-06-01-2021-05-31.nc
Processing SMN station SMN042 - 87371
Lat: -31.7 - Lon: -60.82
Done --> /home/mda_silv/clima-archive2-b/FPS-SESA/rcm/reg_usp/pr/pr_SMN042_87371_D_2018-06-01-2021-05-31.nc
Processing SMN station SMN043 - 87022
Lat: -22.65 - Lon: -63.81
Done --> /home/mda_silv/clima-archive2-b/FPS-SESA/rcm/reg_usp/pr/pr_SMN043_87022_D_2018-06-01-2021-05-31.nc
Processing SMN station SMN044 - 87211
Lat: -28.07 - Lon: -67.57
Done --> /home/mda_silv/clima-archive2-b/FPS-SESA/rcm/reg_usp/pr/pr_SMN044_87211_D_2018-06-01-2021-05-31.nc
Processing SMN station SMN045 - 87328
Lat: -31.95 - Lon: -65.13
Done --> /home/mda_silv/clima-archive2-b/FPS-SESA/rcm/reg_usp/pr/pr_SMN045_87328_D_2018-06-01-2021-05-31.nc
Processing SMN station SMN046 - 87448
Lat: -33.73 - Lon: -65.38
Done --> /home/mda_silv/clima-archive2-b/FPS-SESA/rcm/reg_usp/pr/pr_SMN046_87448_D_2018-06-01-2021-05-31.nc
Processing SMN station SMN047 - 10067
Lat: -28.43 - Lon: -58.92
Done --> /home/mda_silv/clima-archive2-b/FPS-SESA/rcm/reg_usp/pr/pr_SMN047_10067_D_2018-06-01-2021-05-31.nc
Processing SMN station SMN048 - 10358
Lat: -34.61 - Lon: -58.67
Done --> /home/mda_silv/clima-archive2-b/FPS-SESA/rcm/reg_usp/pr/pr_SMN048_10358_D_2018-06-01-2021-05-31.nc
Processing SMN station SMN049 - 10423
Lat: -27.65 - Lon: -55.43
Done --> /home/mda_silv/clima-archive2-b/FPS-SESA/rcm/reg_usp/pr/pr_SMN049_10423_D_2018-06-01-2021-05-31.nc
Processing SMN station SMN050 - 10901
Lat: -27.42 - Lon: -58.93
Done --> /home/mda_silv/clima-archive2-b/FPS-SESA/rcm/reg_usp/pr/pr_SMN050_10901_D_2018-06-01-2021-05-31.nc
Processing SMN station SMN051 - 10902
Lat: -32.49 - Lon: -58.35
Done --> /home/mda_silv/clima-archive2-b/FPS-SESA/rcm/reg_usp/pr/pr_SMN051_10902_D_2018-06-01-2021-05-31.nc
Processing SMN station SMN052 - 10444
Lat: -27.05 - Lon: -65.42
Done --> /home/mda_silv/clima-archive2-b/FPS-SESA/rcm/reg_usp/pr/pr_SMN052_10444_D_2018-06-01-2021-05-31.nc
Processing SMN station SMN053 - 10903
Lat: -33.73 - Lon: -69.12
Done --> /home/mda_silv/clima-archive2-b/FPS-SESA/rcm/reg_usp/pr/pr_SMN053_10903_D_2018-06-01-2021-05-31.nc
Processing SMN station SMN054 - 10904
Lat: -27.1 - Lon: -61.1
Done --> /home/mda_silv/clima-archive2-b/FPS-SESA/rcm/reg_usp/pr/pr_SMN054_10904_D_2018-06-01-2021-05-31.nc
Processing SMN station SMN055 - 10905
Lat: -31.82 - Lon: -63.77
Done --> /home/mda_silv/clima-archive2-b/FPS-SESA/rcm/reg_usp/pr/pr_SMN055_10905_D_2018-06-01-2021-05-31.nc
Processing SMN station SMN056 - 10502
Lat: -32.68 - Lon: -62.12
Done --> /home/mda_silv/clima-archive2-b/FPS-SESA/rcm/reg_usp/pr/pr_SMN056_10502_D_2018-06-01-2021-05-31.nc
Processing SMN station SMN057 - 10906
Lat: -29.17 - Lon: -58.02
Done --> /home/mda_silv/clima-archive2-b/FPS-SESA/rcm/reg_usp/pr/pr_SMN057_10906_D_2018-06-01-2021-05-31.nc
Processing SMN station SMN058 - 10907
Lat: -32.55 - Lon: -60.85
Done --> /home/mda_silv/clima-archive2-b/FPS-SESA/rcm/reg_usp/pr/pr_SMN058_10907_D_2018-06-01-2021-05-31.nc
Processing SMN station SMN059 - 10114
Lat: -31.85 - Lon: -60.54
Done --> /home/mda_silv/clima-archive2-b/FPS-SESA/rcm/reg_usp/pr/pr_SMN059_10114_D_2018-06-01-2021-05-31.nc
Processing SMN station SMN060 - 10145
Lat: -33.93 - Lon: -60.55
Done --> /home/mda_silv/clima-archive2-b/FPS-SESA/rcm/reg_usp/pr/pr_SMN060_10145_D_2018-06-01-2021-05-31.nc
Processing SMN station SMN061 - 10908
Lat: -31.18 - Lon: -61.55
Done --> /home/mda_silv/clima-archive2-b/FPS-SESA/rcm/reg_usp/pr/pr_SMN061_10908_D_2018-06-01-2021-05-31.nc
Processing SMN station SMN062 - 10909
Lat: -29.18 - Lon: -59.7
Done --> /home/mda_silv/clima-archive2-b/FPS-SESA/rcm/reg_usp/pr/pr_SMN062_10909_D_2018-06-01-2021-05-31.nc
Processing SMN station SMN063 - 10910
Lat: -26.87 - Lon: -60.45
Done --> /home/mda_silv/clima-archive2-b/FPS-SESA/rcm/reg_usp/pr/pr_SMN063_10910_D_2018-06-01-2021-05-31.nc
Processing SMN station SMN064 - 10445
Lat: -31.37 - Lon: -68.32
Done --> /home/mda_silv/clima-archive2-b/FPS-SESA/rcm/reg_usp/pr/pr_SMN064_10445_D_2018-06-01-2021-05-31.nc
Processing SMN station SMN065 - 10492
Lat: -33.74 - Lon: -59.8
Done --> /home/mda_silv/clima-archive2-b/FPS-SESA/rcm/reg_usp/pr/pr_SMN065_10492_D_2018-06-01-2021-05-31.nc
Processing SMN station SMN066 - 10911
Lat: -33.72 - Lon: -65.48
Done --> /home/mda_silv/clima-archive2-b/FPS-SESA/rcm/reg_usp/pr/pr_SMN066_10911_D_2018-06-01-2021-05-31.nc
Processing SMN station SMN067 - 10912
Lat: -33.02 - Lon: -60.88
Done --> /home/mda_silv/clima-archive2-b/FPS-SESA/rcm/reg_usp/pr/pr_SMN067_10912_D_2018-06-01-2021-05-31.nc
Processing SMN station SMN068 - 86330
Lat: -30.38 - Lon: -56.51
Done --> /home/mda_silv/clima-archive2-b/FPS-SESA/rcm/reg_usp/pr/pr_SMN068_86330_D_2018-06-01-2021-05-31.nc
Processing SMN station SMN069 - 86580
Lat: -34.83 - Lon: -56.01
Done --> /home/mda_silv/clima-archive2-b/FPS-SESA/rcm/reg_usp/pr/pr_SMN069_86580_D_2018-06-01-2021-05-31.nc
Processing SMN station SMN070 - 86560
Lat: -34.45 - Lon: -57.77
Done --> /home/mda_silv/clima-archive2-b/FPS-SESA/rcm/reg_usp/pr/pr_SMN070_86560_D_2018-06-01-2021-05-31.nc
Processing SMN station SMN071 - 86530
Lat: -33.35 - Lon: -56.5
Done --> /home/mda_silv/clima-archive2-b/FPS-SESA/rcm/reg_usp/pr/pr_SMN071_86530_D_2018-06-01-2021-05-31.nc
Processing SMN station SMN072 - 11004
Lat: -34.79 - Lon: -54.26
Done --> /home/mda_silv/clima-archive2-b/FPS-SESA/rcm/reg_usp/pr/pr_SMN072_11004_D_2018-06-01-2021-05-31.nc
Processing SMN station SMN073 - 86440
Lat: -32.37 - Lon: -54.19
Done --> /home/mda_silv/clima-archive2-b/FPS-SESA/rcm/reg_usp/pr/pr_SMN073_86440_D_2018-06-01-2021-05-31.nc
Processing SMN station SMN074 - 86490
Lat: -33.25 - Lon: -58.07
Done --> /home/mda_silv/clima-archive2-b/FPS-SESA/rcm/reg_usp/pr/pr_SMN074_86490_D_2018-06-01-2021-05-31.nc
Processing SMN station SMN075 - 86460
Lat: -32.8 - Lon: -56.53
Done --> /home/mda_silv/clima-archive2-b/FPS-SESA/rcm/reg_usp/pr/pr_SMN075_86460_D_2018-06-01-2021-05-31.nc
Processing SMN station SMN076 - 86430
Lat: -32.35 - Lon: -58.04
Done --> /home/mda_silv/clima-archive2-b/FPS-SESA/rcm/reg_usp/pr/pr_SMN076_86430_D_2018-06-01-2021-05-31.nc
Processing SMN station SMN077 - 86585
Lat: -34.86 - Lon: -56.21
Done --> /home/mda_silv/clima-archive2-b/FPS-SESA/rcm/reg_usp/pr/pr_SMN077_86585_D_2018-06-01-2021-05-31.nc
Processing SMN station SMN078 - 86350
Lat: -30.9 - Lon: -55.54
Done --> /home/mda_silv/clima-archive2-b/FPS-SESA/rcm/reg_usp/pr/pr_SMN078_86350_D_2018-06-01-2021-05-31.nc
Processing SMN station SMN079 - 86565
Lat: -34.49 - Lon: -54.31
Done --> /home/mda_silv/clima-archive2-b/FPS-SESA/rcm/reg_usp/pr/pr_SMN079_86565_D_2018-06-01-2021-05-31.nc
Processing SMN station SMN080 - 86360
Lat: -31.4 - Lon: -57.97
Done --> /home/mda_silv/clima-archive2-b/FPS-SESA/rcm/reg_usp/pr/pr_SMN080_86360_D_2018-06-01-2021-05-31.nc
Processing SMN station SMN081 - 86500
Lat: -33.71 - Lon: -54.39
Done --> /home/mda_silv/clima-archive2-b/FPS-SESA/rcm/reg_usp/pr/pr_SMN081_86500_D_2018-06-01-2021-05-31.nc
Processing SMN station SMN082 - 11014
Lat: -34.09 - Lon: -56.19
Done --> /home/mda_silv/clima-archive2-b/FPS-SESA/rcm/reg_usp/pr/pr_SMN082_11014_D_2018-06-01-2021-05-31.nc
Processing SMN station SMN083 - 11015
Lat: -34.86 - Lon: -55.09
Done --> /home/mda_silv/clima-archive2-b/FPS-SESA/rcm/reg_usp/pr/pr_SMN083_11015_D_2018-06-01-2021-05-31.nc
Processing SMN station SMN084 - 11016
Lat: -34.97 - Lon: -54.95
Done --> /home/mda_silv/clima-archive2-b/FPS-SESA/rcm/reg_usp/pr/pr_SMN084_11016_D_2018-06-01-2021-05-31.nc
Processing SMN station SMN085 - 11017
Lat: -34.35 - Lon: -56.76
Done --> /home/mda_silv/clima-archive2-b/FPS-SESA/rcm/reg_usp/pr/pr_SMN085_11017_D_2018-06-01-2021-05-31.nc
Processing SMN station SMN086 - 11018
Lat: -31.71 - Lon: -55.99
Done --> /home/mda_silv/clima-archive2-b/FPS-SESA/rcm/reg_usp/pr/pr_SMN086_11018_D_2018-06-01-2021-05-31.nc
Processing SMN station SMN087 - 11019
Lat: -33.54 - Lon: -56.92
Done --> /home/mda_silv/clima-archive2-b/FPS-SESA/rcm/reg_usp/pr/pr_SMN087_11019_D_2018-06-01-2021-05-31.nc
Processing SMN station SMN088 - 11020
Lat: -32.69 - Lon: -57.65
Done --> /home/mda_silv/clima-archive2-b/FPS-SESA/rcm/reg_usp/pr/pr_SMN088_11020_D_2018-06-01-2021-05-31.nc
Processing SMN station SMN089 - 87121
Lat: -26.85 - Lon: -65.1
Done --> /home/mda_silv/clima-archive2-b/FPS-SESA/rcm/reg_usp/pr/pr_SMN089_87121_D_2018-06-01-2021-05-31.nc
Processing SMN station SMN090 - 10460
Lat: -27.65 - Lon: -58.77
Done --> /home/mda_silv/clima-archive2-b/FPS-SESA/rcm/reg_usp/pr/pr_SMN090_10460_D_2018-06-01-2021-05-31.nc
Processing SMN station SMN091 - 10464
Lat: -26.3 - Lon: -59.38
Done --> /home/mda_silv/clima-archive2-b/FPS-SESA/rcm/reg_usp/pr/pr_SMN091_10464_D_2018-06-01-2021-05-31.nc
Processing SMN station SMN092 - 10038
Lat: -34.92 - Lon: -62.73
Done --> /home/mda_silv/clima-archive2-b/FPS-SESA/rcm/reg_usp/pr/pr_SMN092_10038_D_2018-06-01-2021-05-31.nc
Processing SMN station SMN093 - 10550
Lat: -28.02 - Lon: -64.23
Done --> /home/mda_silv/clima-archive2-b/FPS-SESA/rcm/reg_usp/pr/pr_SMN093_10550_D_2018-06-01-2021-05-31.nc
Processing SMN station SMN094 - 86068
Lat: -22.03 - Lon: -60.62
Done --> /home/mda_silv/clima-archive2-b/FPS-SESA/rcm/reg_usp/pr/pr_SMN094_86068_D_2018-06-01-2021-05-31.nc
Processing SMN station SMN095 - 86086
Lat: -22.28 - Lon: -57.94
Done --> /home/mda_silv/clima-archive2-b/FPS-SESA/rcm/reg_usp/pr/pr_SMN095_86086_D_2018-06-01-2021-05-31.nc
Processing SMN station SMN096 - 86097
Lat: -22.64 - Lon: -55.83
Done --> /home/mda_silv/clima-archive2-b/FPS-SESA/rcm/reg_usp/pr/pr_SMN096_86097_D_2018-06-01-2021-05-31.nc
Processing SMN station SMN097 - 86128
Lat: -23.5 - Lon: -58.79
Done --> /home/mda_silv/clima-archive2-b/FPS-SESA/rcm/reg_usp/pr/pr_SMN097_86128_D_2018-06-01-2021-05-31.nc
Processing SMN station SMN098 - 86134
Lat: -23.44 - Lon: -57.43
Done --> /home/mda_silv/clima-archive2-b/FPS-SESA/rcm/reg_usp/pr/pr_SMN098_86134_D_2018-06-01-2021-05-31.nc
Processing SMN station SMN099 - 86185
Lat: -24.09 - Lon: -57.09
Done --> /home/mda_silv/clima-archive2-b/FPS-SESA/rcm/reg_usp/pr/pr_SMN099_86185_D_2018-06-01-2021-05-31.nc
Processing SMN station SMN100 - 86192
Lat: -24.67 - Lon: -56.46
Done --> /home/mda_silv/clima-archive2-b/FPS-SESA/rcm/reg_usp/pr/pr_SMN100_86192_D_2018-06-01-2021-05-31.nc
Processing SMN station SMN101 - 86210
Lat: -24.03 - Lon: -54.35
Done --> /home/mda_silv/clima-archive2-b/FPS-SESA/rcm/reg_usp/pr/pr_SMN101_86210_D_2018-06-01-2021-05-31.nc
Processing SMN station SMN102 - 86218
Lat: -25.24 - Lon: -57.51
Done --> /home/mda_silv/clima-archive2-b/FPS-SESA/rcm/reg_usp/pr/pr_SMN102_86218_D_2018-06-01-2021-05-31.nc
Processing SMN station SMN103 - 86233
Lat: -25.75 - Lon: -56.44
Done --> /home/mda_silv/clima-archive2-b/FPS-SESA/rcm/reg_usp/pr/pr_SMN103_86233_D_2018-06-01-2021-05-31.nc
Processing SMN station SMN104 - 86234
Lat: -25.48 - Lon: -56.38
Done --> /home/mda_silv/clima-archive2-b/FPS-SESA/rcm/reg_usp/pr/pr_SMN104_86234_D_2018-06-01-2021-05-31.nc
Processing SMN station SMN105 - 86255
Lat: -26.88 - Lon: -58.32
Done --> /home/mda_silv/clima-archive2-b/FPS-SESA/rcm/reg_usp/pr/pr_SMN105_86255_D_2018-06-01-2021-05-31.nc
Processing SMN station SMN106 - 86260
Lat: -26.67 - Lon: -57.13
Done --> /home/mda_silv/clima-archive2-b/FPS-SESA/rcm/reg_usp/pr/pr_SMN106_86260_D_2018-06-01-2021-05-31.nc
Processing SMN station SMN107 - 86268
Lat: -26.18 - Lon: -56.35
Done --> /home/mda_silv/clima-archive2-b/FPS-SESA/rcm/reg_usp/pr/pr_SMN107_86268_D_2018-06-01-2021-05-31.nc
Processing SMN station SMN108 - 86285
Lat: -26.83 - Lon: -55.33
Done --> /home/mda_silv/clima-archive2-b/FPS-SESA/rcm/reg_usp/pr/pr_SMN108_86285_D_2018-06-01-2021-05-31.nc
Processing SMN station SMN109 - 86297
Lat: -27.3 - Lon: -55.89
Done --> /home/mda_silv/clima-archive2-b/FPS-SESA/rcm/reg_usp/pr/pr_SMN109_86297_D_2018-06-01-2021-05-31.nc
Processing SMN station SMN001 - 87582
Lat: -34.57 - Lon: -58.42
Done --> /home/mda_silv/clima-archive2-b/FPS-SESA/rcm/reg_ictp_pbl1/pr/pr_SMN001_87582_D_2018-06-01-2021-05-31.nc
Processing SMN station SMN002 - 87585
Lat: -34.58 - Lon: -58.48
Done --> /home/mda_silv/clima-archive2-b/FPS-SESA/rcm/reg_ictp_pbl1/pr/pr_SMN002_87585_D_2018-06-01-2021-05-31.nc
Processing SMN station SMN003 - 87222
Lat: -28.6 - Lon: -65.77
Done --> /home/mda_silv/clima-archive2-b/FPS-SESA/rcm/reg_ictp_pbl1/pr/pr_SMN003_87222_D_2018-06-01-2021-05-31.nc
Processing SMN station SMN004 - 87257
Lat: -29.88 - Lon: -61.95
Done --> /home/mda_silv/clima-archive2-b/FPS-SESA/rcm/reg_ictp_pbl1/pr/pr_SMN004_87257_D_2018-06-01-2021-05-31.nc
Processing SMN station SMN005 - 87395
Lat: -31.3 - Lon: -58.02
Done --> /home/mda_silv/clima-archive2-b/FPS-SESA/rcm/reg_ictp_pbl1/pr/pr_SMN005_87395_D_2018-06-01-2021-05-31.nc
Processing SMN station SMN006 - 87344
Lat: -31.3 - Lon: -64.2
Done --> /home/mda_silv/clima-archive2-b/FPS-SESA/rcm/reg_ictp_pbl1/pr/pr_SMN006_87344_D_2018-06-01-2021-05-31.nc
Processing SMN station SMN007 - 87345
Lat: -31.4 - Lon: -64.18
Done --> /home/mda_silv/clima-archive2-b/FPS-SESA/rcm/reg_ictp_pbl1/pr/pr_SMN007_87345_D_2018-06-01-2021-05-31.nc
Processing SMN station SMN008 - 87166
Lat: -27.45 - Lon: -58.77
Done --> /home/mda_silv/clima-archive2-b/FPS-SESA/rcm/reg_ictp_pbl1/pr/pr_SMN008_87166_D_2018-06-01-2021-05-31.nc
Processing SMN station SMN009 - 87571
Lat: -34.6 - Lon: -58.6
Done --> /home/mda_silv/clima-archive2-b/FPS-SESA/rcm/reg_ictp_pbl1/pr/pr_SMN009_87571_D_2018-06-01-2021-05-31.nc
Processing SMN station SMN010 - 87576
Lat: -34.82 - Lon: -58.53
Done --> /home/mda_silv/clima-archive2-b/FPS-SESA/rcm/reg_ictp_pbl1/pr/pr_SMN010_87576_D_2018-06-01-2021-05-31.nc
Processing SMN station SMN011 - 87162
Lat: -26.2 - Lon: -58.23
Done --> /home/mda_silv/clima-archive2-b/FPS-SESA/rcm/reg_ictp_pbl1/pr/pr_SMN011_87162_D_2018-06-01-2021-05-31.nc
Processing SMN station SMN012 - 87497
Lat: -33.0 - Lon: -58.62
Done --> /home/mda_silv/clima-archive2-b/FPS-SESA/rcm/reg_ictp_pbl1/pr/pr_SMN012_87497_D_2018-06-01-2021-05-31.nc
Processing SMN station SMN013 - 87097
Lat: -25.73 - Lon: -54.47
Done --> /home/mda_silv/clima-archive2-b/FPS-SESA/rcm/reg_ictp_pbl1/pr/pr_SMN013_87097_D_2018-06-01-2021-05-31.nc
Processing SMN station SMN014 - 87305
Lat: -30.23 - Lon: -68.75
Done --> /home/mda_silv/clima-archive2-b/FPS-SESA/rcm/reg_ictp_pbl1/pr/pr_SMN014_87305_D_2018-06-01-2021-05-31.nc
Processing SMN station SMN015 - 87046
Lat: -24.38 - Lon: -65.08
Done --> /home/mda_silv/clima-archive2-b/FPS-SESA/rcm/reg_ictp_pbl1/pr/pr_SMN015_87046_D_2018-06-01-2021-05-31.nc
Processing SMN station SMN016 - 87548
Lat: -34.55 - Lon: -60.92
Done --> /home/mda_silv/clima-archive2-b/FPS-SESA/rcm/reg_ictp_pbl1/pr/pr_SMN016_87548_D_2018-06-01-2021-05-31.nc
Processing SMN station SMN017 - 87593
Lat: -34.97 - Lon: -57.9
Done --> /home/mda_silv/clima-archive2-b/FPS-SESA/rcm/reg_ictp_pbl1/pr/pr_SMN017_87593_D_2018-06-01-2021-05-31.nc
Processing SMN station SMN018 - 87007
Lat: -22.1 - Lon: -65.6
Done --> /home/mda_silv/clima-archive2-b/FPS-SESA/rcm/reg_ictp_pbl1/pr/pr_SMN018_87007_D_2018-06-01-2021-05-31.nc
Processing SMN station SMN019 - 87217
Lat: -29.38 - Lon: -66.82
Done --> /home/mda_silv/clima-archive2-b/FPS-SESA/rcm/reg_ictp_pbl1/pr/pr_SMN019_87217_D_2018-06-01-2021-05-31.nc
Processing SMN station SMN020 - 87534
Lat: -34.13 - Lon: -63.37
Done --> /home/mda_silv/clima-archive2-b/FPS-SESA/rcm/reg_ictp_pbl1/pr/pr_SMN020_87534_D_2018-06-01-2021-05-31.nc
Processing SMN station SMN021 - 87078
Lat: -24.7 - Lon: -60.58
Done --> /home/mda_silv/clima-archive2-b/FPS-SESA/rcm/reg_ictp_pbl1/pr/pr_SMN021_87078_D_2018-06-01-2021-05-31.nc
Processing SMN station SMN022 - 87467
Lat: -32.7 - Lon: -62.15
Done --> /home/mda_silv/clima-archive2-b/FPS-SESA/rcm/reg_ictp_pbl1/pr/pr_SMN022_87467_D_2018-06-01-2021-05-31.nc
Processing SMN station SMN023 - 87418
Lat: -32.83 - Lon: -68.78
Done --> /home/mda_silv/clima-archive2-b/FPS-SESA/rcm/reg_ictp_pbl1/pr/pr_SMN023_87418_D_2018-06-01-2021-05-31.nc
Processing SMN station SMN024 - 87420
Lat: -32.88 - Lon: -68.85
Done --> /home/mda_silv/clima-archive2-b/FPS-SESA/rcm/reg_ictp_pbl1/pr/pr_SMN024_87420_D_2018-06-01-2021-05-31.nc
Processing SMN station SMN025 - 87393
Lat: -30.27 - Lon: -57.65
Done --> /home/mda_silv/clima-archive2-b/FPS-SESA/rcm/reg_ictp_pbl1/pr/pr_SMN025_87393_D_2018-06-01-2021-05-31.nc
Processing SMN station SMN026 - 87016
Lat: -23.15 - Lon: -64.32
Done --> /home/mda_silv/clima-archive2-b/FPS-SESA/rcm/reg_ictp_pbl1/pr/pr_SMN026_87016_D_2018-06-01-2021-05-31.nc
Processing SMN station SMN027 - 87374
Lat: -31.78 - Lon: -60.48
Done --> /home/mda_silv/clima-archive2-b/FPS-SESA/rcm/reg_ictp_pbl1/pr/pr_SMN027_87374_D_2018-06-01-2021-05-31.nc
Processing SMN station SMN028 - 87289
Lat: -29.68 - Lon: -57.15
Done --> /home/mda_silv/clima-archive2-b/FPS-SESA/rcm/reg_ictp_pbl1/pr/pr_SMN028_87289_D_2018-06-01-2021-05-31.nc
Processing SMN station SMN029 - 87349
Lat: -31.67 - Lon: -63.88
Done --> /home/mda_silv/clima-archive2-b/FPS-SESA/rcm/reg_ictp_pbl1/pr/pr_SMN029_87349_D_2018-06-01-2021-05-31.nc
Processing SMN station SMN030 - 87178
Lat: -27.37 - Lon: -55.97
Done --> /home/mda_silv/clima-archive2-b/FPS-SESA/rcm/reg_ictp_pbl1/pr/pr_SMN030_87178_D_2018-06-01-2021-05-31.nc
Processing SMN station SMN031 - 87270
Lat: -29.18 - Lon: -59.7
Done --> /home/mda_silv/clima-archive2-b/FPS-SESA/rcm/reg_ictp_pbl1/pr/pr_SMN031_87270_D_2018-06-01-2021-05-31.nc
Processing SMN station SMN032 - 87155
Lat: -27.45 - Lon: -59.05
Done --> /home/mda_silv/clima-archive2-b/FPS-SESA/rcm/reg_ictp_pbl1/pr/pr_SMN032_87155_D_2018-06-01-2021-05-31.nc
Processing SMN station SMN033 - 87453
Lat: -33.12 - Lon: -64.23
Done --> /home/mda_silv/clima-archive2-b/FPS-SESA/rcm/reg_ictp_pbl1/pr/pr_SMN033_87453_D_2018-06-01-2021-05-31.nc
Processing SMN station SMN034 - 87480
Lat: -32.92 - Lon: -60.78
Done --> /home/mda_silv/clima-archive2-b/FPS-SESA/rcm/reg_ictp_pbl1/pr/pr_SMN034_87480_D_2018-06-01-2021-05-31.nc
Processing SMN station SMN035 - 87047
Lat: -24.85 - Lon: -65.48
Done --> /home/mda_silv/clima-archive2-b/FPS-SESA/rcm/reg_ictp_pbl1/pr/pr_SMN035_87047_D_2018-06-01-2021-05-31.nc
Processing SMN station SMN036 - 87311
Lat: -31.57 - Lon: -68.42
Done --> /home/mda_silv/clima-archive2-b/FPS-SESA/rcm/reg_ictp_pbl1/pr/pr_SMN036_87311_D_2018-06-01-2021-05-31.nc
Processing SMN station SMN037 - 87436
Lat: -33.27 - Lon: -66.35
Done --> /home/mda_silv/clima-archive2-b/FPS-SESA/rcm/reg_ictp_pbl1/pr/pr_SMN037_87436_D_2018-06-01-2021-05-31.nc
Processing SMN station SMN038 - 87416
Lat: -33.08 - Lon: -68.42
Done --> /home/mda_silv/clima-archive2-b/FPS-SESA/rcm/reg_ictp_pbl1/pr/pr_SMN038_87416_D_2018-06-01-2021-05-31.nc
Processing SMN station SMN039 - 87569
Lat: -34.55 - Lon: -58.73
Done --> /home/mda_silv/clima-archive2-b/FPS-SESA/rcm/reg_ictp_pbl1/pr/pr_SMN039_87569_D_2018-06-01-2021-05-31.nc
Processing SMN station SMN040 - 87509
Lat: -34.58 - Lon: -68.4
Done --> /home/mda_silv/clima-archive2-b/FPS-SESA/rcm/reg_ictp_pbl1/pr/pr_SMN040_87509_D_2018-06-01-2021-05-31.nc
Processing SMN station SMN041 - 87129
Lat: -27.77 - Lon: -64.3
Done --> /home/mda_silv/clima-archive2-b/FPS-SESA/rcm/reg_ictp_pbl1/pr/pr_SMN041_87129_D_2018-06-01-2021-05-31.nc
Processing SMN station SMN042 - 87371
Lat: -31.7 - Lon: -60.82
Done --> /home/mda_silv/clima-archive2-b/FPS-SESA/rcm/reg_ictp_pbl1/pr/pr_SMN042_87371_D_2018-06-01-2021-05-31.nc
Processing SMN station SMN043 - 87022
Lat: -22.65 - Lon: -63.81
Done --> /home/mda_silv/clima-archive2-b/FPS-SESA/rcm/reg_ictp_pbl1/pr/pr_SMN043_87022_D_2018-06-01-2021-05-31.nc
Processing SMN station SMN044 - 87211
Lat: -28.07 - Lon: -67.57
Done --> /home/mda_silv/clima-archive2-b/FPS-SESA/rcm/reg_ictp_pbl1/pr/pr_SMN044_87211_D_2018-06-01-2021-05-31.nc
Processing SMN station SMN045 - 87328
Lat: -31.95 - Lon: -65.13
Done --> /home/mda_silv/clima-archive2-b/FPS-SESA/rcm/reg_ictp_pbl1/pr/pr_SMN045_87328_D_2018-06-01-2021-05-31.nc
Processing SMN station SMN046 - 87448
Lat: -33.73 - Lon: -65.38
Done --> /home/mda_silv/clima-archive2-b/FPS-SESA/rcm/reg_ictp_pbl1/pr/pr_SMN046_87448_D_2018-06-01-2021-05-31.nc
Processing SMN station SMN047 - 10067
Lat: -28.43 - Lon: -58.92
Done --> /home/mda_silv/clima-archive2-b/FPS-SESA/rcm/reg_ictp_pbl1/pr/pr_SMN047_10067_D_2018-06-01-2021-05-31.nc
Processing SMN station SMN048 - 10358
Lat: -34.61 - Lon: -58.67
Done --> /home/mda_silv/clima-archive2-b/FPS-SESA/rcm/reg_ictp_pbl1/pr/pr_SMN048_10358_D_2018-06-01-2021-05-31.nc
Processing SMN station SMN049 - 10423
Lat: -27.65 - Lon: -55.43
Done --> /home/mda_silv/clima-archive2-b/FPS-SESA/rcm/reg_ictp_pbl1/pr/pr_SMN049_10423_D_2018-06-01-2021-05-31.nc
Processing SMN station SMN050 - 10901
Lat: -27.42 - Lon: -58.93
Done --> /home/mda_silv/clima-archive2-b/FPS-SESA/rcm/reg_ictp_pbl1/pr/pr_SMN050_10901_D_2018-06-01-2021-05-31.nc
Processing SMN station SMN051 - 10902
Lat: -32.49 - Lon: -58.35
Done --> /home/mda_silv/clima-archive2-b/FPS-SESA/rcm/reg_ictp_pbl1/pr/pr_SMN051_10902_D_2018-06-01-2021-05-31.nc
Processing SMN station SMN052 - 10444
Lat: -27.05 - Lon: -65.42
Done --> /home/mda_silv/clima-archive2-b/FPS-SESA/rcm/reg_ictp_pbl1/pr/pr_SMN052_10444_D_2018-06-01-2021-05-31.nc
Processing SMN station SMN053 - 10903
Lat: -33.73 - Lon: -69.12
Done --> /home/mda_silv/clima-archive2-b/FPS-SESA/rcm/reg_ictp_pbl1/pr/pr_SMN053_10903_D_2018-06-01-2021-05-31.nc
Processing SMN station SMN054 - 10904
Lat: -27.1 - Lon: -61.1
Done --> /home/mda_silv/clima-archive2-b/FPS-SESA/rcm/reg_ictp_pbl1/pr/pr_SMN054_10904_D_2018-06-01-2021-05-31.nc
Processing SMN station SMN055 - 10905
Lat: -31.82 - Lon: -63.77
Done --> /home/mda_silv/clima-archive2-b/FPS-SESA/rcm/reg_ictp_pbl1/pr/pr_SMN055_10905_D_2018-06-01-2021-05-31.nc
Processing SMN station SMN056 - 10502
Lat: -32.68 - Lon: -62.12
Done --> /home/mda_silv/clima-archive2-b/FPS-SESA/rcm/reg_ictp_pbl1/pr/pr_SMN056_10502_D_2018-06-01-2021-05-31.nc
Processing SMN station SMN057 - 10906
Lat: -29.17 - Lon: -58.02
Done --> /home/mda_silv/clima-archive2-b/FPS-SESA/rcm/reg_ictp_pbl1/pr/pr_SMN057_10906_D_2018-06-01-2021-05-31.nc
Processing SMN station SMN058 - 10907
Lat: -32.55 - Lon: -60.85
Done --> /home/mda_silv/clima-archive2-b/FPS-SESA/rcm/reg_ictp_pbl1/pr/pr_SMN058_10907_D_2018-06-01-2021-05-31.nc
Processing SMN station SMN059 - 10114
Lat: -31.85 - Lon: -60.54
Done --> /home/mda_silv/clima-archive2-b/FPS-SESA/rcm/reg_ictp_pbl1/pr/pr_SMN059_10114_D_2018-06-01-2021-05-31.nc
Processing SMN station SMN060 - 10145
Lat: -33.93 - Lon: -60.55
Done --> /home/mda_silv/clima-archive2-b/FPS-SESA/rcm/reg_ictp_pbl1/pr/pr_SMN060_10145_D_2018-06-01-2021-05-31.nc
Processing SMN station SMN061 - 10908
Lat: -31.18 - Lon: -61.55
Done --> /home/mda_silv/clima-archive2-b/FPS-SESA/rcm/reg_ictp_pbl1/pr/pr_SMN061_10908_D_2018-06-01-2021-05-31.nc
Processing SMN station SMN062 - 10909
Lat: -29.18 - Lon: -59.7
Done --> /home/mda_silv/clima-archive2-b/FPS-SESA/rcm/reg_ictp_pbl1/pr/pr_SMN062_10909_D_2018-06-01-2021-05-31.nc
Processing SMN station SMN063 - 10910
Lat: -26.87 - Lon: -60.45
Done --> /home/mda_silv/clima-archive2-b/FPS-SESA/rcm/reg_ictp_pbl1/pr/pr_SMN063_10910_D_2018-06-01-2021-05-31.nc
Processing SMN station SMN064 - 10445
Lat: -31.37 - Lon: -68.32
Done --> /home/mda_silv/clima-archive2-b/FPS-SESA/rcm/reg_ictp_pbl1/pr/pr_SMN064_10445_D_2018-06-01-2021-05-31.nc
Processing SMN station SMN065 - 10492
Lat: -33.74 - Lon: -59.8
Done --> /home/mda_silv/clima-archive2-b/FPS-SESA/rcm/reg_ictp_pbl1/pr/pr_SMN065_10492_D_2018-06-01-2021-05-31.nc
Processing SMN station SMN066 - 10911
Lat: -33.72 - Lon: -65.48
Done --> /home/mda_silv/clima-archive2-b/FPS-SESA/rcm/reg_ictp_pbl1/pr/pr_SMN066_10911_D_2018-06-01-2021-05-31.nc
Processing SMN station SMN067 - 10912
Lat: -33.02 - Lon: -60.88
Done --> /home/mda_silv/clima-archive2-b/FPS-SESA/rcm/reg_ictp_pbl1/pr/pr_SMN067_10912_D_2018-06-01-2021-05-31.nc
Processing SMN station SMN068 - 86330
Lat: -30.38 - Lon: -56.51
Done --> /home/mda_silv/clima-archive2-b/FPS-SESA/rcm/reg_ictp_pbl1/pr/pr_SMN068_86330_D_2018-06-01-2021-05-31.nc
Processing SMN station SMN069 - 86580
Lat: -34.83 - Lon: -56.01
Done --> /home/mda_silv/clima-archive2-b/FPS-SESA/rcm/reg_ictp_pbl1/pr/pr_SMN069_86580_D_2018-06-01-2021-05-31.nc
Processing SMN station SMN070 - 86560
Lat: -34.45 - Lon: -57.77
Done --> /home/mda_silv/clima-archive2-b/FPS-SESA/rcm/reg_ictp_pbl1/pr/pr_SMN070_86560_D_2018-06-01-2021-05-31.nc
Processing SMN station SMN071 - 86530
Lat: -33.35 - Lon: -56.5
Done --> /home/mda_silv/clima-archive2-b/FPS-SESA/rcm/reg_ictp_pbl1/pr/pr_SMN071_86530_D_2018-06-01-2021-05-31.nc
Processing SMN station SMN072 - 11004
Lat: -34.79 - Lon: -54.26
Done --> /home/mda_silv/clima-archive2-b/FPS-SESA/rcm/reg_ictp_pbl1/pr/pr_SMN072_11004_D_2018-06-01-2021-05-31.nc
Processing SMN station SMN073 - 86440
Lat: -32.37 - Lon: -54.19
Done --> /home/mda_silv/clima-archive2-b/FPS-SESA/rcm/reg_ictp_pbl1/pr/pr_SMN073_86440_D_2018-06-01-2021-05-31.nc
Processing SMN station SMN074 - 86490
Lat: -33.25 - Lon: -58.07
Done --> /home/mda_silv/clima-archive2-b/FPS-SESA/rcm/reg_ictp_pbl1/pr/pr_SMN074_86490_D_2018-06-01-2021-05-31.nc
Processing SMN station SMN075 - 86460
Lat: -32.8 - Lon: -56.53
Done --> /home/mda_silv/clima-archive2-b/FPS-SESA/rcm/reg_ictp_pbl1/pr/pr_SMN075_86460_D_2018-06-01-2021-05-31.nc
Processing SMN station SMN076 - 86430
Lat: -32.35 - Lon: -58.04
Done --> /home/mda_silv/clima-archive2-b/FPS-SESA/rcm/reg_ictp_pbl1/pr/pr_SMN076_86430_D_2018-06-01-2021-05-31.nc
Processing SMN station SMN077 - 86585
Lat: -34.86 - Lon: -56.21
Done --> /home/mda_silv/clima-archive2-b/FPS-SESA/rcm/reg_ictp_pbl1/pr/pr_SMN077_86585_D_2018-06-01-2021-05-31.nc
Processing SMN station SMN078 - 86350
Lat: -30.9 - Lon: -55.54
Done --> /home/mda_silv/clima-archive2-b/FPS-SESA/rcm/reg_ictp_pbl1/pr/pr_SMN078_86350_D_2018-06-01-2021-05-31.nc
Processing SMN station SMN079 - 86565
Lat: -34.49 - Lon: -54.31
Done --> /home/mda_silv/clima-archive2-b/FPS-SESA/rcm/reg_ictp_pbl1/pr/pr_SMN079_86565_D_2018-06-01-2021-05-31.nc
Processing SMN station SMN080 - 86360
Lat: -31.4 - Lon: -57.97
Done --> /home/mda_silv/clima-archive2-b/FPS-SESA/rcm/reg_ictp_pbl1/pr/pr_SMN080_86360_D_2018-06-01-2021-05-31.nc
Processing SMN station SMN081 - 86500
Lat: -33.71 - Lon: -54.39
Done --> /home/mda_silv/clima-archive2-b/FPS-SESA/rcm/reg_ictp_pbl1/pr/pr_SMN081_86500_D_2018-06-01-2021-05-31.nc
Processing SMN station SMN082 - 11014
Lat: -34.09 - Lon: -56.19
Done --> /home/mda_silv/clima-archive2-b/FPS-SESA/rcm/reg_ictp_pbl1/pr/pr_SMN082_11014_D_2018-06-01-2021-05-31.nc
Processing SMN station SMN083 - 11015
Lat: -34.86 - Lon: -55.09
Done --> /home/mda_silv/clima-archive2-b/FPS-SESA/rcm/reg_ictp_pbl1/pr/pr_SMN083_11015_D_2018-06-01-2021-05-31.nc
Processing SMN station SMN084 - 11016
Lat: -34.97 - Lon: -54.95
Done --> /home/mda_silv/clima-archive2-b/FPS-SESA/rcm/reg_ictp_pbl1/pr/pr_SMN084_11016_D_2018-06-01-2021-05-31.nc
Processing SMN station SMN085 - 11017
Lat: -34.35 - Lon: -56.76
Done --> /home/mda_silv/clima-archive2-b/FPS-SESA/rcm/reg_ictp_pbl1/pr/pr_SMN085_11017_D_2018-06-01-2021-05-31.nc
Processing SMN station SMN086 - 11018
Lat: -31.71 - Lon: -55.99
Done --> /home/mda_silv/clima-archive2-b/FPS-SESA/rcm/reg_ictp_pbl1/pr/pr_SMN086_11018_D_2018-06-01-2021-05-31.nc
Processing SMN station SMN087 - 11019
Lat: -33.54 - Lon: -56.92
Done --> /home/mda_silv/clima-archive2-b/FPS-SESA/rcm/reg_ictp_pbl1/pr/pr_SMN087_11019_D_2018-06-01-2021-05-31.nc
Processing SMN station SMN088 - 11020
Lat: -32.69 - Lon: -57.65
Done --> /home/mda_silv/clima-archive2-b/FPS-SESA/rcm/reg_ictp_pbl1/pr/pr_SMN088_11020_D_2018-06-01-2021-05-31.nc
Processing SMN station SMN089 - 87121
Lat: -26.85 - Lon: -65.1
Done --> /home/mda_silv/clima-archive2-b/FPS-SESA/rcm/reg_ictp_pbl1/pr/pr_SMN089_87121_D_2018-06-01-2021-05-31.nc
Processing SMN station SMN090 - 10460
Lat: -27.65 - Lon: -58.77
Done --> /home/mda_silv/clima-archive2-b/FPS-SESA/rcm/reg_ictp_pbl1/pr/pr_SMN090_10460_D_2018-06-01-2021-05-31.nc
Processing SMN station SMN091 - 10464
Lat: -26.3 - Lon: -59.38
Done --> /home/mda_silv/clima-archive2-b/FPS-SESA/rcm/reg_ictp_pbl1/pr/pr_SMN091_10464_D_2018-06-01-2021-05-31.nc
Processing SMN station SMN092 - 10038
Lat: -34.92 - Lon: -62.73
Done --> /home/mda_silv/clima-archive2-b/FPS-SESA/rcm/reg_ictp_pbl1/pr/pr_SMN092_10038_D_2018-06-01-2021-05-31.nc
Processing SMN station SMN093 - 10550
Lat: -28.02 - Lon: -64.23
Done --> /home/mda_silv/clima-archive2-b/FPS-SESA/rcm/reg_ictp_pbl1/pr/pr_SMN093_10550_D_2018-06-01-2021-05-31.nc
Processing SMN station SMN094 - 86068
Lat: -22.03 - Lon: -60.62
Done --> /home/mda_silv/clima-archive2-b/FPS-SESA/rcm/reg_ictp_pbl1/pr/pr_SMN094_86068_D_2018-06-01-2021-05-31.nc
Processing SMN station SMN095 - 86086
Lat: -22.28 - Lon: -57.94
Done --> /home/mda_silv/clima-archive2-b/FPS-SESA/rcm/reg_ictp_pbl1/pr/pr_SMN095_86086_D_2018-06-01-2021-05-31.nc
Processing SMN station SMN096 - 86097
Lat: -22.64 - Lon: -55.83
Done --> /home/mda_silv/clima-archive2-b/FPS-SESA/rcm/reg_ictp_pbl1/pr/pr_SMN096_86097_D_2018-06-01-2021-05-31.nc
Processing SMN station SMN097 - 86128
Lat: -23.5 - Lon: -58.79
Done --> /home/mda_silv/clima-archive2-b/FPS-SESA/rcm/reg_ictp_pbl1/pr/pr_SMN097_86128_D_2018-06-01-2021-05-31.nc
Processing SMN station SMN098 - 86134
Lat: -23.44 - Lon: -57.43
Done --> /home/mda_silv/clima-archive2-b/FPS-SESA/rcm/reg_ictp_pbl1/pr/pr_SMN098_86134_D_2018-06-01-2021-05-31.nc
Processing SMN station SMN099 - 86185
Lat: -24.09 - Lon: -57.09
Done --> /home/mda_silv/clima-archive2-b/FPS-SESA/rcm/reg_ictp_pbl1/pr/pr_SMN099_86185_D_2018-06-01-2021-05-31.nc
Processing SMN station SMN100 - 86192
Lat: -24.67 - Lon: -56.46
Done --> /home/mda_silv/clima-archive2-b/FPS-SESA/rcm/reg_ictp_pbl1/pr/pr_SMN100_86192_D_2018-06-01-2021-05-31.nc
Processing SMN station SMN101 - 86210
Lat: -24.03 - Lon: -54.35
Done --> /home/mda_silv/clima-archive2-b/FPS-SESA/rcm/reg_ictp_pbl1/pr/pr_SMN101_86210_D_2018-06-01-2021-05-31.nc
Processing SMN station SMN102 - 86218
Lat: -25.24 - Lon: -57.51
Done --> /home/mda_silv/clima-archive2-b/FPS-SESA/rcm/reg_ictp_pbl1/pr/pr_SMN102_86218_D_2018-06-01-2021-05-31.nc
Processing SMN station SMN103 - 86233
Lat: -25.75 - Lon: -56.44
Done --> /home/mda_silv/clima-archive2-b/FPS-SESA/rcm/reg_ictp_pbl1/pr/pr_SMN103_86233_D_2018-06-01-2021-05-31.nc
Processing SMN station SMN104 - 86234
Lat: -25.48 - Lon: -56.38
Done --> /home/mda_silv/clima-archive2-b/FPS-SESA/rcm/reg_ictp_pbl1/pr/pr_SMN104_86234_D_2018-06-01-2021-05-31.nc
Processing SMN station SMN105 - 86255
Lat: -26.88 - Lon: -58.32
Done --> /home/mda_silv/clima-archive2-b/FPS-SESA/rcm/reg_ictp_pbl1/pr/pr_SMN105_86255_D_2018-06-01-2021-05-31.nc
Processing SMN station SMN106 - 86260
Lat: -26.67 - Lon: -57.13
Done --> /home/mda_silv/clima-archive2-b/FPS-SESA/rcm/reg_ictp_pbl1/pr/pr_SMN106_86260_D_2018-06-01-2021-05-31.nc
Processing SMN station SMN107 - 86268
Lat: -26.18 - Lon: -56.35
Done --> /home/mda_silv/clima-archive2-b/FPS-SESA/rcm/reg_ictp_pbl1/pr/pr_SMN107_86268_D_2018-06-01-2021-05-31.nc
Processing SMN station SMN108 - 86285
Lat: -26.83 - Lon: -55.33
Done --> /home/mda_silv/clima-archive2-b/FPS-SESA/rcm/reg_ictp_pbl1/pr/pr_SMN108_86285_D_2018-06-01-2021-05-31.nc
Processing SMN station SMN109 - 86297
Lat: -27.3 - Lon: -55.89
Done --> /home/mda_silv/clima-archive2-b/FPS-SESA/rcm/reg_ictp_pbl1/pr/pr_SMN109_86297_D_2018-06-01-2021-05-31.nc
Processing SMN station SMN001 - 87582
Lat: -34.57 - Lon: -58.42
Done --> /home/mda_silv/clima-archive2-b/FPS-SESA/rcm/reg_ictp_pbl2/pr/pr_SMN001_87582_D_2018-06-01-2021-05-31.nc
Processing SMN station SMN002 - 87585
Lat: -34.58 - Lon: -58.48
Done --> /home/mda_silv/clima-archive2-b/FPS-SESA/rcm/reg_ictp_pbl2/pr/pr_SMN002_87585_D_2018-06-01-2021-05-31.nc
Processing SMN station SMN003 - 87222
Lat: -28.6 - Lon: -65.77
Done --> /home/mda_silv/clima-archive2-b/FPS-SESA/rcm/reg_ictp_pbl2/pr/pr_SMN003_87222_D_2018-06-01-2021-05-31.nc
Processing SMN station SMN004 - 87257
Lat: -29.88 - Lon: -61.95
Done --> /home/mda_silv/clima-archive2-b/FPS-SESA/rcm/reg_ictp_pbl2/pr/pr_SMN004_87257_D_2018-06-01-2021-05-31.nc
Processing SMN station SMN005 - 87395
Lat: -31.3 - Lon: -58.02
Done --> /home/mda_silv/clima-archive2-b/FPS-SESA/rcm/reg_ictp_pbl2/pr/pr_SMN005_87395_D_2018-06-01-2021-05-31.nc
Processing SMN station SMN006 - 87344
Lat: -31.3 - Lon: -64.2
Done --> /home/mda_silv/clima-archive2-b/FPS-SESA/rcm/reg_ictp_pbl2/pr/pr_SMN006_87344_D_2018-06-01-2021-05-31.nc
Processing SMN station SMN007 - 87345
Lat: -31.4 - Lon: -64.18
Done --> /home/mda_silv/clima-archive2-b/FPS-SESA/rcm/reg_ictp_pbl2/pr/pr_SMN007_87345_D_2018-06-01-2021-05-31.nc
Processing SMN station SMN008 - 87166
Lat: -27.45 - Lon: -58.77
Done --> /home/mda_silv/clima-archive2-b/FPS-SESA/rcm/reg_ictp_pbl2/pr/pr_SMN008_87166_D_2018-06-01-2021-05-31.nc
Processing SMN station SMN009 - 87571
Lat: -34.6 - Lon: -58.6
Done --> /home/mda_silv/clima-archive2-b/FPS-SESA/rcm/reg_ictp_pbl2/pr/pr_SMN009_87571_D_2018-06-01-2021-05-31.nc
Processing SMN station SMN010 - 87576
Lat: -34.82 - Lon: -58.53
Done --> /home/mda_silv/clima-archive2-b/FPS-SESA/rcm/reg_ictp_pbl2/pr/pr_SMN010_87576_D_2018-06-01-2021-05-31.nc
Processing SMN station SMN011 - 87162
Lat: -26.2 - Lon: -58.23
Done --> /home/mda_silv/clima-archive2-b/FPS-SESA/rcm/reg_ictp_pbl2/pr/pr_SMN011_87162_D_2018-06-01-2021-05-31.nc
Processing SMN station SMN012 - 87497
Lat: -33.0 - Lon: -58.62
Done --> /home/mda_silv/clima-archive2-b/FPS-SESA/rcm/reg_ictp_pbl2/pr/pr_SMN012_87497_D_2018-06-01-2021-05-31.nc
Processing SMN station SMN013 - 87097
Lat: -25.73 - Lon: -54.47
Done --> /home/mda_silv/clima-archive2-b/FPS-SESA/rcm/reg_ictp_pbl2/pr/pr_SMN013_87097_D_2018-06-01-2021-05-31.nc
Processing SMN station SMN014 - 87305
Lat: -30.23 - Lon: -68.75
Done --> /home/mda_silv/clima-archive2-b/FPS-SESA/rcm/reg_ictp_pbl2/pr/pr_SMN014_87305_D_2018-06-01-2021-05-31.nc
Processing SMN station SMN015 - 87046
Lat: -24.38 - Lon: -65.08
Done --> /home/mda_silv/clima-archive2-b/FPS-SESA/rcm/reg_ictp_pbl2/pr/pr_SMN015_87046_D_2018-06-01-2021-05-31.nc
Processing SMN station SMN016 - 87548
Lat: -34.55 - Lon: -60.92
Done --> /home/mda_silv/clima-archive2-b/FPS-SESA/rcm/reg_ictp_pbl2/pr/pr_SMN016_87548_D_2018-06-01-2021-05-31.nc
Processing SMN station SMN017 - 87593
Lat: -34.97 - Lon: -57.9
Done --> /home/mda_silv/clima-archive2-b/FPS-SESA/rcm/reg_ictp_pbl2/pr/pr_SMN017_87593_D_2018-06-01-2021-05-31.nc
Processing SMN station SMN018 - 87007
Lat: -22.1 - Lon: -65.6
Done --> /home/mda_silv/clima-archive2-b/FPS-SESA/rcm/reg_ictp_pbl2/pr/pr_SMN018_87007_D_2018-06-01-2021-05-31.nc
Processing SMN station SMN019 - 87217
Lat: -29.38 - Lon: -66.82
Done --> /home/mda_silv/clima-archive2-b/FPS-SESA/rcm/reg_ictp_pbl2/pr/pr_SMN019_87217_D_2018-06-01-2021-05-31.nc
Processing SMN station SMN020 - 87534
Lat: -34.13 - Lon: -63.37
Done --> /home/mda_silv/clima-archive2-b/FPS-SESA/rcm/reg_ictp_pbl2/pr/pr_SMN020_87534_D_2018-06-01-2021-05-31.nc
Processing SMN station SMN021 - 87078
Lat: -24.7 - Lon: -60.58
Done --> /home/mda_silv/clima-archive2-b/FPS-SESA/rcm/reg_ictp_pbl2/pr/pr_SMN021_87078_D_2018-06-01-2021-05-31.nc
Processing SMN station SMN022 - 87467
Lat: -32.7 - Lon: -62.15
Done --> /home/mda_silv/clima-archive2-b/FPS-SESA/rcm/reg_ictp_pbl2/pr/pr_SMN022_87467_D_2018-06-01-2021-05-31.nc
Processing SMN station SMN023 - 87418
Lat: -32.83 - Lon: -68.78
Done --> /home/mda_silv/clima-archive2-b/FPS-SESA/rcm/reg_ictp_pbl2/pr/pr_SMN023_87418_D_2018-06-01-2021-05-31.nc
Processing SMN station SMN024 - 87420
Lat: -32.88 - Lon: -68.85
Done --> /home/mda_silv/clima-archive2-b/FPS-SESA/rcm/reg_ictp_pbl2/pr/pr_SMN024_87420_D_2018-06-01-2021-05-31.nc
Processing SMN station SMN025 - 87393
Lat: -30.27 - Lon: -57.65
Done --> /home/mda_silv/clima-archive2-b/FPS-SESA/rcm/reg_ictp_pbl2/pr/pr_SMN025_87393_D_2018-06-01-2021-05-31.nc
Processing SMN station SMN026 - 87016
Lat: -23.15 - Lon: -64.32
Done --> /home/mda_silv/clima-archive2-b/FPS-SESA/rcm/reg_ictp_pbl2/pr/pr_SMN026_87016_D_2018-06-01-2021-05-31.nc
Processing SMN station SMN027 - 87374
Lat: -31.78 - Lon: -60.48
Done --> /home/mda_silv/clima-archive2-b/FPS-SESA/rcm/reg_ictp_pbl2/pr/pr_SMN027_87374_D_2018-06-01-2021-05-31.nc
Processing SMN station SMN028 - 87289
Lat: -29.68 - Lon: -57.15
Done --> /home/mda_silv/clima-archive2-b/FPS-SESA/rcm/reg_ictp_pbl2/pr/pr_SMN028_87289_D_2018-06-01-2021-05-31.nc
Processing SMN station SMN029 - 87349
Lat: -31.67 - Lon: -63.88
Done --> /home/mda_silv/clima-archive2-b/FPS-SESA/rcm/reg_ictp_pbl2/pr/pr_SMN029_87349_D_2018-06-01-2021-05-31.nc
Processing SMN station SMN030 - 87178
Lat: -27.37 - Lon: -55.97
Done --> /home/mda_silv/clima-archive2-b/FPS-SESA/rcm/reg_ictp_pbl2/pr/pr_SMN030_87178_D_2018-06-01-2021-05-31.nc
Processing SMN station SMN031 - 87270
Lat: -29.18 - Lon: -59.7
Done --> /home/mda_silv/clima-archive2-b/FPS-SESA/rcm/reg_ictp_pbl2/pr/pr_SMN031_87270_D_2018-06-01-2021-05-31.nc
Processing SMN station SMN032 - 87155
Lat: -27.45 - Lon: -59.05
Done --> /home/mda_silv/clima-archive2-b/FPS-SESA/rcm/reg_ictp_pbl2/pr/pr_SMN032_87155_D_2018-06-01-2021-05-31.nc
Processing SMN station SMN033 - 87453
Lat: -33.12 - Lon: -64.23
Done --> /home/mda_silv/clima-archive2-b/FPS-SESA/rcm/reg_ictp_pbl2/pr/pr_SMN033_87453_D_2018-06-01-2021-05-31.nc
Processing SMN station SMN034 - 87480
Lat: -32.92 - Lon: -60.78
Done --> /home/mda_silv/clima-archive2-b/FPS-SESA/rcm/reg_ictp_pbl2/pr/pr_SMN034_87480_D_2018-06-01-2021-05-31.nc
Processing SMN station SMN035 - 87047
Lat: -24.85 - Lon: -65.48
Done --> /home/mda_silv/clima-archive2-b/FPS-SESA/rcm/reg_ictp_pbl2/pr/pr_SMN035_87047_D_2018-06-01-2021-05-31.nc
Processing SMN station SMN036 - 87311
Lat: -31.57 - Lon: -68.42
Done --> /home/mda_silv/clima-archive2-b/FPS-SESA/rcm/reg_ictp_pbl2/pr/pr_SMN036_87311_D_2018-06-01-2021-05-31.nc
Processing SMN station SMN037 - 87436
Lat: -33.27 - Lon: -66.35
Done --> /home/mda_silv/clima-archive2-b/FPS-SESA/rcm/reg_ictp_pbl2/pr/pr_SMN037_87436_D_2018-06-01-2021-05-31.nc
Processing SMN station SMN038 - 87416
Lat: -33.08 - Lon: -68.42
Done --> /home/mda_silv/clima-archive2-b/FPS-SESA/rcm/reg_ictp_pbl2/pr/pr_SMN038_87416_D_2018-06-01-2021-05-31.nc
Processing SMN station SMN039 - 87569
Lat: -34.55 - Lon: -58.73
Done --> /home/mda_silv/clima-archive2-b/FPS-SESA/rcm/reg_ictp_pbl2/pr/pr_SMN039_87569_D_2018-06-01-2021-05-31.nc
Processing SMN station SMN040 - 87509
Lat: -34.58 - Lon: -68.4
Done --> /home/mda_silv/clima-archive2-b/FPS-SESA/rcm/reg_ictp_pbl2/pr/pr_SMN040_87509_D_2018-06-01-2021-05-31.nc
Processing SMN station SMN041 - 87129
Lat: -27.77 - Lon: -64.3
Done --> /home/mda_silv/clima-archive2-b/FPS-SESA/rcm/reg_ictp_pbl2/pr/pr_SMN041_87129_D_2018-06-01-2021-05-31.nc
Processing SMN station SMN042 - 87371
Lat: -31.7 - Lon: -60.82
Done --> /home/mda_silv/clima-archive2-b/FPS-SESA/rcm/reg_ictp_pbl2/pr/pr_SMN042_87371_D_2018-06-01-2021-05-31.nc
Processing SMN station SMN043 - 87022
Lat: -22.65 - Lon: -63.81
Done --> /home/mda_silv/clima-archive2-b/FPS-SESA/rcm/reg_ictp_pbl2/pr/pr_SMN043_87022_D_2018-06-01-2021-05-31.nc
Processing SMN station SMN044 - 87211
Lat: -28.07 - Lon: -67.57
Done --> /home/mda_silv/clima-archive2-b/FPS-SESA/rcm/reg_ictp_pbl2/pr/pr_SMN044_87211_D_2018-06-01-2021-05-31.nc
Processing SMN station SMN045 - 87328
Lat: -31.95 - Lon: -65.13
Done --> /home/mda_silv/clima-archive2-b/FPS-SESA/rcm/reg_ictp_pbl2/pr/pr_SMN045_87328_D_2018-06-01-2021-05-31.nc
Processing SMN station SMN046 - 87448
Lat: -33.73 - Lon: -65.38
Done --> /home/mda_silv/clima-archive2-b/FPS-SESA/rcm/reg_ictp_pbl2/pr/pr_SMN046_87448_D_2018-06-01-2021-05-31.nc
Processing SMN station SMN047 - 10067
Lat: -28.43 - Lon: -58.92
Done --> /home/mda_silv/clima-archive2-b/FPS-SESA/rcm/reg_ictp_pbl2/pr/pr_SMN047_10067_D_2018-06-01-2021-05-31.nc
Processing SMN station SMN048 - 10358
Lat: -34.61 - Lon: -58.67
Done --> /home/mda_silv/clima-archive2-b/FPS-SESA/rcm/reg_ictp_pbl2/pr/pr_SMN048_10358_D_2018-06-01-2021-05-31.nc
Processing SMN station SMN049 - 10423
Lat: -27.65 - Lon: -55.43
Done --> /home/mda_silv/clima-archive2-b/FPS-SESA/rcm/reg_ictp_pbl2/pr/pr_SMN049_10423_D_2018-06-01-2021-05-31.nc
Processing SMN station SMN050 - 10901
Lat: -27.42 - Lon: -58.93
Done --> /home/mda_silv/clima-archive2-b/FPS-SESA/rcm/reg_ictp_pbl2/pr/pr_SMN050_10901_D_2018-06-01-2021-05-31.nc
Processing SMN station SMN051 - 10902
Lat: -32.49 - Lon: -58.35
Done --> /home/mda_silv/clima-archive2-b/FPS-SESA/rcm/reg_ictp_pbl2/pr/pr_SMN051_10902_D_2018-06-01-2021-05-31.nc
Processing SMN station SMN052 - 10444
Lat: -27.05 - Lon: -65.42
Done --> /home/mda_silv/clima-archive2-b/FPS-SESA/rcm/reg_ictp_pbl2/pr/pr_SMN052_10444_D_2018-06-01-2021-05-31.nc
Processing SMN station SMN053 - 10903
Lat: -33.73 - Lon: -69.12
Done --> /home/mda_silv/clima-archive2-b/FPS-SESA/rcm/reg_ictp_pbl2/pr/pr_SMN053_10903_D_2018-06-01-2021-05-31.nc
Processing SMN station SMN054 - 10904
Lat: -27.1 - Lon: -61.1
Done --> /home/mda_silv/clima-archive2-b/FPS-SESA/rcm/reg_ictp_pbl2/pr/pr_SMN054_10904_D_2018-06-01-2021-05-31.nc
Processing SMN station SMN055 - 10905
Lat: -31.82 - Lon: -63.77
Done --> /home/mda_silv/clima-archive2-b/FPS-SESA/rcm/reg_ictp_pbl2/pr/pr_SMN055_10905_D_2018-06-01-2021-05-31.nc
Processing SMN station SMN056 - 10502
Lat: -32.68 - Lon: -62.12
Done --> /home/mda_silv/clima-archive2-b/FPS-SESA/rcm/reg_ictp_pbl2/pr/pr_SMN056_10502_D_2018-06-01-2021-05-31.nc
Processing SMN station SMN057 - 10906
Lat: -29.17 - Lon: -58.02
Done --> /home/mda_silv/clima-archive2-b/FPS-SESA/rcm/reg_ictp_pbl2/pr/pr_SMN057_10906_D_2018-06-01-2021-05-31.nc
Processing SMN station SMN058 - 10907
Lat: -32.55 - Lon: -60.85
Done --> /home/mda_silv/clima-archive2-b/FPS-SESA/rcm/reg_ictp_pbl2/pr/pr_SMN058_10907_D_2018-06-01-2021-05-31.nc
Processing SMN station SMN059 - 10114
Lat: -31.85 - Lon: -60.54
Done --> /home/mda_silv/clima-archive2-b/FPS-SESA/rcm/reg_ictp_pbl2/pr/pr_SMN059_10114_D_2018-06-01-2021-05-31.nc
Processing SMN station SMN060 - 10145
Lat: -33.93 - Lon: -60.55
Done --> /home/mda_silv/clima-archive2-b/FPS-SESA/rcm/reg_ictp_pbl2/pr/pr_SMN060_10145_D_2018-06-01-2021-05-31.nc
Processing SMN station SMN061 - 10908
Lat: -31.18 - Lon: -61.55
Done --> /home/mda_silv/clima-archive2-b/FPS-SESA/rcm/reg_ictp_pbl2/pr/pr_SMN061_10908_D_2018-06-01-2021-05-31.nc
Processing SMN station SMN062 - 10909
Lat: -29.18 - Lon: -59.7
Done --> /home/mda_silv/clima-archive2-b/FPS-SESA/rcm/reg_ictp_pbl2/pr/pr_SMN062_10909_D_2018-06-01-2021-05-31.nc
Processing SMN station SMN063 - 10910
Lat: -26.87 - Lon: -60.45
Done --> /home/mda_silv/clima-archive2-b/FPS-SESA/rcm/reg_ictp_pbl2/pr/pr_SMN063_10910_D_2018-06-01-2021-05-31.nc
Processing SMN station SMN064 - 10445
Lat: -31.37 - Lon: -68.32
Done --> /home/mda_silv/clima-archive2-b/FPS-SESA/rcm/reg_ictp_pbl2/pr/pr_SMN064_10445_D_2018-06-01-2021-05-31.nc
Processing SMN station SMN065 - 10492
Lat: -33.74 - Lon: -59.8
Done --> /home/mda_silv/clima-archive2-b/FPS-SESA/rcm/reg_ictp_pbl2/pr/pr_SMN065_10492_D_2018-06-01-2021-05-31.nc
Processing SMN station SMN066 - 10911
Lat: -33.72 - Lon: -65.48
Done --> /home/mda_silv/clima-archive2-b/FPS-SESA/rcm/reg_ictp_pbl2/pr/pr_SMN066_10911_D_2018-06-01-2021-05-31.nc
Processing SMN station SMN067 - 10912
Lat: -33.02 - Lon: -60.88
Done --> /home/mda_silv/clima-archive2-b/FPS-SESA/rcm/reg_ictp_pbl2/pr/pr_SMN067_10912_D_2018-06-01-2021-05-31.nc
Processing SMN station SMN068 - 86330
Lat: -30.38 - Lon: -56.51
Done --> /home/mda_silv/clima-archive2-b/FPS-SESA/rcm/reg_ictp_pbl2/pr/pr_SMN068_86330_D_2018-06-01-2021-05-31.nc
Processing SMN station SMN069 - 86580
Lat: -34.83 - Lon: -56.01
Done --> /home/mda_silv/clima-archive2-b/FPS-SESA/rcm/reg_ictp_pbl2/pr/pr_SMN069_86580_D_2018-06-01-2021-05-31.nc
Processing SMN station SMN070 - 86560
Lat: -34.45 - Lon: -57.77
Done --> /home/mda_silv/clima-archive2-b/FPS-SESA/rcm/reg_ictp_pbl2/pr/pr_SMN070_86560_D_2018-06-01-2021-05-31.nc
Processing SMN station SMN071 - 86530
Lat: -33.35 - Lon: -56.5
Done --> /home/mda_silv/clima-archive2-b/FPS-SESA/rcm/reg_ictp_pbl2/pr/pr_SMN071_86530_D_2018-06-01-2021-05-31.nc
Processing SMN station SMN072 - 11004
Lat: -34.79 - Lon: -54.26
Done --> /home/mda_silv/clima-archive2-b/FPS-SESA/rcm/reg_ictp_pbl2/pr/pr_SMN072_11004_D_2018-06-01-2021-05-31.nc
Processing SMN station SMN073 - 86440
Lat: -32.37 - Lon: -54.19
Done --> /home/mda_silv/clima-archive2-b/FPS-SESA/rcm/reg_ictp_pbl2/pr/pr_SMN073_86440_D_2018-06-01-2021-05-31.nc
Processing SMN station SMN074 - 86490
Lat: -33.25 - Lon: -58.07
Done --> /home/mda_silv/clima-archive2-b/FPS-SESA/rcm/reg_ictp_pbl2/pr/pr_SMN074_86490_D_2018-06-01-2021-05-31.nc
Processing SMN station SMN075 - 86460
Lat: -32.8 - Lon: -56.53
Done --> /home/mda_silv/clima-archive2-b/FPS-SESA/rcm/reg_ictp_pbl2/pr/pr_SMN075_86460_D_2018-06-01-2021-05-31.nc
Processing SMN station SMN076 - 86430
Lat: -32.35 - Lon: -58.04
Done --> /home/mda_silv/clima-archive2-b/FPS-SESA/rcm/reg_ictp_pbl2/pr/pr_SMN076_86430_D_2018-06-01-2021-05-31.nc
Processing SMN station SMN077 - 86585
Lat: -34.86 - Lon: -56.21
Done --> /home/mda_silv/clima-archive2-b/FPS-SESA/rcm/reg_ictp_pbl2/pr/pr_SMN077_86585_D_2018-06-01-2021-05-31.nc
Processing SMN station SMN078 - 86350
Lat: -30.9 - Lon: -55.54
Done --> /home/mda_silv/clima-archive2-b/FPS-SESA/rcm/reg_ictp_pbl2/pr/pr_SMN078_86350_D_2018-06-01-2021-05-31.nc
Processing SMN station SMN079 - 86565
Lat: -34.49 - Lon: -54.31
Done --> /home/mda_silv/clima-archive2-b/FPS-SESA/rcm/reg_ictp_pbl2/pr/pr_SMN079_86565_D_2018-06-01-2021-05-31.nc
Processing SMN station SMN080 - 86360
Lat: -31.4 - Lon: -57.97
Done --> /home/mda_silv/clima-archive2-b/FPS-SESA/rcm/reg_ictp_pbl2/pr/pr_SMN080_86360_D_2018-06-01-2021-05-31.nc
Processing SMN station SMN081 - 86500
Lat: -33.71 - Lon: -54.39
Done --> /home/mda_silv/clima-archive2-b/FPS-SESA/rcm/reg_ictp_pbl2/pr/pr_SMN081_86500_D_2018-06-01-2021-05-31.nc
Processing SMN station SMN082 - 11014
Lat: -34.09 - Lon: -56.19
Done --> /home/mda_silv/clima-archive2-b/FPS-SESA/rcm/reg_ictp_pbl2/pr/pr_SMN082_11014_D_2018-06-01-2021-05-31.nc
Processing SMN station SMN083 - 11015
Lat: -34.86 - Lon: -55.09
Done --> /home/mda_silv/clima-archive2-b/FPS-SESA/rcm/reg_ictp_pbl2/pr/pr_SMN083_11015_D_2018-06-01-2021-05-31.nc
Processing SMN station SMN084 - 11016
Lat: -34.97 - Lon: -54.95
Done --> /home/mda_silv/clima-archive2-b/FPS-SESA/rcm/reg_ictp_pbl2/pr/pr_SMN084_11016_D_2018-06-01-2021-05-31.nc
Processing SMN station SMN085 - 11017
Lat: -34.35 - Lon: -56.76
Done --> /home/mda_silv/clima-archive2-b/FPS-SESA/rcm/reg_ictp_pbl2/pr/pr_SMN085_11017_D_2018-06-01-2021-05-31.nc
Processing SMN station SMN086 - 11018
Lat: -31.71 - Lon: -55.99
Done --> /home/mda_silv/clima-archive2-b/FPS-SESA/rcm/reg_ictp_pbl2/pr/pr_SMN086_11018_D_2018-06-01-2021-05-31.nc
Processing SMN station SMN087 - 11019
Lat: -33.54 - Lon: -56.92
Done --> /home/mda_silv/clima-archive2-b/FPS-SESA/rcm/reg_ictp_pbl2/pr/pr_SMN087_11019_D_2018-06-01-2021-05-31.nc
Processing SMN station SMN088 - 11020
Lat: -32.69 - Lon: -57.65
Done --> /home/mda_silv/clima-archive2-b/FPS-SESA/rcm/reg_ictp_pbl2/pr/pr_SMN088_11020_D_2018-06-01-2021-05-31.nc
Processing SMN station SMN089 - 87121
Lat: -26.85 - Lon: -65.1
Done --> /home/mda_silv/clima-archive2-b/FPS-SESA/rcm/reg_ictp_pbl2/pr/pr_SMN089_87121_D_2018-06-01-2021-05-31.nc
Processing SMN station SMN090 - 10460
Lat: -27.65 - Lon: -58.77
Done --> /home/mda_silv/clima-archive2-b/FPS-SESA/rcm/reg_ictp_pbl2/pr/pr_SMN090_10460_D_2018-06-01-2021-05-31.nc
Processing SMN station SMN091 - 10464
Lat: -26.3 - Lon: -59.38
Done --> /home/mda_silv/clima-archive2-b/FPS-SESA/rcm/reg_ictp_pbl2/pr/pr_SMN091_10464_D_2018-06-01-2021-05-31.nc
Processing SMN station SMN092 - 10038
Lat: -34.92 - Lon: -62.73
Done --> /home/mda_silv/clima-archive2-b/FPS-SESA/rcm/reg_ictp_pbl2/pr/pr_SMN092_10038_D_2018-06-01-2021-05-31.nc
Processing SMN station SMN093 - 10550
Lat: -28.02 - Lon: -64.23
Done --> /home/mda_silv/clima-archive2-b/FPS-SESA/rcm/reg_ictp_pbl2/pr/pr_SMN093_10550_D_2018-06-01-2021-05-31.nc
Processing SMN station SMN094 - 86068
Lat: -22.03 - Lon: -60.62
Done --> /home/mda_silv/clima-archive2-b/FPS-SESA/rcm/reg_ictp_pbl2/pr/pr_SMN094_86068_D_2018-06-01-2021-05-31.nc
Processing SMN station SMN095 - 86086
Lat: -22.28 - Lon: -57.94
Done --> /home/mda_silv/clima-archive2-b/FPS-SESA/rcm/reg_ictp_pbl2/pr/pr_SMN095_86086_D_2018-06-01-2021-05-31.nc
Processing SMN station SMN096 - 86097
Lat: -22.64 - Lon: -55.83
Done --> /home/mda_silv/clima-archive2-b/FPS-SESA/rcm/reg_ictp_pbl2/pr/pr_SMN096_86097_D_2018-06-01-2021-05-31.nc
Processing SMN station SMN097 - 86128
Lat: -23.5 - Lon: -58.79
Done --> /home/mda_silv/clima-archive2-b/FPS-SESA/rcm/reg_ictp_pbl2/pr/pr_SMN097_86128_D_2018-06-01-2021-05-31.nc
Processing SMN station SMN098 - 86134
Lat: -23.44 - Lon: -57.43
Done --> /home/mda_silv/clima-archive2-b/FPS-SESA/rcm/reg_ictp_pbl2/pr/pr_SMN098_86134_D_2018-06-01-2021-05-31.nc
Processing SMN station SMN099 - 86185
Lat: -24.09 - Lon: -57.09
Done --> /home/mda_silv/clima-archive2-b/FPS-SESA/rcm/reg_ictp_pbl2/pr/pr_SMN099_86185_D_2018-06-01-2021-05-31.nc
Processing SMN station SMN100 - 86192
Lat: -24.67 - Lon: -56.46
Done --> /home/mda_silv/clima-archive2-b/FPS-SESA/rcm/reg_ictp_pbl2/pr/pr_SMN100_86192_D_2018-06-01-2021-05-31.nc
Processing SMN station SMN101 - 86210
Lat: -24.03 - Lon: -54.35
Done --> /home/mda_silv/clima-archive2-b/FPS-SESA/rcm/reg_ictp_pbl2/pr/pr_SMN101_86210_D_2018-06-01-2021-05-31.nc
Processing SMN station SMN102 - 86218
Lat: -25.24 - Lon: -57.51
Done --> /home/mda_silv/clima-archive2-b/FPS-SESA/rcm/reg_ictp_pbl2/pr/pr_SMN102_86218_D_2018-06-01-2021-05-31.nc
Processing SMN station SMN103 - 86233
Lat: -25.75 - Lon: -56.44
Done --> /home/mda_silv/clima-archive2-b/FPS-SESA/rcm/reg_ictp_pbl2/pr/pr_SMN103_86233_D_2018-06-01-2021-05-31.nc
Processing SMN station SMN104 - 86234
Lat: -25.48 - Lon: -56.38
Done --> /home/mda_silv/clima-archive2-b/FPS-SESA/rcm/reg_ictp_pbl2/pr/pr_SMN104_86234_D_2018-06-01-2021-05-31.nc
Processing SMN station SMN105 - 86255
Lat: -26.88 - Lon: -58.32
Done --> /home/mda_silv/clima-archive2-b/FPS-SESA/rcm/reg_ictp_pbl2/pr/pr_SMN105_86255_D_2018-06-01-2021-05-31.nc
Processing SMN station SMN106 - 86260
Lat: -26.67 - Lon: -57.13
Done --> /home/mda_silv/clima-archive2-b/FPS-SESA/rcm/reg_ictp_pbl2/pr/pr_SMN106_86260_D_2018-06-01-2021-05-31.nc
Processing SMN station SMN107 - 86268
Lat: -26.18 - Lon: -56.35
Done --> /home/mda_silv/clima-archive2-b/FPS-SESA/rcm/reg_ictp_pbl2/pr/pr_SMN107_86268_D_2018-06-01-2021-05-31.nc
Processing SMN station SMN108 - 86285
Lat: -26.83 - Lon: -55.33
Done --> /home/mda_silv/clima-archive2-b/FPS-SESA/rcm/reg_ictp_pbl2/pr/pr_SMN108_86285_D_2018-06-01-2021-05-31.nc
Processing SMN station SMN109 - 86297
Lat: -27.3 - Lon: -55.89
Done --> /home/mda_silv/clima-archive2-b/FPS-SESA/rcm/reg_ictp_pbl2/pr/pr_SMN109_86297_D_2018-06-01-2021-05-31.nc
Processing SMN station SMN001 - 87582
Lat: -34.57 - Lon: -58.42
Done --> /home/mda_silv/clima-archive2-b/FPS-SESA/rcm/wrf_ncar/pr/pr_SMN001_87582_D_2018-06-01-2021-05-31.nc
Processing SMN station SMN002 - 87585
Lat: -34.58 - Lon: -58.48
Done --> /home/mda_silv/clima-archive2-b/FPS-SESA/rcm/wrf_ncar/pr/pr_SMN002_87585_D_2018-06-01-2021-05-31.nc
Processing SMN station SMN003 - 87222
Lat: -28.6 - Lon: -65.77
Done --> /home/mda_silv/clima-archive2-b/FPS-SESA/rcm/wrf_ncar/pr/pr_SMN003_87222_D_2018-06-01-2021-05-31.nc
Processing SMN station SMN004 - 87257
Lat: -29.88 - Lon: -61.95
Done --> /home/mda_silv/clima-archive2-b/FPS-SESA/rcm/wrf_ncar/pr/pr_SMN004_87257_D_2018-06-01-2021-05-31.nc
Processing SMN station SMN005 - 87395
Lat: -31.3 - Lon: -58.02
Done --> /home/mda_silv/clima-archive2-b/FPS-SESA/rcm/wrf_ncar/pr/pr_SMN005_87395_D_2018-06-01-2021-05-31.nc
Processing SMN station SMN006 - 87344
Lat: -31.3 - Lon: -64.2
Done --> /home/mda_silv/clima-archive2-b/FPS-SESA/rcm/wrf_ncar/pr/pr_SMN006_87344_D_2018-06-01-2021-05-31.nc
Processing SMN station SMN007 - 87345
Lat: -31.4 - Lon: -64.18
Done --> /home/mda_silv/clima-archive2-b/FPS-SESA/rcm/wrf_ncar/pr/pr_SMN007_87345_D_2018-06-01-2021-05-31.nc
Processing SMN station SMN008 - 87166
Lat: -27.45 - Lon: -58.77
Done --> /home/mda_silv/clima-archive2-b/FPS-SESA/rcm/wrf_ncar/pr/pr_SMN008_87166_D_2018-06-01-2021-05-31.nc
Processing SMN station SMN009 - 87571
Lat: -34.6 - Lon: -58.6
Done --> /home/mda_silv/clima-archive2-b/FPS-SESA/rcm/wrf_ncar/pr/pr_SMN009_87571_D_2018-06-01-2021-05-31.nc
Processing SMN station SMN010 - 87576
Lat: -34.82 - Lon: -58.53
Done --> /home/mda_silv/clima-archive2-b/FPS-SESA/rcm/wrf_ncar/pr/pr_SMN010_87576_D_2018-06-01-2021-05-31.nc
Processing SMN station SMN011 - 87162
Lat: -26.2 - Lon: -58.23
Done --> /home/mda_silv/clima-archive2-b/FPS-SESA/rcm/wrf_ncar/pr/pr_SMN011_87162_D_2018-06-01-2021-05-31.nc
Processing SMN station SMN012 - 87497
Lat: -33.0 - Lon: -58.62
Done --> /home/mda_silv/clima-archive2-b/FPS-SESA/rcm/wrf_ncar/pr/pr_SMN012_87497_D_2018-06-01-2021-05-31.nc
Processing SMN station SMN013 - 87097
Lat: -25.73 - Lon: -54.47
Done --> /home/mda_silv/clima-archive2-b/FPS-SESA/rcm/wrf_ncar/pr/pr_SMN013_87097_D_2018-06-01-2021-05-31.nc
Processing SMN station SMN014 - 87305
Lat: -30.23 - Lon: -68.75
Done --> /home/mda_silv/clima-archive2-b/FPS-SESA/rcm/wrf_ncar/pr/pr_SMN014_87305_D_2018-06-01-2021-05-31.nc
Processing SMN station SMN015 - 87046
Lat: -24.38 - Lon: -65.08
Done --> /home/mda_silv/clima-archive2-b/FPS-SESA/rcm/wrf_ncar/pr/pr_SMN015_87046_D_2018-06-01-2021-05-31.nc
Processing SMN station SMN016 - 87548
Lat: -34.55 - Lon: -60.92
Done --> /home/mda_silv/clima-archive2-b/FPS-SESA/rcm/wrf_ncar/pr/pr_SMN016_87548_D_2018-06-01-2021-05-31.nc
Processing SMN station SMN017 - 87593
Lat: -34.97 - Lon: -57.9
Done --> /home/mda_silv/clima-archive2-b/FPS-SESA/rcm/wrf_ncar/pr/pr_SMN017_87593_D_2018-06-01-2021-05-31.nc
Processing SMN station SMN018 - 87007
Lat: -22.1 - Lon: -65.6
Done --> /home/mda_silv/clima-archive2-b/FPS-SESA/rcm/wrf_ncar/pr/pr_SMN018_87007_D_2018-06-01-2021-05-31.nc
Processing SMN station SMN019 - 87217
Lat: -29.38 - Lon: -66.82
Done --> /home/mda_silv/clima-archive2-b/FPS-SESA/rcm/wrf_ncar/pr/pr_SMN019_87217_D_2018-06-01-2021-05-31.nc
Processing SMN station SMN020 - 87534
Lat: -34.13 - Lon: -63.37
Done --> /home/mda_silv/clima-archive2-b/FPS-SESA/rcm/wrf_ncar/pr/pr_SMN020_87534_D_2018-06-01-2021-05-31.nc
Processing SMN station SMN021 - 87078
Lat: -24.7 - Lon: -60.58
Done --> /home/mda_silv/clima-archive2-b/FPS-SESA/rcm/wrf_ncar/pr/pr_SMN021_87078_D_2018-06-01-2021-05-31.nc
Processing SMN station SMN022 - 87467
Lat: -32.7 - Lon: -62.15
Done --> /home/mda_silv/clima-archive2-b/FPS-SESA/rcm/wrf_ncar/pr/pr_SMN022_87467_D_2018-06-01-2021-05-31.nc
Processing SMN station SMN023 - 87418
Lat: -32.83 - Lon: -68.78
Done --> /home/mda_silv/clima-archive2-b/FPS-SESA/rcm/wrf_ncar/pr/pr_SMN023_87418_D_2018-06-01-2021-05-31.nc
Processing SMN station SMN024 - 87420
Lat: -32.88 - Lon: -68.85
Done --> /home/mda_silv/clima-archive2-b/FPS-SESA/rcm/wrf_ncar/pr/pr_SMN024_87420_D_2018-06-01-2021-05-31.nc
Processing SMN station SMN025 - 87393
Lat: -30.27 - Lon: -57.65
Done --> /home/mda_silv/clima-archive2-b/FPS-SESA/rcm/wrf_ncar/pr/pr_SMN025_87393_D_2018-06-01-2021-05-31.nc
Processing SMN station SMN026 - 87016
Lat: -23.15 - Lon: -64.32
Done --> /home/mda_silv/clima-archive2-b/FPS-SESA/rcm/wrf_ncar/pr/pr_SMN026_87016_D_2018-06-01-2021-05-31.nc
Processing SMN station SMN027 - 87374
Lat: -31.78 - Lon: -60.48
Done --> /home/mda_silv/clima-archive2-b/FPS-SESA/rcm/wrf_ncar/pr/pr_SMN027_87374_D_2018-06-01-2021-05-31.nc
Processing SMN station SMN028 - 87289
Lat: -29.68 - Lon: -57.15
Done --> /home/mda_silv/clima-archive2-b/FPS-SESA/rcm/wrf_ncar/pr/pr_SMN028_87289_D_2018-06-01-2021-05-31.nc
Processing SMN station SMN029 - 87349
Lat: -31.67 - Lon: -63.88
Done --> /home/mda_silv/clima-archive2-b/FPS-SESA/rcm/wrf_ncar/pr/pr_SMN029_87349_D_2018-06-01-2021-05-31.nc
Processing SMN station SMN030 - 87178
Lat: -27.37 - Lon: -55.97
Done --> /home/mda_silv/clima-archive2-b/FPS-SESA/rcm/wrf_ncar/pr/pr_SMN030_87178_D_2018-06-01-2021-05-31.nc
Processing SMN station SMN031 - 87270
Lat: -29.18 - Lon: -59.7
Done --> /home/mda_silv/clima-archive2-b/FPS-SESA/rcm/wrf_ncar/pr/pr_SMN031_87270_D_2018-06-01-2021-05-31.nc
Processing SMN station SMN032 - 87155
Lat: -27.45 - Lon: -59.05
Done --> /home/mda_silv/clima-archive2-b/FPS-SESA/rcm/wrf_ncar/pr/pr_SMN032_87155_D_2018-06-01-2021-05-31.nc
Processing SMN station SMN033 - 87453
Lat: -33.12 - Lon: -64.23
Done --> /home/mda_silv/clima-archive2-b/FPS-SESA/rcm/wrf_ncar/pr/pr_SMN033_87453_D_2018-06-01-2021-05-31.nc
Processing SMN station SMN034 - 87480
Lat: -32.92 - Lon: -60.78
Done --> /home/mda_silv/clima-archive2-b/FPS-SESA/rcm/wrf_ncar/pr/pr_SMN034_87480_D_2018-06-01-2021-05-31.nc
Processing SMN station SMN035 - 87047
Lat: -24.85 - Lon: -65.48
Done --> /home/mda_silv/clima-archive2-b/FPS-SESA/rcm/wrf_ncar/pr/pr_SMN035_87047_D_2018-06-01-2021-05-31.nc
Processing SMN station SMN036 - 87311
Lat: -31.57 - Lon: -68.42
Done --> /home/mda_silv/clima-archive2-b/FPS-SESA/rcm/wrf_ncar/pr/pr_SMN036_87311_D_2018-06-01-2021-05-31.nc
Processing SMN station SMN037 - 87436
Lat: -33.27 - Lon: -66.35
Done --> /home/mda_silv/clima-archive2-b/FPS-SESA/rcm/wrf_ncar/pr/pr_SMN037_87436_D_2018-06-01-2021-05-31.nc
Processing SMN station SMN038 - 87416
Lat: -33.08 - Lon: -68.42
Done --> /home/mda_silv/clima-archive2-b/FPS-SESA/rcm/wrf_ncar/pr/pr_SMN038_87416_D_2018-06-01-2021-05-31.nc
Processing SMN station SMN039 - 87569
Lat: -34.55 - Lon: -58.73
Done --> /home/mda_silv/clima-archive2-b/FPS-SESA/rcm/wrf_ncar/pr/pr_SMN039_87569_D_2018-06-01-2021-05-31.nc
Processing SMN station SMN040 - 87509
Lat: -34.58 - Lon: -68.4
Done --> /home/mda_silv/clima-archive2-b/FPS-SESA/rcm/wrf_ncar/pr/pr_SMN040_87509_D_2018-06-01-2021-05-31.nc
Processing SMN station SMN041 - 87129
Lat: -27.77 - Lon: -64.3
Done --> /home/mda_silv/clima-archive2-b/FPS-SESA/rcm/wrf_ncar/pr/pr_SMN041_87129_D_2018-06-01-2021-05-31.nc
Processing SMN station SMN042 - 87371
Lat: -31.7 - Lon: -60.82
Done --> /home/mda_silv/clima-archive2-b/FPS-SESA/rcm/wrf_ncar/pr/pr_SMN042_87371_D_2018-06-01-2021-05-31.nc
Processing SMN station SMN043 - 87022
Lat: -22.65 - Lon: -63.81
Done --> /home/mda_silv/clima-archive2-b/FPS-SESA/rcm/wrf_ncar/pr/pr_SMN043_87022_D_2018-06-01-2021-05-31.nc
Processing SMN station SMN044 - 87211
Lat: -28.07 - Lon: -67.57
Done --> /home/mda_silv/clima-archive2-b/FPS-SESA/rcm/wrf_ncar/pr/pr_SMN044_87211_D_2018-06-01-2021-05-31.nc
Processing SMN station SMN045 - 87328
Lat: -31.95 - Lon: -65.13
Done --> /home/mda_silv/clima-archive2-b/FPS-SESA/rcm/wrf_ncar/pr/pr_SMN045_87328_D_2018-06-01-2021-05-31.nc
Processing SMN station SMN046 - 87448
Lat: -33.73 - Lon: -65.38
Done --> /home/mda_silv/clima-archive2-b/FPS-SESA/rcm/wrf_ncar/pr/pr_SMN046_87448_D_2018-06-01-2021-05-31.nc
Processing SMN station SMN047 - 10067
Lat: -28.43 - Lon: -58.92
Done --> /home/mda_silv/clima-archive2-b/FPS-SESA/rcm/wrf_ncar/pr/pr_SMN047_10067_D_2018-06-01-2021-05-31.nc
Processing SMN station SMN048 - 10358
Lat: -34.61 - Lon: -58.67
Done --> /home/mda_silv/clima-archive2-b/FPS-SESA/rcm/wrf_ncar/pr/pr_SMN048_10358_D_2018-06-01-2021-05-31.nc
Processing SMN station SMN049 - 10423
Lat: -27.65 - Lon: -55.43
Done --> /home/mda_silv/clima-archive2-b/FPS-SESA/rcm/wrf_ncar/pr/pr_SMN049_10423_D_2018-06-01-2021-05-31.nc
Processing SMN station SMN050 - 10901
Lat: -27.42 - Lon: -58.93
Done --> /home/mda_silv/clima-archive2-b/FPS-SESA/rcm/wrf_ncar/pr/pr_SMN050_10901_D_2018-06-01-2021-05-31.nc
Processing SMN station SMN051 - 10902
Lat: -32.49 - Lon: -58.35
Done --> /home/mda_silv/clima-archive2-b/FPS-SESA/rcm/wrf_ncar/pr/pr_SMN051_10902_D_2018-06-01-2021-05-31.nc
Processing SMN station SMN052 - 10444
Lat: -27.05 - Lon: -65.42
Done --> /home/mda_silv/clima-archive2-b/FPS-SESA/rcm/wrf_ncar/pr/pr_SMN052_10444_D_2018-06-01-2021-05-31.nc
Processing SMN station SMN053 - 10903
Lat: -33.73 - Lon: -69.12
Done --> /home/mda_silv/clima-archive2-b/FPS-SESA/rcm/wrf_ncar/pr/pr_SMN053_10903_D_2018-06-01-2021-05-31.nc
Processing SMN station SMN054 - 10904
Lat: -27.1 - Lon: -61.1
Done --> /home/mda_silv/clima-archive2-b/FPS-SESA/rcm/wrf_ncar/pr/pr_SMN054_10904_D_2018-06-01-2021-05-31.nc
Processing SMN station SMN055 - 10905
Lat: -31.82 - Lon: -63.77
Done --> /home/mda_silv/clima-archive2-b/FPS-SESA/rcm/wrf_ncar/pr/pr_SMN055_10905_D_2018-06-01-2021-05-31.nc
Processing SMN station SMN056 - 10502
Lat: -32.68 - Lon: -62.12
Done --> /home/mda_silv/clima-archive2-b/FPS-SESA/rcm/wrf_ncar/pr/pr_SMN056_10502_D_2018-06-01-2021-05-31.nc
Processing SMN station SMN057 - 10906
Lat: -29.17 - Lon: -58.02
Done --> /home/mda_silv/clima-archive2-b/FPS-SESA/rcm/wrf_ncar/pr/pr_SMN057_10906_D_2018-06-01-2021-05-31.nc
Processing SMN station SMN058 - 10907
Lat: -32.55 - Lon: -60.85
Done --> /home/mda_silv/clima-archive2-b/FPS-SESA/rcm/wrf_ncar/pr/pr_SMN058_10907_D_2018-06-01-2021-05-31.nc
Processing SMN station SMN059 - 10114
Lat: -31.85 - Lon: -60.54
Done --> /home/mda_silv/clima-archive2-b/FPS-SESA/rcm/wrf_ncar/pr/pr_SMN059_10114_D_2018-06-01-2021-05-31.nc
Processing SMN station SMN060 - 10145
Lat: -33.93 - Lon: -60.55
Done --> /home/mda_silv/clima-archive2-b/FPS-SESA/rcm/wrf_ncar/pr/pr_SMN060_10145_D_2018-06-01-2021-05-31.nc
Processing SMN station SMN061 - 10908
Lat: -31.18 - Lon: -61.55
Done --> /home/mda_silv/clima-archive2-b/FPS-SESA/rcm/wrf_ncar/pr/pr_SMN061_10908_D_2018-06-01-2021-05-31.nc
Processing SMN station SMN062 - 10909
Lat: -29.18 - Lon: -59.7
Done --> /home/mda_silv/clima-archive2-b/FPS-SESA/rcm/wrf_ncar/pr/pr_SMN062_10909_D_2018-06-01-2021-05-31.nc
Processing SMN station SMN063 - 10910
Lat: -26.87 - Lon: -60.45
Done --> /home/mda_silv/clima-archive2-b/FPS-SESA/rcm/wrf_ncar/pr/pr_SMN063_10910_D_2018-06-01-2021-05-31.nc
Processing SMN station SMN064 - 10445
Lat: -31.37 - Lon: -68.32
Done --> /home/mda_silv/clima-archive2-b/FPS-SESA/rcm/wrf_ncar/pr/pr_SMN064_10445_D_2018-06-01-2021-05-31.nc
Processing SMN station SMN065 - 10492
Lat: -33.74 - Lon: -59.8
Done --> /home/mda_silv/clima-archive2-b/FPS-SESA/rcm/wrf_ncar/pr/pr_SMN065_10492_D_2018-06-01-2021-05-31.nc
Processing SMN station SMN066 - 10911
Lat: -33.72 - Lon: -65.48
Done --> /home/mda_silv/clima-archive2-b/FPS-SESA/rcm/wrf_ncar/pr/pr_SMN066_10911_D_2018-06-01-2021-05-31.nc
Processing SMN station SMN067 - 10912
Lat: -33.02 - Lon: -60.88
Done --> /home/mda_silv/clima-archive2-b/FPS-SESA/rcm/wrf_ncar/pr/pr_SMN067_10912_D_2018-06-01-2021-05-31.nc
Processing SMN station SMN068 - 86330
Lat: -30.38 - Lon: -56.51
Done --> /home/mda_silv/clima-archive2-b/FPS-SESA/rcm/wrf_ncar/pr/pr_SMN068_86330_D_2018-06-01-2021-05-31.nc
Processing SMN station SMN069 - 86580
Lat: -34.83 - Lon: -56.01
Done --> /home/mda_silv/clima-archive2-b/FPS-SESA/rcm/wrf_ncar/pr/pr_SMN069_86580_D_2018-06-01-2021-05-31.nc
Processing SMN station SMN070 - 86560
Lat: -34.45 - Lon: -57.77
Done --> /home/mda_silv/clima-archive2-b/FPS-SESA/rcm/wrf_ncar/pr/pr_SMN070_86560_D_2018-06-01-2021-05-31.nc
Processing SMN station SMN071 - 86530
Lat: -33.35 - Lon: -56.5
Done --> /home/mda_silv/clima-archive2-b/FPS-SESA/rcm/wrf_ncar/pr/pr_SMN071_86530_D_2018-06-01-2021-05-31.nc
Processing SMN station SMN072 - 11004
Lat: -34.79 - Lon: -54.26
Done --> /home/mda_silv/clima-archive2-b/FPS-SESA/rcm/wrf_ncar/pr/pr_SMN072_11004_D_2018-06-01-2021-05-31.nc
Processing SMN station SMN073 - 86440
Lat: -32.37 - Lon: -54.19
Done --> /home/mda_silv/clima-archive2-b/FPS-SESA/rcm/wrf_ncar/pr/pr_SMN073_86440_D_2018-06-01-2021-05-31.nc
Processing SMN station SMN074 - 86490
Lat: -33.25 - Lon: -58.07
Done --> /home/mda_silv/clima-archive2-b/FPS-SESA/rcm/wrf_ncar/pr/pr_SMN074_86490_D_2018-06-01-2021-05-31.nc
Processing SMN station SMN075 - 86460
Lat: -32.8 - Lon: -56.53
Done --> /home/mda_silv/clima-archive2-b/FPS-SESA/rcm/wrf_ncar/pr/pr_SMN075_86460_D_2018-06-01-2021-05-31.nc
Processing SMN station SMN076 - 86430
Lat: -32.35 - Lon: -58.04
Done --> /home/mda_silv/clima-archive2-b/FPS-SESA/rcm/wrf_ncar/pr/pr_SMN076_86430_D_2018-06-01-2021-05-31.nc
Processing SMN station SMN077 - 86585
Lat: -34.86 - Lon: -56.21
Done --> /home/mda_silv/clima-archive2-b/FPS-SESA/rcm/wrf_ncar/pr/pr_SMN077_86585_D_2018-06-01-2021-05-31.nc
Processing SMN station SMN078 - 86350
Lat: -30.9 - Lon: -55.54
Done --> /home/mda_silv/clima-archive2-b/FPS-SESA/rcm/wrf_ncar/pr/pr_SMN078_86350_D_2018-06-01-2021-05-31.nc
Processing SMN station SMN079 - 86565
Lat: -34.49 - Lon: -54.31
Done --> /home/mda_silv/clima-archive2-b/FPS-SESA/rcm/wrf_ncar/pr/pr_SMN079_86565_D_2018-06-01-2021-05-31.nc
Processing SMN station SMN080 - 86360
Lat: -31.4 - Lon: -57.97
Done --> /home/mda_silv/clima-archive2-b/FPS-SESA/rcm/wrf_ncar/pr/pr_SMN080_86360_D_2018-06-01-2021-05-31.nc
Processing SMN station SMN081 - 86500
Lat: -33.71 - Lon: -54.39
Done --> /home/mda_silv/clima-archive2-b/FPS-SESA/rcm/wrf_ncar/pr/pr_SMN081_86500_D_2018-06-01-2021-05-31.nc
Processing SMN station SMN082 - 11014
Lat: -34.09 - Lon: -56.19
Done --> /home/mda_silv/clima-archive2-b/FPS-SESA/rcm/wrf_ncar/pr/pr_SMN082_11014_D_2018-06-01-2021-05-31.nc
Processing SMN station SMN083 - 11015
Lat: -34.86 - Lon: -55.09
Done --> /home/mda_silv/clima-archive2-b/FPS-SESA/rcm/wrf_ncar/pr/pr_SMN083_11015_D_2018-06-01-2021-05-31.nc
Processing SMN station SMN084 - 11016
Lat: -34.97 - Lon: -54.95
Done --> /home/mda_silv/clima-archive2-b/FPS-SESA/rcm/wrf_ncar/pr/pr_SMN084_11016_D_2018-06-01-2021-05-31.nc
Processing SMN station SMN085 - 11017
Lat: -34.35 - Lon: -56.76
Done --> /home/mda_silv/clima-archive2-b/FPS-SESA/rcm/wrf_ncar/pr/pr_SMN085_11017_D_2018-06-01-2021-05-31.nc
Processing SMN station SMN086 - 11018
Lat: -31.71 - Lon: -55.99
Done --> /home/mda_silv/clima-archive2-b/FPS-SESA/rcm/wrf_ncar/pr/pr_SMN086_11018_D_2018-06-01-2021-05-31.nc
Processing SMN station SMN087 - 11019
Lat: -33.54 - Lon: -56.92
Done --> /home/mda_silv/clima-archive2-b/FPS-SESA/rcm/wrf_ncar/pr/pr_SMN087_11019_D_2018-06-01-2021-05-31.nc
Processing SMN station SMN088 - 11020
Lat: -32.69 - Lon: -57.65
Done --> /home/mda_silv/clima-archive2-b/FPS-SESA/rcm/wrf_ncar/pr/pr_SMN088_11020_D_2018-06-01-2021-05-31.nc
Processing SMN station SMN089 - 87121
Lat: -26.85 - Lon: -65.1
Done --> /home/mda_silv/clima-archive2-b/FPS-SESA/rcm/wrf_ncar/pr/pr_SMN089_87121_D_2018-06-01-2021-05-31.nc
Processing SMN station SMN090 - 10460
Lat: -27.65 - Lon: -58.77
Done --> /home/mda_silv/clima-archive2-b/FPS-SESA/rcm/wrf_ncar/pr/pr_SMN090_10460_D_2018-06-01-2021-05-31.nc
Processing SMN station SMN091 - 10464
Lat: -26.3 - Lon: -59.38
Done --> /home/mda_silv/clima-archive2-b/FPS-SESA/rcm/wrf_ncar/pr/pr_SMN091_10464_D_2018-06-01-2021-05-31.nc
Processing SMN station SMN092 - 10038
Lat: -34.92 - Lon: -62.73
Done --> /home/mda_silv/clima-archive2-b/FPS-SESA/rcm/wrf_ncar/pr/pr_SMN092_10038_D_2018-06-01-2021-05-31.nc
Processing SMN station SMN093 - 10550
Lat: -28.02 - Lon: -64.23
Done --> /home/mda_silv/clima-archive2-b/FPS-SESA/rcm/wrf_ncar/pr/pr_SMN093_10550_D_2018-06-01-2021-05-31.nc
Processing SMN station SMN094 - 86068
Lat: -22.03 - Lon: -60.62
Done --> /home/mda_silv/clima-archive2-b/FPS-SESA/rcm/wrf_ncar/pr/pr_SMN094_86068_D_2018-06-01-2021-05-31.nc
Processing SMN station SMN095 - 86086
Lat: -22.28 - Lon: -57.94
Done --> /home/mda_silv/clima-archive2-b/FPS-SESA/rcm/wrf_ncar/pr/pr_SMN095_86086_D_2018-06-01-2021-05-31.nc
Processing SMN station SMN096 - 86097
Lat: -22.64 - Lon: -55.83
Done --> /home/mda_silv/clima-archive2-b/FPS-SESA/rcm/wrf_ncar/pr/pr_SMN096_86097_D_2018-06-01-2021-05-31.nc
Processing SMN station SMN097 - 86128
Lat: -23.5 - Lon: -58.79
Done --> /home/mda_silv/clima-archive2-b/FPS-SESA/rcm/wrf_ncar/pr/pr_SMN097_86128_D_2018-06-01-2021-05-31.nc
Processing SMN station SMN098 - 86134
Lat: -23.44 - Lon: -57.43
Done --> /home/mda_silv/clima-archive2-b/FPS-SESA/rcm/wrf_ncar/pr/pr_SMN098_86134_D_2018-06-01-2021-05-31.nc
Processing SMN station SMN099 - 86185
Lat: -24.09 - Lon: -57.09
Done --> /home/mda_silv/clima-archive2-b/FPS-SESA/rcm/wrf_ncar/pr/pr_SMN099_86185_D_2018-06-01-2021-05-31.nc
Processing SMN station SMN100 - 86192
Lat: -24.67 - Lon: -56.46
Done --> /home/mda_silv/clima-archive2-b/FPS-SESA/rcm/wrf_ncar/pr/pr_SMN100_86192_D_2018-06-01-2021-05-31.nc
Processing SMN station SMN101 - 86210
Lat: -24.03 - Lon: -54.35
Done --> /home/mda_silv/clima-archive2-b/FPS-SESA/rcm/wrf_ncar/pr/pr_SMN101_86210_D_2018-06-01-2021-05-31.nc
Processing SMN station SMN102 - 86218
Lat: -25.24 - Lon: -57.51
Done --> /home/mda_silv/clima-archive2-b/FPS-SESA/rcm/wrf_ncar/pr/pr_SMN102_86218_D_2018-06-01-2021-05-31.nc
Processing SMN station SMN103 - 86233
Lat: -25.75 - Lon: -56.44
Done --> /home/mda_silv/clima-archive2-b/FPS-SESA/rcm/wrf_ncar/pr/pr_SMN103_86233_D_2018-06-01-2021-05-31.nc
Processing SMN station SMN104 - 86234
Lat: -25.48 - Lon: -56.38
Done --> /home/mda_silv/clima-archive2-b/FPS-SESA/rcm/wrf_ncar/pr/pr_SMN104_86234_D_2018-06-01-2021-05-31.nc
Processing SMN station SMN105 - 86255
Lat: -26.88 - Lon: -58.32
Done --> /home/mda_silv/clima-archive2-b/FPS-SESA/rcm/wrf_ncar/pr/pr_SMN105_86255_D_2018-06-01-2021-05-31.nc
Processing SMN station SMN106 - 86260
Lat: -26.67 - Lon: -57.13
Done --> /home/mda_silv/clima-archive2-b/FPS-SESA/rcm/wrf_ncar/pr/pr_SMN106_86260_D_2018-06-01-2021-05-31.nc
Processing SMN station SMN107 - 86268
Lat: -26.18 - Lon: -56.35
Done --> /home/mda_silv/clima-archive2-b/FPS-SESA/rcm/wrf_ncar/pr/pr_SMN107_86268_D_2018-06-01-2021-05-31.nc
Processing SMN station SMN108 - 86285
Lat: -26.83 - Lon: -55.33
Done --> /home/mda_silv/clima-archive2-b/FPS-SESA/rcm/wrf_ncar/pr/pr_SMN108_86285_D_2018-06-01-2021-05-31.nc
Processing SMN station SMN109 - 86297
Lat: -27.3 - Lon: -55.89
Done --> /home/mda_silv/clima-archive2-b/FPS-SESA/rcm/wrf_ncar/pr/pr_SMN109_86297_D_2018-06-01-2021-05-31.nc
Processing SMN station SMN001 - 87582
Lat: -34.57 - Lon: -58.42
Done --> /home/mda_silv/clima-archive2-b/FPS-SESA/rcm/wrf_ucan/pr/pr_SMN001_87582_D_2018-06-01-2021-05-31.nc
Processing SMN station SMN002 - 87585
Lat: -34.58 - Lon: -58.48
Done --> /home/mda_silv/clima-archive2-b/FPS-SESA/rcm/wrf_ucan/pr/pr_SMN002_87585_D_2018-06-01-2021-05-31.nc
Processing SMN station SMN003 - 87222
Lat: -28.6 - Lon: -65.77
Done --> /home/mda_silv/clima-archive2-b/FPS-SESA/rcm/wrf_ucan/pr/pr_SMN003_87222_D_2018-06-01-2021-05-31.nc
Processing SMN station SMN004 - 87257
Lat: -29.88 - Lon: -61.95
Done --> /home/mda_silv/clima-archive2-b/FPS-SESA/rcm/wrf_ucan/pr/pr_SMN004_87257_D_2018-06-01-2021-05-31.nc
Processing SMN station SMN005 - 87395
Lat: -31.3 - Lon: -58.02
Done --> /home/mda_silv/clima-archive2-b/FPS-SESA/rcm/wrf_ucan/pr/pr_SMN005_87395_D_2018-06-01-2021-05-31.nc
Processing SMN station SMN006 - 87344
Lat: -31.3 - Lon: -64.2
Done --> /home/mda_silv/clima-archive2-b/FPS-SESA/rcm/wrf_ucan/pr/pr_SMN006_87344_D_2018-06-01-2021-05-31.nc
Processing SMN station SMN007 - 87345
Lat: -31.4 - Lon: -64.18
Done --> /home/mda_silv/clima-archive2-b/FPS-SESA/rcm/wrf_ucan/pr/pr_SMN007_87345_D_2018-06-01-2021-05-31.nc
Processing SMN station SMN008 - 87166
Lat: -27.45 - Lon: -58.77
Done --> /home/mda_silv/clima-archive2-b/FPS-SESA/rcm/wrf_ucan/pr/pr_SMN008_87166_D_2018-06-01-2021-05-31.nc
Processing SMN station SMN009 - 87571
Lat: -34.6 - Lon: -58.6
Done --> /home/mda_silv/clima-archive2-b/FPS-SESA/rcm/wrf_ucan/pr/pr_SMN009_87571_D_2018-06-01-2021-05-31.nc
Processing SMN station SMN010 - 87576
Lat: -34.82 - Lon: -58.53
Done --> /home/mda_silv/clima-archive2-b/FPS-SESA/rcm/wrf_ucan/pr/pr_SMN010_87576_D_2018-06-01-2021-05-31.nc
Processing SMN station SMN011 - 87162
Lat: -26.2 - Lon: -58.23
Done --> /home/mda_silv/clima-archive2-b/FPS-SESA/rcm/wrf_ucan/pr/pr_SMN011_87162_D_2018-06-01-2021-05-31.nc
Processing SMN station SMN012 - 87497
Lat: -33.0 - Lon: -58.62
Done --> /home/mda_silv/clima-archive2-b/FPS-SESA/rcm/wrf_ucan/pr/pr_SMN012_87497_D_2018-06-01-2021-05-31.nc
Processing SMN station SMN013 - 87097
Lat: -25.73 - Lon: -54.47
Done --> /home/mda_silv/clima-archive2-b/FPS-SESA/rcm/wrf_ucan/pr/pr_SMN013_87097_D_2018-06-01-2021-05-31.nc
Processing SMN station SMN014 - 87305
Lat: -30.23 - Lon: -68.75
Done --> /home/mda_silv/clima-archive2-b/FPS-SESA/rcm/wrf_ucan/pr/pr_SMN014_87305_D_2018-06-01-2021-05-31.nc
Processing SMN station SMN015 - 87046
Lat: -24.38 - Lon: -65.08
Done --> /home/mda_silv/clima-archive2-b/FPS-SESA/rcm/wrf_ucan/pr/pr_SMN015_87046_D_2018-06-01-2021-05-31.nc
Processing SMN station SMN016 - 87548
Lat: -34.55 - Lon: -60.92
Done --> /home/mda_silv/clima-archive2-b/FPS-SESA/rcm/wrf_ucan/pr/pr_SMN016_87548_D_2018-06-01-2021-05-31.nc
Processing SMN station SMN017 - 87593
Lat: -34.97 - Lon: -57.9
Done --> /home/mda_silv/clima-archive2-b/FPS-SESA/rcm/wrf_ucan/pr/pr_SMN017_87593_D_2018-06-01-2021-05-31.nc
Processing SMN station SMN018 - 87007
Lat: -22.1 - Lon: -65.6
Done --> /home/mda_silv/clima-archive2-b/FPS-SESA/rcm/wrf_ucan/pr/pr_SMN018_87007_D_2018-06-01-2021-05-31.nc
Processing SMN station SMN019 - 87217
Lat: -29.38 - Lon: -66.82
Done --> /home/mda_silv/clima-archive2-b/FPS-SESA/rcm/wrf_ucan/pr/pr_SMN019_87217_D_2018-06-01-2021-05-31.nc
Processing SMN station SMN020 - 87534
Lat: -34.13 - Lon: -63.37
Done --> /home/mda_silv/clima-archive2-b/FPS-SESA/rcm/wrf_ucan/pr/pr_SMN020_87534_D_2018-06-01-2021-05-31.nc
Processing SMN station SMN021 - 87078
Lat: -24.7 - Lon: -60.58
Done --> /home/mda_silv/clima-archive2-b/FPS-SESA/rcm/wrf_ucan/pr/pr_SMN021_87078_D_2018-06-01-2021-05-31.nc
Processing SMN station SMN022 - 87467
Lat: -32.7 - Lon: -62.15
Done --> /home/mda_silv/clima-archive2-b/FPS-SESA/rcm/wrf_ucan/pr/pr_SMN022_87467_D_2018-06-01-2021-05-31.nc
Processing SMN station SMN023 - 87418
Lat: -32.83 - Lon: -68.78
Done --> /home/mda_silv/clima-archive2-b/FPS-SESA/rcm/wrf_ucan/pr/pr_SMN023_87418_D_2018-06-01-2021-05-31.nc
Processing SMN station SMN024 - 87420
Lat: -32.88 - Lon: -68.85
Done --> /home/mda_silv/clima-archive2-b/FPS-SESA/rcm/wrf_ucan/pr/pr_SMN024_87420_D_2018-06-01-2021-05-31.nc
Processing SMN station SMN025 - 87393
Lat: -30.27 - Lon: -57.65
Done --> /home/mda_silv/clima-archive2-b/FPS-SESA/rcm/wrf_ucan/pr/pr_SMN025_87393_D_2018-06-01-2021-05-31.nc
Processing SMN station SMN026 - 87016
Lat: -23.15 - Lon: -64.32
Done --> /home/mda_silv/clima-archive2-b/FPS-SESA/rcm/wrf_ucan/pr/pr_SMN026_87016_D_2018-06-01-2021-05-31.nc
Processing SMN station SMN027 - 87374
Lat: -31.78 - Lon: -60.48
Done --> /home/mda_silv/clima-archive2-b/FPS-SESA/rcm/wrf_ucan/pr/pr_SMN027_87374_D_2018-06-01-2021-05-31.nc
Processing SMN station SMN028 - 87289
Lat: -29.68 - Lon: -57.15
Done --> /home/mda_silv/clima-archive2-b/FPS-SESA/rcm/wrf_ucan/pr/pr_SMN028_87289_D_2018-06-01-2021-05-31.nc
Processing SMN station SMN029 - 87349
Lat: -31.67 - Lon: -63.88
Done --> /home/mda_silv/clima-archive2-b/FPS-SESA/rcm/wrf_ucan/pr/pr_SMN029_87349_D_2018-06-01-2021-05-31.nc
Processing SMN station SMN030 - 87178
Lat: -27.37 - Lon: -55.97
Done --> /home/mda_silv/clima-archive2-b/FPS-SESA/rcm/wrf_ucan/pr/pr_SMN030_87178_D_2018-06-01-2021-05-31.nc
Processing SMN station SMN031 - 87270
Lat: -29.18 - Lon: -59.7
Done --> /home/mda_silv/clima-archive2-b/FPS-SESA/rcm/wrf_ucan/pr/pr_SMN031_87270_D_2018-06-01-2021-05-31.nc
Processing SMN station SMN032 - 87155
Lat: -27.45 - Lon: -59.05
Done --> /home/mda_silv/clima-archive2-b/FPS-SESA/rcm/wrf_ucan/pr/pr_SMN032_87155_D_2018-06-01-2021-05-31.nc
Processing SMN station SMN033 - 87453
Lat: -33.12 - Lon: -64.23
Done --> /home/mda_silv/clima-archive2-b/FPS-SESA/rcm/wrf_ucan/pr/pr_SMN033_87453_D_2018-06-01-2021-05-31.nc
Processing SMN station SMN034 - 87480
Lat: -32.92 - Lon: -60.78
Done --> /home/mda_silv/clima-archive2-b/FPS-SESA/rcm/wrf_ucan/pr/pr_SMN034_87480_D_2018-06-01-2021-05-31.nc
Processing SMN station SMN035 - 87047
Lat: -24.85 - Lon: -65.48
Done --> /home/mda_silv/clima-archive2-b/FPS-SESA/rcm/wrf_ucan/pr/pr_SMN035_87047_D_2018-06-01-2021-05-31.nc
Processing SMN station SMN036 - 87311
Lat: -31.57 - Lon: -68.42
Done --> /home/mda_silv/clima-archive2-b/FPS-SESA/rcm/wrf_ucan/pr/pr_SMN036_87311_D_2018-06-01-2021-05-31.nc
Processing SMN station SMN037 - 87436
Lat: -33.27 - Lon: -66.35
Done --> /home/mda_silv/clima-archive2-b/FPS-SESA/rcm/wrf_ucan/pr/pr_SMN037_87436_D_2018-06-01-2021-05-31.nc
Processing SMN station SMN038 - 87416
Lat: -33.08 - Lon: -68.42
Done --> /home/mda_silv/clima-archive2-b/FPS-SESA/rcm/wrf_ucan/pr/pr_SMN038_87416_D_2018-06-01-2021-05-31.nc
Processing SMN station SMN039 - 87569
Lat: -34.55 - Lon: -58.73
Done --> /home/mda_silv/clima-archive2-b/FPS-SESA/rcm/wrf_ucan/pr/pr_SMN039_87569_D_2018-06-01-2021-05-31.nc
Processing SMN station SMN040 - 87509
Lat: -34.58 - Lon: -68.4
Done --> /home/mda_silv/clima-archive2-b/FPS-SESA/rcm/wrf_ucan/pr/pr_SMN040_87509_D_2018-06-01-2021-05-31.nc
Processing SMN station SMN041 - 87129
Lat: -27.77 - Lon: -64.3
Done --> /home/mda_silv/clima-archive2-b/FPS-SESA/rcm/wrf_ucan/pr/pr_SMN041_87129_D_2018-06-01-2021-05-31.nc
Processing SMN station SMN042 - 87371
Lat: -31.7 - Lon: -60.82
Done --> /home/mda_silv/clima-archive2-b/FPS-SESA/rcm/wrf_ucan/pr/pr_SMN042_87371_D_2018-06-01-2021-05-31.nc
Processing SMN station SMN043 - 87022
Lat: -22.65 - Lon: -63.81
Done --> /home/mda_silv/clima-archive2-b/FPS-SESA/rcm/wrf_ucan/pr/pr_SMN043_87022_D_2018-06-01-2021-05-31.nc
Processing SMN station SMN044 - 87211
Lat: -28.07 - Lon: -67.57
Done --> /home/mda_silv/clima-archive2-b/FPS-SESA/rcm/wrf_ucan/pr/pr_SMN044_87211_D_2018-06-01-2021-05-31.nc
Processing SMN station SMN045 - 87328
Lat: -31.95 - Lon: -65.13
Done --> /home/mda_silv/clima-archive2-b/FPS-SESA/rcm/wrf_ucan/pr/pr_SMN045_87328_D_2018-06-01-2021-05-31.nc
Processing SMN station SMN046 - 87448
Lat: -33.73 - Lon: -65.38
Done --> /home/mda_silv/clima-archive2-b/FPS-SESA/rcm/wrf_ucan/pr/pr_SMN046_87448_D_2018-06-01-2021-05-31.nc
Processing SMN station SMN047 - 10067
Lat: -28.43 - Lon: -58.92
Done --> /home/mda_silv/clima-archive2-b/FPS-SESA/rcm/wrf_ucan/pr/pr_SMN047_10067_D_2018-06-01-2021-05-31.nc
Processing SMN station SMN048 - 10358
Lat: -34.61 - Lon: -58.67
Done --> /home/mda_silv/clima-archive2-b/FPS-SESA/rcm/wrf_ucan/pr/pr_SMN048_10358_D_2018-06-01-2021-05-31.nc
Processing SMN station SMN049 - 10423
Lat: -27.65 - Lon: -55.43
Done --> /home/mda_silv/clima-archive2-b/FPS-SESA/rcm/wrf_ucan/pr/pr_SMN049_10423_D_2018-06-01-2021-05-31.nc
Processing SMN station SMN050 - 10901
Lat: -27.42 - Lon: -58.93
Done --> /home/mda_silv/clima-archive2-b/FPS-SESA/rcm/wrf_ucan/pr/pr_SMN050_10901_D_2018-06-01-2021-05-31.nc
Processing SMN station SMN051 - 10902
Lat: -32.49 - Lon: -58.35
Done --> /home/mda_silv/clima-archive2-b/FPS-SESA/rcm/wrf_ucan/pr/pr_SMN051_10902_D_2018-06-01-2021-05-31.nc
Processing SMN station SMN052 - 10444
Lat: -27.05 - Lon: -65.42
Done --> /home/mda_silv/clima-archive2-b/FPS-SESA/rcm/wrf_ucan/pr/pr_SMN052_10444_D_2018-06-01-2021-05-31.nc
Processing SMN station SMN053 - 10903
Lat: -33.73 - Lon: -69.12
Done --> /home/mda_silv/clima-archive2-b/FPS-SESA/rcm/wrf_ucan/pr/pr_SMN053_10903_D_2018-06-01-2021-05-31.nc
Processing SMN station SMN054 - 10904
Lat: -27.1 - Lon: -61.1
Done --> /home/mda_silv/clima-archive2-b/FPS-SESA/rcm/wrf_ucan/pr/pr_SMN054_10904_D_2018-06-01-2021-05-31.nc
Processing SMN station SMN055 - 10905
Lat: -31.82 - Lon: -63.77
Done --> /home/mda_silv/clima-archive2-b/FPS-SESA/rcm/wrf_ucan/pr/pr_SMN055_10905_D_2018-06-01-2021-05-31.nc
Processing SMN station SMN056 - 10502
Lat: -32.68 - Lon: -62.12
Done --> /home/mda_silv/clima-archive2-b/FPS-SESA/rcm/wrf_ucan/pr/pr_SMN056_10502_D_2018-06-01-2021-05-31.nc
Processing SMN station SMN057 - 10906
Lat: -29.17 - Lon: -58.02
Done --> /home/mda_silv/clima-archive2-b/FPS-SESA/rcm/wrf_ucan/pr/pr_SMN057_10906_D_2018-06-01-2021-05-31.nc
Processing SMN station SMN058 - 10907
Lat: -32.55 - Lon: -60.85
Done --> /home/mda_silv/clima-archive2-b/FPS-SESA/rcm/wrf_ucan/pr/pr_SMN058_10907_D_2018-06-01-2021-05-31.nc
Processing SMN station SMN059 - 10114
Lat: -31.85 - Lon: -60.54
Done --> /home/mda_silv/clima-archive2-b/FPS-SESA/rcm/wrf_ucan/pr/pr_SMN059_10114_D_2018-06-01-2021-05-31.nc
Processing SMN station SMN060 - 10145
Lat: -33.93 - Lon: -60.55
Done --> /home/mda_silv/clima-archive2-b/FPS-SESA/rcm/wrf_ucan/pr/pr_SMN060_10145_D_2018-06-01-2021-05-31.nc
Processing SMN station SMN061 - 10908
Lat: -31.18 - Lon: -61.55
Done --> /home/mda_silv/clima-archive2-b/FPS-SESA/rcm/wrf_ucan/pr/pr_SMN061_10908_D_2018-06-01-2021-05-31.nc
Processing SMN station SMN062 - 10909
Lat: -29.18 - Lon: -59.7
Done --> /home/mda_silv/clima-archive2-b/FPS-SESA/rcm/wrf_ucan/pr/pr_SMN062_10909_D_2018-06-01-2021-05-31.nc
Processing SMN station SMN063 - 10910
Lat: -26.87 - Lon: -60.45
Done --> /home/mda_silv/clima-archive2-b/FPS-SESA/rcm/wrf_ucan/pr/pr_SMN063_10910_D_2018-06-01-2021-05-31.nc
Processing SMN station SMN064 - 10445
Lat: -31.37 - Lon: -68.32
Done --> /home/mda_silv/clima-archive2-b/FPS-SESA/rcm/wrf_ucan/pr/pr_SMN064_10445_D_2018-06-01-2021-05-31.nc
Processing SMN station SMN065 - 10492
Lat: -33.74 - Lon: -59.8
Done --> /home/mda_silv/clima-archive2-b/FPS-SESA/rcm/wrf_ucan/pr/pr_SMN065_10492_D_2018-06-01-2021-05-31.nc
Processing SMN station SMN066 - 10911
Lat: -33.72 - Lon: -65.48
Done --> /home/mda_silv/clima-archive2-b/FPS-SESA/rcm/wrf_ucan/pr/pr_SMN066_10911_D_2018-06-01-2021-05-31.nc
Processing SMN station SMN067 - 10912
Lat: -33.02 - Lon: -60.88
Done --> /home/mda_silv/clima-archive2-b/FPS-SESA/rcm/wrf_ucan/pr/pr_SMN067_10912_D_2018-06-01-2021-05-31.nc
Processing SMN station SMN068 - 86330
Lat: -30.38 - Lon: -56.51
Done --> /home/mda_silv/clima-archive2-b/FPS-SESA/rcm/wrf_ucan/pr/pr_SMN068_86330_D_2018-06-01-2021-05-31.nc
Processing SMN station SMN069 - 86580
Lat: -34.83 - Lon: -56.01
Done --> /home/mda_silv/clima-archive2-b/FPS-SESA/rcm/wrf_ucan/pr/pr_SMN069_86580_D_2018-06-01-2021-05-31.nc
Processing SMN station SMN070 - 86560
Lat: -34.45 - Lon: -57.77
Done --> /home/mda_silv/clima-archive2-b/FPS-SESA/rcm/wrf_ucan/pr/pr_SMN070_86560_D_2018-06-01-2021-05-31.nc
Processing SMN station SMN071 - 86530
Lat: -33.35 - Lon: -56.5
Done --> /home/mda_silv/clima-archive2-b/FPS-SESA/rcm/wrf_ucan/pr/pr_SMN071_86530_D_2018-06-01-2021-05-31.nc
Processing SMN station SMN072 - 11004
Lat: -34.79 - Lon: -54.26
Done --> /home/mda_silv/clima-archive2-b/FPS-SESA/rcm/wrf_ucan/pr/pr_SMN072_11004_D_2018-06-01-2021-05-31.nc
Processing SMN station SMN073 - 86440
Lat: -32.37 - Lon: -54.19
Done --> /home/mda_silv/clima-archive2-b/FPS-SESA/rcm/wrf_ucan/pr/pr_SMN073_86440_D_2018-06-01-2021-05-31.nc
Processing SMN station SMN074 - 86490
Lat: -33.25 - Lon: -58.07
Done --> /home/mda_silv/clima-archive2-b/FPS-SESA/rcm/wrf_ucan/pr/pr_SMN074_86490_D_2018-06-01-2021-05-31.nc
Processing SMN station SMN075 - 86460
Lat: -32.8 - Lon: -56.53
Done --> /home/mda_silv/clima-archive2-b/FPS-SESA/rcm/wrf_ucan/pr/pr_SMN075_86460_D_2018-06-01-2021-05-31.nc
Processing SMN station SMN076 - 86430
Lat: -32.35 - Lon: -58.04
Done --> /home/mda_silv/clima-archive2-b/FPS-SESA/rcm/wrf_ucan/pr/pr_SMN076_86430_D_2018-06-01-2021-05-31.nc
Processing SMN station SMN077 - 86585
Lat: -34.86 - Lon: -56.21
Done --> /home/mda_silv/clima-archive2-b/FPS-SESA/rcm/wrf_ucan/pr/pr_SMN077_86585_D_2018-06-01-2021-05-31.nc
Processing SMN station SMN078 - 86350
Lat: -30.9 - Lon: -55.54
Done --> /home/mda_silv/clima-archive2-b/FPS-SESA/rcm/wrf_ucan/pr/pr_SMN078_86350_D_2018-06-01-2021-05-31.nc
Processing SMN station SMN079 - 86565
Lat: -34.49 - Lon: -54.31
Done --> /home/mda_silv/clima-archive2-b/FPS-SESA/rcm/wrf_ucan/pr/pr_SMN079_86565_D_2018-06-01-2021-05-31.nc
Processing SMN station SMN080 - 86360
Lat: -31.4 - Lon: -57.97
Done --> /home/mda_silv/clima-archive2-b/FPS-SESA/rcm/wrf_ucan/pr/pr_SMN080_86360_D_2018-06-01-2021-05-31.nc
Processing SMN station SMN081 - 86500
Lat: -33.71 - Lon: -54.39
Done --> /home/mda_silv/clima-archive2-b/FPS-SESA/rcm/wrf_ucan/pr/pr_SMN081_86500_D_2018-06-01-2021-05-31.nc
Processing SMN station SMN082 - 11014
Lat: -34.09 - Lon: -56.19
Done --> /home/mda_silv/clima-archive2-b/FPS-SESA/rcm/wrf_ucan/pr/pr_SMN082_11014_D_2018-06-01-2021-05-31.nc
Processing SMN station SMN083 - 11015
Lat: -34.86 - Lon: -55.09
Done --> /home/mda_silv/clima-archive2-b/FPS-SESA/rcm/wrf_ucan/pr/pr_SMN083_11015_D_2018-06-01-2021-05-31.nc
Processing SMN station SMN084 - 11016
Lat: -34.97 - Lon: -54.95
Done --> /home/mda_silv/clima-archive2-b/FPS-SESA/rcm/wrf_ucan/pr/pr_SMN084_11016_D_2018-06-01-2021-05-31.nc
Processing SMN station SMN085 - 11017
Lat: -34.35 - Lon: -56.76
Done --> /home/mda_silv/clima-archive2-b/FPS-SESA/rcm/wrf_ucan/pr/pr_SMN085_11017_D_2018-06-01-2021-05-31.nc
Processing SMN station SMN086 - 11018
Lat: -31.71 - Lon: -55.99
Done --> /home/mda_silv/clima-archive2-b/FPS-SESA/rcm/wrf_ucan/pr/pr_SMN086_11018_D_2018-06-01-2021-05-31.nc
Processing SMN station SMN087 - 11019
Lat: -33.54 - Lon: -56.92
Done --> /home/mda_silv/clima-archive2-b/FPS-SESA/rcm/wrf_ucan/pr/pr_SMN087_11019_D_2018-06-01-2021-05-31.nc
Processing SMN station SMN088 - 11020
Lat: -32.69 - Lon: -57.65
Done --> /home/mda_silv/clima-archive2-b/FPS-SESA/rcm/wrf_ucan/pr/pr_SMN088_11020_D_2018-06-01-2021-05-31.nc
Processing SMN station SMN089 - 87121
Lat: -26.85 - Lon: -65.1
Done --> /home/mda_silv/clima-archive2-b/FPS-SESA/rcm/wrf_ucan/pr/pr_SMN089_87121_D_2018-06-01-2021-05-31.nc
Processing SMN station SMN090 - 10460
Lat: -27.65 - Lon: -58.77
Done --> /home/mda_silv/clima-archive2-b/FPS-SESA/rcm/wrf_ucan/pr/pr_SMN090_10460_D_2018-06-01-2021-05-31.nc
Processing SMN station SMN091 - 10464
Lat: -26.3 - Lon: -59.38
Done --> /home/mda_silv/clima-archive2-b/FPS-SESA/rcm/wrf_ucan/pr/pr_SMN091_10464_D_2018-06-01-2021-05-31.nc
Processing SMN station SMN092 - 10038
Lat: -34.92 - Lon: -62.73
Done --> /home/mda_silv/clima-archive2-b/FPS-SESA/rcm/wrf_ucan/pr/pr_SMN092_10038_D_2018-06-01-2021-05-31.nc
Processing SMN station SMN093 - 10550
Lat: -28.02 - Lon: -64.23
Done --> /home/mda_silv/clima-archive2-b/FPS-SESA/rcm/wrf_ucan/pr/pr_SMN093_10550_D_2018-06-01-2021-05-31.nc
Processing SMN station SMN094 - 86068
Lat: -22.03 - Lon: -60.62
Done --> /home/mda_silv/clima-archive2-b/FPS-SESA/rcm/wrf_ucan/pr/pr_SMN094_86068_D_2018-06-01-2021-05-31.nc
Processing SMN station SMN095 - 86086
Lat: -22.28 - Lon: -57.94
Done --> /home/mda_silv/clima-archive2-b/FPS-SESA/rcm/wrf_ucan/pr/pr_SMN095_86086_D_2018-06-01-2021-05-31.nc
Processing SMN station SMN096 - 86097
Lat: -22.64 - Lon: -55.83
Done --> /home/mda_silv/clima-archive2-b/FPS-SESA/rcm/wrf_ucan/pr/pr_SMN096_86097_D_2018-06-01-2021-05-31.nc
Processing SMN station SMN097 - 86128
Lat: -23.5 - Lon: -58.79
Done --> /home/mda_silv/clima-archive2-b/FPS-SESA/rcm/wrf_ucan/pr/pr_SMN097_86128_D_2018-06-01-2021-05-31.nc
Processing SMN station SMN098 - 86134
Lat: -23.44 - Lon: -57.43
Done --> /home/mda_silv/clima-archive2-b/FPS-SESA/rcm/wrf_ucan/pr/pr_SMN098_86134_D_2018-06-01-2021-05-31.nc
Processing SMN station SMN099 - 86185
Lat: -24.09 - Lon: -57.09
Done --> /home/mda_silv/clima-archive2-b/FPS-SESA/rcm/wrf_ucan/pr/pr_SMN099_86185_D_2018-06-01-2021-05-31.nc
Processing SMN station SMN100 - 86192
Lat: -24.67 - Lon: -56.46
Done --> /home/mda_silv/clima-archive2-b/FPS-SESA/rcm/wrf_ucan/pr/pr_SMN100_86192_D_2018-06-01-2021-05-31.nc
Processing SMN station SMN101 - 86210
Lat: -24.03 - Lon: -54.35
Done --> /home/mda_silv/clima-archive2-b/FPS-SESA/rcm/wrf_ucan/pr/pr_SMN101_86210_D_2018-06-01-2021-05-31.nc
Processing SMN station SMN102 - 86218
Lat: -25.24 - Lon: -57.51
Done --> /home/mda_silv/clima-archive2-b/FPS-SESA/rcm/wrf_ucan/pr/pr_SMN102_86218_D_2018-06-01-2021-05-31.nc
Processing SMN station SMN103 - 86233
Lat: -25.75 - Lon: -56.44
Done --> /home/mda_silv/clima-archive2-b/FPS-SESA/rcm/wrf_ucan/pr/pr_SMN103_86233_D_2018-06-01-2021-05-31.nc
Processing SMN station SMN104 - 86234
Lat: -25.48 - Lon: -56.38
Done --> /home/mda_silv/clima-archive2-b/FPS-SESA/rcm/wrf_ucan/pr/pr_SMN104_86234_D_2018-06-01-2021-05-31.nc
Processing SMN station SMN105 - 86255
Lat: -26.88 - Lon: -58.32
Done --> /home/mda_silv/clima-archive2-b/FPS-SESA/rcm/wrf_ucan/pr/pr_SMN105_86255_D_2018-06-01-2021-05-31.nc
Processing SMN station SMN106 - 86260
Lat: -26.67 - Lon: -57.13
Done --> /home/mda_silv/clima-archive2-b/FPS-SESA/rcm/wrf_ucan/pr/pr_SMN106_86260_D_2018-06-01-2021-05-31.nc
Processing SMN station SMN107 - 86268
Lat: -26.18 - Lon: -56.35
Done --> /home/mda_silv/clima-archive2-b/FPS-SESA/rcm/wrf_ucan/pr/pr_SMN107_86268_D_2018-06-01-2021-05-31.nc
Processing SMN station SMN108 - 86285
Lat: -26.83 - Lon: -55.33
Done --> /home/mda_silv/clima-archive2-b/FPS-SESA/rcm/wrf_ucan/pr/pr_SMN108_86285_D_2018-06-01-2021-05-31.nc
Processing SMN station SMN109 - 86297
Lat: -27.3 - Lon: -55.89
Done --> /home/mda_silv/clima-archive2-b/FPS-SESA/rcm/wrf_ucan/pr/pr_SMN109_86297_D_2018-06-01-2021-05-31.nc
