A756 AGUA_CLARA
A826 ALEGRETE
A909 ALTO_ARAGUAIA
A867 ARARANGUA
A827 BAGE
A748 BARRETOS
A705 BAURU
A840 BENTO_GONCALVES
A845 BOM_JARDIM_DA_SERRA-MORRO_DA_IGREJA
A859 CACADOR
A812 CACAPAVA_DO_SUL
A023 CAIAPONIA
A838 CAMAQUA
A897 CAMBARA_DO_SUL
A519 CAMPINA_VERDE
A884 CAMPO_BOM
A702 CAMPO_GRANDE
A879 CANELA
A811 CANGUCU
A742 CASSILANDIA
A819 CASTRO
A869 CIDADE_GAUCHA
A876 CLEVELANDIA
B806 COLOMBO
A520 CONCEICAO_DAS_ALAGOAS
A724 CORUMBA
A760 COSTA RICA
A853 CRUZ_ALTA
A807 CURITIBA
A860 CURITIBANOS
A848 DIONISIO_CERQUEIRA
A881 DOMVPEDRITO
A762 DRACENA
A828 ERECHIM
A806 FLORIANOPOLIS
A854 FREDERICO WESTPHALEN
A875 GENERAL_CARNEIRO
A002 GOIANIA
A883 IBIRUBA
A823 INACIO_MARTINS
A817 INDAIAL
A868 ITAJAI
A714 ITAPEVA
A851 ITAPOA
A752 ITAQUIRAI
A035 ITUMBIARA
A863 ITUPORANGA
A818 IVAI
A836 JAGUARA
A871 JAPIRA
A016 JATAI
A841 JOACABA
A844 LAGOA_VERMELHA
B804 LARANJEIRAS DO SUL
A727 LINS
A866 LAGUNA-FAROL_DE_SANTA_MARTA
A820 MAL._CANDIDO_RONDON
A763 MARILIA
A835 MARINGA
A026 MINEIROS
A873 MORRETES
A003 MORRINHOS
A716 OURINHOS
A856 PALMEIRA_DAS_MISSOES
A850 PARANAPOEMA
A027 PARAUNA
A839 PASSO_FUNDO
A033 PIRES_DO_RIO
A855 PLANALTO
A703 PONTA_PORA
A801 PORTO ALEGRE-JARDIM BOTANICO
A747 PRADOPOLIS
A707 PRESIDENTE_PRUDENTE
A831 QUARAI
A718 RANCHARIA
A870 RANCHO_QUEIMADO
A743 RIO_BRILHANTE
A802 RIO_GRANDE
A862 RIO_NEGRINHO
A813 RIO_PARDO
A803 SANTA_MARIA
A810 SANTA_ROSA
A804 SANTANA_DO_LIVRAMENTO
A833 SANTIAGO
A805 SANTO_AUGUSTO
A830 SAO_BORJA
A832 SAO_GABRIEL
A815 SAO_JOAQUIM
A829 SAO_JOSE_DOS_AUSENTES
A852 SAO_LUIZ_GONZAGA
A874 SAO_MATEUS_DO_SUL
A889 SAO_VICENTE DO SUL
A894 SERAFINA_CORREA
A754 SIDROLANDIA
A037 SILVANIA
A837 SOLEDADE
A899 SANTA_VITORIA_DO_PALMAR - BARRA_DO_CHUI
A808 TORRES
A834 TRAMANDAI
A768 TUPA
A886 TUPANCIRETA
A507 UBERLANDIA
A809 URUGUAIANA
A814 URUSSANGA
A880 VACARIA
A734 VALPARAISO
A858 XANXERE
SMN001 Aguapey
SMN002 Alto_Arapey
SMN003 Alto_Cuareim
SMN004 Alvear
SMN005 Arapey_Chico
SMN006 Arapey_Grande
SMN007 Arapey_Grande_Ruta_4
SMN008 Arerunguá
SMN009 Artigas
SMN010 Baibene
SMN011 Baltasar_Brum
SMN012 Belén
SMN013 Bernabé_Rivera
SMN014 Bonpland
SMN015 Catalán
SMN016 Catalán_Grande_rio
SMN017 Cazadores_Correntinos
SMN018 Cerro_Amarillo
SMN019 Cerro_Chato
SMN020 Chajarí
SMN021 Colonia_Lavalleja
SMN022 Colonia_Libertad
SMN023 Colonia_Palma
SMN024 Cuareim_Río
SMN025 Cuaró
SMN026 Cuchilla_de_Salto
SMN027 Curuzú_Cuatiá
SMN028 Dayman_Ruta_3
SMN029 Diego_Lamas
SMN030 El_Soberbio
SMN031 El_Trompo
SMN032 Espinillar
SMN033 Federación
SMN034 Garruchos
SMN035 Guaviyú_de_Arapey
SMN036 Itapebí
SMN037 Javier_de_Viana
SMN038 Loma_Alta
SMN039 Los_Conquistadores
SMN040 Meneses
SMN041 Miriñay_Medio
SMN042 Miriñay_Río
SMN043 Mocoretá_Lago
SMN044 Mocoreta_Medio
SMN045 Mocoretá_Río
SMN046 Monte_Caseros
SMN047 Paso_Campamento
SMN048 Paso_de_la_Cruz
SMN049 Paso_de_los_Libres
SMN050 Paso_del_León
SMN051 Paso_del_Remanso
SMN052 Paso_Farías
SMN053 Paso_Potrero
SMN054 Pepirí_Miní
SMN055 Puerto_Concordia
SMN056 Pujol
SMN057 Puntas_de_Valentín
SMN058 Queguay_Ruta_3
SMN059 Quintana
SMN060 Salto
SMN061 Salto_Grande
SMN062 San_Jaime
SMN063 San_Javier
SMN064 San_Roquito
SMN065 Santa_Ana
SMN066 Santo_Tomé
SMN067 Sarandí_de_Arapey
SMN068 Sequeira
SMN069 Solari
SMN070 Tomás_Gomensoro
SMN071 Uguay
SMN072 Yapeyú
179
[9.49127858 9.01393568 8.89992642 8.81412104 8.36949416 8.68499619
 8.55906697 8.08700225 8.71741214 8.93232    8.37686861 8.86875544
 9.1046281  8.80561798 8.70720721 8.74791868 8.62131868 8.95405714
 9.0929385  9.01257015 8.5752784  9.41275239 8.49216495 9.27911877]

[5.4349306  5.37125813 5.45128555 5.52292426 5.67774891 5.71990525
 5.90358312 5.97254133 5.98678465 5.82639868 5.56311538 5.39139394
 5.266058   5.48006158 5.52051938 5.48094186 5.85091393 5.73333878
 5.77747795 5.49637843 5.2766682  5.43382667 5.36630085 5.39123155]

[8.84275855 8.67333475 8.82234841 8.71818157 8.51922227 8.59077751
 8.32820509 8.3354949  8.10775797 7.99578668 8.04034994 7.87845241
 7.87775853 7.94654556 7.85079324 8.25946786 8.52697612 8.81789978
 8.54433787 9.0119688  8.5151897  8.69791919 8.64404613 8.66665532]

[7.09313989 6.88699132 6.79604743 7.46452167 7.57072457 7.75554094
 7.85281947 7.51289151 6.97967419 6.98734449 6.87899891 7.17915697
 6.96069532 7.05756988 7.23443691 7.37968218 7.42403814 7.61669108
 7.4878863  7.5809625  7.47013612 7.15421416 7.7201835  7.5552612 ]

[8.24258151 8.30303151 8.67704459 8.35255878 8.43102288 8.34748283
 7.95748437 8.0007964  8.38564975 8.13783927 8.10167718 7.85198485
 7.93166446 7.99044414 8.36663415 8.31558622 8.28246668 8.66905045
 8.6904516  8.93457395 9.14244594 8.54290933 8.60315404 8.50827921]

[7.26991787 7.05014001 7.66531361 7.65490347 7.51351694 7.52477389
 7.55750919 7.48826382 7.08749848 7.14399131 7.10159677 6.88661761
 6.78655692 6.76002699 6.87149759 6.9503798  6.98678365 7.22274906
 7.12327675 7.23312485 7.2813307  7.48225502 7.16331993 7.40663424]

[8.03109777 8.06278352 8.00020898 8.75256256 8.91115071 7.91906033
 7.72306975 7.18129268 7.43034427 7.24643141 7.39782987 7.58438894
 7.57119907 7.79616755 7.61051141 8.20300748 8.47097402 8.79022696
 8.65678973 9.27460222 8.51661215 8.3365836  8.18297503 8.17028849]

[11.1253666  10.66114316 10.87377544 11.14427302 10.91270779  9.96865341
  9.90163182 10.71760724 10.51240975  9.89961825 10.09829284  9.75442812
  9.89112486 10.23143837 10.75585511 10.98820841 11.2915002  11.18388854
 10.96637012 11.22471277 11.53366779 11.8313323  11.774759   11.65197865]
/home/mda_silv/github_projects/fps_sesa/paper_cp/plot_heatmap_diurnal_cycle_sim_obs_sesa_pr_seas.py:785: UserWarning: FigureCanvasAgg is non-interactive, and thus cannot be shown
  plt.show()
A756 AGUA_CLARA
A826 ALEGRETE
A909 ALTO_ARAGUAIA
A867 ARARANGUA
A827 BAGE
A748 BARRETOS
A705 BAURU
A840 BENTO_GONCALVES
A845 BOM_JARDIM_DA_SERRA-MORRO_DA_IGREJA
A859 CACADOR
A812 CACAPAVA_DO_SUL
A023 CAIAPONIA
A838 CAMAQUA
A897 CAMBARA_DO_SUL
A519 CAMPINA_VERDE
A884 CAMPO_BOM
A702 CAMPO_GRANDE
A879 CANELA
A811 CANGUCU
A742 CASSILANDIA
A819 CASTRO
A869 CIDADE_GAUCHA
A876 CLEVELANDIA
B806 COLOMBO
A520 CONCEICAO_DAS_ALAGOAS
A724 CORUMBA
A760 COSTA RICA
A853 CRUZ_ALTA
A807 CURITIBA
A860 CURITIBANOS
A848 DIONISIO_CERQUEIRA
A881 DOMVPEDRITO
A762 DRACENA
A828 ERECHIM
A806 FLORIANOPOLIS
A854 FREDERICO WESTPHALEN
A875 GENERAL_CARNEIRO
A002 GOIANIA
A883 IBIRUBA
A823 INACIO_MARTINS
A817 INDAIAL
A868 ITAJAI
A714 ITAPEVA
A851 ITAPOA
A752 ITAQUIRAI
A035 ITUMBIARA
A863 ITUPORANGA
A818 IVAI
A836 JAGUARA
A871 JAPIRA
A016 JATAI
A841 JOACABA
A844 LAGOA_VERMELHA
B804 LARANJEIRAS DO SUL
A727 LINS
A866 LAGUNA-FAROL_DE_SANTA_MARTA
A820 MAL._CANDIDO_RONDON
A763 MARILIA
A835 MARINGA
A026 MINEIROS
A873 MORRETES
A003 MORRINHOS
A716 OURINHOS
A856 PALMEIRA_DAS_MISSOES
A850 PARANAPOEMA
A027 PARAUNA
A839 PASSO_FUNDO
A033 PIRES_DO_RIO
A855 PLANALTO
A703 PONTA_PORA
A801 PORTO ALEGRE-JARDIM BOTANICO
A747 PRADOPOLIS
A707 PRESIDENTE_PRUDENTE
A831 QUARAI
A718 RANCHARIA
A870 RANCHO_QUEIMADO
A743 RIO_BRILHANTE
A802 RIO_GRANDE
A862 RIO_NEGRINHO
A813 RIO_PARDO
A803 SANTA_MARIA
A810 SANTA_ROSA
A804 SANTANA_DO_LIVRAMENTO
A833 SANTIAGO
A805 SANTO_AUGUSTO
A830 SAO_BORJA
A832 SAO_GABRIEL
A815 SAO_JOAQUIM
A829 SAO_JOSE_DOS_AUSENTES
A852 SAO_LUIZ_GONZAGA
A874 SAO_MATEUS_DO_SUL
A889 SAO_VICENTE DO SUL
A894 SERAFINA_CORREA
A754 SIDROLANDIA
A037 SILVANIA
A837 SOLEDADE
A899 SANTA_VITORIA_DO_PALMAR - BARRA_DO_CHUI
A808 TORRES
A834 TRAMANDAI
A768 TUPA
A886 TUPANCIRETA
A507 UBERLANDIA
A809 URUGUAIANA
A814 URUSSANGA
A880 VACARIA
A734 VALPARAISO
A858 XANXERE
SMN001 Aguapey
SMN002 Alto_Arapey
SMN003 Alto_Cuareim
SMN004 Alvear
SMN005 Arapey_Chico
SMN006 Arapey_Grande
SMN007 Arapey_Grande_Ruta_4
SMN008 Arerunguá
SMN009 Artigas
SMN010 Baibene
SMN011 Baltasar_Brum
SMN012 Belén
SMN013 Bernabé_Rivera
SMN014 Bonpland
SMN015 Catalán
SMN016 Catalán_Grande_rio
SMN017 Cazadores_Correntinos
SMN018 Cerro_Amarillo
SMN019 Cerro_Chato
SMN020 Chajarí
SMN021 Colonia_Lavalleja
SMN022 Colonia_Libertad
SMN023 Colonia_Palma
SMN024 Cuareim_Río
SMN025 Cuaró
SMN026 Cuchilla_de_Salto
SMN027 Curuzú_Cuatiá
SMN028 Dayman_Ruta_3
SMN029 Diego_Lamas
SMN030 El_Soberbio
SMN031 El_Trompo
SMN032 Espinillar
SMN033 Federación
SMN034 Garruchos
SMN035 Guaviyú_de_Arapey
SMN036 Itapebí
SMN037 Javier_de_Viana
SMN038 Loma_Alta
SMN039 Los_Conquistadores
SMN040 Meneses
SMN041 Miriñay_Medio
SMN042 Miriñay_Río
SMN043 Mocoretá_Lago
SMN044 Mocoreta_Medio
SMN045 Mocoretá_Río
SMN046 Monte_Caseros
SMN047 Paso_Campamento
SMN048 Paso_de_la_Cruz
SMN049 Paso_de_los_Libres
SMN050 Paso_del_León
SMN051 Paso_del_Remanso
SMN052 Paso_Farías
SMN053 Paso_Potrero
SMN054 Pepirí_Miní
SMN055 Puerto_Concordia
SMN056 Pujol
SMN057 Puntas_de_Valentín
SMN058 Queguay_Ruta_3
SMN059 Quintana
SMN060 Salto
SMN061 Salto_Grande
SMN062 San_Jaime
SMN063 San_Javier
SMN064 San_Roquito
SMN065 Santa_Ana
SMN066 Santo_Tomé
SMN067 Sarandí_de_Arapey
SMN068 Sequeira
SMN069 Solari
SMN070 Tomás_Gomensoro
SMN071 Uguay
SMN072 Yapeyú
179
[11.45978648 11.1375     10.11632047 11.38430233 10.62371795 10.95075075
 11.00550459 10.10693069  9.75959596 10.37094595 10.64216524 10.16848485
 11.60179641 11.57092199 10.91340206 10.60262009 10.62513089 11.01309524
 11.24555556 11.20531915 10.92169312 11.80574163 11.01792453 11.82403433]

[6.99641457 7.0336848  7.00464086 6.87307702 7.0592956  7.35033837
 7.87984358 8.02180296 7.83297263 7.4159642  6.81385672 6.77362229
 6.77011795 7.40159372 7.30223406 6.82213986 6.88867951 6.41309843
 6.70016204 6.69865028 6.22972977 6.53252269 6.63632182 6.77059814]

[10.32498778  9.79949063  9.7764146  11.03280634 10.62836769 10.88949236
 10.51012511 10.39787519 10.37955551 10.47463426 10.66437424 10.70093087
  9.90077225 11.31913164 10.77914761 10.95344814 10.86063117 11.20450796
 10.74510354 11.22112066 10.57924003 11.26869189 10.17854109 10.36165502]

[ 9.25486327  9.1550833   8.96869209  9.6168628   9.82400883 10.39515832
 10.41203874  9.98158102  8.99682914  7.89193125  8.82596787  9.29494514
  8.95116906  8.81077745  9.07611459  9.10020485  9.4585755   9.50817482
  9.3813971   8.88668646  9.71849636  9.1921426  10.28964154  9.692793  ]

[10.76538245 10.65097471 11.29974985 11.11900167 10.66969001 11.21919821
 10.40330442 10.5549619  11.00150629 10.65624487 10.73821    10.48537803
 10.87377558 10.84287811 11.34755636 10.75727645 10.45014898 10.75190222
 11.81259649 12.37254725 11.40663692 11.58015676 11.69348118 11.0643585 ]

[ 8.77228284  9.15384125  9.86503442  9.60840154  9.55991344  9.82482433
  9.12658118  9.54811812  9.05606243  9.28185916  8.90678409  8.94103124
  8.64663502  8.6533645   9.22387449  9.34612701  8.69631505  9.63686605
  9.34907927  9.37399058  8.96890846  9.15884339  8.96229629 10.2521942 ]

[ 9.50759519  9.60208619 11.12017681 12.12608044 11.68429015  9.88137859
  9.43495393  9.13822551  8.62604056  8.69854267 10.124353   10.54754372
  9.68306031 10.69436893  9.74802138 10.64320461 10.70432567 10.86681918
 10.25475553 12.18522844 12.08598588 10.90571805 10.20507674 11.41464399]

[15.95724241 14.4025424  14.42423744 14.78303254 15.99308392 13.97591293
 13.09135738 15.84873096 15.351332   13.52615669 13.58157918 13.39730813
 14.5808498  14.72568012 14.49299527 15.21722445 16.08874906 15.63760722
 15.03897744 15.11340992 16.34894763 17.52218114 19.17763379 16.28691118]
/home/mda_silv/github_projects/fps_sesa/paper_cp/plot_heatmap_diurnal_cycle_sim_obs_sesa_pr_seas.py:785: UserWarning: FigureCanvasAgg is non-interactive, and thus cannot be shown
  plt.show()
A756 AGUA_CLARA
A826 ALEGRETE
A909 ALTO_ARAGUAIA
A867 ARARANGUA
A827 BAGE
A748 BARRETOS
A705 BAURU
A840 BENTO_GONCALVES
A845 BOM_JARDIM_DA_SERRA-MORRO_DA_IGREJA
A859 CACADOR
A812 CACAPAVA_DO_SUL
A023 CAIAPONIA
A838 CAMAQUA
A897 CAMBARA_DO_SUL
A519 CAMPINA_VERDE
A884 CAMPO_BOM
A702 CAMPO_GRANDE
A879 CANELA
A811 CANGUCU
A742 CASSILANDIA
A819 CASTRO
A869 CIDADE_GAUCHA
A876 CLEVELANDIA
B806 COLOMBO
A520 CONCEICAO_DAS_ALAGOAS
A724 CORUMBA
A760 COSTA RICA
A853 CRUZ_ALTA
A807 CURITIBA
A860 CURITIBANOS
A848 DIONISIO_CERQUEIRA
A881 DOMVPEDRITO
A762 DRACENA
A828 ERECHIM
A806 FLORIANOPOLIS
A854 FREDERICO WESTPHALEN
A875 GENERAL_CARNEIRO
A002 GOIANIA
A883 IBIRUBA
A823 INACIO_MARTINS
A817 INDAIAL
A868 ITAJAI
A714 ITAPEVA
A851 ITAPOA
A752 ITAQUIRAI
A035 ITUMBIARA
A863 ITUPORANGA
A818 IVAI
A836 JAGUARA
A871 JAPIRA
A016 JATAI
A841 JOACABA
A844 LAGOA_VERMELHA
B804 LARANJEIRAS DO SUL
A727 LINS
A866 LAGUNA-FAROL_DE_SANTA_MARTA
A820 MAL._CANDIDO_RONDON
A763 MARILIA
A835 MARINGA
A026 MINEIROS
A873 MORRETES
A003 MORRINHOS
A716 OURINHOS
A856 PALMEIRA_DAS_MISSOES
A850 PARANAPOEMA
A027 PARAUNA
A839 PASSO_FUNDO
A033 PIRES_DO_RIO
A855 PLANALTO
A703 PONTA_PORA
A801 PORTO ALEGRE-JARDIM BOTANICO
A747 PRADOPOLIS
A707 PRESIDENTE_PRUDENTE
A831 QUARAI
A718 RANCHARIA
A870 RANCHO_QUEIMADO
A743 RIO_BRILHANTE
A802 RIO_GRANDE
A862 RIO_NEGRINHO
A813 RIO_PARDO
A803 SANTA_MARIA
A810 SANTA_ROSA
A804 SANTANA_DO_LIVRAMENTO
A833 SANTIAGO
A805 SANTO_AUGUSTO
A830 SAO_BORJA
A832 SAO_GABRIEL
A815 SAO_JOAQUIM
A829 SAO_JOSE_DOS_AUSENTES
A852 SAO_LUIZ_GONZAGA
A874 SAO_MATEUS_DO_SUL
A889 SAO_VICENTE DO SUL
A894 SERAFINA_CORREA
A754 SIDROLANDIA
A037 SILVANIA
A837 SOLEDADE
A899 SANTA_VITORIA_DO_PALMAR - BARRA_DO_CHUI
A808 TORRES
A834 TRAMANDAI
A768 TUPA
A886 TUPANCIRETA
A507 UBERLANDIA
A809 URUGUAIANA
A814 URUSSANGA
A880 VACARIA
A734 VALPARAISO
A858 XANXERE
SMN001 Aguapey
SMN002 Alto_Arapey
SMN003 Alto_Cuareim
SMN004 Alvear
SMN005 Arapey_Chico
SMN006 Arapey_Grande
SMN007 Arapey_Grande_Ruta_4
SMN008 Arerunguá
SMN009 Artigas
SMN010 Baibene
SMN011 Baltasar_Brum
SMN012 Belén
SMN013 Bernabé_Rivera
SMN014 Bonpland
SMN015 Catalán
SMN016 Catalán_Grande_rio
SMN017 Cazadores_Correntinos
SMN018 Cerro_Amarillo
SMN019 Cerro_Chato
SMN020 Chajarí
SMN021 Colonia_Lavalleja
SMN022 Colonia_Libertad
SMN023 Colonia_Palma
SMN024 Cuareim_Río
SMN025 Cuaró
SMN026 Cuchilla_de_Salto
SMN027 Curuzú_Cuatiá
SMN028 Dayman_Ruta_3
SMN029 Diego_Lamas
SMN030 El_Soberbio
SMN031 El_Trompo
SMN032 Espinillar
SMN033 Federación
SMN034 Garruchos
SMN035 Guaviyú_de_Arapey
SMN036 Itapebí
SMN037 Javier_de_Viana
SMN038 Loma_Alta
SMN039 Los_Conquistadores
SMN040 Meneses
SMN041 Miriñay_Medio
SMN042 Miriñay_Río
SMN043 Mocoretá_Lago
SMN044 Mocoreta_Medio
SMN045 Mocoretá_Río
SMN046 Monte_Caseros
SMN047 Paso_Campamento
SMN048 Paso_de_la_Cruz
SMN049 Paso_de_los_Libres
SMN050 Paso_del_León
SMN051 Paso_del_Remanso
SMN052 Paso_Farías
SMN053 Paso_Potrero
SMN054 Pepirí_Miní
SMN055 Puerto_Concordia
SMN056 Pujol
SMN057 Puntas_de_Valentín
SMN058 Queguay_Ruta_3
SMN059 Quintana
SMN060 Salto
SMN061 Salto_Grande
SMN062 San_Jaime
SMN063 San_Javier
SMN064 San_Roquito
SMN065 Santa_Ana
SMN066 Santo_Tomé
SMN067 Sarandí_de_Arapey
SMN068 Sequeira
SMN069 Solari
SMN070 Tomás_Gomensoro
SMN071 Uguay
SMN072 Yapeyú
179
[6.79350348 6.63526786 7.025      6.9319797  6.12256098 5.97609329
 6.28068182 6.02478386 6.58553459 6.77819315 5.56216216 6.09448819
 7.2173913  5.99539171 5.69722222 5.67113402 6.15       6.54759358
 6.51818182 7.07325103 6.48676471 6.66134454 5.92631579 6.81297935]

[4.17392458 4.04906946 3.97094272 4.06494573 4.20809758 4.30194298
 4.22633853 4.27331148 4.2317217  4.41498875 4.34975396 4.03667442
 3.91807254 3.81568648 3.88501631 4.12228108 3.8606214  3.89764415
 3.89219111 3.95771789 3.94703142 4.04900885 4.30193435 4.31533337]

[6.36127525 6.35065188 6.42013413 5.5786688  5.5820634  6.03789437
 5.69273116 5.56007475 5.51334564 5.1247962  5.33246495 5.26657942
 5.00622524 4.70728656 4.95987052 5.05687647 4.88754472 4.78033162
 4.94478583 5.13553275 4.89158861 5.06124151 5.56076733 5.67596857]

[4.585898   4.7344519  4.99956458 4.7224011  5.09885535 5.05467371
 5.06054466 4.92764131 4.84306482 5.11610146 4.75244043 4.75422441
 4.77238811 4.7846274  4.68819333 4.3571414  4.63754911 4.69861805
 4.62843831 5.17734022 4.92770968 4.69736005 4.78982039 4.8553917 ]

[6.59941128 6.47402652 6.23969109 5.99594475 6.3545404  6.29936896
 5.96114075 5.96145252 6.00119246 5.40086553 5.66135341 5.50434926
 5.14721356 5.04696525 4.77615376 5.00738527 4.98488803 5.0824045
 5.32897295 5.10344948 6.01006814 5.81459711 6.13298319 6.25728508]

[5.16832492 5.21533638 5.16369054 5.1054701  4.89500059 5.11249887
 5.18155603 5.22466488 5.4001998  4.89105944 4.34830199 4.3799367
 4.03201009 4.16949626 4.14523754 4.13428897 4.29710032 4.02429303
 4.15147623 4.5584407  4.23069442 4.62500194 4.77063593 4.53286124]

[5.77602944 5.42130893 5.06101071 4.968486   5.02459831 4.65357697
 4.35732362 4.39454225 4.45178571 4.39370871 4.46369763 4.35880727
 4.44859063 4.09289992 4.26948919 4.30080086 3.98117547 4.26015903
 4.44341926 4.50748596 4.43880621 4.28704575 4.39069197 4.73900022]

[5.39822892 5.55580672 6.10563878 6.06617306 5.51470405 5.47469974
 5.18199533 4.71165896 4.81238545 4.7186267  4.64338323 4.5248441
 4.77387712 5.09314515 4.9708517  5.1269117  4.69876828 5.34625177
 5.10652686 5.42231141 5.17275247 5.44413466 4.3550676  4.7927164 ]
/home/mda_silv/github_projects/fps_sesa/paper_cp/plot_heatmap_diurnal_cycle_sim_obs_sesa_t2m_uv10.py:728: UserWarning: FigureCanvasAgg is non-interactive, and thus cannot be shown
  plt.show()
A756 AGUA_CLARA
A826 ALEGRETE
A909 ALTO_ARAGUAIA
A867 ARARANGUA
A827 BAGE
A748 BARRETOS
A705 BAURU
A840 BENTO_GONCALVES
A845 BOM_JARDIM_DA_SERRA-MORRO_DA_IGREJA
A859 CACADOR
A812 CACAPAVA_DO_SUL
A023 CAIAPONIA
A838 CAMAQUA
A897 CAMBARA_DO_SUL
A519 CAMPINA_VERDE
A884 CAMPO_BOM
A702 CAMPO_GRANDE
A879 CANELA
A811 CANGUCU
A742 CASSILANDIA
A819 CASTRO
A869 CIDADE_GAUCHA
A876 CLEVELANDIA
B806 COLOMBO
A520 CONCEICAO_DAS_ALAGOAS
A724 CORUMBA
A760 COSTA RICA
A853 CRUZ_ALTA
A807 CURITIBA
A860 CURITIBANOS
A848 DIONISIO_CERQUEIRA
A881 DOMVPEDRITO
A762 DRACENA
A828 ERECHIM
A806 FLORIANOPOLIS
A854 FREDERICO WESTPHALEN
A875 GENERAL_CARNEIRO
A002 GOIANIA
A883 IBIRUBA
A823 INACIO_MARTINS
A817 INDAIAL
A868 ITAJAI
A714 ITAPEVA
A851 ITAPOA
A752 ITAQUIRAI
A035 ITUMBIARA
A863 ITUPORANGA
A818 IVAI
A836 JAGUARA
A871 JAPIRA
A016 JATAI
A841 JOACABA
A844 LAGOA_VERMELHA
B804 LARANJEIRAS DO SUL
A727 LINS
A866 LAGUNA-FAROL_DE_SANTA_MARTA
A820 MAL._CANDIDO_RONDON
A763 MARILIA
A835 MARINGA
A026 MINEIROS
A873 MORRETES
A003 MORRINHOS
A716 OURINHOS
A856 PALMEIRA_DAS_MISSOES
A850 PARANAPOEMA
A027 PARAUNA
A839 PASSO_FUNDO
A033 PIRES_DO_RIO
A855 PLANALTO
A703 PONTA_PORA
A801 PORTO ALEGRE-JARDIM BOTANICO
A747 PRADOPOLIS
A707 PRESIDENTE_PRUDENTE
A831 QUARAI
A718 RANCHARIA
A870 RANCHO_QUEIMADO
A743 RIO_BRILHANTE
A802 RIO_GRANDE
A862 RIO_NEGRINHO
A813 RIO_PARDO
A803 SANTA_MARIA
A810 SANTA_ROSA
A804 SANTANA_DO_LIVRAMENTO
A833 SANTIAGO
A805 SANTO_AUGUSTO
A830 SAO_BORJA
A832 SAO_GABRIEL
A815 SAO_JOAQUIM
A829 SAO_JOSE_DOS_AUSENTES
A852 SAO_LUIZ_GONZAGA
A874 SAO_MATEUS_DO_SUL
A889 SAO_VICENTE DO SUL
A894 SERAFINA_CORREA
A754 SIDROLANDIA
A037 SILVANIA
A837 SOLEDADE
A899 SANTA_VITORIA_DO_PALMAR - BARRA_DO_CHUI
A808 TORRES
A834 TRAMANDAI
A768 TUPA
A886 TUPANCIRETA
A507 UBERLANDIA
A809 URUGUAIANA
A814 URUSSANGA
A880 VACARIA
A734 VALPARAISO
A858 XANXERE
107
[32.33333333         nan 32.                 nan         nan         nan
         nan         nan 32.         32.125      32.55823293 32.99243141
 33.38872148 33.70275327 33.96203523 34.17609848 34.2772688  34.26282444
 34.0461997  33.52009744 32.875      32.49038462 32.70588235 32.57142857]

[30.11710739 29.69976425         nan         nan         nan         nan
         nan 29.98400345 30.23509001 30.47792039 30.78528765 31.3259156
 31.75236092 31.88481351 32.03303712 32.08689382 32.0529088  31.93844937
 31.57211008 30.76992196 30.52408105 30.42648068 30.38166769 30.40313537]

[31.86665636 31.84748619 31.7519804  31.90564855 31.53130531 31.70517413
 31.82457113 32.07218113 32.53552938 33.01297756 33.48896806 33.79046542
 33.94493056 34.11954283 34.18642091 34.12701455 33.93844031 33.64783367
 33.08481548 32.91744032 32.76881933 32.54388221 32.4124483  32.17106046]

[32.66581194 32.47538562 32.35727763 32.26858521 32.16118717 31.92592716
 31.8631223  31.82125219 32.49231641 33.05646447 33.31469345 33.65699505
 33.91028047 34.15498879 34.3567144  34.42273785 34.40310349 34.2746833
 33.97903585 33.62602124 33.46593106 33.22164782 33.09124594 32.93724857]

[31.61221619 31.32423592         nan         nan         nan         nan
         nan 31.64321327 31.59995003 32.13814873 32.61667415 33.12037141
 33.44698465 33.6898078  33.85785025 33.92135531 33.88867683 33.65774447
 33.2392925  32.56847131 32.53174108 32.32400018 32.29714969 31.91711228]

[32.27190467 32.09687519 32.13279533 32.02495575 31.66048622 31.88451576
 32.05962467 32.37148348 32.1428318  32.70934002 33.26026312 33.76247336
 34.19582201 34.53235701 34.70135172 34.79859933 34.78547024 34.65624507
 34.35370549 33.46551904 32.88188745 32.70225402 32.6515131  32.52117102]

[31.3400898  31.08057794 31.17072144 31.02988116         nan         nan
         nan 30.58733559 31.27652777 32.00649069 32.57381597 32.93235889
 33.18265408 33.45381221 33.54352332 33.57847128 33.47907672 33.34763204
 33.06429287 32.65842513 32.40289008 32.08258776 31.71728877 31.555465  ]

[32.27132203 32.10896438 31.90767372 31.72915472 31.60272145 31.98139286
 31.50467062 31.2474308  31.72921121 32.10958289 32.51284155 32.97655502
 33.35423273 33.61511972 33.76001351 33.81491937 33.89178204 33.84976342
 33.78715106 33.55637457 33.24449784 32.87318747 32.48463885 32.29648718]
A756 AGUA_CLARA
A826 ALEGRETE
A909 ALTO_ARAGUAIA
A867 ARARANGUA
A827 BAGE
A748 BARRETOS
A705 BAURU
A840 BENTO_GONCALVES
A845 BOM_JARDIM_DA_SERRA-MORRO_DA_IGREJA
A859 CACADOR
A812 CACAPAVA_DO_SUL
A023 CAIAPONIA
A838 CAMAQUA
A897 CAMBARA_DO_SUL
A519 CAMPINA_VERDE
A884 CAMPO_BOM
A702 CAMPO_GRANDE
A879 CANELA
A811 CANGUCU
A742 CASSILANDIA
A819 CASTRO
A869 CIDADE_GAUCHA
A876 CLEVELANDIA
B806 COLOMBO
A520 CONCEICAO_DAS_ALAGOAS
A724 CORUMBA
A760 COSTA RICA
A853 CRUZ_ALTA
A807 CURITIBA
A860 CURITIBANOS
A848 DIONISIO_CERQUEIRA
A881 DOMVPEDRITO
A762 DRACENA
A828 ERECHIM
A806 FLORIANOPOLIS
A854 FREDERICO WESTPHALEN
A875 GENERAL_CARNEIRO
A002 GOIANIA
A883 IBIRUBA
A823 INACIO_MARTINS
A817 INDAIAL
A868 ITAJAI
A714 ITAPEVA
A851 ITAPOA
A752 ITAQUIRAI
A035 ITUMBIARA
A863 ITUPORANGA
A818 IVAI
A836 JAGUARA
A871 JAPIRA
A016 JATAI
A841 JOACABA
A844 LAGOA_VERMELHA
B804 LARANJEIRAS DO SUL
A727 LINS
A866 LAGUNA-FAROL_DE_SANTA_MARTA
A820 MAL._CANDIDO_RONDON
A763 MARILIA
A835 MARINGA
A026 MINEIROS
A873 MORRETES
A003 MORRINHOS
A716 OURINHOS
A856 PALMEIRA_DAS_MISSOES
A850 PARANAPOEMA
A027 PARAUNA
A839 PASSO_FUNDO
A033 PIRES_DO_RIO
A855 PLANALTO
A703 PONTA_PORA
A801 PORTO ALEGRE-JARDIM BOTANICO
A747 PRADOPOLIS
A707 PRESIDENTE_PRUDENTE
A831 QUARAI
A718 RANCHARIA
A870 RANCHO_QUEIMADO
A743 RIO_BRILHANTE
A802 RIO_GRANDE
A862 RIO_NEGRINHO
A813 RIO_PARDO
A803 SANTA_MARIA
A810 SANTA_ROSA
A804 SANTANA_DO_LIVRAMENTO
A833 SANTIAGO
A805 SANTO_AUGUSTO
A830 SAO_BORJA
A832 SAO_GABRIEL
A815 SAO_JOAQUIM
A829 SAO_JOSE_DOS_AUSENTES
A852 SAO_LUIZ_GONZAGA
A874 SAO_MATEUS_DO_SUL
A889 SAO_VICENTE DO SUL
A894 SERAFINA_CORREA
A754 SIDROLANDIA
A037 SILVANIA
A837 SOLEDADE
A899 SANTA_VITORIA_DO_PALMAR - BARRA_DO_CHUI
A808 TORRES
A834 TRAMANDAI
A768 TUPA
A886 TUPANCIRETA
A507 UBERLANDIA
A809 URUGUAIANA
A814 URUSSANGA
A880 VACARIA
A734 VALPARAISO
A858 XANXERE
107
[7.63565217 7.64362745 7.7591954  7.53563218 7.49117647 7.69738562
 7.48176101 7.59870968 7.44028436 7.26394052 7.28604651 7.34968354
 7.38852459 7.48549223 7.54324943 7.57097416 7.64907216 7.57464503
 7.53757576 7.58697789 7.52404692 7.49375    7.5530303  7.57226891]

[8.48806512 8.47313007 8.47595932 8.44754174 8.44783657 8.42811421
 8.33047458 8.36588539 8.36620823 8.3887765  8.36256367 8.31393511
 8.34793029 8.39151476 8.44299687 8.44286075 8.41970851 8.3570148
 8.36539626 8.50659797 8.51741704 8.50226597 8.443698   8.49568616]

[8.77746391 8.78201899 8.68756901 8.69531684 8.58598713 8.48475614
 8.42130724 8.3892358  8.33705541 8.53390038 8.58989996 8.61340045
 8.69881721 8.77187204 8.75724904 8.70540579 8.80745403 8.75215528
 8.87260378 8.94886857 8.89708728 8.78833392 8.84577267 8.84184282]

[9.6876517  9.682543   9.58989123 9.48317403 9.44266699 9.45431827
 9.25045259 9.1737269  9.24243565 9.29321504 9.24303735 9.3000473
 9.34172518 9.38932046 9.38347539 9.42321044 9.44828705 9.44967865
 9.49454939 9.5420262  9.65105971 9.60424876 9.65731776 9.68835346]

[8.84457204 8.83273953 8.78189275 8.74442578 8.71538221 8.62560125
 8.65448147 8.50141448 8.43303192 8.42687667 8.42891029 8.47787634
 8.50886355 8.61693984 8.60362081 8.63933783 8.60869033 8.60436102
 8.63110526 8.80893086 8.83805478 8.82374894 8.80822534 8.8268688 ]

[8.85405871 8.91620446 8.87798475 8.76579795 8.73850442 8.69800226
 8.62956383 8.43234487 8.40343233 8.3283005  8.41338081 8.56276424
 8.60866953 8.65238554 8.67178032 8.71883745 8.70371355 8.71104382
 8.74487957 8.78499353 8.79748725 8.83074624 8.84660962 8.8572197 ]

[9.25362492 9.29733516 9.35043207 9.34828466 9.37893529 9.32066097
 9.35741862 9.24187831 9.27071787 9.10821099 8.95763459 8.9038332
 9.05027854 9.13986097 9.1530338  9.32069408 9.31499756 9.31280058
 9.24708049 9.42331169 9.39704723 9.29643769 9.2579162  9.18486375]

[7.27796451 7.26720117 7.298371   7.25139931 7.30514666 7.32722648
 7.21817829 7.23763017 7.12376072 6.97069836 6.96169779 6.9331395
 7.11878232 7.21000801 7.41256004 7.47167729 7.44358699 7.39715372
 7.40819091 7.32423915 7.29660135 7.2712833  7.28833666 7.24041886]
A756 AGUA_CLARA
A826 ALEGRETE
A909 ALTO_ARAGUAIA
A867 ARARANGUA
A827 BAGE
A748 BARRETOS
A705 BAURU
A840 BENTO_GONCALVES
A845 BOM_JARDIM_DA_SERRA-MORRO_DA_IGREJA
A859 CACADOR
A812 CACAPAVA_DO_SUL
A023 CAIAPONIA
A838 CAMAQUA
A897 CAMBARA_DO_SUL
A519 CAMPINA_VERDE
A884 CAMPO_BOM
A702 CAMPO_GRANDE
A879 CANELA
A811 CANGUCU
A742 CASSILANDIA
A819 CASTRO
A869 CIDADE_GAUCHA
A876 CLEVELANDIA
B806 COLOMBO
A520 CONCEICAO_DAS_ALAGOAS
A724 CORUMBA
A760 COSTA RICA
A853 CRUZ_ALTA
A807 CURITIBA
A860 CURITIBANOS
A848 DIONISIO_CERQUEIRA
A881 DOMVPEDRITO
A762 DRACENA
A828 ERECHIM
A806 FLORIANOPOLIS
A854 FREDERICO WESTPHALEN
A875 GENERAL_CARNEIRO
A002 GOIANIA
A883 IBIRUBA
A823 INACIO_MARTINS
A817 INDAIAL
A868 ITAJAI
A714 ITAPEVA
A851 ITAPOA
A752 ITAQUIRAI
A035 ITUMBIARA
A863 ITUPORANGA
A818 IVAI
A836 JAGUARA
A871 JAPIRA
A016 JATAI
A841 JOACABA
A844 LAGOA_VERMELHA
B804 LARANJEIRAS DO SUL
A727 LINS
A866 LAGUNA-FAROL_DE_SANTA_MARTA
A820 MAL._CANDIDO_RONDON
A763 MARILIA
A835 MARINGA
A026 MINEIROS
A873 MORRETES
A003 MORRINHOS
A716 OURINHOS
A856 PALMEIRA_DAS_MISSOES
A850 PARANAPOEMA
A027 PARAUNA
A839 PASSO_FUNDO
A033 PIRES_DO_RIO
A855 PLANALTO
A703 PONTA_PORA
A801 PORTO ALEGRE-JARDIM BOTANICO
A747 PRADOPOLIS
A707 PRESIDENTE_PRUDENTE
A831 QUARAI
A718 RANCHARIA
A870 RANCHO_QUEIMADO
A743 RIO_BRILHANTE
A802 RIO_GRANDE
A862 RIO_NEGRINHO
A813 RIO_PARDO
A803 SANTA_MARIA
A810 SANTA_ROSA
A804 SANTANA_DO_LIVRAMENTO
A833 SANTIAGO
A805 SANTO_AUGUSTO
A830 SAO_BORJA
A832 SAO_GABRIEL
A815 SAO_JOAQUIM
A829 SAO_JOSE_DOS_AUSENTES
A852 SAO_LUIZ_GONZAGA
A874 SAO_MATEUS_DO_SUL
A889 SAO_VICENTE DO SUL
A894 SERAFINA_CORREA
A754 SIDROLANDIA
A037 SILVANIA
A837 SOLEDADE
A899 SANTA_VITORIA_DO_PALMAR - BARRA_DO_CHUI
A808 TORRES
A834 TRAMANDAI
A768 TUPA
A886 TUPANCIRETA
A507 UBERLANDIA
A809 URUGUAIANA
A814 URUSSANGA
A880 VACARIA
A734 VALPARAISO
A858 XANXERE
107
[7.36949807 7.36901961 7.3984556  7.45961538 7.36254826 7.37529412
 7.38292683 7.42007722 7.27333333 7.25266458 7.18148148 7.13129252
 7.25185185 7.20997567 7.24692875 7.18451444 7.19652997 7.1992
 7.37777778 7.35477387 7.46809524 7.37744681 7.43717949 7.45176471]

[8.94718645 8.95529931 8.99573757 8.95327409 8.90936961 8.90179007
 8.85211471 8.73129983 8.71966073 8.63307109 8.71908686 8.68560255
 8.71644107 8.74944966 8.75909788 8.76923188 8.69330666 8.70795743
 8.68702455 8.68900616 8.75861276 8.78614187 8.89290176 8.91528661]

[8.26679905 8.39506431 8.35238945 8.41773046 8.45213257 8.5089709
 8.48251425 8.35263208 8.11517093 8.10530487 8.16646212 8.17221384
 8.14250617 8.18751402 8.2152062  8.30044374 8.33577656 8.39108408
 8.48726756 8.41528829 8.33331616 8.42774621 8.5001922  8.368311  ]

[8.77562787 8.79649421 8.87725581 8.86295502 8.82820433 8.94731415
 8.79701024 8.7219939  8.59209634 8.39141181 8.44886803 8.56970185
 8.52985196 8.62095813 8.6504188  8.68537269 8.82070276 8.94188192
 9.04637027 9.08466148 8.98823082 8.99763715 8.87879294 8.80902871]

[8.18279083 8.18593402 8.23676321 8.26254031 8.26259751 8.17341021
 8.31016102 8.29609766 8.14901343 7.93244003 7.93335347 7.97726581
 7.99916917 8.00596538 7.97176981 8.01087971 8.01844954 8.16124886
 8.15739872 8.22615431 8.16692358 8.12582719 8.11436483 8.21559036]

[7.98924531 7.909278   7.89919451 7.84653928 7.92850232 7.99132663
 7.95989409 7.97129158 7.91172812 7.78173182 7.72592418 7.72951317
 7.77907066 7.78372732 7.80962587 7.83049609 7.81631473 7.89579949
 7.94053791 7.97859406 7.93628056 7.95947631 7.9306432  7.94199939]

[8.69151365 8.77308763 8.80592208 8.94046807 8.93908169 8.8190216
 8.86635074 8.86764872 8.88495853 8.70494061 8.32564588 8.15968694
 8.19466634 8.33793742 8.33232701 8.32416173 8.38378829 8.35683565
 8.33642313 8.50357657 8.44939047 8.47871499 8.47233679 8.5621045 ]

[6.62761699 6.66996093 6.69045223 6.58942876 6.54269073 6.49782591
 6.55361548 6.60414227 6.55818022 6.58243797 6.62463524 6.60508748
 6.63355276 6.61994678 6.58827066 6.54498119 6.58974299 6.52397843
 6.46113699 6.44930332 6.46459538 6.62297004 6.48710958 6.5586598 ]
/home/mda_silv/github_projects/fps_sesa/paper_cp/plot_heatmap_diurnal_cycle_sim_obs_sesa_t2m_uv10.py:728: UserWarning: FigureCanvasAgg is non-interactive, and thus cannot be shown
  plt.show()
A756 AGUA_CLARA
A826 ALEGRETE
A909 ALTO_ARAGUAIA
A867 ARARANGUA
A827 BAGE
A748 BARRETOS
A705 BAURU
A840 BENTO_GONCALVES
A845 BOM_JARDIM_DA_SERRA-MORRO_DA_IGREJA
A859 CACADOR
A812 CACAPAVA_DO_SUL
A023 CAIAPONIA
A838 CAMAQUA
A897 CAMBARA_DO_SUL
A519 CAMPINA_VERDE
A884 CAMPO_BOM
A702 CAMPO_GRANDE
A879 CANELA
A811 CANGUCU
A742 CASSILANDIA
A819 CASTRO
A869 CIDADE_GAUCHA
A876 CLEVELANDIA
B806 COLOMBO
A520 CONCEICAO_DAS_ALAGOAS
A724 CORUMBA
A760 COSTA RICA
A853 CRUZ_ALTA
A807 CURITIBA
A860 CURITIBANOS
A848 DIONISIO_CERQUEIRA
A881 DOMVPEDRITO
A762 DRACENA
A828 ERECHIM
A806 FLORIANOPOLIS
A854 FREDERICO WESTPHALEN
A875 GENERAL_CARNEIRO
A002 GOIANIA
A883 IBIRUBA
A823 INACIO_MARTINS
A817 INDAIAL
A868 ITAJAI
A714 ITAPEVA
A851 ITAPOA
A752 ITAQUIRAI
A035 ITUMBIARA
A863 ITUPORANGA
A818 IVAI
A836 JAGUARA
A871 JAPIRA
A016 JATAI
A841 JOACABA
A844 LAGOA_VERMELHA
B804 LARANJEIRAS DO SUL
A727 LINS
A866 LAGUNA-FAROL_DE_SANTA_MARTA
A820 MAL._CANDIDO_RONDON
A763 MARILIA
A835 MARINGA
A026 MINEIROS
A873 MORRETES
A003 MORRINHOS
A716 OURINHOS
A856 PALMEIRA_DAS_MISSOES
A850 PARANAPOEMA
A027 PARAUNA
A839 PASSO_FUNDO
A033 PIRES_DO_RIO
A855 PLANALTO
A703 PONTA_PORA
A801 PORTO ALEGRE-JARDIM BOTANICO
A747 PRADOPOLIS
A707 PRESIDENTE_PRUDENTE
A831 QUARAI
A718 RANCHARIA
A870 RANCHO_QUEIMADO
A743 RIO_BRILHANTE
A802 RIO_GRANDE
A862 RIO_NEGRINHO
A813 RIO_PARDO
A803 SANTA_MARIA
A810 SANTA_ROSA
A804 SANTANA_DO_LIVRAMENTO
A833 SANTIAGO
A805 SANTO_AUGUSTO
A830 SAO_BORJA
A832 SAO_GABRIEL
A815 SAO_JOAQUIM
A829 SAO_JOSE_DOS_AUSENTES
A852 SAO_LUIZ_GONZAGA
A874 SAO_MATEUS_DO_SUL
A889 SAO_VICENTE DO SUL
A894 SERAFINA_CORREA
A754 SIDROLANDIA
A037 SILVANIA
A837 SOLEDADE
A899 SANTA_VITORIA_DO_PALMAR - BARRA_DO_CHUI
A808 TORRES
A834 TRAMANDAI
A768 TUPA
A886 TUPANCIRETA
A507 UBERLANDIA
A809 URUGUAIANA
A814 URUSSANGA
A880 VACARIA
A734 VALPARAISO
A858 XANXERE
107
[7.7003006  7.68066528 7.7330033  7.65231638 7.63190985 7.66957071
 7.57841635 7.59638404 7.50190678 7.43105175 7.38045555 7.35527909
 7.44894459 7.47180475 7.51804092 7.59343558 7.58269831 7.57583001
 7.59985316 7.64236707 7.64850679 7.60250696 7.66128107 7.68807429]

[8.79438042 8.77695065 8.80651536 8.80596451 8.78333498 8.81545953
 8.77195899 8.67414244 8.62688386 8.63139279 8.66681142 8.63085365
 8.64106131 8.66768069 8.69043124 8.68590986 8.65258719 8.65036738
 8.65679199 8.71978398 8.75473797 8.75530133 8.75532493 8.7829952 ]

[8.73832435 8.72882575 8.69111909 8.6747032  8.71684252 8.68510023
 8.62309657 8.54890627 8.4860258  8.50133286 8.56718777 8.59690198
 8.61965568 8.70737326 8.73336258 8.77994098 8.82903669 8.82353389
 8.88128622 8.87706148 8.80479381 8.78781736 8.82208068 8.78259187]

[9.43650454 9.39585324 9.34486107 9.33123245 9.3363647  9.29247518
 9.21743867 9.15418196 9.09222876 9.04248486 9.02738314 9.11591847
 9.11975914 9.18235775 9.20905902 9.29639042 9.30560916 9.35423163
 9.38324657 9.42322372 9.44142806 9.39873982 9.4474109  9.43428333]

[8.65333002 8.65730462 8.62117395 8.58608496 8.58254631 8.56009823
 8.59489128 8.5008701  8.39635835 8.36297915 8.36655679 8.3680805
 8.3939124  8.47041584 8.49687332 8.53265398 8.52814645 8.56350381
 8.59730775 8.74671555 8.70748037 8.69203622 8.6897572  8.68176985]

[8.62970001 8.64044201 8.61623062 8.60254814 8.54160736 8.53119422
 8.53231494 8.48023382 8.34742462 8.24027171 8.23793411 8.34194724
 8.40946236 8.45830882 8.48683209 8.51434919 8.51728684 8.5349516
 8.55328003 8.6453693  8.63520561 8.60753492 8.62748582 8.63389347]

[9.05524931 9.07946064 9.10296633 9.14913081 9.21035051 9.12227825
 9.20352171 9.17043858 9.12457487 8.95284864 8.86145286 8.79271996
 8.88255874 8.95605556 8.96956028 9.03842029 9.10632928 9.09746971
 9.05751174 9.13117815 9.13462735 9.05138734 9.05355759 9.01835584]

[7.02922777 7.01581665 7.05646483 6.99151055 6.96449519 7.00208683
 6.9840794  7.0193473  6.9595253  6.90825507 6.85626315 6.86319622
 6.96039486 7.02319658 7.08472876 7.16101381 7.14204146 7.11363796
 7.09956178 7.05849446 7.05142259 7.01424795 7.05015399 7.03828799]
A756 AGUA_CLARA
A826 ALEGRETE
A909 ALTO_ARAGUAIA
A867 ARARANGUA
A827 BAGE
A748 BARRETOS
A705 BAURU
A840 BENTO_GONCALVES
A845 BOM_JARDIM_DA_SERRA-MORRO_DA_IGREJA
A859 CACADOR
A812 CACAPAVA_DO_SUL
A023 CAIAPONIA
A838 CAMAQUA
A897 CAMBARA_DO_SUL
A519 CAMPINA_VERDE
A884 CAMPO_BOM
A702 CAMPO_GRANDE
A879 CANELA
A811 CANGUCU
A742 CASSILANDIA
A819 CASTRO
A869 CIDADE_GAUCHA
A876 CLEVELANDIA
B806 COLOMBO
A520 CONCEICAO_DAS_ALAGOAS
A724 CORUMBA
A760 COSTA RICA
A853 CRUZ_ALTA
A807 CURITIBA
A860 CURITIBANOS
A848 DIONISIO_CERQUEIRA
A881 DOMVPEDRITO
A762 DRACENA
A828 ERECHIM
A806 FLORIANOPOLIS
A854 FREDERICO WESTPHALEN
A875 GENERAL_CARNEIRO
A002 GOIANIA
A883 IBIRUBA
A823 INACIO_MARTINS
A817 INDAIAL
A868 ITAJAI
A714 ITAPEVA
A851 ITAPOA
A752 ITAQUIRAI
A035 ITUMBIARA
A863 ITUPORANGA
A818 IVAI
A836 JAGUARA
A871 JAPIRA
A016 JATAI
A841 JOACABA
A844 LAGOA_VERMELHA
B804 LARANJEIRAS DO SUL
A727 LINS
A866 LAGUNA-FAROL_DE_SANTA_MARTA
A820 MAL._CANDIDO_RONDON
A763 MARILIA
A835 MARINGA
A026 MINEIROS
A873 MORRETES
A003 MORRINHOS
A716 OURINHOS
A856 PALMEIRA_DAS_MISSOES
A850 PARANAPOEMA
A027 PARAUNA
A839 PASSO_FUNDO
A033 PIRES_DO_RIO
A855 PLANALTO
A703 PONTA_PORA
A801 PORTO ALEGRE-JARDIM BOTANICO
A747 PRADOPOLIS
A707 PRESIDENTE_PRUDENTE
A831 QUARAI
A718 RANCHARIA
A870 RANCHO_QUEIMADO
A743 RIO_BRILHANTE
A802 RIO_GRANDE
A862 RIO_NEGRINHO
A813 RIO_PARDO
A803 SANTA_MARIA
A810 SANTA_ROSA
A804 SANTANA_DO_LIVRAMENTO
A833 SANTIAGO
A805 SANTO_AUGUSTO
A830 SAO_BORJA
A832 SAO_GABRIEL
A815 SAO_JOAQUIM
A829 SAO_JOSE_DOS_AUSENTES
A852 SAO_LUIZ_GONZAGA
A874 SAO_MATEUS_DO_SUL
A889 SAO_VICENTE DO SUL
A894 SERAFINA_CORREA
A754 SIDROLANDIA
A037 SILVANIA
A837 SOLEDADE
A899 SANTA_VITORIA_DO_PALMAR - BARRA_DO_CHUI
A808 TORRES
A834 TRAMANDAI
A768 TUPA
A886 TUPANCIRETA
A507 UBERLANDIA
A809 URUGUAIANA
A814 URUSSANGA
A880 VACARIA
A734 VALPARAISO
A858 XANXERE
107
[        nan         nan         nan         nan         nan         nan
         nan         nan         nan         nan 34.3125     34.53892216
 34.91616766 35.19139298 35.4598888  35.6900068  35.7734057  35.74156442
 35.47384937 35.08715596 34.7260274  34.4        34.         34.        ]

[        nan         nan         nan         nan         nan         nan
         nan         nan         nan 31.65934541 31.71273136 32.07059665
 32.82210693 32.9730451  33.13296371 33.13901932 33.09292256 32.95708577
 32.60244172 31.88642859 31.86362076 31.96053151 31.79581261 31.58825874]

[        nan         nan         nan         nan         nan         nan
         nan 33.64618683 33.63568672 34.15371169 34.6439964  35.0733664
 35.21936813 35.35363663 35.32714126 35.200297   34.96574069 34.39802941
 34.06370662 34.00124269 33.75317559 33.52565155 33.41239675 33.20128632]

[33.37368011 33.10665131 33.40840912 33.30345917         nan         nan
         nan         nan 33.48827362 33.88737573 34.29779385 34.7512716
 35.15631321 35.40627708 35.55459264 35.54131803 35.5183166  35.33913376
 34.94775947 34.50364782 33.9712681  33.83896637 34.27596283 33.15988413]

[        nan         nan         nan         nan         nan         nan
         nan         nan         nan 33.42681546 34.08258088 34.47863103
 34.80208957 35.07689688 35.20697758 35.15678175 35.07610839 34.74537285
 34.29070314 33.85846513 33.87189484 33.47605133 32.94371796         nan]

[        nan         nan         nan         nan         nan         nan
         nan         nan         nan 34.54057136 35.11345034 35.65805589
 35.90756333 36.29138065 36.54510116 36.62915358 36.57089495 36.3790048
 35.84523612 35.06543797 34.59462096 34.28436388 34.23278046         nan]

[32.7469101  32.51741791         nan         nan         nan         nan
         nan         nan 33.74124908 33.33344269 33.89462131 34.24082894
 34.54332712 34.7797578  34.9389014  35.01348068 34.94270253 34.73249735
 34.54046143 34.07860369 33.69049061 33.4217392  33.06876882 32.85676727]

[33.8920517  33.1886673          nan         nan         nan         nan
         nan         nan 33.40722911 34.19771576 34.43718641 34.67844633
 34.99946659 35.21062341 35.40151543 35.52031336 35.52257097 35.42739491
 35.25139123 35.02143752 34.59954896 34.1154711  33.78199514 33.84397973]
A756 AGUA_CLARA
A826 ALEGRETE
A909 ALTO_ARAGUAIA
A867 ARARANGUA
A827 BAGE
A748 BARRETOS
A705 BAURU
A840 BENTO_GONCALVES
A845 BOM_JARDIM_DA_SERRA-MORRO_DA_IGREJA
A859 CACADOR
A812 CACAPAVA_DO_SUL
A023 CAIAPONIA
A838 CAMAQUA
A897 CAMBARA_DO_SUL
A519 CAMPINA_VERDE
A884 CAMPO_BOM
A702 CAMPO_GRANDE
A879 CANELA
A811 CANGUCU
A742 CASSILANDIA
A819 CASTRO
A869 CIDADE_GAUCHA
A876 CLEVELANDIA
B806 COLOMBO
A520 CONCEICAO_DAS_ALAGOAS
A724 CORUMBA
A760 COSTA RICA
A853 CRUZ_ALTA
A807 CURITIBA
A860 CURITIBANOS
A848 DIONISIO_CERQUEIRA
A881 DOMVPEDRITO
A762 DRACENA
A828 ERECHIM
A806 FLORIANOPOLIS
A854 FREDERICO WESTPHALEN
A875 GENERAL_CARNEIRO
A002 GOIANIA
A883 IBIRUBA
A823 INACIO_MARTINS
A817 INDAIAL
A868 ITAJAI
A714 ITAPEVA
A851 ITAPOA
A752 ITAQUIRAI
A035 ITUMBIARA
A863 ITUPORANGA
A818 IVAI
A836 JAGUARA
A871 JAPIRA
A016 JATAI
A841 JOACABA
A844 LAGOA_VERMELHA
B804 LARANJEIRAS DO SUL
A727 LINS
A866 LAGUNA-FAROL_DE_SANTA_MARTA
A820 MAL._CANDIDO_RONDON
A763 MARILIA
A835 MARINGA
A026 MINEIROS
A873 MORRETES
A003 MORRINHOS
A716 OURINHOS
A856 PALMEIRA_DAS_MISSOES
A850 PARANAPOEMA
A027 PARAUNA
A839 PASSO_FUNDO
A033 PIRES_DO_RIO
A855 PLANALTO
A703 PONTA_PORA
A801 PORTO ALEGRE-JARDIM BOTANICO
A747 PRADOPOLIS
A707 PRESIDENTE_PRUDENTE
A831 QUARAI
A718 RANCHARIA
A870 RANCHO_QUEIMADO
A743 RIO_BRILHANTE
A802 RIO_GRANDE
A862 RIO_NEGRINHO
A813 RIO_PARDO
A803 SANTA_MARIA
A810 SANTA_ROSA
A804 SANTANA_DO_LIVRAMENTO
A833 SANTIAGO
A805 SANTO_AUGUSTO
A830 SAO_BORJA
A832 SAO_GABRIEL
A815 SAO_JOAQUIM
A829 SAO_JOSE_DOS_AUSENTES
A852 SAO_LUIZ_GONZAGA
A874 SAO_MATEUS_DO_SUL
A889 SAO_VICENTE DO SUL
A894 SERAFINA_CORREA
A754 SIDROLANDIA
A037 SILVANIA
A837 SOLEDADE
A899 SANTA_VITORIA_DO_PALMAR - BARRA_DO_CHUI
A808 TORRES
A834 TRAMANDAI
A768 TUPA
A886 TUPANCIRETA
A507 UBERLANDIA
A809 URUGUAIANA
A814 URUSSANGA
A880 VACARIA
A734 VALPARAISO
A858 XANXERE
107
[28.75       28.33333333 28.5        28.5        29.         28.
 28.                 nan         nan 28.         28.65       28.85496183
 29.20850202 29.88720174 30.40109461 30.67232022 30.80693406 30.65268456
 30.08130081 29.12698413 28.78947368 28.71428571 28.625      28.8       ]

[        nan 26.30299187         nan         nan         nan         nan
         nan         nan         nan 26.74565442 27.29696133 27.5096515
 28.13171664 28.47085216 28.76361486 28.85736128 28.81644553 28.62264842
 27.79864845 27.03534469 26.83800674 26.89386101 26.57849541 26.39863205]

[28.52885373 27.92878369 28.23792763 28.48598671 28.09197426 27.41985512
 27.94379616 28.19226011 28.30837195 28.39145793 28.88515848 29.49325058
 30.0128868  30.32480428 30.4925081  30.42480935 30.1983595  29.35463025
 28.91267582 28.81116909 28.64705001 28.53923581 28.54416678 28.22575518]

[28.81223072 29.07844989 28.8173364  28.84890175 28.74642372         nan
         nan         nan 28.56331825 29.21453471 29.75862962 30.45695417
 31.09847209 31.54480394 31.7953267  31.92186842 32.00844315 31.74598326
 30.16087895 29.64199504 29.31127599 29.18517989 29.24707919 29.13184547]

[27.84342384 27.83533669 28.01735878 27.49884987         nan         nan
         nan 26.89092445 27.98220253 27.74281999 27.97870807 28.49300452
 29.26802497 29.86613792 30.19469369 30.32606271 30.27529242 29.91951493
 28.66294589 28.22602447 28.275691   28.30494359 28.28151616 27.87258034]

[28.58916664 27.45153236 26.52575111 26.55477333         nan         nan
         nan         nan         nan 27.3077755  27.59379563 28.14764548
 28.96065379 29.5229555  29.80317845 29.92472423 29.90070206 29.6763832
 28.54598764 27.94945053 27.95145806 27.32709885 27.29051484 27.54155922]

[26.73509153 27.04903603 25.97747231         nan         nan         nan
         nan         nan         nan 27.4701068  27.50007229 28.07748458
 28.63644419 29.17620344 29.43843257 29.45395747 29.33953872 29.08472935
 28.11926399 27.61062749 27.40262473 27.13010888 27.01359155 26.9862957 ]

[28.19850022 28.02725029 27.87160683 27.76217079         nan         nan
         nan         nan 27.41846657 28.46306097 28.79338388 28.89876157
 29.06217643 29.50712343 29.90694424 30.24193986 30.33879552 30.22250972
 30.16527652 29.78926118 29.24066288 28.8676554  28.78602174 28.299263  ]
/home/mda_silv/github_projects/fps_sesa/paper_cp/plot_maps_bias_sim_obs_sesa_pr.py:357: MatplotlibDeprecationWarning: The get_cmap function was deprecated in Matplotlib 3.7 and will be removed in 3.11. Use ``matplotlib.colormaps[name]`` or ``matplotlib.colormaps.get_cmap()`` or ``pyplot.get_cmap()`` instead.
  cmap = cm.get_cmap('BrBG', 20)
5 A756 AGUA_CLARA
10 A826 ALEGRETE
16 A909 ALTO_ARAGUAIA
36 A867 ARARANGUA
46 A827 BAGE
58 A748 BARRETOS
61 A705 BAURU
67 A840 BENTO_GONCALVES
71 A845 BOM_JARDIM_DA_SERRA-MORRO_DA_IGREJA
87 A859 CACADOR
88 A812 CACAPAVA_DO_SUL
91 A023 CAIAPONIA
95 A838 CAMAQUA
97 A897 CAMBARA_DO_SUL
102 A519 CAMPINA_VERDE
103 A884 CAMPO_BOM
104 A702 CAMPO_GRANDE
114 A879 CANELA
115 A811 CANGUCU
128 A742 CASSILANDIA
131 A819 CASTRO
138 A869 CIDADE_GAUCHA
139 A876 CLEVELANDIA
143 B806 COLOMBO
145 A520 CONCEICAO_DAS_ALAGOAS
151 A724 CORUMBA
153 A760 COSTA RICA
159 A853 CRUZ_ALTA
164 A807 CURITIBA
165 A860 CURITIBANOS
171 A848 DIONISIO_CERQUEIRA
175 A881 DOMVPEDRITO
178 A762 DRACENA
185 A828 ERECHIM
194 A806 FLORIANOPOLIS
201 A854 FREDERICO WESTPHALEN
205 A875 GENERAL_CARNEIRO
208 A002 GOIANIA
223 A883 IBIRUBA
231 A823 INACIO_MARTINS
232 A817 INDAIAL
242 A868 ITAJAI
247 A714 ITAPEVA
250 A851 ITAPOA
252 A752 ITAQUIRAI
257 A035 ITUMBIARA
258 A863 ITUPORANGA
260 A818 IVAI
263 A836 JAGUARA
268 A871 JAPIRA
270 A016 JATAI
272 A841 JOACABA
284 A844 LAGOA_VERMELHA
285 B804 LARANJEIRAS DO SUL
288 A727 LINS
291 A866 LAGUNA-FAROL_DE_SANTA_MARTA
299 A820 MAL._CANDIDO_RONDON
312 A763 MARILIA
313 A835 MARINGA
318 A026 MINEIROS
328 A873 MORRETES
329 A003 MORRINHOS
351 A716 OURINHOS
356 A856 PALMEIRA_DAS_MISSOES
363 A850 PARANAPOEMA
367 A027 PARAUNA
372 A839 PASSO_FUNDO
387 A033 PIRES_DO_RIO
391 A855 PLANALTO
394 A703 PONTA_PORA
397 A801 PORTO ALEGRE-JARDIM BOTANICO
407 A747 PRADOPOLIS
411 A707 PRESIDENTE_PRUDENTE
414 A831 QUARAI
419 A718 RANCHARIA
420 A870 RANCHO_QUEIMADO
428 A743 RIO_BRILHANTE
435 A802 RIO_GRANDE
436 A862 RIO_NEGRINHO
437 A813 RIO_PARDO
456 A803 SANTA_MARIA
460 A810 SANTA_ROSA
464 A804 SANTANA_DO_LIVRAMENTO
466 A833 SANTIAGO
468 A805 SANTO_AUGUSTO
469 A830 SAO_BORJA
473 A832 SAO_GABRIEL
478 A815 SAO_JOAQUIM
480 A829 SAO_JOSE_DOS_AUSENTES
484 A852 SAO_LUIZ_GONZAGA
486 A874 SAO_MATEUS_DO_SUL
497 A889 SAO_VICENTE DO SUL
501 A894 SERAFINA_CORREA
510 A754 SIDROLANDIA
512 A037 SILVANIA
515 A837 SOLEDADE
521 A899 SANTA_VITORIA_DO_PALMAR - BARRA_DO_CHUI
532 A808 TORRES
533 A834 TRAMANDAI
539 A768 TUPA
540 A886 TUPANCIRETA
543 A507 UBERLANDIA
548 A809 URUGUAIANA
549 A814 URUSSANGA
550 A880 VACARIA
554 A734 VALPARAISO
564 A858 XANXERE
1 SMN001 Aguapey
2 SMN002 Alto_Arapey
3 SMN003 Alto_Cuareim
4 SMN004 Alvear
5 SMN005 Arapey_Chico
6 SMN006 Arapey_Grande
7 SMN007 Arapey_Grande_Ruta_4
8 SMN008 Arerunguá
9 SMN009 Artigas
10 SMN010 Baibene
11 SMN011 Baltasar_Brum
12 SMN012 Belén
13 SMN013 Bernabé_Rivera
14 SMN014 Bonpland
15 SMN015 Catalán
16 SMN016 Catalán_Grande_rio
17 SMN017 Cazadores_Correntinos
18 SMN018 Cerro_Amarillo
19 SMN019 Cerro_Chato
20 SMN020 Chajarí
21 SMN021 Colonia_Lavalleja
22 SMN022 Colonia_Libertad
23 SMN023 Colonia_Palma
24 SMN024 Cuareim_Río
25 SMN025 Cuaró
26 SMN026 Cuchilla_de_Salto
27 SMN027 Curuzú_Cuatiá
28 SMN028 Dayman_Ruta_3
29 SMN029 Diego_Lamas
30 SMN030 El_Soberbio
31 SMN031 El_Trompo
32 SMN032 Espinillar
33 SMN033 Federación
34 SMN034 Garruchos
35 SMN035 Guaviyú_de_Arapey
36 SMN036 Itapebí
37 SMN037 Javier_de_Viana
38 SMN038 Loma_Alta
39 SMN039 Los_Conquistadores
40 SMN040 Meneses
41 SMN041 Miriñay_Medio
42 SMN042 Miriñay_Río
43 SMN043 Mocoretá_Lago
44 SMN044 Mocoreta_Medio
45 SMN045 Mocoretá_Río
46 SMN046 Monte_Caseros
47 SMN047 Paso_Campamento
48 SMN048 Paso_de_la_Cruz
49 SMN049 Paso_de_los_Libres
50 SMN050 Paso_del_León
51 SMN051 Paso_del_Remanso
52 SMN052 Paso_Farías
53 SMN053 Paso_Potrero
54 SMN054 Pepirí_Miní
55 SMN055 Puerto_Concordia
56 SMN056 Pujol
57 SMN057 Puntas_de_Valentín
58 SMN058 Queguay_Ruta_3
59 SMN059 Quintana
60 SMN060 Salto
61 SMN061 Salto_Grande
62 SMN062 San_Jaime
63 SMN063 San_Javier
64 SMN064 San_Roquito
65 SMN065 Santa_Ana
66 SMN066 Santo_Tomé
67 SMN067 Sarandí_de_Arapey
68 SMN068 Sequeira
69 SMN069 Solari
70 SMN070 Tomás_Gomensoro
71 SMN071 Uguay
72 SMN072 Yapeyú
1 SMN001 87582
2 SMN002 87585
3 SMN003 87222
4 SMN004 87257
5 SMN005 87395
6 SMN006 87344
7 SMN007 87345
8 SMN008 87166
9 SMN009 87571
10 SMN010 87576
11 SMN011 87162
12 SMN012 87497
13 SMN013 87097
14 SMN014 87305
15 SMN015 87046
16 SMN016 87548
17 SMN017 87593
18 SMN018 87007
19 SMN019 87217
20 SMN020 87534
21 SMN021 87078
22 SMN022 87467
23 SMN023 87418
24 SMN024 87420
25 SMN025 87393
26 SMN026 87016
27 SMN027 87374
28 SMN028 87289
29 SMN029 87349
30 SMN030 87178
31 SMN031 87270
32 SMN032 87155
33 SMN033 87453
34 SMN034 87480
35 SMN035 87047
36 SMN036 87311
37 SMN037 87436
38 SMN038 87416
40 SMN040 87509
41 SMN041 87129
42 SMN042 87371
43 SMN043 87022
44 SMN044 87211
45 SMN045 87328
46 SMN046 87448
47 SMN047 10067
48 SMN048 10358
49 SMN049 10423
50 SMN050 10901
52 SMN052 10444
53 SMN053 10903
54 SMN054 10904
56 SMN056 10502
57 SMN057 10906
59 SMN059 10114
60 SMN060 10145
61 SMN061 10908
62 SMN062 10909
63 SMN063 10910
67 SMN067 10912
68 SMN068 86330
69 SMN069 86580
70 SMN070 86560
71 SMN071 86530
73 SMN073 86440
74 SMN074 86490
76 SMN076 86430
77 SMN077 86585
78 SMN078 86350
79 SMN079 86565
80 SMN080 86360
81 SMN081 86500
82 SMN082 11014
84 SMN084 11016
85 SMN085 11017
87 SMN087 11019
88 SMN088 11020
89 SMN089 87121
93 SMN093 10550
94 SMN094 86068
95 SMN095 86086
96 SMN096 86097
97 SMN097 86128
98 SMN098 86134
99 SMN099 86185
100 SMN100 86192
101 SMN101 86210
102 SMN102 86218
103 SMN103 86233
104 SMN104 86234
105 SMN105 86255
106 SMN106 86260
107 SMN107 86268
108 SMN108 86285
109 SMN109 86297
/home/mda_silv/github_projects/fps_sesa/paper_cp/plot_maps_bias_sim_obs_sesa_pr_seas.py:388: MatplotlibDeprecationWarning: The get_cmap function was deprecated in Matplotlib 3.7 and will be removed in 3.11. Use ``matplotlib.colormaps[name]`` or ``matplotlib.colormaps.get_cmap()`` or ``pyplot.get_cmap()`` instead.
  cmap = cm.get_cmap('BrBG', 20)
5 A756 AGUA_CLARA
10 A826 ALEGRETE
16 A909 ALTO_ARAGUAIA
36 A867 ARARANGUA
46 A827 BAGE
58 A748 BARRETOS
61 A705 BAURU
67 A840 BENTO_GONCALVES
71 A845 BOM_JARDIM_DA_SERRA-MORRO_DA_IGREJA
87 A859 CACADOR
88 A812 CACAPAVA_DO_SUL
91 A023 CAIAPONIA
95 A838 CAMAQUA
97 A897 CAMBARA_DO_SUL
102 A519 CAMPINA_VERDE
103 A884 CAMPO_BOM
104 A702 CAMPO_GRANDE
114 A879 CANELA
115 A811 CANGUCU
128 A742 CASSILANDIA
131 A819 CASTRO
138 A869 CIDADE_GAUCHA
139 A876 CLEVELANDIA
143 B806 COLOMBO
145 A520 CONCEICAO_DAS_ALAGOAS
151 A724 CORUMBA
153 A760 COSTA RICA
159 A853 CRUZ_ALTA
164 A807 CURITIBA
165 A860 CURITIBANOS
171 A848 DIONISIO_CERQUEIRA
175 A881 DOMVPEDRITO
178 A762 DRACENA
185 A828 ERECHIM
194 A806 FLORIANOPOLIS
201 A854 FREDERICO WESTPHALEN
205 A875 GENERAL_CARNEIRO
208 A002 GOIANIA
223 A883 IBIRUBA
231 A823 INACIO_MARTINS
232 A817 INDAIAL
242 A868 ITAJAI
247 A714 ITAPEVA
250 A851 ITAPOA
252 A752 ITAQUIRAI
257 A035 ITUMBIARA
258 A863 ITUPORANGA
260 A818 IVAI
263 A836 JAGUARA
268 A871 JAPIRA
270 A016 JATAI
272 A841 JOACABA
284 A844 LAGOA_VERMELHA
285 B804 LARANJEIRAS DO SUL
288 A727 LINS
291 A866 LAGUNA-FAROL_DE_SANTA_MARTA
299 A820 MAL._CANDIDO_RONDON
312 A763 MARILIA
313 A835 MARINGA
318 A026 MINEIROS
328 A873 MORRETES
329 A003 MORRINHOS
351 A716 OURINHOS
356 A856 PALMEIRA_DAS_MISSOES
363 A850 PARANAPOEMA
367 A027 PARAUNA
372 A839 PASSO_FUNDO
387 A033 PIRES_DO_RIO
391 A855 PLANALTO
394 A703 PONTA_PORA
397 A801 PORTO ALEGRE-JARDIM BOTANICO
407 A747 PRADOPOLIS
411 A707 PRESIDENTE_PRUDENTE
414 A831 QUARAI
419 A718 RANCHARIA
420 A870 RANCHO_QUEIMADO
428 A743 RIO_BRILHANTE
435 A802 RIO_GRANDE
436 A862 RIO_NEGRINHO
437 A813 RIO_PARDO
456 A803 SANTA_MARIA
460 A810 SANTA_ROSA
464 A804 SANTANA_DO_LIVRAMENTO
466 A833 SANTIAGO
468 A805 SANTO_AUGUSTO
469 A830 SAO_BORJA
473 A832 SAO_GABRIEL
478 A815 SAO_JOAQUIM
480 A829 SAO_JOSE_DOS_AUSENTES
484 A852 SAO_LUIZ_GONZAGA
486 A874 SAO_MATEUS_DO_SUL
497 A889 SAO_VICENTE DO SUL
501 A894 SERAFINA_CORREA
510 A754 SIDROLANDIA
512 A037 SILVANIA
515 A837 SOLEDADE
521 A899 SANTA_VITORIA_DO_PALMAR - BARRA_DO_CHUI
532 A808 TORRES
533 A834 TRAMANDAI
539 A768 TUPA
540 A886 TUPANCIRETA
543 A507 UBERLANDIA
548 A809 URUGUAIANA
549 A814 URUSSANGA
550 A880 VACARIA
554 A734 VALPARAISO
564 A858 XANXERE
1 SMN001 Aguapey
2 SMN002 Alto_Arapey
3 SMN003 Alto_Cuareim
4 SMN004 Alvear
5 SMN005 Arapey_Chico
6 SMN006 Arapey_Grande
7 SMN007 Arapey_Grande_Ruta_4
8 SMN008 Arerunguá
9 SMN009 Artigas
10 SMN010 Baibene
11 SMN011 Baltasar_Brum
12 SMN012 Belén
13 SMN013 Bernabé_Rivera
14 SMN014 Bonpland
15 SMN015 Catalán
16 SMN016 Catalán_Grande_rio
17 SMN017 Cazadores_Correntinos
18 SMN018 Cerro_Amarillo
19 SMN019 Cerro_Chato
20 SMN020 Chajarí
21 SMN021 Colonia_Lavalleja
22 SMN022 Colonia_Libertad
23 SMN023 Colonia_Palma
24 SMN024 Cuareim_Río
25 SMN025 Cuaró
26 SMN026 Cuchilla_de_Salto
27 SMN027 Curuzú_Cuatiá
28 SMN028 Dayman_Ruta_3
29 SMN029 Diego_Lamas
30 SMN030 El_Soberbio
31 SMN031 El_Trompo
32 SMN032 Espinillar
33 SMN033 Federación
34 SMN034 Garruchos
35 SMN035 Guaviyú_de_Arapey
36 SMN036 Itapebí
37 SMN037 Javier_de_Viana
38 SMN038 Loma_Alta
39 SMN039 Los_Conquistadores
40 SMN040 Meneses
41 SMN041 Miriñay_Medio
42 SMN042 Miriñay_Río
43 SMN043 Mocoretá_Lago
44 SMN044 Mocoreta_Medio
45 SMN045 Mocoretá_Río
46 SMN046 Monte_Caseros
47 SMN047 Paso_Campamento
48 SMN048 Paso_de_la_Cruz
49 SMN049 Paso_de_los_Libres
50 SMN050 Paso_del_León
51 SMN051 Paso_del_Remanso
52 SMN052 Paso_Farías
53 SMN053 Paso_Potrero
54 SMN054 Pepirí_Miní
55 SMN055 Puerto_Concordia
56 SMN056 Pujol
57 SMN057 Puntas_de_Valentín
58 SMN058 Queguay_Ruta_3
59 SMN059 Quintana
60 SMN060 Salto
61 SMN061 Salto_Grande
62 SMN062 San_Jaime
63 SMN063 San_Javier
64 SMN064 San_Roquito
65 SMN065 Santa_Ana
66 SMN066 Santo_Tomé
67 SMN067 Sarandí_de_Arapey
68 SMN068 Sequeira
69 SMN069 Solari
70 SMN070 Tomás_Gomensoro
71 SMN071 Uguay
72 SMN072 Yapeyú
1 SMN001 87582
2 SMN002 87585
3 SMN003 87222
4 SMN004 87257
5 SMN005 87395
6 SMN006 87344
7 SMN007 87345
8 SMN008 87166
9 SMN009 87571
10 SMN010 87576
11 SMN011 87162
12 SMN012 87497
13 SMN013 87097
14 SMN014 87305
15 SMN015 87046
16 SMN016 87548
17 SMN017 87593
18 SMN018 87007
19 SMN019 87217
20 SMN020 87534
21 SMN021 87078
22 SMN022 87467
23 SMN023 87418
24 SMN024 87420
25 SMN025 87393
26 SMN026 87016
27 SMN027 87374
28 SMN028 87289
29 SMN029 87349
30 SMN030 87178
31 SMN031 87270
32 SMN032 87155
33 SMN033 87453
34 SMN034 87480
35 SMN035 87047
36 SMN036 87311
37 SMN037 87436
38 SMN038 87416
40 SMN040 87509
41 SMN041 87129
42 SMN042 87371
43 SMN043 87022
44 SMN044 87211
45 SMN045 87328
46 SMN046 87448
47 SMN047 10067
48 SMN048 10358
49 SMN049 10423
50 SMN050 10901
52 SMN052 10444
53 SMN053 10903
54 SMN054 10904
56 SMN056 10502
57 SMN057 10906
59 SMN059 10114
60 SMN060 10145
61 SMN061 10908
62 SMN062 10909
63 SMN063 10910
67 SMN067 10912
68 SMN068 86330
69 SMN069 86580
70 SMN070 86560
71 SMN071 86530
73 SMN073 86440
74 SMN074 86490
76 SMN076 86430
77 SMN077 86585
78 SMN078 86350
79 SMN079 86565
80 SMN080 86360
81 SMN081 86500
82 SMN082 11014
84 SMN084 11016
85 SMN085 11017
87 SMN087 11019
88 SMN088 11020
89 SMN089 87121
93 SMN093 10550
94 SMN094 86068
95 SMN095 86086
96 SMN096 86097
97 SMN097 86128
98 SMN098 86134
99 SMN099 86185
100 SMN100 86192
101 SMN101 86210
102 SMN102 86218
103 SMN103 86233
104 SMN104 86234
105 SMN105 86255
106 SMN106 86260
107 SMN107 86268
108 SMN108 86285
109 SMN109 86297
/home/mda_silv/github_projects/fps_sesa/paper_cp/plot_maps_bias_sim_obs_sesa_pr_seas.py:388: MatplotlibDeprecationWarning: The get_cmap function was deprecated in Matplotlib 3.7 and will be removed in 3.11. Use ``matplotlib.colormaps[name]`` or ``matplotlib.colormaps.get_cmap()`` or ``pyplot.get_cmap()`` instead.
  cmap = cm.get_cmap('BrBG', 20)
5 A756 AGUA_CLARA
10 A826 ALEGRETE
16 A909 ALTO_ARAGUAIA
36 A867 ARARANGUA
46 A827 BAGE
58 A748 BARRETOS
61 A705 BAURU
67 A840 BENTO_GONCALVES
71 A845 BOM_JARDIM_DA_SERRA-MORRO_DA_IGREJA
87 A859 CACADOR
88 A812 CACAPAVA_DO_SUL
91 A023 CAIAPONIA
95 A838 CAMAQUA
97 A897 CAMBARA_DO_SUL
102 A519 CAMPINA_VERDE
103 A884 CAMPO_BOM
104 A702 CAMPO_GRANDE
114 A879 CANELA
115 A811 CANGUCU
128 A742 CASSILANDIA
131 A819 CASTRO
138 A869 CIDADE_GAUCHA
139 A876 CLEVELANDIA
143 B806 COLOMBO
145 A520 CONCEICAO_DAS_ALAGOAS
151 A724 CORUMBA
153 A760 COSTA RICA
159 A853 CRUZ_ALTA
164 A807 CURITIBA
165 A860 CURITIBANOS
171 A848 DIONISIO_CERQUEIRA
175 A881 DOMVPEDRITO
178 A762 DRACENA
185 A828 ERECHIM
194 A806 FLORIANOPOLIS
201 A854 FREDERICO WESTPHALEN
205 A875 GENERAL_CARNEIRO
208 A002 GOIANIA
223 A883 IBIRUBA
231 A823 INACIO_MARTINS
232 A817 INDAIAL
242 A868 ITAJAI
247 A714 ITAPEVA
250 A851 ITAPOA
252 A752 ITAQUIRAI
257 A035 ITUMBIARA
258 A863 ITUPORANGA
260 A818 IVAI
263 A836 JAGUARA
268 A871 JAPIRA
270 A016 JATAI
272 A841 JOACABA
284 A844 LAGOA_VERMELHA
285 B804 LARANJEIRAS DO SUL
288 A727 LINS
291 A866 LAGUNA-FAROL_DE_SANTA_MARTA
299 A820 MAL._CANDIDO_RONDON
312 A763 MARILIA
313 A835 MARINGA
318 A026 MINEIROS
328 A873 MORRETES
329 A003 MORRINHOS
351 A716 OURINHOS
356 A856 PALMEIRA_DAS_MISSOES
363 A850 PARANAPOEMA
367 A027 PARAUNA
372 A839 PASSO_FUNDO
387 A033 PIRES_DO_RIO
391 A855 PLANALTO
394 A703 PONTA_PORA
397 A801 PORTO ALEGRE-JARDIM BOTANICO
407 A747 PRADOPOLIS
411 A707 PRESIDENTE_PRUDENTE
414 A831 QUARAI
419 A718 RANCHARIA
420 A870 RANCHO_QUEIMADO
428 A743 RIO_BRILHANTE
435 A802 RIO_GRANDE
436 A862 RIO_NEGRINHO
437 A813 RIO_PARDO
456 A803 SANTA_MARIA
460 A810 SANTA_ROSA
464 A804 SANTANA_DO_LIVRAMENTO
466 A833 SANTIAGO
468 A805 SANTO_AUGUSTO
469 A830 SAO_BORJA
473 A832 SAO_GABRIEL
478 A815 SAO_JOAQUIM
480 A829 SAO_JOSE_DOS_AUSENTES
484 A852 SAO_LUIZ_GONZAGA
486 A874 SAO_MATEUS_DO_SUL
497 A889 SAO_VICENTE DO SUL
501 A894 SERAFINA_CORREA
510 A754 SIDROLANDIA
512 A037 SILVANIA
515 A837 SOLEDADE
521 A899 SANTA_VITORIA_DO_PALMAR - BARRA_DO_CHUI
532 A808 TORRES
533 A834 TRAMANDAI
539 A768 TUPA
540 A886 TUPANCIRETA
543 A507 UBERLANDIA
548 A809 URUGUAIANA
549 A814 URUSSANGA
550 A880 VACARIA
554 A734 VALPARAISO
564 A858 XANXERE
1 SMN001 Aguapey
2 SMN002 Alto_Arapey
3 SMN003 Alto_Cuareim
4 SMN004 Alvear
5 SMN005 Arapey_Chico
6 SMN006 Arapey_Grande
7 SMN007 Arapey_Grande_Ruta_4
8 SMN008 Arerunguá
9 SMN009 Artigas
10 SMN010 Baibene
11 SMN011 Baltasar_Brum
12 SMN012 Belén
13 SMN013 Bernabé_Rivera
14 SMN014 Bonpland
15 SMN015 Catalán
16 SMN016 Catalán_Grande_rio
17 SMN017 Cazadores_Correntinos
18 SMN018 Cerro_Amarillo
19 SMN019 Cerro_Chato
20 SMN020 Chajarí
21 SMN021 Colonia_Lavalleja
22 SMN022 Colonia_Libertad
23 SMN023 Colonia_Palma
24 SMN024 Cuareim_Río
25 SMN025 Cuaró
26 SMN026 Cuchilla_de_Salto
27 SMN027 Curuzú_Cuatiá
28 SMN028 Dayman_Ruta_3
29 SMN029 Diego_Lamas
30 SMN030 El_Soberbio
31 SMN031 El_Trompo
32 SMN032 Espinillar
33 SMN033 Federación
34 SMN034 Garruchos
35 SMN035 Guaviyú_de_Arapey
36 SMN036 Itapebí
37 SMN037 Javier_de_Viana
38 SMN038 Loma_Alta
39 SMN039 Los_Conquistadores
40 SMN040 Meneses
41 SMN041 Miriñay_Medio
42 SMN042 Miriñay_Río
43 SMN043 Mocoretá_Lago
44 SMN044 Mocoreta_Medio
45 SMN045 Mocoretá_Río
46 SMN046 Monte_Caseros
47 SMN047 Paso_Campamento
48 SMN048 Paso_de_la_Cruz
49 SMN049 Paso_de_los_Libres
50 SMN050 Paso_del_León
51 SMN051 Paso_del_Remanso
52 SMN052 Paso_Farías
53 SMN053 Paso_Potrero
54 SMN054 Pepirí_Miní
55 SMN055 Puerto_Concordia
56 SMN056 Pujol
57 SMN057 Puntas_de_Valentín
58 SMN058 Queguay_Ruta_3
59 SMN059 Quintana
60 SMN060 Salto
61 SMN061 Salto_Grande
62 SMN062 San_Jaime
63 SMN063 San_Javier
64 SMN064 San_Roquito
65 SMN065 Santa_Ana
66 SMN066 Santo_Tomé
67 SMN067 Sarandí_de_Arapey
68 SMN068 Sequeira
69 SMN069 Solari
70 SMN070 Tomás_Gomensoro
71 SMN071 Uguay
72 SMN072 Yapeyú
1 SMN001 87582
2 SMN002 87585
3 SMN003 87222
4 SMN004 87257
5 SMN005 87395
6 SMN006 87344
7 SMN007 87345
8 SMN008 87166
9 SMN009 87571
10 SMN010 87576
11 SMN011 87162
12 SMN012 87497
13 SMN013 87097
14 SMN014 87305
15 SMN015 87046
16 SMN016 87548
17 SMN017 87593
18 SMN018 87007
19 SMN019 87217
20 SMN020 87534
21 SMN021 87078
22 SMN022 87467
23 SMN023 87418
24 SMN024 87420
25 SMN025 87393
26 SMN026 87016
27 SMN027 87374
28 SMN028 87289
29 SMN029 87349
30 SMN030 87178
31 SMN031 87270
32 SMN032 87155
33 SMN033 87453
34 SMN034 87480
35 SMN035 87047
36 SMN036 87311
37 SMN037 87436
38 SMN038 87416
40 SMN040 87509
41 SMN041 87129
42 SMN042 87371
43 SMN043 87022
44 SMN044 87211
45 SMN045 87328
46 SMN046 87448
47 SMN047 10067
48 SMN048 10358
49 SMN049 10423
50 SMN050 10901
52 SMN052 10444
53 SMN053 10903
54 SMN054 10904
56 SMN056 10502
57 SMN057 10906
59 SMN059 10114
60 SMN060 10145
61 SMN061 10908
62 SMN062 10909
63 SMN063 10910
67 SMN067 10912
68 SMN068 86330
69 SMN069 86580
70 SMN070 86560
71 SMN071 86530
73 SMN073 86440
74 SMN074 86490
76 SMN076 86430
77 SMN077 86585
78 SMN078 86350
79 SMN079 86565
80 SMN080 86360
81 SMN081 86500
82 SMN082 11014
84 SMN084 11016
85 SMN085 11017
87 SMN087 11019
88 SMN088 11020
89 SMN089 87121
93 SMN093 10550
94 SMN094 86068
95 SMN095 86086
96 SMN096 86097
97 SMN097 86128
98 SMN098 86134
99 SMN099 86185
100 SMN100 86192
101 SMN101 86210
102 SMN102 86218
103 SMN103 86233
104 SMN104 86234
105 SMN105 86255
106 SMN106 86260
107 SMN107 86268
108 SMN108 86285
109 SMN109 86297
/home/mda_silv/github_projects/fps_sesa/paper_cp/plot_maps_bias_sim_obs_sesa_t2m_uv10.py:223: MatplotlibDeprecationWarning: The get_cmap function was deprecated in Matplotlib 3.7 and will be removed in 3.11. Use ``matplotlib.colormaps[name]`` or ``matplotlib.colormaps.get_cmap()`` or ``pyplot.get_cmap()`` instead.
  cmap = cm.get_cmap('bwr', 20)
5 A756 AGUA_CLARA
10 A826 ALEGRETE
16 A909 ALTO_ARAGUAIA
36 A867 ARARANGUA
46 A827 BAGE
58 A748 BARRETOS
61 A705 BAURU
67 A840 BENTO_GONCALVES
71 A845 BOM_JARDIM_DA_SERRA-MORRO_DA_IGREJA
87 A859 CACADOR
88 A812 CACAPAVA_DO_SUL
91 A023 CAIAPONIA
95 A838 CAMAQUA
97 A897 CAMBARA_DO_SUL
102 A519 CAMPINA_VERDE
103 A884 CAMPO_BOM
104 A702 CAMPO_GRANDE
114 A879 CANELA
115 A811 CANGUCU
128 A742 CASSILANDIA
131 A819 CASTRO
138 A869 CIDADE_GAUCHA
139 A876 CLEVELANDIA
143 B806 COLOMBO
145 A520 CONCEICAO_DAS_ALAGOAS
151 A724 CORUMBA
153 A760 COSTA RICA
159 A853 CRUZ_ALTA
164 A807 CURITIBA
165 A860 CURITIBANOS
171 A848 DIONISIO_CERQUEIRA
175 A881 DOMVPEDRITO
178 A762 DRACENA
185 A828 ERECHIM
194 A806 FLORIANOPOLIS
201 A854 FREDERICO WESTPHALEN
205 A875 GENERAL_CARNEIRO
208 A002 GOIANIA
223 A883 IBIRUBA
231 A823 INACIO_MARTINS
232 A817 INDAIAL
242 A868 ITAJAI
247 A714 ITAPEVA
250 A851 ITAPOA
252 A752 ITAQUIRAI
257 A035 ITUMBIARA
258 A863 ITUPORANGA
260 A818 IVAI
263 A836 JAGUARA
268 A871 JAPIRA
270 A016 JATAI
272 A841 JOACABA
284 A844 LAGOA_VERMELHA
285 B804 LARANJEIRAS DO SUL
288 A727 LINS
291 A866 LAGUNA-FAROL_DE_SANTA_MARTA
299 A820 MAL._CANDIDO_RONDON
312 A763 MARILIA
313 A835 MARINGA
318 A026 MINEIROS
328 A873 MORRETES
329 A003 MORRINHOS
351 A716 OURINHOS
356 A856 PALMEIRA_DAS_MISSOES
363 A850 PARANAPOEMA
367 A027 PARAUNA
372 A839 PASSO_FUNDO
387 A033 PIRES_DO_RIO
391 A855 PLANALTO
394 A703 PONTA_PORA
397 A801 PORTO ALEGRE-JARDIM BOTANICO
407 A747 PRADOPOLIS
411 A707 PRESIDENTE_PRUDENTE
414 A831 QUARAI
419 A718 RANCHARIA
420 A870 RANCHO_QUEIMADO
428 A743 RIO_BRILHANTE
435 A802 RIO_GRANDE
436 A862 RIO_NEGRINHO
437 A813 RIO_PARDO
456 A803 SANTA_MARIA
460 A810 SANTA_ROSA
464 A804 SANTANA_DO_LIVRAMENTO
466 A833 SANTIAGO
468 A805 SANTO_AUGUSTO
469 A830 SAO_BORJA
473 A832 SAO_GABRIEL
478 A815 SAO_JOAQUIM
480 A829 SAO_JOSE_DOS_AUSENTES
484 A852 SAO_LUIZ_GONZAGA
486 A874 SAO_MATEUS_DO_SUL
497 A889 SAO_VICENTE DO SUL
501 A894 SERAFINA_CORREA
510 A754 SIDROLANDIA
512 A037 SILVANIA
515 A837 SOLEDADE
521 A899 SANTA_VITORIA_DO_PALMAR - BARRA_DO_CHUI
532 A808 TORRES
533 A834 TRAMANDAI
539 A768 TUPA
540 A886 TUPANCIRETA
543 A507 UBERLANDIA
548 A809 URUGUAIANA
549 A814 URUSSANGA
550 A880 VACARIA
554 A734 VALPARAISO
564 A858 XANXERE
/home/mda_silv/github_projects/fps_sesa/paper_cp/plot_maps_bias_sim_obs_sesa_t2m_uv10_seas.py:237: MatplotlibDeprecationWarning: The get_cmap function was deprecated in Matplotlib 3.7 and will be removed in 3.11. Use ``matplotlib.colormaps[name]`` or ``matplotlib.colormaps.get_cmap()`` or ``pyplot.get_cmap()`` instead.
  cmap = cm.get_cmap('bwr', 20)
5 A756 AGUA_CLARA
10 A826 ALEGRETE
16 A909 ALTO_ARAGUAIA
36 A867 ARARANGUA
46 A827 BAGE
58 A748 BARRETOS
61 A705 BAURU
67 A840 BENTO_GONCALVES
71 A845 BOM_JARDIM_DA_SERRA-MORRO_DA_IGREJA
87 A859 CACADOR
88 A812 CACAPAVA_DO_SUL
91 A023 CAIAPONIA
95 A838 CAMAQUA
97 A897 CAMBARA_DO_SUL
102 A519 CAMPINA_VERDE
103 A884 CAMPO_BOM
104 A702 CAMPO_GRANDE
114 A879 CANELA
115 A811 CANGUCU
128 A742 CASSILANDIA
131 A819 CASTRO
138 A869 CIDADE_GAUCHA
139 A876 CLEVELANDIA
143 B806 COLOMBO
145 A520 CONCEICAO_DAS_ALAGOAS
151 A724 CORUMBA
153 A760 COSTA RICA
159 A853 CRUZ_ALTA
164 A807 CURITIBA
165 A860 CURITIBANOS
171 A848 DIONISIO_CERQUEIRA
175 A881 DOMVPEDRITO
178 A762 DRACENA
185 A828 ERECHIM
194 A806 FLORIANOPOLIS
201 A854 FREDERICO WESTPHALEN
205 A875 GENERAL_CARNEIRO
208 A002 GOIANIA
223 A883 IBIRUBA
231 A823 INACIO_MARTINS
232 A817 INDAIAL
242 A868 ITAJAI
247 A714 ITAPEVA
250 A851 ITAPOA
252 A752 ITAQUIRAI
257 A035 ITUMBIARA
258 A863 ITUPORANGA
260 A818 IVAI
263 A836 JAGUARA
268 A871 JAPIRA
270 A016 JATAI
272 A841 JOACABA
284 A844 LAGOA_VERMELHA
285 B804 LARANJEIRAS DO SUL
288 A727 LINS
291 A866 LAGUNA-FAROL_DE_SANTA_MARTA
299 A820 MAL._CANDIDO_RONDON
312 A763 MARILIA
313 A835 MARINGA
318 A026 MINEIROS
328 A873 MORRETES
329 A003 MORRINHOS
351 A716 OURINHOS
356 A856 PALMEIRA_DAS_MISSOES
363 A850 PARANAPOEMA
367 A027 PARAUNA
372 A839 PASSO_FUNDO
387 A033 PIRES_DO_RIO
391 A855 PLANALTO
394 A703 PONTA_PORA
397 A801 PORTO ALEGRE-JARDIM BOTANICO
407 A747 PRADOPOLIS
411 A707 PRESIDENTE_PRUDENTE
414 A831 QUARAI
419 A718 RANCHARIA
420 A870 RANCHO_QUEIMADO
428 A743 RIO_BRILHANTE
435 A802 RIO_GRANDE
436 A862 RIO_NEGRINHO
437 A813 RIO_PARDO
456 A803 SANTA_MARIA
460 A810 SANTA_ROSA
464 A804 SANTANA_DO_LIVRAMENTO
466 A833 SANTIAGO
468 A805 SANTO_AUGUSTO
469 A830 SAO_BORJA
473 A832 SAO_GABRIEL
478 A815 SAO_JOAQUIM
480 A829 SAO_JOSE_DOS_AUSENTES
484 A852 SAO_LUIZ_GONZAGA
486 A874 SAO_MATEUS_DO_SUL
497 A889 SAO_VICENTE DO SUL
501 A894 SERAFINA_CORREA
510 A754 SIDROLANDIA
512 A037 SILVANIA
515 A837 SOLEDADE
521 A899 SANTA_VITORIA_DO_PALMAR - BARRA_DO_CHUI
532 A808 TORRES
533 A834 TRAMANDAI
539 A768 TUPA
540 A886 TUPANCIRETA
543 A507 UBERLANDIA
548 A809 URUGUAIANA
549 A814 URUSSANGA
550 A880 VACARIA
554 A734 VALPARAISO
564 A858 XANXERE
/home/mda_silv/github_projects/fps_sesa/paper_cp/plot_maps_bias_sim_obs_sesa_t2m_uv10_seas.py:237: MatplotlibDeprecationWarning: The get_cmap function was deprecated in Matplotlib 3.7 and will be removed in 3.11. Use ``matplotlib.colormaps[name]`` or ``matplotlib.colormaps.get_cmap()`` or ``pyplot.get_cmap()`` instead.
  cmap = cm.get_cmap('bwr', 20)
5 A756 AGUA_CLARA
10 A826 ALEGRETE
16 A909 ALTO_ARAGUAIA
36 A867 ARARANGUA
46 A827 BAGE
58 A748 BARRETOS
61 A705 BAURU
67 A840 BENTO_GONCALVES
71 A845 BOM_JARDIM_DA_SERRA-MORRO_DA_IGREJA
87 A859 CACADOR
88 A812 CACAPAVA_DO_SUL
91 A023 CAIAPONIA
95 A838 CAMAQUA
97 A897 CAMBARA_DO_SUL
102 A519 CAMPINA_VERDE
103 A884 CAMPO_BOM
104 A702 CAMPO_GRANDE
114 A879 CANELA
115 A811 CANGUCU
128 A742 CASSILANDIA
131 A819 CASTRO
138 A869 CIDADE_GAUCHA
139 A876 CLEVELANDIA
143 B806 COLOMBO
145 A520 CONCEICAO_DAS_ALAGOAS
151 A724 CORUMBA
153 A760 COSTA RICA
159 A853 CRUZ_ALTA
164 A807 CURITIBA
165 A860 CURITIBANOS
171 A848 DIONISIO_CERQUEIRA
175 A881 DOMVPEDRITO
178 A762 DRACENA
185 A828 ERECHIM
194 A806 FLORIANOPOLIS
201 A854 FREDERICO WESTPHALEN
205 A875 GENERAL_CARNEIRO
208 A002 GOIANIA
223 A883 IBIRUBA
231 A823 INACIO_MARTINS
232 A817 INDAIAL
242 A868 ITAJAI
247 A714 ITAPEVA
250 A851 ITAPOA
252 A752 ITAQUIRAI
257 A035 ITUMBIARA
258 A863 ITUPORANGA
260 A818 IVAI
263 A836 JAGUARA
268 A871 JAPIRA
270 A016 JATAI
272 A841 JOACABA
284 A844 LAGOA_VERMELHA
285 B804 LARANJEIRAS DO SUL
288 A727 LINS
291 A866 LAGUNA-FAROL_DE_SANTA_MARTA
299 A820 MAL._CANDIDO_RONDON
312 A763 MARILIA
313 A835 MARINGA
318 A026 MINEIROS
328 A873 MORRETES
329 A003 MORRINHOS
351 A716 OURINHOS
356 A856 PALMEIRA_DAS_MISSOES
363 A850 PARANAPOEMA
367 A027 PARAUNA
372 A839 PASSO_FUNDO
387 A033 PIRES_DO_RIO
391 A855 PLANALTO
394 A703 PONTA_PORA
397 A801 PORTO ALEGRE-JARDIM BOTANICO
407 A747 PRADOPOLIS
411 A707 PRESIDENTE_PRUDENTE
414 A831 QUARAI
419 A718 RANCHARIA
420 A870 RANCHO_QUEIMADO
428 A743 RIO_BRILHANTE
435 A802 RIO_GRANDE
436 A862 RIO_NEGRINHO
437 A813 RIO_PARDO
456 A803 SANTA_MARIA
460 A810 SANTA_ROSA
464 A804 SANTANA_DO_LIVRAMENTO
466 A833 SANTIAGO
468 A805 SANTO_AUGUSTO
469 A830 SAO_BORJA
473 A832 SAO_GABRIEL
478 A815 SAO_JOAQUIM
480 A829 SAO_JOSE_DOS_AUSENTES
484 A852 SAO_LUIZ_GONZAGA
486 A874 SAO_MATEUS_DO_SUL
497 A889 SAO_VICENTE DO SUL
501 A894 SERAFINA_CORREA
510 A754 SIDROLANDIA
512 A037 SILVANIA
515 A837 SOLEDADE
521 A899 SANTA_VITORIA_DO_PALMAR - BARRA_DO_CHUI
532 A808 TORRES
533 A834 TRAMANDAI
539 A768 TUPA
540 A886 TUPANCIRETA
543 A507 UBERLANDIA
548 A809 URUGUAIANA
549 A814 URUSSANGA
550 A880 VACARIA
554 A734 VALPARAISO
564 A858 XANXERE
/home/mda_silv/github_projects/fps_sesa/paper_cp/plot_maps_bias_sim_obs_sesa_t2m_uv10.py:230: MatplotlibDeprecationWarning: The get_cmap function was deprecated in Matplotlib 3.7 and will be removed in 3.11. Use ``matplotlib.colormaps[name]`` or ``matplotlib.colormaps.get_cmap()`` or ``pyplot.get_cmap()`` instead.
  cmap = cm.get_cmap('PRGn', 20)
5 A756 AGUA_CLARA
10 A826 ALEGRETE
16 A909 ALTO_ARAGUAIA
36 A867 ARARANGUA
46 A827 BAGE
58 A748 BARRETOS
61 A705 BAURU
67 A840 BENTO_GONCALVES
71 A845 BOM_JARDIM_DA_SERRA-MORRO_DA_IGREJA
87 A859 CACADOR
88 A812 CACAPAVA_DO_SUL
91 A023 CAIAPONIA
95 A838 CAMAQUA
97 A897 CAMBARA_DO_SUL
102 A519 CAMPINA_VERDE
103 A884 CAMPO_BOM
104 A702 CAMPO_GRANDE
114 A879 CANELA
115 A811 CANGUCU
128 A742 CASSILANDIA
131 A819 CASTRO
138 A869 CIDADE_GAUCHA
139 A876 CLEVELANDIA
143 B806 COLOMBO
145 A520 CONCEICAO_DAS_ALAGOAS
151 A724 CORUMBA
153 A760 COSTA RICA
159 A853 CRUZ_ALTA
164 A807 CURITIBA
165 A860 CURITIBANOS
171 A848 DIONISIO_CERQUEIRA
175 A881 DOMVPEDRITO
178 A762 DRACENA
185 A828 ERECHIM
194 A806 FLORIANOPOLIS
201 A854 FREDERICO WESTPHALEN
205 A875 GENERAL_CARNEIRO
208 A002 GOIANIA
223 A883 IBIRUBA
231 A823 INACIO_MARTINS
232 A817 INDAIAL
242 A868 ITAJAI
247 A714 ITAPEVA
250 A851 ITAPOA
252 A752 ITAQUIRAI
257 A035 ITUMBIARA
258 A863 ITUPORANGA
260 A818 IVAI
263 A836 JAGUARA
268 A871 JAPIRA
270 A016 JATAI
272 A841 JOACABA
284 A844 LAGOA_VERMELHA
285 B804 LARANJEIRAS DO SUL
288 A727 LINS
291 A866 LAGUNA-FAROL_DE_SANTA_MARTA
299 A820 MAL._CANDIDO_RONDON
312 A763 MARILIA
313 A835 MARINGA
318 A026 MINEIROS
328 A873 MORRETES
329 A003 MORRINHOS
351 A716 OURINHOS
356 A856 PALMEIRA_DAS_MISSOES
363 A850 PARANAPOEMA
367 A027 PARAUNA
372 A839 PASSO_FUNDO
387 A033 PIRES_DO_RIO
391 A855 PLANALTO
394 A703 PONTA_PORA
397 A801 PORTO ALEGRE-JARDIM BOTANICO
407 A747 PRADOPOLIS
411 A707 PRESIDENTE_PRUDENTE
414 A831 QUARAI
419 A718 RANCHARIA
420 A870 RANCHO_QUEIMADO
428 A743 RIO_BRILHANTE
435 A802 RIO_GRANDE
436 A862 RIO_NEGRINHO
437 A813 RIO_PARDO
456 A803 SANTA_MARIA
460 A810 SANTA_ROSA
464 A804 SANTANA_DO_LIVRAMENTO
466 A833 SANTIAGO
468 A805 SANTO_AUGUSTO
469 A830 SAO_BORJA
473 A832 SAO_GABRIEL
478 A815 SAO_JOAQUIM
480 A829 SAO_JOSE_DOS_AUSENTES
484 A852 SAO_LUIZ_GONZAGA
486 A874 SAO_MATEUS_DO_SUL
497 A889 SAO_VICENTE DO SUL
501 A894 SERAFINA_CORREA
510 A754 SIDROLANDIA
512 A037 SILVANIA
515 A837 SOLEDADE
521 A899 SANTA_VITORIA_DO_PALMAR - BARRA_DO_CHUI
532 A808 TORRES
533 A834 TRAMANDAI
539 A768 TUPA
540 A886 TUPANCIRETA
543 A507 UBERLANDIA
548 A809 URUGUAIANA
549 A814 URUSSANGA
550 A880 VACARIA
554 A734 VALPARAISO
564 A858 XANXERE
/home/mda_silv/github_projects/fps_sesa/paper_cp/plot_maps_bias_sim_obs_sesa_t2m_uv10_seas.py:244: MatplotlibDeprecationWarning: The get_cmap function was deprecated in Matplotlib 3.7 and will be removed in 3.11. Use ``matplotlib.colormaps[name]`` or ``matplotlib.colormaps.get_cmap()`` or ``pyplot.get_cmap()`` instead.
  cmap = cm.get_cmap('PRGn', 20)
5 A756 AGUA_CLARA
10 A826 ALEGRETE
16 A909 ALTO_ARAGUAIA
36 A867 ARARANGUA
46 A827 BAGE
58 A748 BARRETOS
61 A705 BAURU
67 A840 BENTO_GONCALVES
71 A845 BOM_JARDIM_DA_SERRA-MORRO_DA_IGREJA
87 A859 CACADOR
88 A812 CACAPAVA_DO_SUL
91 A023 CAIAPONIA
95 A838 CAMAQUA
97 A897 CAMBARA_DO_SUL
102 A519 CAMPINA_VERDE
103 A884 CAMPO_BOM
104 A702 CAMPO_GRANDE
114 A879 CANELA
115 A811 CANGUCU
128 A742 CASSILANDIA
131 A819 CASTRO
138 A869 CIDADE_GAUCHA
139 A876 CLEVELANDIA
143 B806 COLOMBO
145 A520 CONCEICAO_DAS_ALAGOAS
151 A724 CORUMBA
153 A760 COSTA RICA
159 A853 CRUZ_ALTA
164 A807 CURITIBA
165 A860 CURITIBANOS
171 A848 DIONISIO_CERQUEIRA
175 A881 DOMVPEDRITO
178 A762 DRACENA
185 A828 ERECHIM
194 A806 FLORIANOPOLIS
201 A854 FREDERICO WESTPHALEN
205 A875 GENERAL_CARNEIRO
208 A002 GOIANIA
223 A883 IBIRUBA
231 A823 INACIO_MARTINS
232 A817 INDAIAL
242 A868 ITAJAI
247 A714 ITAPEVA
250 A851 ITAPOA
252 A752 ITAQUIRAI
257 A035 ITUMBIARA
258 A863 ITUPORANGA
260 A818 IVAI
263 A836 JAGUARA
268 A871 JAPIRA
270 A016 JATAI
272 A841 JOACABA
284 A844 LAGOA_VERMELHA
285 B804 LARANJEIRAS DO SUL
288 A727 LINS
291 A866 LAGUNA-FAROL_DE_SANTA_MARTA
299 A820 MAL._CANDIDO_RONDON
312 A763 MARILIA
313 A835 MARINGA
318 A026 MINEIROS
328 A873 MORRETES
329 A003 MORRINHOS
351 A716 OURINHOS
356 A856 PALMEIRA_DAS_MISSOES
363 A850 PARANAPOEMA
367 A027 PARAUNA
372 A839 PASSO_FUNDO
387 A033 PIRES_DO_RIO
391 A855 PLANALTO
394 A703 PONTA_PORA
397 A801 PORTO ALEGRE-JARDIM BOTANICO
407 A747 PRADOPOLIS
411 A707 PRESIDENTE_PRUDENTE
414 A831 QUARAI
419 A718 RANCHARIA
420 A870 RANCHO_QUEIMADO
428 A743 RIO_BRILHANTE
435 A802 RIO_GRANDE
436 A862 RIO_NEGRINHO
437 A813 RIO_PARDO
456 A803 SANTA_MARIA
460 A810 SANTA_ROSA
464 A804 SANTANA_DO_LIVRAMENTO
466 A833 SANTIAGO
468 A805 SANTO_AUGUSTO
469 A830 SAO_BORJA
473 A832 SAO_GABRIEL
478 A815 SAO_JOAQUIM
480 A829 SAO_JOSE_DOS_AUSENTES
484 A852 SAO_LUIZ_GONZAGA
486 A874 SAO_MATEUS_DO_SUL
497 A889 SAO_VICENTE DO SUL
501 A894 SERAFINA_CORREA
510 A754 SIDROLANDIA
512 A037 SILVANIA
515 A837 SOLEDADE
521 A899 SANTA_VITORIA_DO_PALMAR - BARRA_DO_CHUI
532 A808 TORRES
533 A834 TRAMANDAI
539 A768 TUPA
540 A886 TUPANCIRETA
543 A507 UBERLANDIA
548 A809 URUGUAIANA
549 A814 URUSSANGA
550 A880 VACARIA
554 A734 VALPARAISO
564 A858 XANXERE
/home/mda_silv/github_projects/fps_sesa/paper_cp/plot_maps_bias_sim_obs_sesa_t2m_uv10_seas.py:244: MatplotlibDeprecationWarning: The get_cmap function was deprecated in Matplotlib 3.7 and will be removed in 3.11. Use ``matplotlib.colormaps[name]`` or ``matplotlib.colormaps.get_cmap()`` or ``pyplot.get_cmap()`` instead.
  cmap = cm.get_cmap('PRGn', 20)
5 A756 AGUA_CLARA
10 A826 ALEGRETE
16 A909 ALTO_ARAGUAIA
36 A867 ARARANGUA
46 A827 BAGE
58 A748 BARRETOS
61 A705 BAURU
67 A840 BENTO_GONCALVES
71 A845 BOM_JARDIM_DA_SERRA-MORRO_DA_IGREJA
87 A859 CACADOR
88 A812 CACAPAVA_DO_SUL
91 A023 CAIAPONIA
95 A838 CAMAQUA
97 A897 CAMBARA_DO_SUL
102 A519 CAMPINA_VERDE
103 A884 CAMPO_BOM
104 A702 CAMPO_GRANDE
114 A879 CANELA
115 A811 CANGUCU
128 A742 CASSILANDIA
131 A819 CASTRO
138 A869 CIDADE_GAUCHA
139 A876 CLEVELANDIA
143 B806 COLOMBO
145 A520 CONCEICAO_DAS_ALAGOAS
151 A724 CORUMBA
153 A760 COSTA RICA
159 A853 CRUZ_ALTA
164 A807 CURITIBA
165 A860 CURITIBANOS
171 A848 DIONISIO_CERQUEIRA
175 A881 DOMVPEDRITO
178 A762 DRACENA
185 A828 ERECHIM
194 A806 FLORIANOPOLIS
201 A854 FREDERICO WESTPHALEN
205 A875 GENERAL_CARNEIRO
208 A002 GOIANIA
223 A883 IBIRUBA
231 A823 INACIO_MARTINS
232 A817 INDAIAL
242 A868 ITAJAI
247 A714 ITAPEVA
250 A851 ITAPOA
252 A752 ITAQUIRAI
257 A035 ITUMBIARA
258 A863 ITUPORANGA
260 A818 IVAI
263 A836 JAGUARA
268 A871 JAPIRA
270 A016 JATAI
272 A841 JOACABA
284 A844 LAGOA_VERMELHA
285 B804 LARANJEIRAS DO SUL
288 A727 LINS
291 A866 LAGUNA-FAROL_DE_SANTA_MARTA
299 A820 MAL._CANDIDO_RONDON
312 A763 MARILIA
313 A835 MARINGA
318 A026 MINEIROS
328 A873 MORRETES
329 A003 MORRINHOS
351 A716 OURINHOS
356 A856 PALMEIRA_DAS_MISSOES
363 A850 PARANAPOEMA
367 A027 PARAUNA
372 A839 PASSO_FUNDO
387 A033 PIRES_DO_RIO
391 A855 PLANALTO
394 A703 PONTA_PORA
397 A801 PORTO ALEGRE-JARDIM BOTANICO
407 A747 PRADOPOLIS
411 A707 PRESIDENTE_PRUDENTE
414 A831 QUARAI
419 A718 RANCHARIA
420 A870 RANCHO_QUEIMADO
428 A743 RIO_BRILHANTE
435 A802 RIO_GRANDE
436 A862 RIO_NEGRINHO
437 A813 RIO_PARDO
456 A803 SANTA_MARIA
460 A810 SANTA_ROSA
464 A804 SANTANA_DO_LIVRAMENTO
466 A833 SANTIAGO
468 A805 SANTO_AUGUSTO
469 A830 SAO_BORJA
473 A832 SAO_GABRIEL
478 A815 SAO_JOAQUIM
480 A829 SAO_JOSE_DOS_AUSENTES
484 A852 SAO_LUIZ_GONZAGA
486 A874 SAO_MATEUS_DO_SUL
497 A889 SAO_VICENTE DO SUL
501 A894 SERAFINA_CORREA
510 A754 SIDROLANDIA
512 A037 SILVANIA
515 A837 SOLEDADE
521 A899 SANTA_VITORIA_DO_PALMAR - BARRA_DO_CHUI
532 A808 TORRES
533 A834 TRAMANDAI
539 A768 TUPA
540 A886 TUPANCIRETA
543 A507 UBERLANDIA
548 A809 URUGUAIANA
549 A814 URUSSANGA
550 A880 VACARIA
554 A734 VALPARAISO
564 A858 XANXERE
