5 A756 AGUA_CLARA
10 A826 ALEGRETE
16 A909 ALTO_ARAGUAIA
36 A867 ARARANGUA
46 A827 BAGE
58 A748 BARRETOS
61 A705 BAURU
67 A840 BENTO_GONCALVES
71 A845 BOM_JARDIM_DA_SERRA-MORRO_DA_IGREJA
87 A859 CACADOR
88 A812 CACAPAVA_DO_SUL
91 A023 CAIAPONIA
95 A838 CAMAQUA
97 A897 CAMBARA_DO_SUL
102 A519 CAMPINA_VERDE
103 A884 CAMPO_BOM
104 A702 CAMPO_GRANDE
114 A879 CANELA
115 A811 CANGUCU
128 A742 CASSILANDIA
131 A819 CASTRO
138 A869 CIDADE_GAUCHA
139 A876 CLEVELANDIA
143 B806 COLOMBO
145 A520 CONCEICAO_DAS_ALAGOAS
151 A724 CORUMBA
153 A760 COSTA RICA
159 A853 CRUZ_ALTA
164 A807 CURITIBA
165 A860 CURITIBANOS
171 A848 DIONISIO_CERQUEIRA
175 A881 DOMVPEDRITO
178 A762 DRACENA
185 A828 ERECHIM
194 A806 FLORIANOPOLIS
201 A854 FREDERICO WESTPHALEN
205 A875 GENERAL_CARNEIRO
208 A002 GOIANIA
223 A883 IBIRUBA
231 A823 INACIO_MARTINS
232 A817 INDAIAL
242 A868 ITAJAI
247 A714 ITAPEVA
250 A851 ITAPOA
252 A752 ITAQUIRAI
257 A035 ITUMBIARA
258 A863 ITUPORANGA
260 A818 IVAI
263 A836 JAGUARA
268 A871 JAPIRA
270 A016 JATAI
272 A841 JOACABA
284 A844 LAGOA_VERMELHA
285 B804 LARANJEIRAS DO SUL
288 A727 LINS
291 A866 LAGUNA-FAROL_DE_SANTA_MARTA
299 A820 MAL._CANDIDO_RONDON
312 A763 MARILIA
313 A835 MARINGA
318 A026 MINEIROS
328 A873 MORRETES
329 A003 MORRINHOS
351 A716 OURINHOS
356 A856 PALMEIRA_DAS_MISSOES
363 A850 PARANAPOEMA
367 A027 PARAUNA
372 A839 PASSO_FUNDO
387 A033 PIRES_DO_RIO
391 A855 PLANALTO
394 A703 PONTA_PORA
397 A801 PORTO ALEGRE-JARDIM BOTANICO
407 A747 PRADOPOLIS
411 A707 PRESIDENTE_PRUDENTE
414 A831 QUARAI
419 A718 RANCHARIA
420 A870 RANCHO_QUEIMADO
428 A743 RIO_BRILHANTE
435 A802 RIO_GRANDE
436 A862 RIO_NEGRINHO
437 A813 RIO_PARDO
456 A803 SANTA_MARIA
460 A810 SANTA_ROSA
464 A804 SANTANA_DO_LIVRAMENTO
466 A833 SANTIAGO
468 A805 SANTO_AUGUSTO
469 A830 SAO_BORJA
473 A832 SAO_GABRIEL
478 A815 SAO_JOAQUIM
480 A829 SAO_JOSE_DOS_AUSENTES
484 A852 SAO_LUIZ_GONZAGA
486 A874 SAO_MATEUS_DO_SUL
497 A889 SAO_VICENTE DO SUL
501 A894 SERAFINA_CORREA
510 A754 SIDROLANDIA
512 A037 SILVANIA
515 A837 SOLEDADE
521 A899 SANTA_VITORIA_DO_PALMAR - BARRA_DO_CHUI
532 A808 TORRES
533 A834 TRAMANDAI
539 A768 TUPA
540 A886 TUPANCIRETA
543 A507 UBERLANDIA
548 A809 URUGUAIANA
549 A814 URUSSANGA
550 A880 VACARIA
554 A734 VALPARAISO
564 A858 XANXERE
1 SMN001 Aguapey
2 SMN002 Alto_Arapey
3 SMN003 Alto_Cuareim
4 SMN004 Alvear
5 SMN005 Arapey_Chico
6 SMN006 Arapey_Grande
7 SMN007 Arapey_Grande_Ruta_4
8 SMN008 Arerunguá
9 SMN009 Artigas
10 SMN010 Baibene
11 SMN011 Baltasar_Brum
12 SMN012 Belén
13 SMN013 Bernabé_Rivera
14 SMN014 Bonpland
15 SMN015 Catalán
16 SMN016 Catalán_Grande_rio
17 SMN017 Cazadores_Correntinos
18 SMN018 Cerro_Amarillo
19 SMN019 Cerro_Chato
20 SMN020 Chajarí
21 SMN021 Colonia_Lavalleja
22 SMN022 Colonia_Libertad
23 SMN023 Colonia_Palma
24 SMN024 Cuareim_Río
25 SMN025 Cuaró
26 SMN026 Cuchilla_de_Salto
27 SMN027 Curuzú_Cuatiá
28 SMN028 Dayman_Ruta_3
29 SMN029 Diego_Lamas
30 SMN030 El_Soberbio
31 SMN031 El_Trompo
32 SMN032 Espinillar
33 SMN033 Federación
34 SMN034 Garruchos
35 SMN035 Guaviyú_de_Arapey
36 SMN036 Itapebí
37 SMN037 Javier_de_Viana
38 SMN038 Loma_Alta
39 SMN039 Los_Conquistadores
40 SMN040 Meneses
41 SMN041 Miriñay_Medio
42 SMN042 Miriñay_Río
43 SMN043 Mocoretá_Lago
44 SMN044 Mocoreta_Medio
45 SMN045 Mocoretá_Río
46 SMN046 Monte_Caseros
47 SMN047 Paso_Campamento
48 SMN048 Paso_de_la_Cruz
49 SMN049 Paso_de_los_Libres
50 SMN050 Paso_del_León
51 SMN051 Paso_del_Remanso
52 SMN052 Paso_Farías
53 SMN053 Paso_Potrero
54 SMN054 Pepirí_Miní
55 SMN055 Puerto_Concordia
56 SMN056 Pujol
57 SMN057 Puntas_de_Valentín
58 SMN058 Queguay_Ruta_3
59 SMN059 Quintana
60 SMN060 Salto
61 SMN061 Salto_Grande
62 SMN062 San_Jaime
63 SMN063 San_Javier
64 SMN064 San_Roquito
65 SMN065 Santa_Ana
66 SMN066 Santo_Tomé
67 SMN067 Sarandí_de_Arapey
68 SMN068 Sequeira
69 SMN069 Solari
70 SMN070 Tomás_Gomensoro
71 SMN071 Uguay
72 SMN072 Yapeyú
1 SMN001 87582
2 SMN002 87585
3 SMN003 87222
4 SMN004 87257
5 SMN005 87395
6 SMN006 87344
7 SMN007 87345
8 SMN008 87166
9 SMN009 87571
10 SMN010 87576
11 SMN011 87162
12 SMN012 87497
13 SMN013 87097
14 SMN014 87305
15 SMN015 87046
16 SMN016 87548
17 SMN017 87593
18 SMN018 87007
19 SMN019 87217
20 SMN020 87534
21 SMN021 87078
22 SMN022 87467
23 SMN023 87418
24 SMN024 87420
25 SMN025 87393
26 SMN026 87016
27 SMN027 87374
28 SMN028 87289
29 SMN029 87349
30 SMN030 87178
31 SMN031 87270
32 SMN032 87155
33 SMN033 87453
34 SMN034 87480
35 SMN035 87047
36 SMN036 87311
37 SMN037 87436
38 SMN038 87416
40 SMN040 87509
41 SMN041 87129
42 SMN042 87371
43 SMN043 87022
44 SMN044 87211
45 SMN045 87328
46 SMN046 87448
47 SMN047 10067
48 SMN048 10358
49 SMN049 10423
50 SMN050 10901
52 SMN052 10444
53 SMN053 10903
54 SMN054 10904
56 SMN056 10502
57 SMN057 10906
59 SMN059 10114
60 SMN060 10145
61 SMN061 10908
62 SMN062 10909
63 SMN063 10910
67 SMN067 10912
68 SMN068 86330
69 SMN069 86580
70 SMN070 86560
71 SMN071 86530
73 SMN073 86440
74 SMN074 86490
76 SMN076 86430
77 SMN077 86585
78 SMN078 86350
79 SMN079 86565
80 SMN080 86360
81 SMN081 86500
82 SMN082 11014
84 SMN084 11016
85 SMN085 11017
87 SMN087 11019
88 SMN088 11020
89 SMN089 87121
93 SMN093 10550
94 SMN094 86068
95 SMN095 86086
96 SMN096 86097
97 SMN097 86128
98 SMN098 86134
99 SMN099 86185
100 SMN100 86192
101 SMN101 86210
102 SMN102 86218
103 SMN103 86233
104 SMN104 86234
105 SMN105 86255
106 SMN106 86260
107 SMN107 86268
108 SMN108 86285
109 SMN109 86297
[ 1.08664902e+00  3.16674630e-01 -1.19436754e-01  6.93911766e-01
  3.77239032e-01  3.03372748e+00  3.21853518e+00  2.14433012e+00
  3.55141713e+00  2.45710293e+00  1.01526071e+00  7.18870854e-01
  1.01377902e+00  2.68442306e+00  7.63537432e-01  7.80002824e-01
  1.47024039e+00  1.59308073e+00  1.19958727e+00  9.33300629e-01
  3.60800541e+00  1.49854779e+00  3.54972142e+00  4.50474137e+00
  2.01805157e+00  1.00572355e-01  1.15349037e+00  8.21140846e-01
  4.09792417e+00  2.66564121e+00  2.57263444e+00  3.68515396e-01
  1.26347014e+00  1.99977781e+00  2.28386360e+00  1.89618622e+00
  3.49202758e+00 -6.48826999e-01  4.74391788e-01  3.06909916e+00
  3.34114778e+00  2.17261345e+00  4.06667750e+00  8.12084901e-01
  2.16150624e+00  1.04026483e+00  3.00479780e+00  3.15746783e+00
 -1.54683520e-02  2.77853824e+00  1.54434124e+00  1.27978836e+00
  1.73998184e+00  3.43751970e+00  2.22274870e+00  3.00017448e-01
  1.99601545e+00  2.06401292e+00  1.85316762e+00  9.56555386e-01
  3.06878172e+00  2.58863491e+00  2.96394652e+00  2.24245270e+00
  1.79843429e+00 -3.79710370e-01  1.22890562e+00  1.44803935e+00
  2.16453658e+00  2.27949250e+00  7.20708214e-01  3.43898763e+00
  1.51596439e+00  1.51525256e-01  1.04933995e+00  4.18760564e+00
  3.11690704e+00  7.75602292e-01  3.61905678e+00  2.24205001e+00
  3.57935261e-01  2.19832770e+00  2.86319192e-01 -7.59427401e-02
  2.11398706e+00  1.07455132e+00  4.42166222e-01  2.47772921e+00
  3.55364232e+00  2.17085429e-01  4.10948062e+00  6.36001714e-01
  8.04047208e-01  3.28556135e+00  1.24957123e-01  1.49054013e+00
  1.55552071e-01  1.10777783e+00  1.11112844e+00  1.00881646e+00
  1.69666499e-01  1.44774006e+00  3.38014515e-01  1.46936684e+00
  1.33838992e+00  8.44912075e-01  2.07911783e+00  2.15767180e+00
  1.77443629e+00  9.11755198e-01  9.48889927e-01  4.14987917e-01
  5.81484780e-03  1.93331026e-01  4.26604896e-04  1.32421862e-01
  1.02079894e-01  2.72587763e-01  4.85898098e-01 -7.55258613e-02
  1.50393106e-01  1.44062607e+00  1.23467509e+00  4.94278890e-01
  9.37855388e-01  1.12086858e+00  5.97849262e-01  5.03256407e-01
  5.81956233e-01  9.36627268e-01  1.42650102e+00  6.15672486e-01
  1.03157297e+00  7.83988303e-01  2.19126093e-01  2.80809687e-01
  3.64440295e+00  1.56642972e-01 -5.55265517e-02  1.25477828e-01
  2.99407737e+00  8.55542625e-01  1.42596271e+00  6.79640378e-01
  3.55201018e-01  6.06314487e-01  1.31664806e-01  5.35832403e-01
  4.86714846e-01  2.88661339e+00  1.79589230e-01  1.06911254e+00
  8.41409313e-01  4.46262963e-01  2.54103602e-01  7.82098298e-01
  8.58580381e-01  1.93843678e-01  9.34296904e-01  1.19535274e+00
  2.58597942e+00  8.07612320e-02  9.90411841e-01 -2.13800652e+00
  2.55379631e-01  6.56659362e-01  5.15299527e-01  8.28999099e-01
  8.25472222e-01  1.33619413e+00  1.42218243e+00 -3.86049828e-01
  5.55698267e-01  5.28120703e-01  2.70039555e-01  3.16233174e-01
  6.30306404e-01  6.88007667e-01  4.16651449e-01 -5.41107681e-01
 -5.85312978e-01  1.56031561e-01 -4.18159312e-02  4.16170510e-02
  7.10282984e-01  7.77922835e-01  1.22679257e-01 -1.48924675e-01
 -7.25518439e-01  1.29981442e+00 -4.15131828e-01  1.63606670e+00
  1.25848587e-01  9.85535440e-01 -8.26263985e-01 -5.24575080e-01
  2.58498792e+00  6.48615788e-01 -1.74621845e-01  9.45429513e-01
 -2.10884304e-01 -8.61995691e-02 -2.84411216e-01  4.64963374e-01
  7.22147433e-01 -4.08230542e-02  8.14236913e-01  1.02401440e+00
  6.58213052e-01  3.24738091e-01 -3.95328636e-01  6.83270317e-01
  2.90804953e-01  1.78715094e+00  1.47916456e-01  7.63424653e-01
 -4.05467067e-02  5.06003688e-02  1.75264736e-01 -5.48848638e-02
  1.27718792e+00  2.62843676e-02  8.27362054e-01  4.48199555e-01
  4.34783428e-01 -5.16675193e-01  9.49370423e-01  3.91061455e-01
  4.66787221e-01  2.42838987e-01  1.16430963e-01 -8.86306229e-01
 -4.90144355e-01  9.60603595e-01  2.86975130e-01  1.50219253e+00
  4.88256818e-02  9.36165185e-01  1.14301958e-01  6.90449241e-02
 -3.18970007e-01 -3.47030322e-01 -1.45440800e-01  3.06388755e-01
 -1.27695853e-01 -5.94481708e-02 -3.73250404e-01  3.44815953e-01
  2.67925168e-01  2.87653526e-01 -2.43503329e-01 -4.32288413e-01
  1.68466510e-02 -5.31182840e-01 -3.00906816e-01 -5.99894965e-01
  6.80567839e-01  3.37271965e-01  1.14425225e+00  3.15342564e-02
  1.78661679e+00  1.36363931e-01  5.21430475e-01  1.14496846e+00
  1.88288448e+00  2.29972080e+00  1.15493470e+00  2.17982759e+00
  9.59010201e-01  5.05474029e-01  1.18790614e+00  2.67405092e+00
  9.94396571e-01  7.67451836e-01]

[ 2.38474235e+01 -4.95676320e+00  1.59060914e+01  1.05845388e+01
  5.51024491e+00  4.28423537e+01  2.74106249e+01  1.62738982e+01
  1.76261184e+01  2.59678248e+01  9.96606803e+00  6.13302657e+00
  1.08499975e+01  1.97276447e+01  1.18247857e+01  5.08563780e+00
  3.30313909e+01  1.04602639e+01  2.39191093e+01  1.81202849e+01
  3.00959174e+01  1.02123005e+01  3.94465100e+01  2.92375192e+01
  2.52898486e+01  1.65079681e+01  1.20849551e+01  5.97048788e-01
  3.06027392e+01  1.43560708e+01  2.54286348e+01  1.53165166e+01
  5.82575859e+00  2.46266716e+01  3.03336984e+01  1.87223122e+01
  3.86843550e+01  1.49184031e+01  4.80264687e+00  2.23988546e+01
  2.46114940e+01  2.43352158e+01  3.96645192e+01  1.95870552e+01
  1.93847171e+01  1.67904258e+01  2.79217299e+01  1.97137562e+01
 -3.70576374e+00  2.87830402e+01  1.67409558e+01  4.47457858e+00
  1.58461616e+01  3.32218370e+01  3.30140403e+01  4.88101833e+00
  2.03645527e+01  2.57551849e+01  1.55780359e+01  2.50330523e+01
  2.67078320e+01  2.94079325e+01  2.84822281e+01  1.43352591e+01
  2.93958189e+01  3.70506776e+00  7.92121199e+00  1.23551773e+01
  2.18107952e+01  3.41207967e+01 -2.52978651e+00  3.36890819e+01
  1.54330963e+01 -1.30995370e+00  8.36554333e+00  3.87232951e+01
  4.29826565e+01  1.63717842e+01  1.72683978e+01  2.61787159e+01
  1.45546399e+01  2.34564360e+01 -1.31500242e+00 -6.59862854e+00
  2.71296456e+01  4.13744978e+00  8.66823675e+00  1.51565285e+01
  2.60514031e+01  3.95064146e+00  2.97267211e+01  1.74531229e-01
  4.76038804e+00  3.46244580e+01  2.08683650e+01  1.70995018e+01
 -2.48415080e+00  3.74478579e+00  7.65052082e+00  1.81104487e+01
  1.28792026e+01  2.79381261e+01  6.28726921e+00  1.31569317e+01
  1.27749380e+01  1.49235330e+01  1.64812843e+01  3.32606106e+01
  2.51990114e+01  1.88323583e+01  1.44544322e+01  7.61687753e+00
  3.17808843e+00  1.43305545e+00  5.01679316e+00  3.35514540e+00
 -1.11136506e+00 -3.27778263e+00  7.03745107e+00 -2.31924505e+00
 -5.67987054e+00  1.89891554e+01  1.20322751e+01 -2.88742595e-01
  7.83382703e+00  1.22067825e+01  1.31997631e+01  7.53431370e+00
  7.71390896e-01  8.51497265e+00  4.35126897e+00  6.61200919e+00
  1.59872373e+01  2.19337100e+01  7.15739310e-01  7.73142357e+00
  3.21413435e+01  2.97404698e-02  2.62744065e+01 -8.68462738e+00
  2.48462845e+01  3.56763993e+00  2.58891662e+01  1.56816447e+01
 -9.64939537e+00  2.45639058e+01 -5.87599848e-01  4.58476711e+00
  2.53866720e+00  3.71588235e+01 -3.68637801e+00  1.12619640e+01
  3.10637869e+00 -5.03129039e+00 -2.71042128e+00  8.78805159e+00
  8.92448263e+00  5.03314950e-01  3.25208344e-01  1.57441985e+01
  1.25829903e+01  1.34134077e+01  1.01850818e+01 -4.20568265e+01
 -9.11191612e-01  9.03903961e+00  1.64607722e+01  6.40710186e+00
  1.24447353e+01  7.56539736e+00  1.69561472e+01 -8.97102262e-01
  5.22005759e+00  1.25312267e+01  7.28044775e+00 -2.68964362e+00
  1.22224524e-01  9.05860286e+00  9.25258932e+00 -2.31366631e+00
 -4.90083237e-01  1.08550869e+00  5.82680580e+00  7.59734802e+00
  9.90926865e+00  1.35891417e+01  5.05536194e-01 -5.74924850e-02
 -1.29682574e+01  1.85920809e+01 -9.98234348e+00  1.97804106e+01
 -4.54614735e-01  2.06175509e+01 -7.45551231e+00  8.62196655e-01
  2.00384102e+01  1.26473055e+01 -1.05400882e+01  2.37422165e+00
 -4.69703278e+00 -1.98635540e+00 -1.83715868e+00  5.96455383e-01
 -2.89943695e-03  8.16114788e+00  1.54871874e+01  1.56825819e+01
  1.12001408e+01  1.43231522e+00 -3.49150810e+00  9.19198078e+00
  4.19395599e-01  1.62131018e+01  4.31746439e+00  5.40370464e+00
 -3.02545796e+00  2.70652115e+00  2.72690727e+00  1.36158926e+01
  1.39714232e+01  2.86697836e+00  1.48759013e+01  1.90595490e+00
 -1.37562151e+01 -4.55688526e+00  3.11385300e+00  4.14849686e+00
 -1.85199265e+01  3.19560369e+00  3.26409081e+00 -1.46420265e+00
 -1.11841209e+01  1.47662715e+01  1.77233179e+00  1.99301516e+01
 -4.16768478e+00  2.10665942e+01 -1.45423969e+00  1.06094238e+00
  1.26109985e+00  1.92007214e+00  8.05401031e+00  1.07000871e+01
  6.31295013e-01 -1.26438221e+01  3.11531410e+00  8.27346237e+00
  1.17759772e+01  1.47207727e+01  3.45732048e+00 -1.36689193e+01
  1.09780865e+01 -2.94313515e+00  2.56179176e+00 -1.33326968e+01
  9.97702560e-01  3.70437515e+00  8.98215419e+00  7.75499663e+00
  3.11135021e+01 -1.74553360e-01  1.17113600e+01  1.01962678e+01
  2.08839307e+01  2.12000141e+01  1.18988152e+01  2.80309052e+01
  5.94149536e+00 -9.72129517e+00  1.16784273e+01  2.49290462e+01
  1.15397385e+00 -5.35987822e+00]

[  2.18978102   3.01094891   1.27737226   1.27737226   0.72992701
   5.93065693   8.12043796   2.00729927   9.48905109   8.57664234
   0.63868613   8.21167883  -0.18248175   9.21532847  -1.45985401
   0.91240876  -0.09124088   4.01459854   5.10948905   3.01094891
  13.95985401   4.74452555  10.31021898  15.1459854    2.82846715
  -2.46350365   9.67153285   3.01094891  15.41970803   9.39781022
   3.83211679   7.5729927    2.37226277   7.11678832   1.73357664
   4.83576642  18.15693431  -2.09854015   0.          12.77372263
   8.48540146   9.30656934  10.94890511   6.20437956   5.83941606
   4.47080292  10.49270073  12.04379562  -0.82116788  11.58759124
   0.54744526   5.83941606   5.2919708   10.85766423   9.76277372
   1.36861314   3.19343066   4.10583942   7.75547445   3.28467153
   4.65328467   4.83576642  13.41240876  10.94890511   6.75182482
  -3.74087591   4.74452555   3.28467153   8.85036496   5.10948905
   0.09124088  11.49635036   4.28832117   1.73357664   4.47080292
  17.15328467   2.55474453   2.73722628  15.41970803   3.19343066
   2.2810219    8.48540146   1.45985401   4.19708029   6.38686131
   3.46715328  -0.72992701   6.02189781  12.95620438   1.00364964
   9.76277372   4.01459854   2.73722628  15.41970803  -1.09489051
   5.10948905  -1.73357664   4.37956204   6.11313869   2.6459854
  -0.3649635    1.18613139   3.19343066  10.49270073   5.47445255
   1.73357664   5.10948905  -3.28467153   2.6459854   -2.37226277
   0.82116788  -3.46715328  -2.82846715  -4.19708029  -4.19708029
  -0.45620438  -1.55109489  -0.09124088  -3.55839416  -2.2810219
  -1.64233577  -0.91240876  -2.91970803  -5.38321168  -0.72992701
  -0.45620438  -5.56569343  -3.55839416  -3.46715328  -3.19343066
   2.09854015  -1.55109489  -5.2919708   -1.55109489  -5.74817518
  -2.91970803  11.95255474  -4.01459854 -11.22262774  -3.92335766
   6.84306569   2.09854015   2.46350365  -2.37226277   1.09489051
  -4.5620438    0.82116788  -3.01094891   0.27372263  11.40510949
  -3.01094891   2.18978102  -1.18613139  -3.46715328   0.91240876
  -1.36861314   2.6459854   -3.19343066   2.91970803   5.01824818
  10.2189781   -6.29562044  -0.91240876  -2.37226277  -2.2810219
   0.72992701  -4.83576642  -4.01459854  -0.82116788   2.09854015
   2.09854015  -4.28832117   0.09124088  -1.64233577  -5.65693431
  -1.73357664   0.63868613  -0.3649635    1.64233577  -3.10218978
  -4.19708029   1.09489051  -0.54744526  -2.09854015   3.28467153
   0.27372263   2.37226277  -0.63868613  -0.82116788   4.19708029
  -0.45620438   3.92335766   2.6459854    9.48905109  -3.19343066
  -0.82116788  20.34671533   2.55474453   0.82116788   2.6459854
   0.27372263   0.82116788  -2.46350365   1.00364964   5.38321168
  -0.91240876   2.91970803   3.28467153   2.09854015   1.55109489
   0.63868613   1.00364964  -0.91240876  12.68248175   0.63868613
   3.10218978   1.82481752   0.18248175   1.45985401  -0.27372263
   7.39051095   1.00364964   2.00729927   0.54744526   0.82116788
  -3.10218978   3.64963504   2.00729927   6.20437956   2.00729927
   1.64233577   0.82116788   2.6459854    4.74452555   0.
   2.18978102   1.55109489   2.2810219    2.91970803   0.72992701
  -4.01459854  -3.74087591   0.72992701  -0.09124088  -1.36861314
  -1.55109489  -3.01094891   1.36861314  -2.82846715  -0.45620438
  -1.09489051  -4.01459854  -2.2810219   -3.19343066  -1.27737226
  -1.45985401   7.2080292    2.73722628   3.55839416   0.09124088
   0.91240876   0.3649635    1.55109489   5.20072993   3.37591241
   4.37956204   3.19343066   4.10583942   4.19708029   6.20437956
   4.28832117   3.37591241   3.46715328   4.01459854]

[ 3.52238963e+00 -8.24733964e-01  4.18010998e-01  1.60757334e+00
  1.06839831e+00  1.14254072e+01  7.24040682e+00  6.08215093e+00
  6.34004784e+00  3.41458755e+00  3.65390811e+00  7.27967797e-01
  3.99243248e+00  3.84161782e+00  4.23765014e+00  2.11664788e+00
  5.96026663e+00  2.91007125e+00  5.27855017e+00  2.72387778e+00
  5.63605926e+00  2.36612848e+00  6.40533591e+00  5.86739195e+00
  5.77892912e+00  3.75515638e+00  2.93827842e+00  2.25048268e+00
  4.95177033e+00  3.67112078e+00  6.13912460e+00 -4.30980573e-01
  3.87966594e+00  2.59002245e+00  6.25170783e+00  3.67215584e+00
  5.74115676e+00 -1.36021329e+00  1.68995728e+00  3.09516611e+00
  5.43930003e+00  5.20416931e+00  8.22121785e+00  2.53353120e+00
  4.72199932e+00  1.14467842e+00  5.04431479e+00  4.87692730e+00
  5.04197704e-01  4.33407022e+00  6.05658986e+00  1.08227814e+00
  2.66947469e+00  4.48289240e+00  5.40762082e+00  2.56554824e+00
  6.58419488e+00  5.12222358e+00  3.49723225e+00  2.08971616e+00
  6.15564188e+00  6.33142670e+00  6.28122859e+00  4.49032335e+00
  4.02040563e+00  4.59909874e-01  1.75932366e+00  3.93980145e+00
  3.92116532e+00  7.08142961e+00  2.40700216e+00  7.68561520e+00
  3.40743769e+00 -3.59089294e-01  1.88657107e+00  5.76474306e+00
  1.21437009e+01  2.76763338e+00  4.97585677e+00  7.00051795e+00
  1.34484943e+00  3.70173890e+00 -1.27732006e-02 -1.00555841e+00
  3.51021768e+00  2.09128148e+00  2.33205835e+00  4.31912600e+00
  5.14271441e+00  2.86193717e-01  8.44967623e+00  5.69587503e-01
  1.13141999e+00  7.08300726e+00  1.78937504e+00  2.08408977e+00
  2.72942748e+00  2.48332931e+00  2.48279625e+00  2.17237845e+00
  8.34078355e-01  4.80802141e+00 -1.28252548e+00  2.79598975e+00
  1.74213211e+00  3.42458059e+00  3.53744874e+00  1.05126634e+01
  5.94261858e+00  5.19917915e+00  3.39464874e+00  4.77651605e+00
  2.52388073e+00  4.41568128e+00  3.37590715e+00  7.92174966e-01
  1.73743549e+00  1.23516669e+00  5.16065512e+00  1.17801369e+00
  1.72710159e+00  7.01204085e+00  7.62708230e+00  6.38259425e+00
  4.60471845e+00  5.59849797e+00  7.03793027e+00  5.00752282e+00
  5.60826708e+00  6.89563861e+00  4.72312220e+00  3.83922983e+00
  1.00433928e+01  4.56232322e+00  6.04064555e+00  3.56064730e+00
  6.89281938e+00  4.43789828e+00  7.95288385e+00  3.65700095e+00
  8.18000032e+00  2.09715065e+00  5.05104504e+00  4.75906766e+00
  5.57329875e-01  7.05959614e+00 -3.37295667e-01  4.15031881e+00
  1.84284757e+00  6.50577198e+00  3.35266008e+00  3.07440172e+00
  4.88979147e+00  4.53272967e+00  1.29484777e-01  4.33169619e+00
  1.89457352e+00  2.91614512e+00  1.69338357e+00  6.84840125e-01
  3.07580001e+00  5.93827264e+00  5.30061819e+00 -7.76628354e+00
  3.38604154e+00  2.40004064e+00  6.56188476e+00  7.73907442e+00
  5.00767657e+00  3.41364953e+00  5.08992183e+00  1.91737307e+00
  1.98418221e+00  3.33994991e+00  5.44736150e+00  2.68993251e+00
  2.20137903e+00  3.42137998e+00  2.89189426e-01 -4.93059394e-01
  2.96760557e-01  1.27445755e-01  8.35202655e-02  2.52345292e+00
  1.30045250e+00  4.04108481e+00 -1.76862529e+00 -4.97507700e-01
 -3.79070464e+00  2.01349255e+00 -2.14068213e+00  3.30612922e+00
 -2.84218847e-01 -5.93695821e-01 -2.36137689e+00 -2.46292630e+00
  3.46189168e+00  2.62310963e+00 -1.98781968e+00  2.58929808e+00
 -1.90134683e+00 -1.85383945e+00 -1.40540648e+00  1.15442567e+00
 -6.39032281e-02  5.99650691e-01  9.58268872e-01  3.68560142e+00
  7.97298488e-01 -9.75253784e-04 -2.75060998e+00  2.96707846e+00
  2.54417053e+00  6.44330981e-01  2.75777630e+00  2.62000012e+00
 -2.30255986e+00  1.14299244e-01 -3.80334272e-01 -2.18081959e-01
  8.01351128e-01 -1.21327980e+00  3.55889541e+00  2.25785563e+00
  1.31335269e+00 -5.27990904e-01  6.52304259e-01  6.43696132e-02
 -2.27806513e+00  4.64908683e-01 -1.68372126e+00 -2.47544100e+00
 -5.32574469e+00  2.83660991e+00  1.73860801e+00  7.01316480e+00
 -1.56816275e+00  3.18467010e+00  2.19005454e+00 -3.81817109e-01
  1.02620567e+00  9.46393604e-01 -1.35934522e+00  1.35261836e+00
  3.21558802e-01  1.31403904e+00  4.59066478e-02  3.27407461e-01
  3.04732806e+00  1.96565419e+00 -3.14581559e-01  6.07026313e-01
  1.70435090e+00 -4.95540410e-01 -5.71999196e-01 -1.93119979e+00
 -1.44934288e+00 -2.74500668e-01  3.78341629e+00 -4.21109172e-02
  6.94736044e+00  6.94009614e-01  8.72034268e-01  1.24043872e-01
  5.36821004e+00  5.36925619e+00  2.35133830e+00  5.81881639e+00
  3.26555542e-01 -4.07238427e+00  1.61596928e+00  8.13026941e+00
  1.17447549e+00 -5.34751335e-01]/home/mda_silv/github_projects/fps_sesa/paper_cp/plot_maps_bias_sim_obs_sesa_pr_mmd.py:382: MatplotlibDeprecationWarning: The get_cmap function was deprecated in Matplotlib 3.7 and will be removed in 3.11. Use ``matplotlib.colormaps[name]`` or ``matplotlib.colormaps.get_cmap()`` or ``pyplot.get_cmap()`` instead.
  cmap = cm.get_cmap('BrBG', 20)
/home/mda_silv/github_projects/fps_sesa/paper_cp/plot_maps_bias_sim_obs_sesa_pr_mmd.py:549: UserWarning: FigureCanvasAgg is non-interactive, and thus cannot be shown
  plt.show()


5 A756 AGUA_CLARA
10 A826 ALEGRETE
16 A909 ALTO_ARAGUAIA
36 A867 ARARANGUA
46 A827 BAGE
58 A748 BARRETOS
61 A705 BAURU
67 A840 BENTO_GONCALVES
71 A845 BOM_JARDIM_DA_SERRA-MORRO_DA_IGREJA
87 A859 CACADOR
88 A812 CACAPAVA_DO_SUL
91 A023 CAIAPONIA
95 A838 CAMAQUA
97 A897 CAMBARA_DO_SUL
102 A519 CAMPINA_VERDE
103 A884 CAMPO_BOM
104 A702 CAMPO_GRANDE
114 A879 CANELA
115 A811 CANGUCU
128 A742 CASSILANDIA
131 A819 CASTRO
138 A869 CIDADE_GAUCHA
139 A876 CLEVELANDIA
143 B806 COLOMBO
145 A520 CONCEICAO_DAS_ALAGOAS
151 A724 CORUMBA
153 A760 COSTA RICA
159 A853 CRUZ_ALTA
164 A807 CURITIBA
165 A860 CURITIBANOS
171 A848 DIONISIO_CERQUEIRA
175 A881 DOMVPEDRITO
178 A762 DRACENA
185 A828 ERECHIM
194 A806 FLORIANOPOLIS
201 A854 FREDERICO WESTPHALEN
205 A875 GENERAL_CARNEIRO
208 A002 GOIANIA
223 A883 IBIRUBA
231 A823 INACIO_MARTINS
232 A817 INDAIAL
242 A868 ITAJAI
247 A714 ITAPEVA
250 A851 ITAPOA
252 A752 ITAQUIRAI
257 A035 ITUMBIARA
258 A863 ITUPORANGA
260 A818 IVAI
263 A836 JAGUARA
268 A871 JAPIRA
270 A016 JATAI
272 A841 JOACABA
284 A844 LAGOA_VERMELHA
285 B804 LARANJEIRAS DO SUL
288 A727 LINS
291 A866 LAGUNA-FAROL_DE_SANTA_MARTA
299 A820 MAL._CANDIDO_RONDON
312 A763 MARILIA
313 A835 MARINGA
318 A026 MINEIROS
328 A873 MORRETES
329 A003 MORRINHOS
351 A716 OURINHOS
356 A856 PALMEIRA_DAS_MISSOES
363 A850 PARANAPOEMA
367 A027 PARAUNA
372 A839 PASSO_FUNDO
387 A033 PIRES_DO_RIO
391 A855 PLANALTO
394 A703 PONTA_PORA
397 A801 PORTO ALEGRE-JARDIM BOTANICO
407 A747 PRADOPOLIS
411 A707 PRESIDENTE_PRUDENTE
414 A831 QUARAI
419 A718 RANCHARIA
420 A870 RANCHO_QUEIMADO
428 A743 RIO_BRILHANTE
435 A802 RIO_GRANDE
436 A862 RIO_NEGRINHO
437 A813 RIO_PARDO
456 A803 SANTA_MARIA
460 A810 SANTA_ROSA
464 A804 SANTANA_DO_LIVRAMENTO
466 A833 SANTIAGO
468 A805 SANTO_AUGUSTO
469 A830 SAO_BORJA
473 A832 SAO_GABRIEL
478 A815 SAO_JOAQUIM
480 A829 SAO_JOSE_DOS_AUSENTES
484 A852 SAO_LUIZ_GONZAGA
486 A874 SAO_MATEUS_DO_SUL
497 A889 SAO_VICENTE DO SUL
501 A894 SERAFINA_CORREA
510 A754 SIDROLANDIA
512 A037 SILVANIA
515 A837 SOLEDADE
521 A899 SANTA_VITORIA_DO_PALMAR - BARRA_DO_CHUI
532 A808 TORRES
533 A834 TRAMANDAI
539 A768 TUPA
540 A886 TUPANCIRETA
543 A507 UBERLANDIA
548 A809 URUGUAIANA
549 A814 URUSSANGA
550 A880 VACARIA
554 A734 VALPARAISO
564 A858 XANXERE
1 SMN001 Aguapey
2 SMN002 Alto_Arapey
3 SMN003 Alto_Cuareim
4 SMN004 Alvear
5 SMN005 Arapey_Chico
6 SMN006 Arapey_Grande
7 SMN007 Arapey_Grande_Ruta_4
8 SMN008 Arerunguá
9 SMN009 Artigas
10 SMN010 Baibene
11 SMN011 Baltasar_Brum
12 SMN012 Belén
13 SMN013 Bernabé_Rivera
14 SMN014 Bonpland
15 SMN015 Catalán
16 SMN016 Catalán_Grande_rio
17 SMN017 Cazadores_Correntinos
18 SMN018 Cerro_Amarillo
19 SMN019 Cerro_Chato
20 SMN020 Chajarí
21 SMN021 Colonia_Lavalleja
22 SMN022 Colonia_Libertad
23 SMN023 Colonia_Palma
24 SMN024 Cuareim_Río
25 SMN025 Cuaró
26 SMN026 Cuchilla_de_Salto
27 SMN027 Curuzú_Cuatiá
28 SMN028 Dayman_Ruta_3
29 SMN029 Diego_Lamas
30 SMN030 El_Soberbio
31 SMN031 El_Trompo
32 SMN032 Espinillar
33 SMN033 Federación
34 SMN034 Garruchos
35 SMN035 Guaviyú_de_Arapey
36 SMN036 Itapebí
37 SMN037 Javier_de_Viana
38 SMN038 Loma_Alta
39 SMN039 Los_Conquistadores
40 SMN040 Meneses
41 SMN041 Miriñay_Medio
42 SMN042 Miriñay_Río
43 SMN043 Mocoretá_Lago
44 SMN044 Mocoreta_Medio
45 SMN045 Mocoretá_Río
46 SMN046 Monte_Caseros
47 SMN047 Paso_Campamento
48 SMN048 Paso_de_la_Cruz
49 SMN049 Paso_de_los_Libres
50 SMN050 Paso_del_León
51 SMN051 Paso_del_Remanso
52 SMN052 Paso_Farías
53 SMN053 Paso_Potrero
54 SMN054 Pepirí_Miní
55 SMN055 Puerto_Concordia
56 SMN056 Pujol
57 SMN057 Puntas_de_Valentín
58 SMN058 Queguay_Ruta_3
59 SMN059 Quintana
60 SMN060 Salto
61 SMN061 Salto_Grande
62 SMN062 San_Jaime
63 SMN063 San_Javier
64 SMN064 San_Roquito
65 SMN065 Santa_Ana
66 SMN066 Santo_Tomé
67 SMN067 Sarandí_de_Arapey
68 SMN068 Sequeira
69 SMN069 Solari
70 SMN070 Tomás_Gomensoro
71 SMN071 Uguay
72 SMN072 Yapeyú
1 SMN001 87582
2 SMN002 87585
3 SMN003 87222
4 SMN004 87257
5 SMN005 87395
6 SMN006 87344
7 SMN007 87345
8 SMN008 87166
9 SMN009 87571
10 SMN010 87576
11 SMN011 87162
12 SMN012 87497
13 SMN013 87097
14 SMN014 87305
15 SMN015 87046
16 SMN016 87548
17 SMN017 87593
18 SMN018 87007
19 SMN019 87217
20 SMN020 87534
21 SMN021 87078
22 SMN022 87467
23 SMN023 87418
24 SMN024 87420
25 SMN025 87393
26 SMN026 87016
27 SMN027 87374
28 SMN028 87289
29 SMN029 87349
30 SMN030 87178
31 SMN031 87270
32 SMN032 87155
33 SMN033 87453
34 SMN034 87480
35 SMN035 87047
36 SMN036 87311
37 SMN037 87436
38 SMN038 87416
40 SMN040 87509
41 SMN041 87129
42 SMN042 87371
43 SMN043 87022
44 SMN044 87211
45 SMN045 87328
46 SMN046 87448
47 SMN047 10067
48 SMN048 10358
49 SMN049 10423
50 SMN050 10901
52 SMN052 10444
53 SMN053 10903
54 SMN054 10904
56 SMN056 10502
57 SMN057 10906
59 SMN059 10114
60 SMN060 10145
61 SMN061 10908
62 SMN062 10909
63 SMN063 10910
67 SMN067 10912
68 SMN068 86330
69 SMN069 86580
70 SMN070 86560
71 SMN071 86530
73 SMN073 86440
74 SMN074 86490
76 SMN076 86430
77 SMN077 86585
78 SMN078 86350
79 SMN079 86565
80 SMN080 86360
81 SMN081 86500
82 SMN082 11014
84 SMN084 11016
85 SMN085 11017
87 SMN087 11019
88 SMN088 11020
89 SMN089 87121
93 SMN093 10550
94 SMN094 86068
95 SMN095 86086
96 SMN096 86097
97 SMN097 86128
98 SMN098 86134
99 SMN099 86185
100 SMN100 86192
101 SMN101 86210
102 SMN102 86218
103 SMN103 86233
104 SMN104 86234
105 SMN105 86255
106 SMN106 86260
107 SMN107 86268
108 SMN108 86285
109 SMN109 86297
[ 2.11819387e+00  1.63409459e+00 -4.62553255e-01  1.78742626e+00
  5.31432316e-02  6.36129137e+00  6.26160783e+00  5.98520673e+00
  8.25180722e+00  5.01455840e+00  3.33555331e+00  2.82161210e+00
  2.29060744e+00  5.00464376e+00  2.06510735e+00  3.92002897e+00
  2.94920438e+00  6.47095251e+00  3.18160669e+00  2.75549201e+00
  8.23474441e+00  2.04624765e+00  5.10750370e+00  8.67086849e+00
  3.69847937e+00  1.05187656e+00  4.17494662e+00  3.16534924e+00
  8.20462775e+00  4.65267508e+00  6.16323799e+00  2.80049691e+00
  2.65200107e+00  2.84207480e+00  4.58666930e+00  3.19512923e+00
  7.91727442e+00 -1.79706602e+00  2.64268481e+00  8.04348399e+00
  6.02003309e+00  6.12877006e+00  8.68783965e+00  4.08906212e+00
  3.50395227e+00  3.78174396e+00  5.41265594e+00  7.52435886e+00
  4.50925120e-01  6.26539956e+00  3.90737378e+00  1.29208118e+00
  4.12534548e+00  9.20845275e+00  6.56851900e+00  7.63783478e-01
  4.94362991e+00  6.11065983e+00  4.35003949e+00  1.00533330e+00
  5.15443263e+00  6.02473613e+00  9.67148801e+00  3.84595883e+00
  3.89175777e+00 -6.36678275e-01  2.60365023e+00  2.92881451e+00
  5.30180385e+00  5.72661338e+00  1.91407092e+00  8.28149827e+00
  2.45585397e+00  6.86360300e-02  2.57940185e+00  8.98155475e+00
  6.11005349e+00  1.65598219e+00  9.26883926e+00  5.43008441e+00
  1.47109918e+00  4.51591104e+00  5.41171015e-01  2.38108872e+00
  5.20180585e+00  3.01880755e+00  6.22124304e-01  4.86385788e+00
  6.81098440e+00  2.44203533e+00  8.75676959e+00  5.91631554e-01
  3.11242768e+00  7.22767170e+00  2.25625812e+00  4.28132283e+00
  2.57311512e+00  3.69252562e+00  3.70548975e+00  3.44756194e+00
  2.97166823e+00  2.08753850e+00  6.00252114e-01  3.14181013e+00
  3.63083183e+00  1.69824204e+00  3.05869382e+00  3.77186259e+00
  2.36714598e+00  1.54394770e+00  4.57277614e+00  7.21731830e-01
 -3.95105221e-01  6.72442825e-01 -2.08921861e-01  6.94626537e-01
 -3.06952301e-01  7.40088846e-01  7.74529404e-01 -1.43856272e-01
  7.14307917e-01  2.03854330e+00  3.04570761e+00  6.66234577e-01
  2.16797472e+00  1.91986283e+00 -1.37749067e-02  1.03710927e+00
  1.47255505e+00  2.32699708e+00  2.34886505e+00 -4.53738197e-01
  3.12494544e+00  1.78138958e+00  1.19659144e-01 -8.34684007e-02
  5.45377895e+00 -1.86115476e-01  2.17357346e+00  7.41071124e-01
  4.74121410e+00  1.33379479e+00  2.30521158e+00  1.25526590e+00
  2.45018448e+00  1.67784900e+00 -1.08532434e+00  1.18654040e+00
  1.53931570e+00  4.84744064e+00  1.26206675e+00  3.13758088e+00
  1.77263315e+00 -4.26956473e-01 -2.06708229e-02  1.71448686e+00
  1.35287543e+00  7.54786644e-01  1.72740231e+00  2.61024003e+00
  3.08342949e+00  1.34201112e+00  2.07589900e+00 -7.34340400e+00
  3.33988415e-01 -4.38346726e-01  1.35530873e+00  7.77367753e-01
  1.73113147e+00  4.17439263e+00  3.24373012e+00  1.54203681e+00
  1.23415643e+00  7.02794423e-01  1.88560146e-01  6.95041534e-01
  1.59077137e+00  4.69152875e+00  3.67404465e+00  1.37967051e-02
  1.11542602e-01 -1.44766478e-01  1.68836109e-02 -1.72324615e-02
 -1.43942545e-02  1.01412252e+00 -7.34345125e-01  8.98847034e-01
 -4.11591446e-01  1.48075094e+00 -1.17224839e+00  8.18983330e-01
  8.31180406e-03  1.78148170e+00 -4.62255861e-01  1.40724551e-01
  5.91344398e+00  2.20460238e+00 -9.34681822e-01  3.49954027e+00
  2.40520771e-01 -3.67973233e-01 -6.83169784e-01 -1.83380130e-01
  6.40889434e-01 -1.35074461e+00  2.30890462e+00  2.14170421e+00
  1.91136702e+00 -7.11419530e-01 -1.69346626e+00  1.40118316e+00
  4.25371686e-01  5.05276756e+00  3.38591994e-01  1.46267400e+00
 -5.14619194e-01  7.76895723e-02 -2.11367193e-01 -1.11746473e+00
  1.20674969e+00  2.31056283e-01  1.19931003e+00  1.01467532e+00
 -7.49169013e-01  4.32909336e-01  1.82627667e+00  1.34146711e-01
 -1.70957785e+00  2.82769714e-01  1.53154410e-01 -2.16835411e+00
 -1.81393674e+00 -3.41162962e-01  8.53217880e-01  2.81110778e+00
 -1.22507267e+00  2.14515482e+00  7.76837565e-01  5.01164357e-02
  7.45408157e-01 -8.69449042e-02  6.16942737e-01  1.28640672e+00
  4.92451309e-01 -2.80401925e-01  2.38378200e-01  8.92837137e-02
  2.77130630e+00  1.45345588e-01  1.63555558e+00  9.87322734e-01
  1.38042458e+00  2.20287228e-02  9.48151272e-01 -2.56912782e+00
 -4.17532521e-01  3.98182587e-01  4.34899434e+00  3.52702796e-01
  5.03878106e+00  7.34082268e-02  1.80149971e-01  4.66777323e-01
  3.08336846e+00  2.97936714e+00  2.99587688e+00  3.86223324e+00
  1.42420949e+00  2.62164367e+00  4.85402607e+00  4.54819328e+00
  2.40171450e+00  1.82159393e+00]

[  24.38447145   44.65606029   37.81541954    6.21529438   -5.1916684
   37.87947476   51.72559399   67.3557111    23.09758954   41.32758476
   40.32963126   15.74954908   32.43291571   35.27869567   12.09677316
   30.67755918   27.54109323   59.4805347    31.69494204   54.59972784
   54.44368405   26.82420948   42.7099472    53.80092236   26.66326031
    7.37323675   31.25828993   51.11874712   32.08635486   39.82939566
   28.8513771    29.6910417    19.59238013   20.28451211   47.74988214
   14.71500399   46.65580671   27.9946721    10.96837833   36.59220158
   43.38002687   38.39189074   89.67722761   34.863533     23.56546446
   65.25067541   54.83589197   40.24634905   18.60516039   42.70671353
   58.91584296   -5.04105134   34.2168031    61.78241827   42.91607837
   11.68611531   40.08596709   70.19561946   21.99675631   19.89764502
   31.73766428   53.80880369   97.74212187   39.49428384   35.48208476
   10.51263726   14.17122099   32.47166815   59.73292172   65.93208718
   15.23115066   36.42803538   23.54000389    5.73487637    8.99263962
   58.41328559   51.17709188   26.28027567   37.54374847   79.00010734
   15.45414283   40.91064628   12.96395526   40.22804258   63.2098581
   11.68158406   -4.67958798   41.21322618   39.13163197   57.30190866
   47.99348273  -26.72684706   29.21779614   63.84540239   29.98448504
   58.19133161   64.66088807   23.33500445   28.98262589   51.51734582
   33.88325403   16.96860083   39.48207621   18.68209998   26.15064899
   14.54341806   -5.96002952   47.87148162   36.74869732   22.85393942
   61.31144643   16.86798955  -14.88700582   10.66580025    9.76381604
    5.91904697   18.25454854   -8.68411465   -6.45154684    1.84713521
   20.2416147    12.79035677   13.19979337    3.77058322   15.44435448
   14.10888454    1.69259107   23.37400066   30.70171431   -0.77719525
   13.99001855  -14.09374841   27.30958188   33.72745871    7.9708426
   44.22303605   55.33053411  -12.10938021   41.58418634  -11.13339837
   21.71729163    1.68249574   39.85170012   34.47451936    4.74522605
   57.37624397    9.30830632   14.5759226    14.42869081   76.29819976
   23.79721689   41.05204571   33.93214176    6.28638147   21.65697965
   28.76570508   25.86519509   16.82807617    2.31791312   16.46627938
    0.13027044   24.90825671   19.82196436 -112.73704395   -1.28783278
   -9.2234349    25.92521504    6.68932044   24.5205848    50.76138271
   24.87443352   16.05342345    3.0909197    20.75588031   10.95592417
    3.33129289   16.42150582   31.87632509   24.56466975    8.08351303
   11.48328476  -13.66393692   18.58352982   12.94314728  -32.20069607
   -8.55370602   -5.26482605   -1.52909515    2.01325104   15.88894165
  -10.77123856    6.20447517    0.77229874   14.80055683    2.21583221
   21.65352444   17.90151241   31.09684956   -7.9895607    27.40542122
   -9.45589928   -9.87595749  -11.01521395    6.34820015  -18.16370239
  -17.9712326    32.91927124   10.75213863    0.15820312   -9.03768089
   21.14206718    3.67683578    8.41482155   66.23309052    9.1896253
   13.22549095   -7.74724392    3.58076395  -10.27917858    0.27899353
   12.06728462    4.13982449   16.41041779    5.01452251   -9.76500275
    3.18240082   11.00784653   23.58201523  -30.2616608    -0.17987045
  -16.50641144  -17.15738224  -23.0254073   -33.05286761    8.4812373
   11.8162496    -8.82768089   31.89234009    8.30220032  -14.61981415
   28.13290512   22.64572327   35.78137352   13.38465149   13.75857521
  -21.81639816   15.67762447    8.9579319    65.38938416   12.4252121
   29.43590332    5.6476738    12.53679474    6.28342346   19.76608353
  -42.94604889  -28.71741722  -10.57740784   35.68372505   10.70531097
   64.34826086   -0.15154795   33.17401291    7.33091792   33.23132947
   14.72347015    7.08971527   24.45738251  -14.67110718   52.33013573
   53.58310074   79.29316086   32.72396344  -19.50648102]

[  0.36900369   2.95202952  -8.85608856   1.10701107   1.84501845
   8.11808118  13.28413284   1.47601476  10.70110701  15.86715867
   3.6900369   14.7601476   -3.6900369    7.3800738   -6.27306273
   4.05904059  -0.73800738  15.12915129   9.96309963  -4.42804428
  23.24723247   3.6900369    8.11808118  23.24723247   2.95202952
  -2.58302583  19.55719557   2.95202952  23.61623616  14.39114391
   8.11808118  11.43911439   7.74907749  12.17712177   4.42804428
   9.22509225  28.41328413  -6.64206642   4.42804428  21.40221402
  16.60516605  19.55719557  17.71217712   6.64206642   6.27306273
   6.64206642  18.4501845   24.72324723   2.21402214  20.29520295
  -4.79704797   5.90405904  11.0701107   12.17712177  26.19926199
  -7.3800738    3.6900369    4.79704797   7.3800738    2.21402214
   7.01107011   7.3800738   28.78228782   9.59409594  14.02214022
 -11.0701107    6.27306273   1.47601476  16.60516605   4.79704797
   0.36900369  25.8302583    7.01107011  -1.47601476   4.42804428
  29.88929889   3.6900369    3.6900369   29.15129151   8.11808118
   5.16605166  11.0701107    0.73800738   7.3800738   12.17712177
   7.3800738   -2.21402214   8.48708487  13.65313653   2.21402214
  19.55719557   4.05904059   5.16605166  31.73431734   2.58302583
   8.85608856  -4.05904059   1.10701107   7.3800738    7.01107011
   2.95202952  -2.58302583   1.10701107  15.86715867   7.74907749
  -3.32103321  10.33210332   0.36900369  -1.84501845  -2.58302583
   3.6900369   -2.95202952  -4.42804428  -3.32103321  -2.58302583
   1.10701107   0.           0.36900369  -3.6900369   -1.84501845
  -1.84501845  -1.84501845  -2.58302583  -7.01107011   1.10701107
   1.10701107  -4.79704797  -4.42804428  -4.05904059  -4.05904059
   3.32103321  -3.6900369   -2.95202952   2.58302583  -4.79704797
  -6.27306273  16.97416974  -2.95202952  -9.22509225  -2.58302583
  12.91512915   2.21402214   4.05904059  -0.73800738   4.05904059
   1.47601476  -1.47601476   0.           3.32103321  12.54612546
  -1.47601476   4.42804428   0.36900369  -4.05904059  -1.47601476
  -1.47601476   2.95202952  -1.84501845   5.16605166   6.27306273
  18.4501845   -4.05904059  -0.73800738  -5.90405904  -1.84501845
  -2.58302583  -1.84501845  -4.42804428  -0.73800738   5.16605166
   5.53505535  -2.58302583   2.21402214  -1.10701107  -7.01107011
   1.84501845  -0.73800738   3.6900369    4.05904059  -3.6900369
  -4.79704797   1.10701107  -4.42804428  -1.47601476   5.53505535
   1.84501845  -1.84501845   1.84501845   0.           2.58302583
  -3.32103321   6.64206642   1.84501845  12.91512915  -4.79704797
  -0.73800738  30.25830258   5.53505535   1.84501845   4.79704797
  -0.36900369  -0.36900369  -2.21402214   0.           5.53505535
  -3.6900369    1.10701107   5.90405904   7.3800738   -1.47601476
  -2.58302583   1.47601476  -1.10701107  19.92619926   0.36900369
   6.27306273   0.36900369   1.47601476  -1.10701107  -2.21402214
   9.59409594   1.10701107   1.10701107   6.27306273   1.84501845
  -0.36900369   4.79704797   0.73800738   5.53505535   2.21402214
  -0.36900369  -2.21402214   1.84501845   2.95202952   0.
   4.79704797  -1.10701107   1.10701107   0.36900369   1.84501845
  -1.47601476  -4.42804428   2.21402214   2.21402214   0.
  -1.47601476  -2.58302583  -0.36900369   0.73800738  -1.47601476
   4.05904059  -0.36900369   2.58302583  -0.36900369  -2.21402214
  -2.21402214   8.48708487   1.10701107   2.95202952   1.47601476
   4.79704797  -0.36900369   4.79704797   8.48708487   6.27306273
   4.05904059   1.84501845   9.59409594   9.22509225   7.01107011
   9.59409594   4.05904059   7.3800738   11.80811808]

[ 4.60734193e+00  3.76710691e+00  1.36069784e+00  4.07975835e+00
 -1.07957677e+00  1.06899139e+01  7.54732262e+00  1.59568756e+01
  8.43314670e+00  5.02998989e+00  8.62523216e+00  2.12034854e+00
  9.47346805e+00  8.03949482e+00  7.15055009e+00  9.74709302e+00
  6.97643737e+00  9.87285381e+00  5.34392768e+00  7.79007055e+00
  9.00667180e+00  2.87852245e+00  8.01803120e+00  8.51151608e+00
  5.86877520e+00  4.89135458e+00  4.28729292e+00  8.11783650e+00
  7.79823824e+00  5.30302098e+00  1.19080065e+01  2.45040406e+00
  3.22470382e+00  2.02674920e+00  8.14961790e+00  4.49678294e+00
  7.66438343e+00 -1.63842548e+00  5.90268149e+00  7.74284374e+00
  5.68849459e+00  7.12677604e+00  1.08209535e+01  5.59304069e+00
  5.43939055e+00  5.41507092e+00  5.11107470e+00  7.08668019e+00
 -4.21767755e-03  5.64095326e+00  1.02284998e+01  6.39023212e-01
  5.66075799e+00  1.46113772e+01  6.12231810e+00  5.00222642e+00
  1.20954502e+01  1.07920382e+01  6.69828718e+00  1.21819704e+00
  7.01925714e+00  8.50987879e+00  1.12740245e+01  6.95038209e+00
  4.70644526e+00  2.35850000e+00  4.67085196e+00  5.11064531e+00
  6.45711262e+00  1.23555023e+01  6.46352535e+00  8.18783433e+00
  2.81962994e+00  1.66685600e+00  4.37375220e+00  6.66602830e+00
  1.51891757e+01  3.96032274e+00  9.86743892e+00  1.41319892e+01
  1.79603592e+00  7.53909775e+00  1.39142649e+00  2.66057494e+00
  8.66809968e+00  6.43268418e+00  4.25483868e+00  7.22414924e+00
  9.72648728e+00  6.61256746e+00  1.19740347e+01 -1.25460563e+00
  5.60616123e+00  8.50846534e+00  3.92220222e+00  8.31209518e+00
  1.53745660e+01  9.65633968e+00  9.04205858e+00  4.86197617e+00
  7.68896492e+00  4.72658874e+00  1.18676158e+00  1.59119845e+00
  5.53657432e+00  5.63668128e+00  2.45481465e+00  1.26471947e+01
  1.16935013e+01  7.58591218e+00  1.44117934e+01  6.29825456e+00
  3.07790527e+00  6.00618868e+00  1.32936289e+00  1.73762992e+00
 -1.41936364e+00  2.65956564e+00  6.75634584e+00  1.04265285e+00
  4.56091485e+00  9.72837918e+00  1.44754715e+01  8.45600199e+00
  7.62825781e+00  7.56403563e+00  4.13822724e+00  8.20230944e+00
  1.05242204e+01  1.39456942e+01  6.25247491e+00  1.67786953e+00
  1.66729358e+01  4.40473078e+00  5.04518248e+00  4.72550026e+00
  6.96352861e+00  1.94665259e+00  1.70562268e+01  5.16441450e+00
  9.02249547e+00  3.56555335e+00  7.47510130e+00  6.06105208e+00
  6.29464165e+00  5.78807501e+00 -3.56014178e+00  4.10918108e+00
  3.29946980e+00  1.67188574e+01  6.47627650e+00  1.00349023e+01
  6.54859364e+00  1.76555630e+00  1.25311762e+00  8.11213187e+00
  3.04895237e+00  4.17922323e+00  2.05698827e+00  5.40915532e+00
 -3.11654429e+00  9.54111804e+00  9.24802685e+00 -2.05396335e+01
  3.23108898e+00  4.31690742e-01  7.70109623e+00  8.74920978e+00
  8.68831535e+00  9.61888985e+00  8.54051237e+00  8.87475731e+00
  2.58836328e+00  3.54563946e+00  5.69406703e+00  8.88243246e-01
  7.01189632e+00  1.55966093e+01  1.13402804e+01  2.93437600e+00
  4.48034508e+00 -1.60385420e+00  4.43961737e+00  1.74045518e+00
 -3.18541020e+00  2.29311038e+00 -1.41624201e+00  2.68992862e+00
 -2.26372172e+00  3.24495710e+00 -2.80009034e+00 -1.73308554e+00
  2.93920832e-01 -1.72162086e-01  1.11932211e+00  1.09269294e+00
  5.52440738e+00  6.01105671e+00 -5.49952807e+00  1.10367485e+01
  1.21358918e+00 -2.69159941e+00 -3.24865815e+00 -8.80352352e-01
 -1.00626544e+00 -3.05370737e+00  7.88639294e+00  4.47615930e+00
  4.08237445e-01 -1.65922106e+00 -4.39927966e+00  4.27157448e+00
  2.90944353e+00  4.12734115e+00  3.70488639e+00  1.98904027e+00
 -3.91774870e+00 -6.81540636e-01 -3.05107676e-01 -3.33932861e+00
 -1.93050572e+00  6.99796743e-01  3.77794939e+00  1.17561607e+00
 -5.14955092e+00  2.18587088e+00  2.31165295e+00 -1.65007685e-01
 -8.09250151e+00 -4.19739962e-02  9.03134464e-01 -2.78736625e+00
 -9.18647199e+00 -4.06885105e-01  3.82357228e+00  8.97899491e+00
 -4.05536343e+00  8.31725372e+00  4.34015357e+00 -1.85375824e+00
  4.20048525e+00  2.66939895e+00  5.01324530e-01  3.47262715e+00
  2.22952112e+00  4.15610782e-01  2.59713607e+00  5.70117675e-01
  1.07603799e+01  2.24087780e+00  3.44580544e+00  4.56933758e+00
  3.88775514e+00  2.21621445e-01  6.63651427e+00 -9.76402232e+00
 -5.74950039e+00  1.03692121e+00  1.77113816e+01  7.90874703e-03
  1.25178956e+01  7.43431808e-01 -3.41543544e+00 -5.61503836e+00
  5.47921997e+00  5.03014001e+00  9.29894629e+00  6.13932955e+00
 -2.58037555e+00  4.41400648e+00  9.88731049e+00  1.20432348e+01
  1.87940758e+00 -3.46542027e+00]/home/mda_silv/github_projects/fps_sesa/paper_cp/plot_maps_bias_sim_obs_sesa_pr_mmd_seas.py:416: MatplotlibDeprecationWarning: The get_cmap function was deprecated in Matplotlib 3.7 and will be removed in 3.11. Use ``matplotlib.colormaps[name]`` or ``matplotlib.colormaps.get_cmap()`` or ``pyplot.get_cmap()`` instead.
  cmap = cm.get_cmap('BrBG', 20)
/home/mda_silv/github_projects/fps_sesa/paper_cp/plot_maps_bias_sim_obs_sesa_pr_mmd_seas.py:583: UserWarning: FigureCanvasAgg is non-interactive, and thus cannot be shown
  plt.show()


5 A756 AGUA_CLARA
10 A826 ALEGRETE
16 A909 ALTO_ARAGUAIA
36 A867 ARARANGUA
46 A827 BAGE
58 A748 BARRETOS
61 A705 BAURU
67 A840 BENTO_GONCALVES
71 A845 BOM_JARDIM_DA_SERRA-MORRO_DA_IGREJA
87 A859 CACADOR
88 A812 CACAPAVA_DO_SUL
91 A023 CAIAPONIA
95 A838 CAMAQUA
97 A897 CAMBARA_DO_SUL
102 A519 CAMPINA_VERDE
103 A884 CAMPO_BOM
104 A702 CAMPO_GRANDE
114 A879 CANELA
115 A811 CANGUCU
128 A742 CASSILANDIA
131 A819 CASTRO
138 A869 CIDADE_GAUCHA
139 A876 CLEVELANDIA
143 B806 COLOMBO
145 A520 CONCEICAO_DAS_ALAGOAS
151 A724 CORUMBA
153 A760 COSTA RICA
159 A853 CRUZ_ALTA
164 A807 CURITIBA
165 A860 CURITIBANOS
171 A848 DIONISIO_CERQUEIRA
175 A881 DOMVPEDRITO
178 A762 DRACENA
185 A828 ERECHIM
194 A806 FLORIANOPOLIS
201 A854 FREDERICO WESTPHALEN
205 A875 GENERAL_CARNEIRO
208 A002 GOIANIA
223 A883 IBIRUBA
231 A823 INACIO_MARTINS
232 A817 INDAIAL
242 A868 ITAJAI
247 A714 ITAPEVA
250 A851 ITAPOA
252 A752 ITAQUIRAI
257 A035 ITUMBIARA
258 A863 ITUPORANGA
260 A818 IVAI
263 A836 JAGUARA
268 A871 JAPIRA
270 A016 JATAI
272 A841 JOACABA
284 A844 LAGOA_VERMELHA
285 B804 LARANJEIRAS DO SUL
288 A727 LINS
291 A866 LAGUNA-FAROL_DE_SANTA_MARTA
299 A820 MAL._CANDIDO_RONDON
312 A763 MARILIA
313 A835 MARINGA
318 A026 MINEIROS
328 A873 MORRETES
329 A003 MORRINHOS
351 A716 OURINHOS
356 A856 PALMEIRA_DAS_MISSOES
363 A850 PARANAPOEMA
367 A027 PARAUNA
372 A839 PASSO_FUNDO
387 A033 PIRES_DO_RIO
391 A855 PLANALTO
394 A703 PONTA_PORA
397 A801 PORTO ALEGRE-JARDIM BOTANICO
407 A747 PRADOPOLIS
411 A707 PRESIDENTE_PRUDENTE
414 A831 QUARAI
419 A718 RANCHARIA
420 A870 RANCHO_QUEIMADO
428 A743 RIO_BRILHANTE
435 A802 RIO_GRANDE
436 A862 RIO_NEGRINHO
437 A813 RIO_PARDO
456 A803 SANTA_MARIA
460 A810 SANTA_ROSA
464 A804 SANTANA_DO_LIVRAMENTO
466 A833 SANTIAGO
468 A805 SANTO_AUGUSTO
469 A830 SAO_BORJA
473 A832 SAO_GABRIEL
478 A815 SAO_JOAQUIM
480 A829 SAO_JOSE_DOS_AUSENTES
484 A852 SAO_LUIZ_GONZAGA
486 A874 SAO_MATEUS_DO_SUL
497 A889 SAO_VICENTE DO SUL
501 A894 SERAFINA_CORREA
510 A754 SIDROLANDIA
512 A037 SILVANIA
515 A837 SOLEDADE
521 A899 SANTA_VITORIA_DO_PALMAR - BARRA_DO_CHUI
532 A808 TORRES
533 A834 TRAMANDAI
539 A768 TUPA
540 A886 TUPANCIRETA
543 A507 UBERLANDIA
548 A809 URUGUAIANA
549 A814 URUSSANGA
550 A880 VACARIA
554 A734 VALPARAISO
564 A858 XANXERE
1 SMN001 Aguapey
2 SMN002 Alto_Arapey
3 SMN003 Alto_Cuareim
4 SMN004 Alvear
5 SMN005 Arapey_Chico
6 SMN006 Arapey_Grande
7 SMN007 Arapey_Grande_Ruta_4
8 SMN008 Arerunguá
9 SMN009 Artigas
10 SMN010 Baibene
11 SMN011 Baltasar_Brum
12 SMN012 Belén
13 SMN013 Bernabé_Rivera
14 SMN014 Bonpland
15 SMN015 Catalán
16 SMN016 Catalán_Grande_rio
17 SMN017 Cazadores_Correntinos
18 SMN018 Cerro_Amarillo
19 SMN019 Cerro_Chato
20 SMN020 Chajarí
21 SMN021 Colonia_Lavalleja
22 SMN022 Colonia_Libertad
23 SMN023 Colonia_Palma
24 SMN024 Cuareim_Río
25 SMN025 Cuaró
26 SMN026 Cuchilla_de_Salto
27 SMN027 Curuzú_Cuatiá
28 SMN028 Dayman_Ruta_3
29 SMN029 Diego_Lamas
30 SMN030 El_Soberbio
31 SMN031 El_Trompo
32 SMN032 Espinillar
33 SMN033 Federación
34 SMN034 Garruchos
35 SMN035 Guaviyú_de_Arapey
36 SMN036 Itapebí
37 SMN037 Javier_de_Viana
38 SMN038 Loma_Alta
39 SMN039 Los_Conquistadores
40 SMN040 Meneses
41 SMN041 Miriñay_Medio
42 SMN042 Miriñay_Río
43 SMN043 Mocoretá_Lago
44 SMN044 Mocoreta_Medio
45 SMN045 Mocoretá_Río
46 SMN046 Monte_Caseros
47 SMN047 Paso_Campamento
48 SMN048 Paso_de_la_Cruz
49 SMN049 Paso_de_los_Libres
50 SMN050 Paso_del_León
51 SMN051 Paso_del_Remanso
52 SMN052 Paso_Farías
53 SMN053 Paso_Potrero
54 SMN054 Pepirí_Miní
55 SMN055 Puerto_Concordia
56 SMN056 Pujol
57 SMN057 Puntas_de_Valentín
58 SMN058 Queguay_Ruta_3
59 SMN059 Quintana
60 SMN060 Salto
61 SMN061 Salto_Grande
62 SMN062 San_Jaime
63 SMN063 San_Javier
64 SMN064 San_Roquito
65 SMN065 Santa_Ana
66 SMN066 Santo_Tomé
67 SMN067 Sarandí_de_Arapey
68 SMN068 Sequeira
69 SMN069 Solari
70 SMN070 Tomás_Gomensoro
71 SMN071 Uguay
72 SMN072 Yapeyú
1 SMN001 87582
2 SMN002 87585
3 SMN003 87222
4 SMN004 87257
5 SMN005 87395
6 SMN006 87344
7 SMN007 87345
8 SMN008 87166
9 SMN009 87571
10 SMN010 87576
11 SMN011 87162
12 SMN012 87497
13 SMN013 87097
14 SMN014 87305
15 SMN015 87046
16 SMN016 87548
17 SMN017 87593
18 SMN018 87007
19 SMN019 87217
20 SMN020 87534
21 SMN021 87078
22 SMN022 87467
23 SMN023 87418
24 SMN024 87420
25 SMN025 87393
26 SMN026 87016
27 SMN027 87374
28 SMN028 87289
29 SMN029 87349
30 SMN030 87178
31 SMN031 87270
32 SMN032 87155
33 SMN033 87453
34 SMN034 87480
35 SMN035 87047
36 SMN036 87311
37 SMN037 87436
38 SMN038 87416
40 SMN040 87509
41 SMN041 87129
42 SMN042 87371
43 SMN043 87022
44 SMN044 87211
45 SMN045 87328
46 SMN046 87448
47 SMN047 10067
48 SMN048 10358
49 SMN049 10423
50 SMN050 10901
52 SMN052 10444
53 SMN053 10903
54 SMN054 10904
56 SMN056 10502
57 SMN057 10906
59 SMN059 10114
60 SMN060 10145
61 SMN061 10908
62 SMN062 10909
63 SMN063 10910
67 SMN067 10912
68 SMN068 86330
69 SMN069 86580
70 SMN070 86560
71 SMN071 86530
73 SMN073 86440
74 SMN074 86490
76 SMN076 86430
77 SMN077 86585
78 SMN078 86350
79 SMN079 86565
80 SMN080 86360
81 SMN081 86500
82 SMN082 11014
84 SMN084 11016
85 SMN085 11017
87 SMN087 11019
88 SMN088 11020
89 SMN089 87121
93 SMN093 10550
94 SMN094 86068
95 SMN095 86086
96 SMN096 86097
97 SMN097 86128
98 SMN098 86134
99 SMN099 86185
100 SMN100 86192
101 SMN101 86210
102 SMN102 86218
103 SMN103 86233
104 SMN104 86234
105 SMN105 86255
106 SMN106 86260
107 SMN107 86268
108 SMN108 86285
109 SMN109 86297
[-3.02764863e-01 -4.78522312e-01  9.89124467e-03 -4.84193439e-01
 -4.87361682e-01  6.25725404e-02  3.78112060e-02 -2.87331340e-01
  1.17449457e+00  8.55676642e-01 -1.20608511e+00 -1.05728089e-02
 -8.74969323e-01  1.39408955e+00 -2.57374366e-01 -7.64541052e-01
 -6.12683592e-01 -9.96192697e-01  1.90157016e+00 -1.42541881e-01
  2.92977157e-01 -5.43705943e-01  1.73112015e+00  7.13538243e-01
  8.48194966e-02 -1.94714302e-01 -1.20002235e-01 -1.36329440e-01
  8.88025451e-01  8.56756425e-01 -1.89902840e-01  4.32409089e-01
 -2.47601286e-01  9.88036740e-01 -7.80090947e-02  1.08238664e+00
  1.12791355e+00 -4.86132958e-02 -2.31528501e-01 -3.75895616e-01
  5.90223376e-01  1.46329652e-01 -1.30584490e-01  4.56975790e-01
 -3.06634581e-01  8.75081431e-03  9.03934255e-01  2.08688779e-01
 -2.47562260e-02 -4.44861626e-01  7.21006901e-03  5.73525023e-01
  7.55709229e-01 -3.34466751e-01 -2.06731067e-01  3.18069014e-01
 -3.39603220e-01 -8.11097521e-01 -1.04328561e+00  3.17244698e-02
  4.84734979e-01  1.76968070e-01 -5.03047549e-01  2.50079196e+00
 -3.59711702e-01 -6.40175970e-03  1.43238064e+00  4.08878496e-02
  4.24377947e-02  7.82480465e-01 -8.56599800e-01  2.08419289e-01
 -7.44283904e-01 -2.52129470e-01 -3.03430122e-01  2.14161526e+00
  5.87336693e-01  7.54069541e-01  1.18142754e+00  1.10385424e+00
 -1.08908821e-02 -3.13642999e-01 -5.01049150e-01  2.41014481e-01
  3.37702912e-01  6.57208123e-01 -7.68331690e-02  4.24158615e-01
  1.25242008e+00 -5.03268331e-01  1.10620024e+00  9.11415879e-01
 -1.20705092e+00  3.15822992e-01 -6.69883585e-02  7.08314534e-01
 -1.04551588e+00  8.88950523e-01 -8.73434387e-01 -7.36523909e-01
 -3.58933458e-01  1.67753160e-01 -2.13382103e-03  5.74071467e-01
 -2.45454165e-01 -4.31385196e-01  5.07583143e-02 -3.63414373e-02
  1.39909147e+00  6.58154564e-01 -3.98045601e-01 -2.39426586e-01
 -5.92262219e-01 -6.85730394e-01  1.89950310e-01 -1.66597905e-02
 -2.12886496e-01 -5.40919357e-01 -3.81831114e-01 -1.30628275e-02
 -5.69379983e-01  9.57686910e-01  1.93270252e-01 -2.18926472e-01
  3.36000724e-01  1.08995845e-03 -1.81637509e-01 -5.42211758e-01
 -8.13649291e-01  2.41053166e-02 -2.41326540e-01  1.34504088e-01
  2.23013397e-01 -2.80158358e-01  1.02715562e-01  6.39259559e-01
  2.43607628e+00 -2.14467329e+00 -2.11717836e+00 -2.56185139e+00
 -3.99636284e-01 -1.89704205e+00  5.71472755e-01 -2.10405579e+00
 -2.73662962e+00 -3.00099265e+00 -7.44434626e-02 -1.48082664e+00
 -1.99203235e+00 -1.93804666e-01 -1.52020528e+00 -1.11058309e+00
 -1.12871795e+00  4.47467395e-01 -2.69058230e-01 -4.55537334e-01
  6.91921225e-01 -6.01072854e-01  1.90556257e-01  5.69135250e-01
  2.01455245e+00  4.84650035e-01 -5.27006115e-02  2.11871538e-01
  1.17865712e+00  3.84445824e-01 -1.96621070e-02  6.17130597e-01
 -9.97762748e-01 -1.95065986e-01 -1.50999959e-01 -1.81717403e+00
 -8.80300139e-03  4.37651220e-01  2.58842991e-01 -5.36606889e-01
 -1.30744483e-01 -9.40113739e-01 -4.53807284e-01 -1.00598840e+00
 -8.99346469e-01  2.51452709e-02  5.75155338e-02 -4.37487629e-01
  1.62569956e-02 -3.45969212e-03 -3.58583332e-02 -4.95821950e-01
 -5.41737115e-01  5.94612977e-01 -4.39454048e-01  4.77305237e-02
  7.91320159e-02  1.01918747e-01 -3.11018374e-01 -1.11589910e+00
  2.80362823e-01 -3.89519098e-02 -1.84200173e-01  3.13954754e-01
  8.06505658e-02  7.86522563e-03 -1.01725239e-01 -1.25653780e-01
  1.62552215e-01 -5.27377711e-03  2.83188944e-02  5.18497297e-02
 -1.01554478e-01  4.18881314e-01 -1.41647311e-02  2.04570948e-02
  1.46046885e-01  1.70987519e-01  1.45360253e-02 -1.95902640e-02
 -1.49210855e-02 -1.95504873e-01  8.01257895e-02 -7.59786993e-02
  3.39372627e-01 -3.08486098e-03  1.38051985e-02 -1.62155668e-01
  3.32816146e-01 -3.90624814e-01 -2.08518257e-02  4.43727497e-01
  2.36589932e-01 -4.62837130e-02  3.26935029e-01  2.24000412e-02
 -3.03495867e-01  2.32975053e-01 -2.32094159e-01  2.48253867e-01
  2.93518995e-01  2.76721940e-01 -8.03025262e-02 -4.69424694e-01
 -1.20662612e+00 -5.59376900e-01 -4.70581151e-01 -3.28022834e-01
 -6.22231511e-01 -4.26500923e-01 -1.08603616e+00 -7.98835898e-01
 -9.62122583e-01 -2.11328782e-01 -1.32213357e+00 -1.47499766e+00
 -7.88079839e-01 -8.70480016e-01 -9.49622881e-01 -4.22060394e-01
  2.43772571e-01  6.18700787e-02  7.93318993e-03 -2.78465266e-01
  9.07262273e-02  1.39053646e-02 -5.58083187e-02 -4.14941353e-01
  1.51271938e-03 -3.28535081e-01 -1.29003284e-01  2.34638626e-01
  1.44128121e-01  2.79638888e-01 -2.51187620e-02  3.31422190e-01
 -1.50990415e-01  3.78078111e-01]

[-6.44610760e+00 -3.23771467e+01  2.28561175e-01 -7.09733653e+00
 -1.43435506e+00  1.95077040e+00  7.86374761e+00 -5.93817116e+00
  7.17381012e+00  2.15091102e+01 -1.69660109e+01 -8.53808519e-01
 -3.94290260e+00  2.04693191e+01 -8.74523869e+00 -3.23630860e+01
 -8.59981397e+00 -4.43718333e+00  2.27299994e+01 -2.56513896e+00
  2.18383343e+00  1.71076792e+00  2.78227988e+01  9.44135148e+00
  3.05533916e+00 -3.71766712e+00 -5.72384031e+00  1.05080224e+00
  1.37081870e+01  9.60529108e+00 -5.82387577e+00  1.01455826e+01
  5.50436277e+00  3.27295972e+01 -2.91706777e+00  1.77613387e+01
  9.74840935e+00 -2.12739623e+00  5.65929355e+00 -1.25572020e+01
  8.84024564e+00  1.68943170e+00 -4.67178858e+00  2.54852815e+00
 -4.24879480e+00 -8.16162947e-02  5.96070462e+00 -3.30773975e+00
  1.47122768e+01 -1.16002794e+01  7.83707893e-01  6.07179025e+00
 -3.50420928e+00  6.47017021e-01 -1.16577025e+00 -3.96335598e+00
 -5.00910923e+00 -2.20881170e+01 -7.74877529e+00 -1.04779696e+00
  6.31272297e+00  1.78849014e+00 -1.95418877e+01  3.14293761e+01
 -2.37115963e+00  2.28727385e-01  2.25288547e+01  1.07674791e+00
 -3.88082538e+00  1.44234387e+01 -2.76421324e+01  5.70161703e+00
 -1.14803748e+01 -7.61324791e+00  3.38448463e-01  2.11985633e+01
  2.08540354e+01  2.11638360e+01 -1.96021444e-01  1.60291375e+01
 -7.50460731e+00  1.50719480e+01 -1.17451666e+00 -4.68745626e+00
  5.84265233e+00 -3.07881428e+00  3.67363530e+00  2.66342083e+00
  1.54081917e+01 -9.38464610e+00  8.51379097e+00  6.79339856e+00
 -4.37605486e+00  1.38286741e+01 -2.94663390e-01  2.59480898e+01
 -1.60686949e+01  1.40653528e+01 -1.08015754e+01 -1.38340444e+01
 -9.61257037e-01  1.32439911e+00 -7.01930655e+00  9.01715824e+00
 -5.61725841e+00 -5.06220799e+00  1.44604748e+01  5.46095303e+00
  1.48353275e+01  1.13002583e+01  8.83473202e-01 -1.53450958e+01
 -1.77056414e+01 -3.01816401e+01  1.76169873e+00 -7.08160557e+00
 -9.12814950e+00 -1.30113814e+01 -1.38540067e+01 -6.02268698e+00
 -2.16591767e+01  2.10501414e+01  2.39854866e-01 -1.84510065e+00
  2.33582138e+01 -5.33148811e+00  1.78899756e+00 -2.62882336e+01
 -1.48817830e+01 -1.55545031e-01 -8.34889057e+00  1.07240241e+01
  9.40370486e+00 -1.51154896e-01  1.05811794e+01  1.01275289e+01
  3.06291989e+01 -2.94551703e+01 -1.41357935e+01 -2.42177333e+01
 -4.07505385e-01 -1.94605010e+01  1.24339287e+01 -2.17937441e+01
 -4.99613388e+01 -3.09904247e+01  8.87495349e+00 -1.68292190e+01
 -2.92011535e+01 -1.57264611e+01 -1.81125152e+01 -2.67124050e+01
 -2.04837737e+01  4.62714811e+00 -6.63905865e-01 -1.17648836e+01
  9.61447502e+00 -1.59280642e+01  5.86619905e+00 -1.40834824e+01
  6.06007622e+00  2.00856963e+01  5.44784570e+00 -1.22580493e+01
  7.26904529e+00 -1.31874734e+01  1.33547135e+01  1.70755929e+01
 -8.29944023e+00 -1.41875235e+01 -6.76172126e+00 -2.16352355e+01
 -8.41531336e+00  9.86316453e+00  4.56402205e-02  8.29596635e+00
  9.23098058e+00 -8.82050269e+00 -1.75927473e+00 -8.44529247e+00
 -1.37710700e+01  9.62338495e-01 -1.67858601e-02  4.15143108e+00
  4.73694706e-01 -7.60509759e-01 -6.54606562e+00 -5.81037474e+00
 -6.73014927e+00  1.53513927e+01 -7.92170906e+00  1.09095669e+00
  1.58614087e+00  2.20401704e-01 -8.63180947e+00 -2.32735868e+01
  4.04813182e+00 -9.87166923e-01 -4.60467488e+00  9.03154612e+00
  3.60674143e-01 -7.03448832e-01 -3.48734015e+00 -8.68011570e+00
  2.77281535e+00  2.53624630e+00 -1.01652207e+01  8.60518187e-01
 -2.85700035e+00  4.07917786e+00 -8.20841694e+00  3.53607357e-01
  4.16980648e+00  4.51419547e+00  3.77080277e-01  4.66276050e-01
  5.12364668e-01 -3.24132401e+00  1.56476686e+00 -2.03707695e+00
  5.44964004e+00 -4.42467396e-01  8.18642956e-01 -2.89813271e+00
  1.51001963e+01 -3.65179428e+00  1.36663914e+00  5.09484246e+00
  3.76538587e+00 -2.92836428e-01  4.99850440e+00 -4.09743505e-01
 -1.22831013e+01 -3.44975762e+00  4.41660593e+00  7.09199190e+00
  1.55417786e+00  1.22672006e+00 -4.53455801e-01 -1.14048729e+01
 -1.73296289e+01 -9.01734877e+00  1.90256252e+00  7.44933090e+00
 -1.68942704e+01  8.55557461e+00 -9.81110573e+00 -2.02910480e+00
 -3.54332790e+00  3.37971344e+00 -1.69790173e+01 -2.45478067e+01
 -1.31117296e+01 -2.11657978e+01 -9.15223885e+00  5.79181252e+00
  4.35308731e+00  9.70590293e-01  5.10238600e-01 -1.45594855e+01
  9.19836998e-01  6.80615182e+00 -3.36238441e+00 -1.13586583e+01
  9.27479813e+00 -4.69863465e+00 -5.15584011e+00  1.95562916e+00
  5.28875446e+00  7.27190685e+00 -1.65798481e-01  1.75442266e+01
 -1.26977542e+01  2.58757305e+00]

[ -2.89855072   0.           0.          -2.17391304   0.
   1.44927536  -2.89855072  -1.8115942    2.89855072   2.53623188
  -4.34782609  -0.72463768  -4.71014493   3.62318841  -2.53623188
  -2.17391304  -4.71014493  -3.26086957   5.07246377  -1.08695652
  -2.53623188  -3.98550725   7.97101449   3.26086957   1.44927536
  -4.71014493  -0.36231884  -1.08695652   3.62318841   5.43478261
  -1.44927536   5.43478261  -5.07246377   0.36231884  -3.62318841
   1.08695652   3.62318841  -1.08695652  -4.71014493   0.72463768
  -1.44927536   1.8115942   -0.36231884   0.72463768  -2.89855072
   0.          -0.36231884   1.08695652   0.36231884  -2.53623188
   0.36231884   3.26086957  -2.17391304   1.08695652  -2.53623188
   6.15942029  -4.34782609  -4.71014493  -2.53623188  -1.8115942
  -4.34782609   1.8115942   -0.72463768   5.79710145  -2.17391304
  -0.72463768   2.89855072   1.08695652   0.          -1.08695652
  -2.53623188   0.72463768  -3.98550725  -0.36231884  -1.44927536
  13.04347826  -3.62318841   3.62318841   3.62318841   0.36231884
  -1.08695652  -1.08695652  -1.44927536   3.62318841   0.
   3.62318841  -1.44927536   0.           3.62318841  -0.72463768
  -1.08695652   3.98550725  -2.53623188   1.08695652  -0.36231884
   0.36231884  -2.17391304   4.34782609  -2.53623188  -5.79710145
   0.36231884   1.08695652   2.17391304   6.15942029   1.8115942
  -3.98550725  -0.72463768  -7.97101449   7.97101449  -3.26086957
  -1.08695652  -1.08695652  -1.8115942   -2.53623188  -3.62318841
  -1.8115942   -6.52173913   1.44927536  -3.62318841  -4.34782609
  -3.26086957   2.17391304  -2.17391304  -4.34782609  -1.44927536
  -0.36231884  -8.69565217  -0.72463768  -4.34782609  -1.44927536
  -0.72463768  -3.62318841  -3.26086957  -6.15942029  -5.43478261
   2.17391304   9.05797101  -9.42028986 -15.57971014 -10.86956522
  -4.71014493  -4.34782609   1.08695652 -11.95652174  -8.69565217
 -14.85507246   1.8115942  -11.95652174  -7.97101449   7.24637681
 -10.50724638  -2.17391304  -3.62318841  -1.08695652  -1.08695652
  -6.88405797   2.53623188  -5.79710145   0.36231884   6.88405797
   7.24637681  -4.34782609   1.08695652   2.53623188   4.71014493
   6.15942029  -6.15942029  -2.89855072  -4.34782609  -1.8115942
  -2.89855072  -4.71014493  -0.72463768   0.          -0.72463768
  -5.07246377   0.72463768  -3.62318841   0.          -2.89855072
  -4.71014493   0.36231884   2.17391304  -3.26086957   1.08695652
  -0.72463768   2.53623188  -1.08695652  -1.08695652   2.89855072
   0.          -0.72463768   1.44927536   3.62318841  -1.8115942
  -0.36231884   4.34782609  -0.72463768  -1.44927536   3.26086957
   1.44927536  -0.36231884  -2.89855072   1.08695652   3.26086957
   0.72463768   1.8115942    1.08695652  -0.36231884   2.53623188
   1.08695652   0.36231884  -1.44927536   5.07246377   0.36231884
  -0.72463768   0.36231884  -2.17391304   1.44927536   1.8115942
   1.44927536  -0.36231884   0.72463768  -3.62318841   1.08695652
  -2.53623188   0.           1.8115942    2.89855072  -0.36231884
   3.62318841   1.08695652   2.17391304   3.98550725  -4.34782609
   0.72463768   2.53623188   2.53623188   1.44927536  -1.08695652
  -6.15942029  -3.98550725   0.72463768  -2.89855072  -3.98550725
  -2.89855072  -2.17391304  -2.89855072  -5.43478261   0.
  -1.8115942   -4.34782609  -1.8115942   -3.26086957   0.
  -1.08695652   3.62318841   2.17391304   2.53623188  -2.89855072
  -2.17391304   0.36231884   0.           1.08695652   0.36231884
  -0.72463768   2.53623188   2.89855072   2.53623188   3.62318841
   0.36231884   1.08695652   2.89855072   1.08695652]

[-2.61522976e+00 -2.52060073e+00  7.68191282e-01 -6.26001302e-01
 -1.82932118e+00 -6.84439448e-02  3.88953904e+00  1.15800236e-01
  2.92972278e+00  2.43295524e+00 -1.86592633e+00  1.20317294e-01
 -7.47758747e-01  3.30890884e+00 -5.54420085e+00 -1.31431388e+00
 -2.61228219e+00 -1.34171975e+00  4.77256064e+00 -3.42771524e+00
  3.42831737e+00  2.31074553e-02  3.53738377e+00  1.55943667e+00
  7.05950168e-02  3.89586626e+00 -3.94332394e+00  2.40935395e-01
  2.08897313e+00  8.34720693e-01  9.72296986e-02 -2.01408760e+00
  6.03409636e+00  3.62123078e+00  1.48033920e+00  4.13777196e+00
  3.24755099e+00 -1.07756550e+00  2.39394629e+00 -2.02284740e+00
  3.33921082e+00  1.14334641e-01 -3.73515459e-01  1.68996735e+00
  4.70731993e-01  1.27528330e+00  3.92006688e+00  6.01682950e-01
 -3.37651945e-01 -7.97975607e-01  5.65379300e-02  7.68498296e-01
  4.17468555e+00 -2.11408433e+00  2.46539131e-01 -2.05468813e+00
  6.35306877e-01 -1.85524851e+00 -4.69998094e+00  6.37548897e+00
  4.11984186e+00  6.81560685e+00 -3.51863570e+00  7.48415338e+00
 -4.76145685e-01             nan  4.09379934e+00 -3.76134321e+00
  3.36138339e-01  6.64928313e+00 -1.66534628e+00  4.04318861e+00
 -3.55432448e+00 -9.85597294e-01 -1.30291038e+00  2.76268478e+00
  1.21375166e+01  9.04595796e-01  3.19636061e+00  4.08763547e+00
  6.72805853e-01 -4.83996915e-01 -1.68915894e+00 -1.13965812e+00
  1.44559128e+00  1.27423801e+00  5.68269767e-01  1.46709945e+00
  2.62674913e+00 -1.84175324e+00  5.83647002e+00  1.92237694e+00
 -2.54397640e+00  2.82738102e+00 -8.40647891e+00  2.45241865e+00
 -3.03726317e+00  1.34222522e+00 -1.79111461e+00 -1.06250731e+00
 -1.75205242e+00  4.69251558e+00 -1.50605949e+00 -6.65326129e-01
 -1.95345772e+00 -3.72536150e-01  8.20800513e-01  2.56511506e+00
  2.42655053e+00  4.62078113e+00 -1.91622850e+00 -1.04716317e+00
 -2.44176599e+00 -2.13613378e+00  2.61278248e+00  6.93835975e-01
  3.40119462e+00 -5.33126072e+00 -2.39469454e-01  1.89277728e+00
 -1.68044809e+00  3.54938596e+00  2.06663365e+00  1.14654210e+00
  2.40432843e+00  2.24612182e-02  3.43997033e+00 -2.56040092e+00
 -2.41011660e+00  6.07862764e-01 -1.19059834e+00  2.57404253e+00
  3.40862559e+00  1.31275532e+00  3.90628351e+00  1.87645975e+00
  7.75027857e+00 -3.55216074e+00 -1.15078060e+00 -4.74829489e+00
  9.08168199e-01 -5.90094133e+00  2.14144514e+00 -2.60887283e+00
 -7.80780744e+00 -4.47804217e+00 -2.18645657e+00 -1.65721450e+00
 -6.32127365e+00 -1.03524723e+01 -1.42008399e+00 -5.22589690e+00
 -4.06687836e+00  2.56271001e+00 -1.35163703e+00  9.36862338e-01
  2.73002228e+00 -1.51080844e-03  4.63558950e-01 -3.18222989e+00
  6.57283774e+00  5.48013184e+00 -1.48747294e+00 -1.33195247e+00
  2.98934215e+00 -2.52547812e+00  3.82463672e+00  4.78866134e+00
 -3.18106779e+00  3.45122925e-01  5.07935241e-01 -6.45588887e+00
  1.60077853e-01  1.82344284e+00  1.40442462e+00  1.17451918e-01
 -1.82839701e+00 -3.61640520e+00 -2.86881955e+00 -4.88532431e+00
 -2.56016575e+00  7.72474862e-01 -1.95362348e+00  1.88637134e-01
 -9.79703347e-01  9.49983100e-02 -2.94305308e+00 -3.06268715e+00
 -3.17744171e+00  2.23957808e+00 -3.27921069e+00  6.46459490e-01
  1.45574808e-02 -7.02261894e-01 -2.55148190e+00 -6.68200585e+00
             nan -1.42707732e+00 -4.18705828e+00 -7.20701507e-01
 -4.20918632e-01  4.60300829e-01  2.57130464e-02 -1.80610110e+00
  5.72057493e-01 -8.79640435e-01 -1.35366841e+00 -1.76938197e+00
 -3.46183111e-01  1.62435790e+00 -2.04478101e+00 -6.53032780e-01
  2.49130673e+00  1.58821779e-01             nan  7.96979564e-02
 -4.27569834e+00 -3.39267251e+00  6.92653644e-01 -2.87435246e+00
  3.84250183e+00  5.09090145e-01 -4.38973355e-01 -2.10018887e+00
  1.75429356e+00 -1.07510463e+00 -9.47942414e-02  2.53845341e+00
  1.18256086e+00 -6.45859076e-01  1.09610612e+00 -3.13383721e-01
 -4.61374909e+00 -1.72344731e+00  2.65591389e-01  2.00047821e+00
  1.63488340e-01  9.31973329e-01  8.20567659e-01 -1.99127758e+00
 -1.78117718e+00 -8.20200105e-01 -2.44749233e+00  5.58213820e-01
 -1.67590925e+00 -1.33459668e-01 -3.40656590e+00 -2.04551385e+00
 -8.78343613e-01 -1.34898341e+00 -4.47193055e+00 -4.13060333e+00
 -2.07807812e+00 -2.53489121e+00 -4.81043418e+00 -1.61686742e+00
  1.68258026e+00 -3.71431435e-01 -2.64287562e+00 -3.15844148e-01
  3.33583005e+00 -4.48301253e-01 -7.68510897e-01 -5.38287704e+00
 -1.68543861e-01 -1.94879120e+00 -3.53304768e+00 -1.44833238e-01
 -5.29169275e-01 -1.26847578e+00 -5.53372514e-01  1.16932816e+00
 -2.35601835e+00  1.20779595e+00]/home/mda_silv/github_projects/fps_sesa/paper_cp/plot_maps_bias_sim_obs_sesa_pr_mmd_seas.py:416: MatplotlibDeprecationWarning: The get_cmap function was deprecated in Matplotlib 3.7 and will be removed in 3.11. Use ``matplotlib.colormaps[name]`` or ``matplotlib.colormaps.get_cmap()`` or ``pyplot.get_cmap()`` instead.
  cmap = cm.get_cmap('BrBG', 20)
/home/mda_silv/github_projects/fps_sesa/paper_cp/plot_maps_bias_sim_obs_sesa_pr_mmd_seas.py:583: UserWarning: FigureCanvasAgg is non-interactive, and thus cannot be shown
  plt.show()


5 A756 AGUA_CLARA
10 A826 ALEGRETE
16 A909 ALTO_ARAGUAIA
36 A867 ARARANGUA
46 A827 BAGE
58 A748 BARRETOS
61 A705 BAURU
67 A840 BENTO_GONCALVES
71 A845 BOM_JARDIM_DA_SERRA-MORRO_DA_IGREJA
87 A859 CACADOR
88 A812 CACAPAVA_DO_SUL
91 A023 CAIAPONIA
95 A838 CAMAQUA
97 A897 CAMBARA_DO_SUL
102 A519 CAMPINA_VERDE
103 A884 CAMPO_BOM
104 A702 CAMPO_GRANDE
114 A879 CANELA
115 A811 CANGUCU
128 A742 CASSILANDIA
131 A819 CASTRO
138 A869 CIDADE_GAUCHA
139 A876 CLEVELANDIA
143 B806 COLOMBO
145 A520 CONCEICAO_DAS_ALAGOAS
151 A724 CORUMBA
153 A760 COSTA RICA
159 A853 CRUZ_ALTA
164 A807 CURITIBA
165 A860 CURITIBANOS
171 A848 DIONISIO_CERQUEIRA
175 A881 DOMVPEDRITO
178 A762 DRACENA
185 A828 ERECHIM
194 A806 FLORIANOPOLIS
201 A854 FREDERICO WESTPHALEN
205 A875 GENERAL_CARNEIRO
208 A002 GOIANIA
223 A883 IBIRUBA
231 A823 INACIO_MARTINS
232 A817 INDAIAL
242 A868 ITAJAI
247 A714 ITAPEVA
250 A851 ITAPOA
252 A752 ITAQUIRAI
257 A035 ITUMBIARA
258 A863 ITUPORANGA
260 A818 IVAI
263 A836 JAGUARA
268 A871 JAPIRA
270 A016 JATAI
272 A841 JOACABA
284 A844 LAGOA_VERMELHA
285 B804 LARANJEIRAS DO SUL
288 A727 LINS
291 A866 LAGUNA-FAROL_DE_SANTA_MARTA
299 A820 MAL._CANDIDO_RONDON
312 A763 MARILIA
313 A835 MARINGA
318 A026 MINEIROS
328 A873 MORRETES
329 A003 MORRINHOS
351 A716 OURINHOS
356 A856 PALMEIRA_DAS_MISSOES
363 A850 PARANAPOEMA
367 A027 PARAUNA
372 A839 PASSO_FUNDO
387 A033 PIRES_DO_RIO
391 A855 PLANALTO
394 A703 PONTA_PORA
397 A801 PORTO ALEGRE-JARDIM BOTANICO
407 A747 PRADOPOLIS
411 A707 PRESIDENTE_PRUDENTE
414 A831 QUARAI
419 A718 RANCHARIA
420 A870 RANCHO_QUEIMADO
428 A743 RIO_BRILHANTE
435 A802 RIO_GRANDE
436 A862 RIO_NEGRINHO
437 A813 RIO_PARDO
456 A803 SANTA_MARIA
460 A810 SANTA_ROSA
464 A804 SANTANA_DO_LIVRAMENTO
466 A833 SANTIAGO
468 A805 SANTO_AUGUSTO
469 A830 SAO_BORJA
473 A832 SAO_GABRIEL
478 A815 SAO_JOAQUIM
480 A829 SAO_JOSE_DOS_AUSENTES
484 A852 SAO_LUIZ_GONZAGA
486 A874 SAO_MATEUS_DO_SUL
497 A889 SAO_VICENTE DO SUL
501 A894 SERAFINA_CORREA
510 A754 SIDROLANDIA
512 A037 SILVANIA
515 A837 SOLEDADE
521 A899 SANTA_VITORIA_DO_PALMAR - BARRA_DO_CHUI
532 A808 TORRES
533 A834 TRAMANDAI
539 A768 TUPA
540 A886 TUPANCIRETA
543 A507 UBERLANDIA
548 A809 URUGUAIANA
549 A814 URUSSANGA
550 A880 VACARIA
554 A734 VALPARAISO
564 A858 XANXERE
1 SMN001 Aguapey
2 SMN002 Alto_Arapey
3 SMN003 Alto_Cuareim
4 SMN004 Alvear
5 SMN005 Arapey_Chico
6 SMN006 Arapey_Grande
7 SMN007 Arapey_Grande_Ruta_4
8 SMN008 Arerunguá
9 SMN009 Artigas
10 SMN010 Baibene
11 SMN011 Baltasar_Brum
12 SMN012 Belén
13 SMN013 Bernabé_Rivera
14 SMN014 Bonpland
15 SMN015 Catalán
16 SMN016 Catalán_Grande_rio
17 SMN017 Cazadores_Correntinos
18 SMN018 Cerro_Amarillo
19 SMN019 Cerro_Chato
20 SMN020 Chajarí
21 SMN021 Colonia_Lavalleja
22 SMN022 Colonia_Libertad
23 SMN023 Colonia_Palma
24 SMN024 Cuareim_Río
25 SMN025 Cuaró
26 SMN026 Cuchilla_de_Salto
27 SMN027 Curuzú_Cuatiá
28 SMN028 Dayman_Ruta_3
29 SMN029 Diego_Lamas
30 SMN030 El_Soberbio
31 SMN031 El_Trompo
32 SMN032 Espinillar
33 SMN033 Federación
34 SMN034 Garruchos
35 SMN035 Guaviyú_de_Arapey
36 SMN036 Itapebí
37 SMN037 Javier_de_Viana
38 SMN038 Loma_Alta
39 SMN039 Los_Conquistadores
40 SMN040 Meneses
41 SMN041 Miriñay_Medio
42 SMN042 Miriñay_Río
43 SMN043 Mocoretá_Lago
44 SMN044 Mocoreta_Medio
45 SMN045 Mocoretá_Río
46 SMN046 Monte_Caseros
47 SMN047 Paso_Campamento
48 SMN048 Paso_de_la_Cruz
49 SMN049 Paso_de_los_Libres
50 SMN050 Paso_del_León
51 SMN051 Paso_del_Remanso
52 SMN052 Paso_Farías
53 SMN053 Paso_Potrero
54 SMN054 Pepirí_Miní
55 SMN055 Puerto_Concordia
56 SMN056 Pujol
57 SMN057 Puntas_de_Valentín
58 SMN058 Queguay_Ruta_3
59 SMN059 Quintana
60 SMN060 Salto
61 SMN061 Salto_Grande
62 SMN062 San_Jaime
63 SMN063 San_Javier
64 SMN064 San_Roquito
65 SMN065 Santa_Ana
66 SMN066 Santo_Tomé
67 SMN067 Sarandí_de_Arapey
68 SMN068 Sequeira
69 SMN069 Solari
70 SMN070 Tomás_Gomensoro
71 SMN071 Uguay
72 SMN072 Yapeyú
[ 4.49636291e-02  1.26317494e-02 -8.71454950e-03  2.85688641e-02
  1.46283113e-02  1.26286025e-01  1.33937442e-01  8.84329655e-02
  1.49346391e-01  1.02509443e-01  4.24682695e-02  2.72632921e-02
  4.23965465e-02  1.10630558e-01  2.93387331e-02  3.20947868e-02
  6.32350428e-02  6.59111075e-02  4.95369126e-02  4.33373067e-02
  1.50089438e-01  6.73081156e-02  1.45040019e-01  1.87037112e-01
  8.47815853e-02  3.51711337e-03  4.77673077e-02  3.33164277e-02
  1.69979613e-01  1.11687554e-01  1.05469017e-01  1.42133421e-02
  5.13796097e-02  8.26426875e-02  9.50981971e-02  7.87359819e-02
  1.45597684e-01 -2.66165912e-02  1.95942089e-02  1.27486391e-01
  1.38503104e-01  9.10510773e-02  1.69738241e-01  3.75317412e-02
  8.97206930e-02  3.76000028e-02  1.25274833e-01  1.29795387e-01
  8.80797679e-04  1.15565852e-01  5.96312547e-02  4.49311007e-02
  7.25363487e-02  1.44374324e-01  9.18736354e-02  1.16737365e-02
  8.14117427e-02  7.96041630e-02  7.88676360e-02  3.94034310e-02
  1.28881768e-01  1.07692109e-01  1.22925293e-01  9.26757720e-02
  7.34971876e-02 -1.59636340e-02  4.96075125e-02  5.80422909e-02
  8.83536191e-02  9.40546618e-02  2.98568083e-02  1.40732584e-01
  6.29994023e-02  4.81393843e-03  4.58661624e-02  1.58152745e-01
  1.30249429e-01  3.29160220e-02  1.52567795e-01  9.19957262e-02
  1.19432021e-02  9.04961222e-02  1.15748397e-02 -2.49147416e-03
  8.91133012e-02  3.99354301e-02  1.87229963e-02  1.02957269e-01
  1.48787773e-01  7.44898055e-03  1.71815812e-01  2.06474626e-02
  3.39434904e-02  1.38869377e-01  5.09130814e-03  5.55381489e-02
  5.87025080e-03  4.29184902e-02  4.56334830e-02  5.62944353e-02
  4.09679013e-03  6.03764496e-02  1.34995175e-02  6.08510773e-02
  5.03419097e-02  2.89231382e-02  8.42525293e-02  8.95368517e-02
  7.50788382e-02  3.78809103e-02  3.93637516e-02  1.80475810e-02
  2.42285325e-04  9.06530127e-03 -1.12925284e-04  5.37655291e-03
  3.98713775e-03 -9.89078198e-03  2.02457541e-02 -3.41854138e-03
  6.11805458e-03  5.98606713e-02  5.12804822e-02  2.04348975e-02
  3.89175005e-02  4.65689771e-02  2.60185605e-02  2.08068925e-02
  2.40827981e-02  3.90261362e-02  5.92761306e-02  2.54921313e-02
  4.49459388e-02  3.25049090e-02  1.05010318e-02  1.23845093e-02
  1.51420713e-01  6.37807175e-03 -2.31360632e-03  7.08992807e-03
  1.24557572e-01  3.75658261e-02  5.92586096e-02  2.81683603e-02
  1.45156337e-02  2.52631036e-02  5.97563099e-03  2.20344470e-02
  2.01507734e-02  1.20194868e-01  7.16780636e-03  4.48672339e-02
  3.48900733e-02  1.87365435e-02  1.04380399e-02  3.25054538e-02
  3.55279026e-02  7.87814819e-03 -5.40953493e-02  4.96510372e-02
  1.07176956e-01  3.36505133e-03  4.11115744e-02 -8.77521015e-02
  1.06408179e-02  2.72934167e-02  2.14708136e-02  3.45416291e-02
  3.43946759e-02  5.56747554e-02  5.91102778e-02 -1.60854095e-02
  2.26725611e-02  2.18635628e-02  1.31276274e-02  1.28067040e-02
  2.60975551e-02  2.85005394e-02  1.71565698e-02]

[  5.45056391   1.17841119   2.9453015    4.56268395   4.28536941
  15.51462456  10.95473051   7.18173317  13.61617875   6.63529443
   4.98388404   4.32148971   7.5700156    2.67809689   1.78586723
   7.70458517  10.83865928   6.59630452   7.81212056   4.16095345
   9.1724324    6.48003076  11.46066228   7.74487622   5.96721466
   5.75134916   4.85784289   2.43203384   5.67258099   5.61609076
   7.00636522  -0.56301401   7.22673983   8.05171403   7.91368166
   6.34158068   8.7526591   -4.13356098   4.54621974   9.07374498
  10.75698091   9.55892825  10.4190395    5.12680933   7.33664497
   3.12967346   5.43241137  11.06012849   5.82053978   6.87247065
   6.35276273   4.34862537   3.17341745   6.91571807   5.60176486
   3.13163166   9.09275379  10.18766362   6.28431317   5.05610066
   5.24794344  14.01570073   8.52267997   8.45292324   7.08590251
  -4.1906357    3.25280878   2.71632576   8.92608527   9.51388447
   4.77411203   8.8809694    7.1053067    1.17597527   1.49018783
   9.88653095  13.18876843   6.67962093  10.53323527  11.65517637
   0.80293116  10.97010527   0.91288369   4.40539529   8.91520504
   3.82868443   2.21091283   4.09615158   9.40435015   4.667404
  14.77643406   1.55400025   3.74258392  16.08266712   3.31088137
   6.68116913   6.35911114   3.16475583   3.49518183   6.17881672
   4.31501524   2.42122693   3.88198233   4.19079628   6.10586898
   3.69044635   2.51386213  11.82683999   9.1626139    5.3135269
   6.99511328   4.08258004   2.92576046   2.64545858  -0.54666413
   0.28902215  -2.4233139   -0.75958666   4.76122234   0.31131061
   1.91648237   6.01631752   3.0883774    3.18604424   4.89659735
   7.47703599   5.70093579   6.68569244   3.41554683   5.39691484
   4.32172442   2.23975768   8.62834301   5.82662357   3.99880788
   3.04100636  13.4447772    1.99402714   4.94113106   0.86962355
  16.3515381    4.40875481   4.77194664   6.23684848   3.4703548
   6.63796255  -2.05011631   7.59604599   2.27864355  12.00131431
  -1.35319566   6.94752653  -2.0740199    4.8165442    1.106276
   5.87138405   4.39084647   0.83265293 -12.41351962  -0.82359895
   3.15582771   1.8658659    5.3464995  -12.77353125   0.24684151
   4.0288816    4.81206658   3.76468924   6.52728801   5.5873576
   6.4235212    0.54457418   3.36042442   3.38766066  -0.22247614
   4.92451344  -0.8619709    4.31484385   4.54141235]/home/mda_silv/github_projects/fps_sesa/paper_cp/plot_maps_bias_sim_obs_sesa_pr_mmh.py:301: MatplotlibDeprecationWarning: The get_cmap function was deprecated in Matplotlib 3.7 and will be removed in 3.11. Use ``matplotlib.colormaps[name]`` or ``matplotlib.colormaps.get_cmap()`` or ``pyplot.get_cmap()`` instead.
  cmap = cm.get_cmap('BrBG', 20)
/home/mda_silv/github_projects/fps_sesa/paper_cp/plot_maps_bias_sim_obs_sesa_pr_mmh.py:430: UserWarning: FigureCanvasAgg is non-interactive, and thus cannot be shown
  plt.show()


[ 0.32694647  0.47141119 -0.38777372  0.03421533 -1.13670925 -0.08743917
  2.29622871  0.45240268  3.06417275  2.30383212  0.04942214  0.17487835
 -2.83987226  2.84367397  0.00760341 -1.07208029 -0.80976277  0.25091241
  0.83257299  0.63488443  4.42898418  1.25456204  2.17077251  4.90039538
  0.95042579 -3.65343674  2.02250608  0.31934307  5.09808394  2.51672749
  1.70316302  1.82481752  0.8439781   1.03026156 -0.06082725  0.94282238
  3.26566302 -1.16712287 -1.38762165  3.06037105  2.66499392  1.22795012
  3.34169708  0.46000608  1.22414842  0.44860097  2.74102798  3.10599148
 -0.8401764   3.44434307  0.02281022  1.06447689  1.47886253  2.94251825
  1.99969586  0.07983577  0.          1.20894161  1.75638686  0.04562044
  3.09078467  0.59306569  3.23905109  2.09854015  1.27357056 -0.9656326
  0.78695255 -0.41818735  1.76018856  0.14446472 -0.7185219   3.14400852
  1.05307178 -0.43339416  0.89720195  7.10158151 -0.61207421  0.68050487
  2.74863139  0.04562044  0.07223236  1.46365572  0.27752433  0.29273114
  1.48646594  1.11009732 -0.01520681  1.66894769  4.34154501 -0.69951338
  1.00364964  0.81356448 -0.44479927  2.01870438 -3.07177616  1.83242092
 -1.62712895  0.68050487  0.69951338  0.66529805 -0.79455596  1.01505474
  0.2395073   2.89309611  2.09093674 -0.20149027  0.08363747  1.40282847
  2.5243309   2.27722019  1.98068735  1.66134428  1.47506083  1.35720803
  1.3267944   1.9236618   1.90845499  2.25060827  1.53968978  1.75638686
  1.65754258  2.33804745  2.22399635  1.83242092  2.18217762  2.42168491
  1.27737226  1.74118005  1.60812044  1.7982056   2.34945255  1.99209246
  1.34580292  1.65374088  1.04546837  1.77539538  4.61526764  1.25836375
  0.61207421  1.53208637  2.96152676  2.45590024  2.53193431  1.79440389
  1.75638686  1.16712287  2.30763382  1.4370438   2.05672141  4.3225365
  1.93886861  2.47490876  2.25060827  1.74878345  1.93506691  2.01110097
  2.53953771  1.66134428  2.69160584  2.85127737  4.75212895  1.10629562
  2.09854015  1.8020073   1.66134428  2.42928832  1.10249392  1.52068127
  1.67274939  2.58895985  2.049118    1.31538929  1.67274939  2.17837591
  2.0453163   1.50927616  2.66499392  1.74498175  1.6841545 ]

[ 0.79624087  0.0254221   0.44413097  0.26489152  0.51530438  2.4111699
  1.12927821  0.8907324   0.7092143   0.52350281  0.54632552  1.13461273
  0.93163315  0.51846205  0.63333202  0.58691392  1.50645352  0.52060442
  0.82578167  0.81890546  0.68754949  0.47366414  1.12266627  0.7741316
  0.90208174  2.07536416  0.59238838  0.49410017  0.5705587   0.5541126
  0.69488898  0.10679215  0.72526183  0.61910929  0.97244111  0.67283681
  1.17621057  0.10582951  0.62064465  0.55165304  0.72751917  0.99564201
  1.16174784  0.66886098  0.89931005  0.59884499  0.75987066  0.83319202
  0.28065313  0.52545     1.24983756  0.319729    0.39447162  0.96234885
  1.17445304  0.41787871  1.43438822  0.76772946  0.68403205  0.74620612
  0.67671278  1.44350213  1.1044707   0.97774591  0.94654893  0.2340439
  0.39132771  1.22071958  0.91365032  1.60385087  0.52277808  1.12336746
  0.57691828  0.3593711   0.45989158  0.57857504  2.45408746  0.42801327
  0.98181302  1.27478398  0.37214417  0.97842617  0.13389885  0.25380542
  0.65535379  0.35084025  0.25990975  0.58723908  0.62488063  0.46506527
  1.43322127  0.25685658  0.47568802  2.2860607   1.26211246  0.29951313
  0.69078532  0.46807735  0.57296798  0.74773323  0.35409797  0.49518054
  0.19774771  0.44106318  0.16586641  0.98914613  0.85345564  0.85999072
 -0.24902832 -0.61077698 -0.75777628 -0.87458241 -1.1697445  -0.82407189
 -1.00440363 -1.41712132 -1.66330417 -2.19895748 -0.71344675 -1.35594
 -1.14604549 -0.39810043 -0.58046921 -1.04148295 -0.80506437 -0.77437104
 -0.43341688 -0.8262478  -0.81926831 -0.55574328 -0.49945715 -1.00909361
 -0.19875083 -0.64861162 -0.60788611 -1.14406668 -0.07371176 -0.89643908
 -0.50260231 -1.0338718   0.52083051 -1.04177596 -1.01866495 -0.66755809
 -0.99438982 -0.43652463 -1.76947071 -0.57432046 -1.34118498 -0.95894771
 -1.51176538 -1.29158719 -1.16095064 -0.92713785 -1.35203072 -0.79997742
 -1.08194425 -0.95061566 -4.30243803 -1.4359159  -1.33935648 -0.87871813
 -0.5814477  -3.78849591 -1.10730216 -1.34893922 -0.39835957 -0.56090885
 -0.66893335 -0.84799341 -0.23106964 -1.45094864 -0.6871295  -0.99832739
 -1.26384051 -0.86633379 -1.79736626 -0.84021162 -1.01068823]

5 A756 AGUA_CLARA
10 A826 ALEGRETE
16 A909 ALTO_ARAGUAIA
36 A867 ARARANGUA
46 A827 BAGE
58 A748 BARRETOS
61 A705 BAURU
67 A840 BENTO_GONCALVES
71 A845 BOM_JARDIM_DA_SERRA-MORRO_DA_IGREJA
87 A859 CACADOR
88 A812 CACAPAVA_DO_SUL
91 A023 CAIAPONIA
95 A838 CAMAQUA
97 A897 CAMBARA_DO_SUL
102 A519 CAMPINA_VERDE
103 A884 CAMPO_BOM
104 A702 CAMPO_GRANDE
114 A879 CANELA
115 A811 CANGUCU
128 A742 CASSILANDIA
131 A819 CASTRO
138 A869 CIDADE_GAUCHA
139 A876 CLEVELANDIA
143 B806 COLOMBO
145 A520 CONCEICAO_DAS_ALAGOAS
151 A724 CORUMBA
153 A760 COSTA RICA
159 A853 CRUZ_ALTA
164 A807 CURITIBA
165 A860 CURITIBANOS
171 A848 DIONISIO_CERQUEIRA
175 A881 DOMVPEDRITO
178 A762 DRACENA
185 A828 ERECHIM
194 A806 FLORIANOPOLIS
201 A854 FREDERICO WESTPHALEN
205 A875 GENERAL_CARNEIRO
208 A002 GOIANIA
223 A883 IBIRUBA
231 A823 INACIO_MARTINS
232 A817 INDAIAL
242 A868 ITAJAI
247 A714 ITAPEVA
250 A851 ITAPOA
252 A752 ITAQUIRAI
257 A035 ITUMBIARA
258 A863 ITUPORANGA
260 A818 IVAI
263 A836 JAGUARA
268 A871 JAPIRA
270 A016 JATAI
272 A841 JOACABA
284 A844 LAGOA_VERMELHA
285 B804 LARANJEIRAS DO SUL
288 A727 LINS
291 A866 LAGUNA-FAROL_DE_SANTA_MARTA
299 A820 MAL._CANDIDO_RONDON
312 A763 MARILIA
313 A835 MARINGA
318 A026 MINEIROS
328 A873 MORRETES
329 A003 MORRINHOS
351 A716 OURINHOS
356 A856 PALMEIRA_DAS_MISSOES
363 A850 PARANAPOEMA
367 A027 PARAUNA
372 A839 PASSO_FUNDO
387 A033 PIRES_DO_RIO
391 A855 PLANALTO
394 A703 PONTA_PORA
397 A801 PORTO ALEGRE-JARDIM BOTANICO
407 A747 PRADOPOLIS
411 A707 PRESIDENTE_PRUDENTE
414 A831 QUARAI
419 A718 RANCHARIA
420 A870 RANCHO_QUEIMADO
428 A743 RIO_BRILHANTE
435 A802 RIO_GRANDE
436 A862 RIO_NEGRINHO
437 A813 RIO_PARDO
456 A803 SANTA_MARIA
460 A810 SANTA_ROSA
464 A804 SANTANA_DO_LIVRAMENTO
466 A833 SANTIAGO
468 A805 SANTO_AUGUSTO
469 A830 SAO_BORJA
473 A832 SAO_GABRIEL
478 A815 SAO_JOAQUIM
480 A829 SAO_JOSE_DOS_AUSENTES
484 A852 SAO_LUIZ_GONZAGA
486 A874 SAO_MATEUS_DO_SUL
497 A889 SAO_VICENTE DO SUL
501 A894 SERAFINA_CORREA
510 A754 SIDROLANDIA
512 A037 SILVANIA
515 A837 SOLEDADE
521 A899 SANTA_VITORIA_DO_PALMAR - BARRA_DO_CHUI
532 A808 TORRES
533 A834 TRAMANDAI
539 A768 TUPA
540 A886 TUPANCIRETA
543 A507 UBERLANDIA
548 A809 URUGUAIANA
549 A814 URUSSANGA
550 A880 VACARIA
554 A734 VALPARAISO
564 A858 XANXERE
1 SMN001 Aguapey
2 SMN002 Alto_Arapey
3 SMN003 Alto_Cuareim
4 SMN004 Alvear
5 SMN005 Arapey_Chico
6 SMN006 Arapey_Grande
7 SMN007 Arapey_Grande_Ruta_4
8 SMN008 Arerunguá
9 SMN009 Artigas
10 SMN010 Baibene
11 SMN011 Baltasar_Brum
12 SMN012 Belén
13 SMN013 Bernabé_Rivera
14 SMN014 Bonpland
15 SMN015 Catalán
16 SMN016 Catalán_Grande_rio
17 SMN017 Cazadores_Correntinos
18 SMN018 Cerro_Amarillo
19 SMN019 Cerro_Chato
20 SMN020 Chajarí
21 SMN021 Colonia_Lavalleja
22 SMN022 Colonia_Libertad
23 SMN023 Colonia_Palma
24 SMN024 Cuareim_Río
25 SMN025 Cuaró
26 SMN026 Cuchilla_de_Salto
27 SMN027 Curuzú_Cuatiá
28 SMN028 Dayman_Ruta_3
29 SMN029 Diego_Lamas
30 SMN030 El_Soberbio
31 SMN031 El_Trompo
32 SMN032 Espinillar
33 SMN033 Federación
34 SMN034 Garruchos
35 SMN035 Guaviyú_de_Arapey
36 SMN036 Itapebí
37 SMN037 Javier_de_Viana
38 SMN038 Loma_Alta
39 SMN039 Los_Conquistadores
40 SMN040 Meneses
41 SMN041 Miriñay_Medio
42 SMN042 Miriñay_Río
43 SMN043 Mocoretá_Lago
44 SMN044 Mocoreta_Medio
45 SMN045 Mocoretá_Río
46 SMN046 Monte_Caseros
47 SMN047 Paso_Campamento
48 SMN048 Paso_de_la_Cruz
49 SMN049 Paso_de_los_Libres
50 SMN050 Paso_del_León
51 SMN051 Paso_del_Remanso
52 SMN052 Paso_Farías
53 SMN053 Paso_Potrero
54 SMN054 Pepirí_Miní
55 SMN055 Puerto_Concordia
56 SMN056 Pujol
57 SMN057 Puntas_de_Valentín
58 SMN058 Queguay_Ruta_3
59 SMN059 Quintana
60 SMN060 Salto
61 SMN061 Salto_Grande
62 SMN062 San_Jaime
63 SMN063 San_Javier
64 SMN064 San_Roquito
65 SMN065 Santa_Ana
66 SMN066 Santo_Tomé
67 SMN067 Sarandí_de_Arapey
68 SMN068 Sequeira
69 SMN069 Solari
70 SMN070 Tomás_Gomensoro
71 SMN071 Uguay
72 SMN072 Yapeyú
[ 8.58038769e-02  6.39354000e-02 -2.67584902e-02  7.28763645e-02
  1.73435962e-03  2.33320606e-01  2.59034992e-01  2.47943640e-01
  3.48320244e-01  2.13351008e-01  1.38709109e-01  5.02286580e-02
  1.00952580e-01  2.07995001e-01  8.59951272e-02  1.61955575e-01
  1.23077831e-01  2.46704279e-01  8.89866789e-02  1.07246267e-01
  3.18072086e-01  8.36334533e-02  1.95954236e-01  3.52665797e-01
  1.55396723e-01 -2.34020849e-03  1.09538392e-01  1.28743389e-01
  3.45931606e-01  1.95620309e-01  2.40327537e-01  5.39198031e-02
  1.14169425e-01  1.15554274e-01  1.91111221e-01  1.26456017e-01
  3.09442540e-01 -7.84988884e-02  1.09113451e-01  3.31194050e-01
  2.47516123e-01  1.76068040e-01  3.64147779e-01  1.13892028e-01
  1.44508868e-01  1.26929912e-01  2.25226407e-01  2.90035394e-01
  1.05235549e-02  2.59061176e-01  1.62257362e-01  4.61171558e-02
  1.69269523e-01  3.53857290e-01  1.52728740e-01  3.05864877e-02
  1.72021790e-01  2.54610826e-01  1.86585513e-01  3.35786408e-02
  1.81545789e-01  2.49002377e-01  3.37399148e-01  1.40844686e-01
  1.45721330e-01 -2.77159332e-02  1.08459050e-01  1.22033938e-01
  1.53941266e-01  2.13460482e-01  7.93146272e-02  3.21059514e-01
  1.01065684e-01 -1.46790017e-04  1.05094423e-01  2.46124823e-01
  2.54962467e-01  6.52958922e-02  3.21417595e-01  2.25941244e-01
  4.78189439e-02  1.64832896e-01  1.96458270e-02  8.33106455e-02
  2.13108733e-01  1.10664511e-01  2.69954908e-02  2.01156141e-01
  2.81359522e-01  9.72953679e-02  3.65415919e-01  2.15897101e-02
  1.28566000e-01  2.52562806e-01  1.70700423e-02  1.57241073e-01
  1.07105646e-01  1.51888453e-01  1.52555272e-01  1.20211474e-01
  1.22706191e-01  8.62889190e-02  1.14376951e-02  7.98282487e-02
  1.37059046e-01  6.60372140e-02  1.25789545e-01  1.55085318e-01
  1.02892827e-01  6.36883073e-02  1.89241254e-01  3.29230366e-02
 -1.64627175e-02  3.18884907e-02 -9.40626140e-03  2.80223563e-02
 -1.45623562e-02  3.12388820e-02  3.22720585e-02 -7.47724577e-03
  2.88929910e-02  8.40902015e-02  1.25935511e-01  2.67975055e-02
  8.94447513e-02  7.92968150e-02  3.69357078e-03  4.22852286e-02
  6.03101691e-02  9.69582117e-02  9.68209057e-02 -1.97780221e-02
  1.37739192e-01  7.32339076e-02  1.03255942e-02 -9.11249531e-04
  2.24656357e-01 -8.49141309e-03  9.05655609e-02  3.82599303e-02
  1.96464160e-01  6.31695768e-02  9.52893290e-02  5.14815224e-02
  1.00156024e-01  6.99103749e-02 -4.34709757e-02  4.76144206e-02
  6.31170113e-02  2.01141624e-01  5.07129821e-02  1.31707662e-01
  7.27784455e-02 -1.73992927e-02 -1.70655503e-03  7.01639473e-02
  5.49155506e-02  3.01348797e-02  7.03436458e-02  1.07874174e-01
  1.25385983e-01  5.59171300e-02  8.54701740e-02 -3.01008973e-01
  1.39161840e-02 -1.86714066e-02  5.64711969e-02  3.23903230e-02
  7.21304780e-02  1.73933026e-01  1.34168954e-01  6.42515337e-02
  4.88636511e-02  2.85296962e-02  1.51756747e-02  2.68024366e-02
  6.53059783e-02  1.94301758e-01  1.51469390e-01]

[ 10.01844888   8.68385387   7.69251711   4.86891492  -1.16114215
  21.71713361   9.77610435  16.93415106  14.67417791   6.65571662
   5.94223883   3.3554891   10.5204563    0.80039649   6.37304021
  17.55582275  10.79079885   8.11530257  13.00081503  -0.09609306
  17.00956513   1.22541641  11.5259796   11.23293459   5.62323875
  -1.05064907   2.45460959  10.69544614   8.13200527  11.12591768
  14.49994073   6.8961316    8.24827675  11.99571667  17.99788708
   4.42247939  11.39893078  -0.91369277   6.32610625  14.03324112
  10.30862735   7.50981792  10.78568734  17.30567516  10.95333277
   1.97344924   7.4214022   13.20585536   3.86747267  12.31070894
  14.0569872    2.34742508   6.26327793  11.21313277   7.92237155
   4.99816649  12.85139074  24.2695014   12.11450124  10.70419389
  10.64061019  15.19626553  24.75385072   7.7511465    8.23383708
   0.6471402   11.3484      10.08514595   6.9316743   12.10967874
   6.18340568  17.32945441   5.95393059   0.14194654   0.12192815
  13.69600724  19.01354658   9.725114    13.25833599  18.38429597
   2.33774666   4.43354184   6.51894666  11.94161126  14.1299397
   8.95101857   3.84053319  10.30367034  18.27938492  10.66265178
  25.74487976  -0.34463994   5.39893877  19.41407112  11.29176325
   9.5999294   15.8009341    7.90288619   4.40461189   7.39429648
   9.72076155   2.49682735   3.27921297  -0.08461026   6.0944666
   3.24475931  -0.31952488  15.27867332   7.55142087   6.75118615
  13.41025735   4.32117219   0.56592661   9.99656761  -4.02101342
   0.3371503  -10.36361217   8.33928978  18.12814972  -0.96911297
   3.22820732   7.63886251   9.70601289   1.92058754   7.35415606
  11.21787755   9.10809976  10.45980136   7.24902114   8.42178737
   7.58218412  -1.25577814  10.63810214   6.39904137   4.55039338
   1.00217288  23.15667087  -5.60770035   6.17146578   5.60215889
  21.57196631   2.83100254   9.21953333  10.94323657   5.15985441
  10.38267629  -3.45565947   8.32773156   6.39548908  27.89467635
   5.14535703  20.33403296   6.26950161   4.81919231   0.88040534
   7.83665311   5.9008803    7.86636744   0.3299391    3.33571775
   5.29389477  12.14525883  12.41996494 -44.43250344   2.01621394
  -3.4018017    9.15571734   4.04570556  23.05650415  16.72506702
  14.95862428   3.48272097   6.27381108   3.59970369   1.81364057
   9.18396638  -4.95289606  10.71848715  15.55607137]/home/mda_silv/github_projects/fps_sesa/paper_cp/plot_maps_bias_sim_obs_sesa_pr_mmh_seas.py:326: MatplotlibDeprecationWarning: The get_cmap function was deprecated in Matplotlib 3.7 and will be removed in 3.11. Use ``matplotlib.colormaps[name]`` or ``matplotlib.colormaps.get_cmap()`` or ``pyplot.get_cmap()`` instead.
  cmap = cm.get_cmap('BrBG', 20)


[ 0.70725707  0.18450185 -3.61316113 -0.43050431 -1.10701107 -0.89175892
  4.65867159  2.13714637  2.16789668  4.21279213  0.21525215 -0.52275523
 -4.02829028  2.96740467 -0.26137761  0.98400984 -0.66113161  2.98277983
  1.70664207 -0.10762608  7.82595326  1.21463715  0.47662977  8.4102091
  1.33763838 -4.84317343  3.79766298  0.21525215  8.27183272  3.35178352
  3.76691267  1.95264453  1.90651907  2.0602706  -1.18388684  1.29151292
  6.64206642 -3.6900369  -0.75338253  6.27306273  5.15067651  4.59717097
  3.93603936  1.30688807  1.56826568  1.90651907  4.0897909   7.31857319
  0.76875769  6.39606396 -0.52275523  1.4298893   3.22878229  4.68942189
  6.04243542 -2.36777368  1.32226322  2.16789668  1.79889299 -1.95264453
  5.90405904  0.41512915  7.34932349  1.15313653  3.36715867 -2.81365314
  1.6297663  -2.89052891  4.24354244 -0.92250923  0.73800738  6.65744157
  1.99876999 -0.8302583   1.79889299 11.73124231 -1.67589176  1.27613776
  6.88806888  1.69126691  0.93788438  2.10639606 -0.07687577  1.15313653
  2.07564576  2.04489545 -0.06150062  3.2902829   6.04243542  0.10762608
  5.91943419  0.33825338  0.84563346  4.7201722  -6.47293973  3.13653137
 -1.27613776  0.49200492  0.27675277  1.76814268  0.30750308  1.29151292
 -0.399754    2.78290283  3.73616236 -0.95325953  1.10701107  0.96863469
  0.78413284  1.12238622  2.36777368  0.87638376  0.23062731  0.26137761
  0.07687577  1.36838868  0.92250923  1.19926199  0.27675277  0.66113161
  0.93788438  1.52214022  1.78351784  0.43050431  1.19926199  1.87576876
 -0.399754    0.98400984  0.49200492  0.44587946  0.76875769  0.36900369
  0.81488315  0.99938499 -0.12300123  0.49200492  3.98216482  0.46125461
  0.55350554  1.15313653  2.87515375  1.92189422  2.56765068  0.69188192
  1.49138991  0.44587946  1.07626076  0.69188192  1.56826568  4.24354244
  1.12238622  1.92189422  1.10701107  0.61500615  0.35362854  1.19926199
  1.61439114  0.399754    2.41389914  2.47539975  4.96617466  0.599631
  1.61439114  0.30750308  0.33825338  0.799508    0.66113161  0.01537515
  0.81488315  3.01353014  1.84501845  1.39913899  1.41451415  1.01476015
  1.59901599  1.29151292  2.35239852  1.96801968  1.89114391]

[ 6.95210377e-01  9.92436385e-01  6.98363823e-01  8.47907097e-01
  4.40078270e-01  2.42591687e+00  8.78129969e-01  2.13755997e+00
  1.07252859e+00  8.03413657e-01  1.94050828e+00  1.44630784e+00
  2.14186696e+00  1.05800322e+00  9.52197717e-01  1.82297846e+00
  1.53411688e+00  1.74752707e+00  1.16526979e+00  1.18997473e+00
  1.07274692e+00  3.82856416e-01  1.51378715e+00  9.17353952e-01
  9.19499768e-01  2.44341700e+00  9.10180112e-01  1.74714132e+00
  8.87151480e-01  9.53107366e-01  1.39320115e+00  9.37315661e-01
  6.08050239e-01  6.01036577e-01  1.85541045e+00  1.10400919e+00
  1.30588775e+00  3.17736184e-01  1.66804651e+00  1.08598058e+00
  7.52728793e-01  1.27668151e+00  1.81966927e+00  9.11350540e-01
  9.15912235e-01  8.59782805e-01  9.54726604e-01  9.55047709e-01
 -1.32432489e-01  4.95399805e-01  1.74673764e+00  1.13524370e-01
  8.20320092e-01  1.97219307e+00  1.07585006e+00  9.85109461e-01
  1.86667876e+00  1.54373926e+00  1.21039455e+00  8.73968369e-01
  4.24265848e-01  1.95866640e+00  1.78890818e+00  1.57481134e+00
  7.53344140e-01  6.99176872e-01  7.62612927e-01  1.63668522e+00
  9.02095556e-01  2.62046240e+00  1.03781981e+00  1.26225859e+00
  3.62505068e-01  5.42844259e-01  5.06771958e-01  4.48481305e-01
  3.18729665e+00  5.53320648e-01  1.62839456e+00  2.70132745e+00
  4.43522551e-01  1.61489975e+00  4.61772072e-01  7.52421024e-01
  1.97804912e+00  8.88110781e-01  4.83692691e-01  9.60801183e-01
  1.07165904e+00  1.50798226e+00  1.82700494e+00  1.53795016e-01
  1.08585366e+00  2.89635292e+00  1.97320631e+00  1.10125729e+00
  2.53870371e+00  1.54466803e+00  2.01216850e+00  7.98678903e-01
  1.62389019e+00  2.97411446e-01  7.32685248e-01  5.69953051e-01
  4.50855990e-01  1.09829994e+00  8.08730371e-01  2.15977997e+00
  1.22370842e+00  3.50264136e-01  1.24078336e+00 -1.33435487e-01
 -5.34243910e-01  3.76279698e-01 -2.64770555e-01 -7.59523472e-01
 -1.07697475e+00 -4.57931329e-01  3.69095110e-01 -8.13559604e-01
 -3.24429695e-01  4.81259864e-01  9.54769535e-01  8.93255444e-02
  7.74050954e-01  8.38108381e-02  4.09982633e-01 -1.97718388e-02
  6.66291457e-01  1.44455045e+00  1.09610257e+00 -7.27005032e-01
  1.97665054e+00  5.00082539e-01  2.87665496e-01 -4.46963029e-01
  1.05986911e+00 -6.16964389e-01  1.32162631e+00 -2.41286748e-01
  1.59782555e+00 -3.73783325e-01 -4.64119690e-01  4.44946450e-01
  6.66820014e-01  1.03691571e+00 -1.89053584e+00  3.15754769e-01
 -1.81312924e-01  1.08433212e+00 -1.21785066e-01  8.93845972e-01
  2.79464580e-01 -8.37718457e-01 -3.94389040e-01  3.18662882e-01
 -4.08267032e-01  2.42467960e-01 -1.15891665e+00 -2.46343414e-01
 -1.68563997e+00  5.79464084e-01  5.68525666e-01 -5.79775642e+00
 -5.44120486e-03 -1.10141775e+00  5.43921778e-01  6.08890625e-01
  6.26043734e-01  2.54780675e-01  1.14856918e+00 -8.22483220e-02
 -1.16537296e-01 -2.35993225e-01 -9.34144615e-01 -4.91228667e-01
 -1.40201983e+00  2.11247728e+00  1.44074083e+00]

